[0.007s] Invoking command in '/home/p30039115276/ECS_TK_IGH/ethercat_motor_control/build/dro_hg': CMAKE_PREFIX_PATH=/opt/ros/humble /usr/bin/cmake /home/p30039115276/ECS_TK_IGH/ethercat_motor_control/src/dro_hg -DCMAKE_INSTALL_PREFIX=/home/p30039115276/ECS_TK_IGH/ethercat_motor_control/install/dro_hg
[0.013s] [0mCMake Deprecation Warning at CMakeLists.txt:1 (cmake_minimum_required):
[0.013s]   Compatibility with CMake < 3.10 will be removed from a future version of
[0.013s]   CMake.
[0.013s] 
[0.013s]   Update the VERSION argument <min> value.  Or, use the <min>...<max> syntax
[0.013s]   to tell CMake that the project requires at least <min> but has been updated
[0.013s]   to work with policies introduced by <max> or earlier.
[0.013s] 
[0.013s] [0m
[0.042s] -- The C compiler identification is GNU 11.4.0
[0.081s] -- The CXX compiler identification is GNU 11.4.0
[0.086s] -- Detecting C compiler ABI info
[0.123s] -- Detecting C compiler ABI info - done
[0.133s] -- Check for working C compiler: /usr/bin/cc - skipped
[0.133s] -- Detecting C compile features
[0.133s] -- Detecting C compile features - done
[0.140s] -- Detecting CXX compiler ABI info
[0.184s] -- Detecting CXX compiler ABI info - done
[0.194s] -- Check for working CXX compiler: /usr/bin/c++ - skipped
[0.194s] -- Detecting CXX compile features
[0.195s] -- Detecting CXX compile features - done
[0.200s] -- Found ament_cmake: 1.3.12 (/opt/ros/humble/share/ament_cmake/cmake)
[0.283s] -- Found Python3: /usr/bin/python3 (found version "3.10.12") found components: Interpreter
[0.344s] -- Found rosidl_default_generators: 1.2.0 (/opt/ros/humble/share/rosidl_default_generators/cmake)
[0.346s] -- Using all available rosidl_typesupport_c: rosidl_typesupport_fastrtps_c;rosidl_typesupport_introspection_c
[0.351s] -- Found rosidl_adapter: 3.1.8 (/opt/ros/humble/share/rosidl_adapter/cmake)
[0.386s] -- Using all available rosidl_typesupport_cpp: rosidl_typesupport_fastrtps_cpp;rosidl_typesupport_introspection_cpp
[0.417s] -- Found std_msgs: 4.9.0 (/opt/ros/humble/share/std_msgs/cmake)
[0.440s] -- Found sensor_msgs: 4.9.0 (/opt/ros/humble/share/sensor_msgs/cmake)
[0.755s] -- Found ament_cmake_ros: 0.10.0 (/opt/ros/humble/share/ament_cmake_ros/cmake)
[1.084s] -- Using all available rosidl_typesupport_c: rosidl_typesupport_fastrtps_c;rosidl_typesupport_introspection_c
[1.510s] -- Using all available rosidl_typesupport_cpp: rosidl_typesupport_fastrtps_cpp;rosidl_typesupport_introspection_cpp
[1.512s] [33mCMake Warning (dev) at /opt/ros/humble/share/rosidl_generator_py/cmake/rosidl_generator_py_generate_interfaces.cmake:20 (find_package):
[1.512s]   Policy CMP0148 is not set: The FindPythonInterp and FindPythonLibs modules
[1.512s]   are removed.  Run "cmake --help-policy CMP0148" for policy details.  Use
[1.512s]   the cmake_policy command to set the policy and suppress this warning.
[1.512s] 
[1.512s] Call Stack (most recent call first):
[1.512s]   /opt/ros/humble/share/ament_cmake_core/cmake/core/ament_execute_extensions.cmake:48 (include)
[1.512s]   /opt/ros/humble/share/rosidl_cmake/cmake/rosidl_generate_interfaces.cmake:286 (ament_execute_extensions)
[1.512s]   CMakeLists.txt:28 (rosidl_generate_interfaces)
[1.512s] This warning is for project developers.  Use -Wno-dev to suppress it.
[1.512s] [0m
[1.525s] -- Found PythonInterp: /usr/bin/python3 (found suitable version "3.10.12", minimum required is "3.6")
[1.526s] -- Found python_cmake_module: 0.10.0 (/opt/ros/humble/share/python_cmake_module/cmake)
[1.527s] [33mCMake Warning (dev) at /opt/ros/humble/share/python_cmake_module/cmake/Modules/FindPythonExtra.cmake:52 (find_package):
[1.527s]   Policy CMP0148 is not set: The FindPythonInterp and FindPythonLibs modules
[1.527s]   are removed.  Run "cmake --help-policy CMP0148" for policy details.  Use
[1.527s]   the cmake_policy command to set the policy and suppress this warning.
[1.527s] 
[1.528s] Call Stack (most recent call first):
[1.528s]   /opt/ros/humble/share/rosidl_generator_py/cmake/rosidl_generator_py_generate_interfaces.cmake:23 (find_package)
[1.528s]   /opt/ros/humble/share/ament_cmake_core/cmake/core/ament_execute_extensions.cmake:48 (include)
[1.528s]   /opt/ros/humble/share/rosidl_cmake/cmake/rosidl_generate_interfaces.cmake:286 (ament_execute_extensions)
[1.528s]   CMakeLists.txt:28 (rosidl_generate_interfaces)
[1.528s] This warning is for project developers.  Use -Wno-dev to suppress it.
[1.528s] [0m
[1.540s] [33mCMake Warning (dev) at /opt/ros/humble/share/python_cmake_module/cmake/Modules/FindPythonExtra.cmake:140 (find_package):
[1.540s]   Policy CMP0148 is not set: The FindPythonInterp and FindPythonLibs modules
[1.540s]   are removed.  Run "cmake --help-policy CMP0148" for policy details.  Use
[1.540s]   the cmake_policy command to set the policy and suppress this warning.
[1.540s] 
[1.540s] Call Stack (most recent call first):
[1.540s]   /opt/ros/humble/share/rosidl_generator_py/cmake/rosidl_generator_py_generate_interfaces.cmake:23 (find_package)
[1.541s]   /opt/ros/humble/share/ament_cmake_core/cmake/core/ament_execute_extensions.cmake:48 (include)
[1.541s]   /opt/ros/humble/share/rosidl_cmake/cmake/rosidl_generate_interfaces.cmake:286 (ament_execute_extensions)
[1.541s]   CMakeLists.txt:28 (rosidl_generate_interfaces)
[1.541s] This warning is for project developers.  Use -Wno-dev to suppress it.
[1.541s] [0m
[1.546s] -- Found PythonLibs: /usr/lib/x86_64-linux-gnu/libpython3.10.so (found suitable version "3.10.12", minimum required is "3.5")
[1.546s] -- Using PYTHON_EXECUTABLE: /usr/bin/python3
[1.546s] -- Using PYTHON_INCLUDE_DIRS: /usr/include/python3.10
[1.546s] -- Using PYTHON_LIBRARIES: /usr/lib/x86_64-linux-gnu/libpython3.10.so
[1.559s] -- Found PythonExtra: .so
[1.609s] -- Configuring done (1.6s)
[1.642s] -- Generating done (0.0s)
[1.655s] -- Build files have been written to: /home/p30039115276/ECS_TK_IGH/ethercat_motor_control/build/dro_hg
[1.662s] Invoked command in '/home/p30039115276/ECS_TK_IGH/ethercat_motor_control/build/dro_hg' returned '0': CMAKE_PREFIX_PATH=/opt/ros/humble /usr/bin/cmake /home/p30039115276/ECS_TK_IGH/ethercat_motor_control/src/dro_hg -DCMAKE_INSTALL_PREFIX=/home/p30039115276/ECS_TK_IGH/ethercat_motor_control/install/dro_hg
[1.664s] Invoking command in '/home/p30039115276/ECS_TK_IGH/ethercat_motor_control/build/dro_hg': CMAKE_PREFIX_PATH=/opt/ros/humble /usr/bin/cmake --build /home/p30039115276/ECS_TK_IGH/ethercat_motor_control/build/dro_hg -- -j22 -l22
[1.681s] [  1%] [1m[34mGenerating C code for ROS interfaces[0m
[1.687s] [  2%] [1m[34mGenerating C++ code for ROS interfaces[0m
[1.688s] [  2%] Built target ament_cmake_python_copy_dro_hg
[1.838s] running egg_info
[1.852s] creating dro_hg.egg-info
[1.852s] writing dro_hg.egg-info/PKG-INFO
[1.852s] writing dependency_links to dro_hg.egg-info/dependency_links.txt
[1.852s] writing top-level names to dro_hg.egg-info/top_level.txt
[1.852s] writing manifest file 'dro_hg.egg-info/SOURCES.txt'
[1.888s] reading manifest file 'dro_hg.egg-info/SOURCES.txt'
[1.888s] writing manifest file 'dro_hg.egg-info/SOURCES.txt'
[1.903s] [  2%] Built target ament_cmake_python_build_dro_hg_egg
[2.105s] [  4%] [32mBuilding C object CMakeFiles/dro_hg__rosidl_generator_c.dir/rosidl_generator_c/dro_hg/msg/detail/motor_state__functions.c.o[0m
[2.105s] [  4%] Built target dro_hg__cpp
[2.106s] [  7%] [32mBuilding C object CMakeFiles/dro_hg__rosidl_generator_c.dir/rosidl_generator_c/dro_hg/msg/detail/leg_cmd__functions.c.o[0m
[2.106s] [  7%] [32mBuilding C object CMakeFiles/dro_hg__rosidl_generator_c.dir/rosidl_generator_c/dro_hg/msg/detail/arm_cmd__functions.c.o[0m
[2.106s] [  8%] [32mBuilding C object CMakeFiles/dro_hg__rosidl_generator_c.dir/rosidl_generator_c/dro_hg/msg/detail/motor_cmd__functions.c.o[0m
[2.107s] [  9%] [32mBuilding C object CMakeFiles/dro_hg__rosidl_generator_c.dir/rosidl_generator_c/dro_hg/msg/detail/arm_state__functions.c.o[0m
[2.107s] [ 11%] [32mBuilding C object CMakeFiles/dro_hg__rosidl_generator_c.dir/rosidl_generator_c/dro_hg/msg/detail/leg_state__functions.c.o[0m
[2.110s] [ 12%] [1m[34mGenerating C++ type support for eProsima Fast-RTPS[0m
[2.111s] [ 14%] [1m[34mGenerating C++ introspection for ROS interfaces[0m
[2.112s] [ 15%] [1m[34mGenerating C++ type support dispatch for ROS interfaces[0m
[2.149s] [ 16%] [1m[32mLinking C shared library libdro_hg__rosidl_generator_c.so[0m
[2.171s] [ 16%] Built target dro_hg__rosidl_generator_c
[2.175s] [ 18%] [1m[34mGenerating C introspection for ROS interfaces[0m
[2.176s] [ 19%] [1m[34mGenerating C type support for eProsima Fast-RTPS[0m
[2.176s] [ 21%] [1m[34mGenerating C type support dispatch for ROS interfaces[0m
[2.475s] [ 22%] [32mBuilding CXX object CMakeFiles/dro_hg__rosidl_typesupport_cpp.dir/rosidl_typesupport_cpp/dro_hg/msg/arm_cmd__type_support.cpp.o[0m
[2.475s] [ 23%] [32mBuilding CXX object CMakeFiles/dro_hg__rosidl_typesupport_cpp.dir/rosidl_typesupport_cpp/dro_hg/msg/motor_cmd__type_support.cpp.o[0m
[2.476s] [ 25%] [32mBuilding CXX object CMakeFiles/dro_hg__rosidl_typesupport_cpp.dir/rosidl_typesupport_cpp/dro_hg/msg/motor_state__type_support.cpp.o[0m
[2.476s] [ 26%] [32mBuilding CXX object CMakeFiles/dro_hg__rosidl_typesupport_cpp.dir/rosidl_typesupport_cpp/dro_hg/msg/arm_state__type_support.cpp.o[0m
[2.476s] [ 29%] [32mBuilding CXX object CMakeFiles/dro_hg__rosidl_typesupport_cpp.dir/rosidl_typesupport_cpp/dro_hg/msg/leg_state__type_support.cpp.o[0m
[2.476s] [ 29%] [32mBuilding CXX object CMakeFiles/dro_hg__rosidl_typesupport_cpp.dir/rosidl_typesupport_cpp/dro_hg/msg/leg_cmd__type_support.cpp.o[0m
[2.522s] [ 30%] [32mBuilding CXX object CMakeFiles/dro_hg__rosidl_typesupport_fastrtps_cpp.dir/rosidl_typesupport_fastrtps_cpp/dro_hg/msg/detail/dds_fastrtps/leg_cmd__type_support.cpp.o[0m
[2.522s] [ 32%] [32mBuilding CXX object CMakeFiles/dro_hg__rosidl_typesupport_fastrtps_cpp.dir/rosidl_typesupport_fastrtps_cpp/dro_hg/msg/detail/dds_fastrtps/motor_cmd__type_support.cpp.o[0m
[2.523s] [ 36%] [32mBuilding CXX object CMakeFiles/dro_hg__rosidl_typesupport_fastrtps_cpp.dir/rosidl_typesupport_fastrtps_cpp/dro_hg/msg/detail/dds_fastrtps/arm_cmd__type_support.cpp.o[0m
[2.523s] [ 36%] [32mBuilding CXX object CMakeFiles/dro_hg__rosidl_typesupport_fastrtps_cpp.dir/rosidl_typesupport_fastrtps_cpp/dro_hg/msg/detail/dds_fastrtps/motor_state__type_support.cpp.o[0m
[2.523s] [ 36%] [32mBuilding CXX object CMakeFiles/dro_hg__rosidl_typesupport_fastrtps_cpp.dir/rosidl_typesupport_fastrtps_cpp/dro_hg/msg/detail/dds_fastrtps/arm_state__type_support.cpp.o[0m
[2.529s] [ 38%] [32mBuilding CXX object CMakeFiles/dro_hg__rosidl_typesupport_introspection_cpp.dir/rosidl_typesupport_introspection_cpp/dro_hg/msg/detail/leg_state__type_support.cpp.o[0m
[2.530s] [ 39%] [32mBuilding CXX object CMakeFiles/dro_hg__rosidl_typesupport_fastrtps_cpp.dir/rosidl_typesupport_fastrtps_cpp/dro_hg/msg/detail/dds_fastrtps/leg_state__type_support.cpp.o[0m
[2.530s] [ 40%] [32mBuilding CXX object CMakeFiles/dro_hg__rosidl_typesupport_introspection_cpp.dir/rosidl_typesupport_introspection_cpp/dro_hg/msg/detail/arm_cmd__type_support.cpp.o[0m
[2.536s] [ 42%] [32mBuilding CXX object CMakeFiles/dro_hg__rosidl_typesupport_introspection_cpp.dir/rosidl_typesupport_introspection_cpp/dro_hg/msg/detail/leg_cmd__type_support.cpp.o[0m
[2.537s] [ 43%] [32mBuilding CXX object CMakeFiles/dro_hg__rosidl_typesupport_introspection_cpp.dir/rosidl_typesupport_introspection_cpp/dro_hg/msg/detail/motor_state__type_support.cpp.o[0m
[2.543s] [ 45%] [32mBuilding CXX object CMakeFiles/dro_hg__rosidl_typesupport_introspection_cpp.dir/rosidl_typesupport_introspection_cpp/dro_hg/msg/detail/arm_state__type_support.cpp.o[0m
[2.545s] [ 46%] [32mBuilding CXX object CMakeFiles/dro_hg__rosidl_typesupport_introspection_cpp.dir/rosidl_typesupport_introspection_cpp/dro_hg/msg/detail/motor_cmd__type_support.cpp.o[0m
[2.569s] [ 47%] [32mBuilding CXX object CMakeFiles/dro_hg__rosidl_typesupport_c.dir/rosidl_typesupport_c/dro_hg/msg/motor_state__type_support.cpp.o[0m
[2.572s] [ 49%] [32mBuilding CXX object CMakeFiles/dro_hg__rosidl_typesupport_c.dir/rosidl_typesupport_c/dro_hg/msg/motor_cmd__type_support.cpp.o[0m
[2.757s] [ 50%] [32mBuilding CXX object CMakeFiles/dro_hg__rosidl_typesupport_c.dir/rosidl_typesupport_c/dro_hg/msg/arm_cmd__type_support.cpp.o[0m
[2.793s] [ 52%] [32mBuilding CXX object CMakeFiles/dro_hg__rosidl_typesupport_c.dir/rosidl_typesupport_c/dro_hg/msg/arm_state__type_support.cpp.o[0m
[2.831s] [ 53%] [32mBuilding C object CMakeFiles/dro_hg__rosidl_typesupport_introspection_c.dir/rosidl_typesupport_introspection_c/dro_hg/msg/detail/motor_cmd__type_support.c.o[0m
[2.861s] [ 54%] [32mBuilding CXX object CMakeFiles/dro_hg__rosidl_typesupport_fastrtps_c.dir/rosidl_typesupport_fastrtps_c/dro_hg/msg/detail/motor_cmd__type_support_c.cpp.o[0m
[2.906s] [ 56%] [32mBuilding CXX object CMakeFiles/dro_hg__rosidl_typesupport_fastrtps_c.dir/rosidl_typesupport_fastrtps_c/dro_hg/msg/detail/motor_state__type_support_c.cpp.o[0m
[2.959s] [ 57%] [32mBuilding CXX object CMakeFiles/dro_hg__rosidl_typesupport_c.dir/rosidl_typesupport_c/dro_hg/msg/leg_cmd__type_support.cpp.o[0m
[2.966s] [ 59%] [32mBuilding C object CMakeFiles/dro_hg__rosidl_typesupport_introspection_c.dir/rosidl_typesupport_introspection_c/dro_hg/msg/detail/motor_state__type_support.c.o[0m
[3.001s] [ 60%] [32mBuilding CXX object CMakeFiles/dro_hg__rosidl_typesupport_c.dir/rosidl_typesupport_c/dro_hg/msg/leg_state__type_support.cpp.o[0m
[3.010s] [ 61%] [32mBuilding C object CMakeFiles/dro_hg__rosidl_typesupport_introspection_c.dir/rosidl_typesupport_introspection_c/dro_hg/msg/detail/arm_cmd__type_support.c.o[0m
[3.038s] [ 63%] [1m[32mLinking CXX shared library libdro_hg__rosidl_typesupport_c.so[0m
[3.058s] [ 64%] [32mBuilding C object CMakeFiles/dro_hg__rosidl_typesupport_introspection_c.dir/rosidl_typesupport_introspection_c/dro_hg/msg/detail/arm_state__type_support.c.o[0m
[3.073s] [ 66%] [32mBuilding C object CMakeFiles/dro_hg__rosidl_typesupport_introspection_c.dir/rosidl_typesupport_introspection_c/dro_hg/msg/detail/leg_cmd__type_support.c.o[0m
[3.080s] [ 67%] [32mBuilding C object CMakeFiles/dro_hg__rosidl_typesupport_introspection_c.dir/rosidl_typesupport_introspection_c/dro_hg/msg/detail/leg_state__type_support.c.o[0m
[3.094s] [ 69%] [32mBuilding CXX object CMakeFiles/dro_hg__rosidl_typesupport_fastrtps_c.dir/rosidl_typesupport_fastrtps_c/dro_hg/msg/detail/arm_cmd__type_support_c.cpp.o[0m
[3.100s] [ 69%] Built target dro_hg__rosidl_typesupport_c
[3.103s] [ 70%] [32mBuilding CXX object CMakeFiles/dro_hg__rosidl_typesupport_fastrtps_c.dir/rosidl_typesupport_fastrtps_c/dro_hg/msg/detail/arm_state__type_support_c.cpp.o[0m
[3.107s] [ 71%] [32mBuilding CXX object CMakeFiles/dro_hg__rosidl_typesupport_fastrtps_c.dir/rosidl_typesupport_fastrtps_c/dro_hg/msg/detail/leg_cmd__type_support_c.cpp.o[0m
[3.121s] [ 73%] [32mBuilding CXX object CMakeFiles/dro_hg__rosidl_typesupport_fastrtps_c.dir/rosidl_typesupport_fastrtps_c/dro_hg/msg/detail/leg_state__type_support_c.cpp.o[0m
[3.151s] [ 74%] [1m[32mLinking CXX shared library libdro_hg__rosidl_typesupport_cpp.so[0m
[3.184s] [ 76%] [1m[32mLinking C shared library libdro_hg__rosidl_typesupport_introspection_c.so[0m
[3.297s] [ 76%] Built target dro_hg__rosidl_typesupport_introspection_c
[3.309s] [ 76%] Built target dro_hg__rosidl_typesupport_cpp
[3.478s] [ 77%] [1m[32mLinking CXX shared library libdro_hg__rosidl_typesupport_fastrtps_cpp.so[0m
[3.501s] [ 78%] [1m[32mLinking CXX shared library libdro_hg__rosidl_typesupport_introspection_cpp.so[0m
[3.528s] [ 78%] Built target dro_hg__rosidl_typesupport_fastrtps_cpp
[3.556s] [ 78%] Built target dro_hg__rosidl_typesupport_introspection_cpp
[3.589s] [ 80%] [1m[32mLinking CXX shared library libdro_hg__rosidl_typesupport_fastrtps_c.so[0m
[3.634s] [ 80%] Built target dro_hg__rosidl_typesupport_fastrtps_c
[3.642s] [ 80%] Built target dro_hg
[3.651s] [ 81%] [1m[34mGenerating Python code for ROS interfaces[0m
[4.264s] [ 81%] Built target dro_hg__py
[4.273s] [ 83%] [32mBuilding C object CMakeFiles/dro_hg__rosidl_generator_py.dir/rosidl_generator_py/dro_hg/msg/_motor_cmd_s.c.o[0m
[4.273s] [ 84%] [32mBuilding C object CMakeFiles/dro_hg__rosidl_generator_py.dir/rosidl_generator_py/dro_hg/msg/_leg_cmd_s.c.o[0m
[4.273s] [ 85%] [32mBuilding C object CMakeFiles/dro_hg__rosidl_generator_py.dir/rosidl_generator_py/dro_hg/msg/_motor_state_s.c.o[0m
[4.273s] [ 87%] [32mBuilding C object CMakeFiles/dro_hg__rosidl_generator_py.dir/rosidl_generator_py/dro_hg/msg/_leg_state_s.c.o[0m
[4.273s] [ 88%] [32mBuilding C object CMakeFiles/dro_hg__rosidl_generator_py.dir/rosidl_generator_py/dro_hg/msg/_arm_cmd_s.c.o[0m
[4.274s] [ 90%] [32mBuilding C object CMakeFiles/dro_hg__rosidl_generator_py.dir/rosidl_generator_py/dro_hg/msg/_arm_state_s.c.o[0m
[4.348s] [ 91%] [1m[32mLinking C shared library rosidl_generator_py/dro_hg/libdro_hg__rosidl_generator_py.so[0m
[4.370s] [ 91%] Built target dro_hg__rosidl_generator_py
[4.378s] [ 92%] [32mBuilding C object CMakeFiles/dro_hg__rosidl_typesupport_fastrtps_c__pyext.dir/rosidl_generator_py/dro_hg/_dro_hg_s.ep.rosidl_typesupport_fastrtps_c.c.o[0m
[4.378s] [ 94%] [32mBuilding C object CMakeFiles/dro_hg__rosidl_typesupport_introspection_c__pyext.dir/rosidl_generator_py/dro_hg/_dro_hg_s.ep.rosidl_typesupport_introspection_c.c.o[0m
[4.379s] [ 95%] [32mBuilding C object CMakeFiles/dro_hg__rosidl_typesupport_c__pyext.dir/rosidl_generator_py/dro_hg/_dro_hg_s.ep.rosidl_typesupport_c.c.o[0m
[4.446s] [ 97%] [1m[32mLinking C shared library rosidl_generator_py/dro_hg/dro_hg_s__rosidl_typesupport_c.cpython-310-x86_64-linux-gnu.so[0m
[4.446s] [ 98%] [1m[32mLinking C shared library rosidl_generator_py/dro_hg/dro_hg_s__rosidl_typesupport_fastrtps_c.cpython-310-x86_64-linux-gnu.so[0m
[4.448s] [100%] [1m[32mLinking C shared library rosidl_generator_py/dro_hg/dro_hg_s__rosidl_typesupport_introspection_c.cpython-310-x86_64-linux-gnu.so[0m
[4.469s] [100%] Built target dro_hg__rosidl_typesupport_c__pyext
[4.470s] [100%] Built target dro_hg__rosidl_typesupport_introspection_c__pyext
[4.471s] [100%] Built target dro_hg__rosidl_typesupport_fastrtps_c__pyext
[4.476s] Invoked command in '/home/p30039115276/ECS_TK_IGH/ethercat_motor_control/build/dro_hg' returned '0': CMAKE_PREFIX_PATH=/opt/ros/humble /usr/bin/cmake --build /home/p30039115276/ECS_TK_IGH/ethercat_motor_control/build/dro_hg -- -j22 -l22
[4.480s] Invoking command in '/home/p30039115276/ECS_TK_IGH/ethercat_motor_control/build/dro_hg': CMAKE_PREFIX_PATH=/opt/ros/humble /usr/bin/cmake --install /home/p30039115276/ECS_TK_IGH/ethercat_motor_control/build/dro_hg
[4.483s] -- Install configuration: ""
[4.483s] -- Installing: /home/p30039115276/ECS_TK_IGH/ethercat_motor_control/install/dro_hg/share/ament_index/resource_index/rosidl_interfaces/dro_hg
[4.483s] -- Installing: /home/p30039115276/ECS_TK_IGH/ethercat_motor_control/install/dro_hg/include/dro_hg/dro_hg
[4.483s] -- Installing: /home/p30039115276/ECS_TK_IGH/ethercat_motor_control/install/dro_hg/include/dro_hg/dro_hg/msg
[4.483s] -- Installing: /home/p30039115276/ECS_TK_IGH/ethercat_motor_control/install/dro_hg/include/dro_hg/dro_hg/msg/arm_cmd.h
[4.483s] -- Installing: /home/p30039115276/ECS_TK_IGH/ethercat_motor_control/install/dro_hg/include/dro_hg/dro_hg/msg/leg_state.h
[4.483s] -- Installing: /home/p30039115276/ECS_TK_IGH/ethercat_motor_control/install/dro_hg/include/dro_hg/dro_hg/msg/motor_state.h
[4.483s] -- Installing: /home/p30039115276/ECS_TK_IGH/ethercat_motor_control/install/dro_hg/include/dro_hg/dro_hg/msg/detail
[4.483s] -- Installing: /home/p30039115276/ECS_TK_IGH/ethercat_motor_control/install/dro_hg/include/dro_hg/dro_hg/msg/detail/arm_cmd__functions.c
[4.483s] -- Installing: /home/p30039115276/ECS_TK_IGH/ethercat_motor_control/install/dro_hg/include/dro_hg/dro_hg/msg/detail/arm_cmd__type_support.h
[4.483s] -- Installing: /home/p30039115276/ECS_TK_IGH/ethercat_motor_control/install/dro_hg/include/dro_hg/dro_hg/msg/detail/arm_cmd__functions.h
[4.483s] -- Installing: /home/p30039115276/ECS_TK_IGH/ethercat_motor_control/install/dro_hg/include/dro_hg/dro_hg/msg/detail/arm_state__struct.h
[4.483s] -- Installing: /home/p30039115276/ECS_TK_IGH/ethercat_motor_control/install/dro_hg/include/dro_hg/dro_hg/msg/detail/leg_state__struct.h
[4.483s] -- Installing: /home/p30039115276/ECS_TK_IGH/ethercat_motor_control/install/dro_hg/include/dro_hg/dro_hg/msg/detail/arm_state__functions.c
[4.484s] -- Installing: /home/p30039115276/ECS_TK_IGH/ethercat_motor_control/install/dro_hg/include/dro_hg/dro_hg/msg/detail/arm_state__type_support.h
[4.484s] -- Installing: /home/p30039115276/ECS_TK_IGH/ethercat_motor_control/install/dro_hg/include/dro_hg/dro_hg/msg/detail/leg_state__type_support.h
[4.484s] -- Installing: /home/p30039115276/ECS_TK_IGH/ethercat_motor_control/install/dro_hg/include/dro_hg/dro_hg/msg/detail/motor_cmd__type_support.h
[4.484s] -- Installing: /home/p30039115276/ECS_TK_IGH/ethercat_motor_control/install/dro_hg/include/dro_hg/dro_hg/msg/detail/arm_state__functions.h
[4.484s] -- Installing: /home/p30039115276/ECS_TK_IGH/ethercat_motor_control/install/dro_hg/include/dro_hg/dro_hg/msg/detail/arm_cmd__struct.h
[4.484s] -- Installing: /home/p30039115276/ECS_TK_IGH/ethercat_motor_control/install/dro_hg/include/dro_hg/dro_hg/msg/detail/motor_cmd__struct.h
[4.484s] -- Installing: /home/p30039115276/ECS_TK_IGH/ethercat_motor_control/install/dro_hg/include/dro_hg/dro_hg/msg/detail/leg_cmd__struct.h
[4.484s] -- Installing: /home/p30039115276/ECS_TK_IGH/ethercat_motor_control/install/dro_hg/include/dro_hg/dro_hg/msg/detail/motor_state__functions.c
[4.484s] -- Installing: /home/p30039115276/ECS_TK_IGH/ethercat_motor_control/install/dro_hg/include/dro_hg/dro_hg/msg/detail/motor_state__struct.h
[4.484s] -- Installing: /home/p30039115276/ECS_TK_IGH/ethercat_motor_control/install/dro_hg/include/dro_hg/dro_hg/msg/detail/leg_state__functions.c
[4.484s] -- Installing: /home/p30039115276/ECS_TK_IGH/ethercat_motor_control/install/dro_hg/include/dro_hg/dro_hg/msg/detail/leg_cmd__type_support.h
[4.484s] -- Installing: /home/p30039115276/ECS_TK_IGH/ethercat_motor_control/install/dro_hg/include/dro_hg/dro_hg/msg/detail/motor_state__functions.h
[4.484s] -- Installing: /home/p30039115276/ECS_TK_IGH/ethercat_motor_control/install/dro_hg/include/dro_hg/dro_hg/msg/detail/motor_state__type_support.h
[4.484s] -- Installing: /home/p30039115276/ECS_TK_IGH/ethercat_motor_control/install/dro_hg/include/dro_hg/dro_hg/msg/detail/motor_cmd__functions.h
[4.484s] -- Installing: /home/p30039115276/ECS_TK_IGH/ethercat_motor_control/install/dro_hg/include/dro_hg/dro_hg/msg/detail/leg_cmd__functions.c
[4.484s] -- Installing: /home/p30039115276/ECS_TK_IGH/ethercat_motor_control/install/dro_hg/include/dro_hg/dro_hg/msg/detail/leg_cmd__functions.h
[4.484s] -- Installing: /home/p30039115276/ECS_TK_IGH/ethercat_motor_control/install/dro_hg/include/dro_hg/dro_hg/msg/detail/motor_cmd__functions.c
[4.484s] -- Installing: /home/p30039115276/ECS_TK_IGH/ethercat_motor_control/install/dro_hg/include/dro_hg/dro_hg/msg/detail/leg_state__functions.h
[4.484s] -- Installing: /home/p30039115276/ECS_TK_IGH/ethercat_motor_control/install/dro_hg/include/dro_hg/dro_hg/msg/arm_state.h
[4.485s] -- Installing: /home/p30039115276/ECS_TK_IGH/ethercat_motor_control/install/dro_hg/include/dro_hg/dro_hg/msg/motor_cmd.h
[4.485s] -- Installing: /home/p30039115276/ECS_TK_IGH/ethercat_motor_control/install/dro_hg/include/dro_hg/dro_hg/msg/leg_cmd.h
[4.485s] -- Installing: /home/p30039115276/ECS_TK_IGH/ethercat_motor_control/install/dro_hg/include/dro_hg/dro_hg/msg/rosidl_generator_c__visibility_control.h
[4.485s] -- Installing: /home/p30039115276/ECS_TK_IGH/ethercat_motor_control/install/dro_hg/share/dro_hg/environment/library_path.sh
[4.485s] -- Installing: /home/p30039115276/ECS_TK_IGH/ethercat_motor_control/install/dro_hg/share/dro_hg/environment/library_path.dsv
[4.485s] -- Installing: /home/p30039115276/ECS_TK_IGH/ethercat_motor_control/install/dro_hg/lib/libdro_hg__rosidl_generator_c.so
[4.485s] -- Set non-toolchain portion of runtime path of "/home/p30039115276/ECS_TK_IGH/ethercat_motor_control/install/dro_hg/lib/libdro_hg__rosidl_generator_c.so" to ""
[4.485s] -- Up-to-date: /home/p30039115276/ECS_TK_IGH/ethercat_motor_control/install/dro_hg/include/dro_hg/dro_hg
[4.485s] -- Up-to-date: /home/p30039115276/ECS_TK_IGH/ethercat_motor_control/install/dro_hg/include/dro_hg/dro_hg/msg
[4.485s] -- Installing: /home/p30039115276/ECS_TK_IGH/ethercat_motor_control/install/dro_hg/include/dro_hg/dro_hg/msg/rosidl_typesupport_fastrtps_c__visibility_control.h
[4.485s] -- Up-to-date: /home/p30039115276/ECS_TK_IGH/ethercat_motor_control/install/dro_hg/include/dro_hg/dro_hg/msg/detail
[4.485s] -- Installing: /home/p30039115276/ECS_TK_IGH/ethercat_motor_control/install/dro_hg/include/dro_hg/dro_hg/msg/detail/motor_state__rosidl_typesupport_fastrtps_c.h
[4.485s] -- Installing: /home/p30039115276/ECS_TK_IGH/ethercat_motor_control/install/dro_hg/include/dro_hg/dro_hg/msg/detail/motor_cmd__rosidl_typesupport_fastrtps_c.h
[4.485s] -- Installing: /home/p30039115276/ECS_TK_IGH/ethercat_motor_control/install/dro_hg/include/dro_hg/dro_hg/msg/detail/arm_cmd__rosidl_typesupport_fastrtps_c.h
[4.485s] -- Installing: /home/p30039115276/ECS_TK_IGH/ethercat_motor_control/install/dro_hg/include/dro_hg/dro_hg/msg/detail/leg_state__rosidl_typesupport_fastrtps_c.h
[4.485s] -- Installing: /home/p30039115276/ECS_TK_IGH/ethercat_motor_control/install/dro_hg/include/dro_hg/dro_hg/msg/detail/leg_cmd__rosidl_typesupport_fastrtps_c.h
[4.485s] -- Installing: /home/p30039115276/ECS_TK_IGH/ethercat_motor_control/install/dro_hg/include/dro_hg/dro_hg/msg/detail/arm_state__rosidl_typesupport_fastrtps_c.h
[4.486s] -- Installing: /home/p30039115276/ECS_TK_IGH/ethercat_motor_control/install/dro_hg/lib/libdro_hg__rosidl_typesupport_fastrtps_c.so
[4.486s] -- Set non-toolchain portion of runtime path of "/home/p30039115276/ECS_TK_IGH/ethercat_motor_control/install/dro_hg/lib/libdro_hg__rosidl_typesupport_fastrtps_c.so" to ""
[4.486s] -- Up-to-date: /home/p30039115276/ECS_TK_IGH/ethercat_motor_control/install/dro_hg/include/dro_hg/dro_hg
[4.486s] -- Up-to-date: /home/p30039115276/ECS_TK_IGH/ethercat_motor_control/install/dro_hg/include/dro_hg/dro_hg/msg
[4.486s] -- Installing: /home/p30039115276/ECS_TK_IGH/ethercat_motor_control/install/dro_hg/include/dro_hg/dro_hg/msg/rosidl_typesupport_introspection_c__visibility_control.h
[4.486s] -- Up-to-date: /home/p30039115276/ECS_TK_IGH/ethercat_motor_control/install/dro_hg/include/dro_hg/dro_hg/msg/detail
[4.486s] -- Installing: /home/p30039115276/ECS_TK_IGH/ethercat_motor_control/install/dro_hg/include/dro_hg/dro_hg/msg/detail/leg_state__type_support.c
[4.486s] -- Installing: /home/p30039115276/ECS_TK_IGH/ethercat_motor_control/install/dro_hg/include/dro_hg/dro_hg/msg/detail/arm_state__rosidl_typesupport_introspection_c.h
[4.486s] -- Installing: /home/p30039115276/ECS_TK_IGH/ethercat_motor_control/install/dro_hg/include/dro_hg/dro_hg/msg/detail/motor_state__type_support.c
[4.486s] -- Installing: /home/p30039115276/ECS_TK_IGH/ethercat_motor_control/install/dro_hg/include/dro_hg/dro_hg/msg/detail/leg_state__rosidl_typesupport_introspection_c.h
[4.486s] -- Installing: /home/p30039115276/ECS_TK_IGH/ethercat_motor_control/install/dro_hg/include/dro_hg/dro_hg/msg/detail/leg_cmd__rosidl_typesupport_introspection_c.h
[4.486s] -- Installing: /home/p30039115276/ECS_TK_IGH/ethercat_motor_control/install/dro_hg/include/dro_hg/dro_hg/msg/detail/arm_cmd__type_support.c
[4.486s] -- Installing: /home/p30039115276/ECS_TK_IGH/ethercat_motor_control/install/dro_hg/include/dro_hg/dro_hg/msg/detail/arm_cmd__rosidl_typesupport_introspection_c.h
[4.486s] -- Installing: /home/p30039115276/ECS_TK_IGH/ethercat_motor_control/install/dro_hg/include/dro_hg/dro_hg/msg/detail/arm_state__type_support.c
[4.486s] -- Installing: /home/p30039115276/ECS_TK_IGH/ethercat_motor_control/install/dro_hg/include/dro_hg/dro_hg/msg/detail/leg_cmd__type_support.c
[4.486s] -- Installing: /home/p30039115276/ECS_TK_IGH/ethercat_motor_control/install/dro_hg/include/dro_hg/dro_hg/msg/detail/motor_cmd__type_support.c
[4.486s] -- Installing: /home/p30039115276/ECS_TK_IGH/ethercat_motor_control/install/dro_hg/include/dro_hg/dro_hg/msg/detail/motor_state__rosidl_typesupport_introspection_c.h
[4.486s] -- Installing: /home/p30039115276/ECS_TK_IGH/ethercat_motor_control/install/dro_hg/include/dro_hg/dro_hg/msg/detail/motor_cmd__rosidl_typesupport_introspection_c.h
[4.486s] -- Installing: /home/p30039115276/ECS_TK_IGH/ethercat_motor_control/install/dro_hg/lib/libdro_hg__rosidl_typesupport_introspection_c.so
[4.487s] -- Set non-toolchain portion of runtime path of "/home/p30039115276/ECS_TK_IGH/ethercat_motor_control/install/dro_hg/lib/libdro_hg__rosidl_typesupport_introspection_c.so" to ""
[4.487s] -- Installing: /home/p30039115276/ECS_TK_IGH/ethercat_motor_control/install/dro_hg/lib/libdro_hg__rosidl_typesupport_c.so
[4.487s] -- Set non-toolchain portion of runtime path of "/home/p30039115276/ECS_TK_IGH/ethercat_motor_control/install/dro_hg/lib/libdro_hg__rosidl_typesupport_c.so" to ""
[4.487s] -- Up-to-date: /home/p30039115276/ECS_TK_IGH/ethercat_motor_control/install/dro_hg/include/dro_hg/dro_hg
[4.487s] -- Up-to-date: /home/p30039115276/ECS_TK_IGH/ethercat_motor_control/install/dro_hg/include/dro_hg/dro_hg/msg
[4.487s] -- Installing: /home/p30039115276/ECS_TK_IGH/ethercat_motor_control/install/dro_hg/include/dro_hg/dro_hg/msg/arm_cmd.hpp
[4.487s] -- Installing: /home/p30039115276/ECS_TK_IGH/ethercat_motor_control/install/dro_hg/include/dro_hg/dro_hg/msg/motor_cmd.hpp
[4.487s] -- Installing: /home/p30039115276/ECS_TK_IGH/ethercat_motor_control/install/dro_hg/include/dro_hg/dro_hg/msg/motor_state.hpp
[4.487s] -- Installing: /home/p30039115276/ECS_TK_IGH/ethercat_motor_control/install/dro_hg/include/dro_hg/dro_hg/msg/leg_cmd.hpp
[4.487s] -- Installing: /home/p30039115276/ECS_TK_IGH/ethercat_motor_control/install/dro_hg/include/dro_hg/dro_hg/msg/arm_state.hpp
[4.487s] -- Up-to-date: /home/p30039115276/ECS_TK_IGH/ethercat_motor_control/install/dro_hg/include/dro_hg/dro_hg/msg/detail
[4.487s] -- Installing: /home/p30039115276/ECS_TK_IGH/ethercat_motor_control/install/dro_hg/include/dro_hg/dro_hg/msg/detail/leg_state__type_support.hpp
[4.487s] -- Installing: /home/p30039115276/ECS_TK_IGH/ethercat_motor_control/install/dro_hg/include/dro_hg/dro_hg/msg/detail/motor_cmd__builder.hpp
[4.487s] -- Installing: /home/p30039115276/ECS_TK_IGH/ethercat_motor_control/install/dro_hg/include/dro_hg/dro_hg/msg/detail/motor_state__traits.hpp
[4.487s] -- Installing: /home/p30039115276/ECS_TK_IGH/ethercat_motor_control/install/dro_hg/include/dro_hg/dro_hg/msg/detail/arm_state__type_support.hpp
[4.487s] -- Installing: /home/p30039115276/ECS_TK_IGH/ethercat_motor_control/install/dro_hg/include/dro_hg/dro_hg/msg/detail/arm_cmd__type_support.hpp
[4.487s] -- Installing: /home/p30039115276/ECS_TK_IGH/ethercat_motor_control/install/dro_hg/include/dro_hg/dro_hg/msg/detail/arm_cmd__builder.hpp
[4.487s] -- Installing: /home/p30039115276/ECS_TK_IGH/ethercat_motor_control/install/dro_hg/include/dro_hg/dro_hg/msg/detail/motor_state__builder.hpp
[4.487s] -- Installing: /home/p30039115276/ECS_TK_IGH/ethercat_motor_control/install/dro_hg/include/dro_hg/dro_hg/msg/detail/motor_cmd__struct.hpp
[4.487s] -- Installing: /home/p30039115276/ECS_TK_IGH/ethercat_motor_control/install/dro_hg/include/dro_hg/dro_hg/msg/detail/arm_state__traits.hpp
[4.487s] -- Installing: /home/p30039115276/ECS_TK_IGH/ethercat_motor_control/install/dro_hg/include/dro_hg/dro_hg/msg/detail/leg_cmd__struct.hpp
[4.487s] -- Installing: /home/p30039115276/ECS_TK_IGH/ethercat_motor_control/install/dro_hg/include/dro_hg/dro_hg/msg/detail/arm_cmd__traits.hpp
[4.488s] -- Installing: /home/p30039115276/ECS_TK_IGH/ethercat_motor_control/install/dro_hg/include/dro_hg/dro_hg/msg/detail/arm_state__builder.hpp
[4.488s] -- Installing: /home/p30039115276/ECS_TK_IGH/ethercat_motor_control/install/dro_hg/include/dro_hg/dro_hg/msg/detail/motor_state__type_support.hpp
[4.488s] -- Installing: /home/p30039115276/ECS_TK_IGH/ethercat_motor_control/install/dro_hg/include/dro_hg/dro_hg/msg/detail/leg_cmd__builder.hpp
[4.488s] -- Installing: /home/p30039115276/ECS_TK_IGH/ethercat_motor_control/install/dro_hg/include/dro_hg/dro_hg/msg/detail/motor_cmd__type_support.hpp
[4.488s] -- Installing: /home/p30039115276/ECS_TK_IGH/ethercat_motor_control/install/dro_hg/include/dro_hg/dro_hg/msg/detail/arm_cmd__struct.hpp
[4.488s] -- Installing: /home/p30039115276/ECS_TK_IGH/ethercat_motor_control/install/dro_hg/include/dro_hg/dro_hg/msg/detail/leg_state__traits.hpp
[4.488s] -- Installing: /home/p30039115276/ECS_TK_IGH/ethercat_motor_control/install/dro_hg/include/dro_hg/dro_hg/msg/detail/leg_state__builder.hpp
[4.488s] -- Installing: /home/p30039115276/ECS_TK_IGH/ethercat_motor_control/install/dro_hg/include/dro_hg/dro_hg/msg/detail/leg_state__struct.hpp
[4.488s] -- Installing: /home/p30039115276/ECS_TK_IGH/ethercat_motor_control/install/dro_hg/include/dro_hg/dro_hg/msg/detail/motor_cmd__traits.hpp
[4.488s] -- Installing: /home/p30039115276/ECS_TK_IGH/ethercat_motor_control/install/dro_hg/include/dro_hg/dro_hg/msg/detail/arm_state__struct.hpp
[4.488s] -- Installing: /home/p30039115276/ECS_TK_IGH/ethercat_motor_control/install/dro_hg/include/dro_hg/dro_hg/msg/detail/leg_cmd__traits.hpp
[4.488s] -- Installing: /home/p30039115276/ECS_TK_IGH/ethercat_motor_control/install/dro_hg/include/dro_hg/dro_hg/msg/detail/motor_state__struct.hpp
[4.488s] -- Installing: /home/p30039115276/ECS_TK_IGH/ethercat_motor_control/install/dro_hg/include/dro_hg/dro_hg/msg/detail/leg_cmd__type_support.hpp
[4.488s] -- Installing: /home/p30039115276/ECS_TK_IGH/ethercat_motor_control/install/dro_hg/include/dro_hg/dro_hg/msg/leg_state.hpp
[4.488s] -- Installing: /home/p30039115276/ECS_TK_IGH/ethercat_motor_control/install/dro_hg/include/dro_hg/dro_hg/msg/rosidl_generator_cpp__visibility_control.hpp
[4.488s] -- Up-to-date: /home/p30039115276/ECS_TK_IGH/ethercat_motor_control/install/dro_hg/include/dro_hg/dro_hg
[4.488s] -- Up-to-date: /home/p30039115276/ECS_TK_IGH/ethercat_motor_control/install/dro_hg/include/dro_hg/dro_hg/msg
[4.488s] -- Up-to-date: /home/p30039115276/ECS_TK_IGH/ethercat_motor_control/install/dro_hg/include/dro_hg/dro_hg/msg/detail
[4.488s] -- Installing: /home/p30039115276/ECS_TK_IGH/ethercat_motor_control/install/dro_hg/include/dro_hg/dro_hg/msg/detail/leg_cmd__rosidl_typesupport_fastrtps_cpp.hpp
[4.488s] -- Installing: /home/p30039115276/ECS_TK_IGH/ethercat_motor_control/install/dro_hg/include/dro_hg/dro_hg/msg/detail/leg_state__rosidl_typesupport_fastrtps_cpp.hpp
[4.488s] -- Installing: /home/p30039115276/ECS_TK_IGH/ethercat_motor_control/install/dro_hg/include/dro_hg/dro_hg/msg/detail/motor_state__rosidl_typesupport_fastrtps_cpp.hpp
[4.489s] -- Installing: /home/p30039115276/ECS_TK_IGH/ethercat_motor_control/install/dro_hg/include/dro_hg/dro_hg/msg/detail/motor_cmd__rosidl_typesupport_fastrtps_cpp.hpp
[4.489s] -- Installing: /home/p30039115276/ECS_TK_IGH/ethercat_motor_control/install/dro_hg/include/dro_hg/dro_hg/msg/detail/dds_fastrtps
[4.489s] -- Installing: /home/p30039115276/ECS_TK_IGH/ethercat_motor_control/install/dro_hg/include/dro_hg/dro_hg/msg/detail/arm_state__rosidl_typesupport_fastrtps_cpp.hpp
[4.489s] -- Installing: /home/p30039115276/ECS_TK_IGH/ethercat_motor_control/install/dro_hg/include/dro_hg/dro_hg/msg/detail/arm_cmd__rosidl_typesupport_fastrtps_cpp.hpp
[4.489s] -- Installing: /home/p30039115276/ECS_TK_IGH/ethercat_motor_control/install/dro_hg/include/dro_hg/dro_hg/msg/rosidl_typesupport_fastrtps_cpp__visibility_control.h
[4.489s] -- Installing: /home/p30039115276/ECS_TK_IGH/ethercat_motor_control/install/dro_hg/lib/libdro_hg__rosidl_typesupport_fastrtps_cpp.so
[4.489s] -- Set non-toolchain portion of runtime path of "/home/p30039115276/ECS_TK_IGH/ethercat_motor_control/install/dro_hg/lib/libdro_hg__rosidl_typesupport_fastrtps_cpp.so" to ""
[4.489s] -- Up-to-date: /home/p30039115276/ECS_TK_IGH/ethercat_motor_control/install/dro_hg/include/dro_hg/dro_hg
[4.489s] -- Up-to-date: /home/p30039115276/ECS_TK_IGH/ethercat_motor_control/install/dro_hg/include/dro_hg/dro_hg/msg
[4.489s] -- Up-to-date: /home/p30039115276/ECS_TK_IGH/ethercat_motor_control/install/dro_hg/include/dro_hg/dro_hg/msg/detail
[4.489s] -- Installing: /home/p30039115276/ECS_TK_IGH/ethercat_motor_control/install/dro_hg/include/dro_hg/dro_hg/msg/detail/motor_cmd__type_support.cpp
[4.489s] -- Installing: /home/p30039115276/ECS_TK_IGH/ethercat_motor_control/install/dro_hg/include/dro_hg/dro_hg/msg/detail/leg_state__type_support.cpp
[4.489s] -- Installing: /home/p30039115276/ECS_TK_IGH/ethercat_motor_control/install/dro_hg/include/dro_hg/dro_hg/msg/detail/arm_cmd__rosidl_typesupport_introspection_cpp.hpp
[4.489s] -- Installing: /home/p30039115276/ECS_TK_IGH/ethercat_motor_control/install/dro_hg/include/dro_hg/dro_hg/msg/detail/arm_cmd__type_support.cpp
[4.489s] -- Installing: /home/p30039115276/ECS_TK_IGH/ethercat_motor_control/install/dro_hg/include/dro_hg/dro_hg/msg/detail/arm_state__rosidl_typesupport_introspection_cpp.hpp
[4.489s] -- Installing: /home/p30039115276/ECS_TK_IGH/ethercat_motor_control/install/dro_hg/include/dro_hg/dro_hg/msg/detail/leg_cmd__rosidl_typesupport_introspection_cpp.hpp
[4.489s] -- Installing: /home/p30039115276/ECS_TK_IGH/ethercat_motor_control/install/dro_hg/include/dro_hg/dro_hg/msg/detail/motor_state__type_support.cpp
[4.489s] -- Installing: /home/p30039115276/ECS_TK_IGH/ethercat_motor_control/install/dro_hg/include/dro_hg/dro_hg/msg/detail/leg_cmd__type_support.cpp
[4.489s] -- Installing: /home/p30039115276/ECS_TK_IGH/ethercat_motor_control/install/dro_hg/include/dro_hg/dro_hg/msg/detail/motor_state__rosidl_typesupport_introspection_cpp.hpp
[4.489s] -- Installing: /home/p30039115276/ECS_TK_IGH/ethercat_motor_control/install/dro_hg/include/dro_hg/dro_hg/msg/detail/leg_state__rosidl_typesupport_introspection_cpp.hpp
[4.489s] -- Installing: /home/p30039115276/ECS_TK_IGH/ethercat_motor_control/install/dro_hg/include/dro_hg/dro_hg/msg/detail/motor_cmd__rosidl_typesupport_introspection_cpp.hpp
[4.489s] -- Installing: /home/p30039115276/ECS_TK_IGH/ethercat_motor_control/install/dro_hg/include/dro_hg/dro_hg/msg/detail/arm_state__type_support.cpp
[4.489s] -- Installing: /home/p30039115276/ECS_TK_IGH/ethercat_motor_control/install/dro_hg/lib/libdro_hg__rosidl_typesupport_introspection_cpp.so
[4.490s] -- Set non-toolchain portion of runtime path of "/home/p30039115276/ECS_TK_IGH/ethercat_motor_control/install/dro_hg/lib/libdro_hg__rosidl_typesupport_introspection_cpp.so" to ""
[4.490s] -- Installing: /home/p30039115276/ECS_TK_IGH/ethercat_motor_control/install/dro_hg/lib/libdro_hg__rosidl_typesupport_cpp.so
[4.490s] -- Set non-toolchain portion of runtime path of "/home/p30039115276/ECS_TK_IGH/ethercat_motor_control/install/dro_hg/lib/libdro_hg__rosidl_typesupport_cpp.so" to ""
[4.490s] -- Installing: /home/p30039115276/ECS_TK_IGH/ethercat_motor_control/install/dro_hg/share/dro_hg/environment/pythonpath.sh
[4.490s] -- Installing: /home/p30039115276/ECS_TK_IGH/ethercat_motor_control/install/dro_hg/share/dro_hg/environment/pythonpath.dsv
[4.490s] -- Installing: /home/p30039115276/ECS_TK_IGH/ethercat_motor_control/install/dro_hg/local/lib/python3.10/dist-packages/dro_hg-0.0.0-py3.10.egg-info
[4.490s] -- Installing: /home/p30039115276/ECS_TK_IGH/ethercat_motor_control/install/dro_hg/local/lib/python3.10/dist-packages/dro_hg-0.0.0-py3.10.egg-info/SOURCES.txt
[4.490s] -- Installing: /home/p30039115276/ECS_TK_IGH/ethercat_motor_control/install/dro_hg/local/lib/python3.10/dist-packages/dro_hg-0.0.0-py3.10.egg-info/dependency_links.txt
[4.490s] -- Installing: /home/p30039115276/ECS_TK_IGH/ethercat_motor_control/install/dro_hg/local/lib/python3.10/dist-packages/dro_hg-0.0.0-py3.10.egg-info/PKG-INFO
[4.490s] -- Installing: /home/p30039115276/ECS_TK_IGH/ethercat_motor_control/install/dro_hg/local/lib/python3.10/dist-packages/dro_hg-0.0.0-py3.10.egg-info/top_level.txt
[4.490s] -- Installing: /home/p30039115276/ECS_TK_IGH/ethercat_motor_control/install/dro_hg/local/lib/python3.10/dist-packages/dro_hg
[4.490s] -- Installing: /home/p30039115276/ECS_TK_IGH/ethercat_motor_control/install/dro_hg/local/lib/python3.10/dist-packages/dro_hg/msg
[4.490s] -- Installing: /home/p30039115276/ECS_TK_IGH/ethercat_motor_control/install/dro_hg/local/lib/python3.10/dist-packages/dro_hg/msg/_arm_cmd_s.c
[4.490s] -- Installing: /home/p30039115276/ECS_TK_IGH/ethercat_motor_control/install/dro_hg/local/lib/python3.10/dist-packages/dro_hg/msg/_leg_state.py
[4.490s] -- Installing: /home/p30039115276/ECS_TK_IGH/ethercat_motor_control/install/dro_hg/local/lib/python3.10/dist-packages/dro_hg/msg/_motor_cmd.py
[4.491s] -- Installing: /home/p30039115276/ECS_TK_IGH/ethercat_motor_control/install/dro_hg/local/lib/python3.10/dist-packages/dro_hg/msg/_leg_cmd_s.c
[4.491s] -- Installing: /home/p30039115276/ECS_TK_IGH/ethercat_motor_control/install/dro_hg/local/lib/python3.10/dist-packages/dro_hg/msg/_motor_cmd_s.c
[4.491s] -- Installing: /home/p30039115276/ECS_TK_IGH/ethercat_motor_control/install/dro_hg/local/lib/python3.10/dist-packages/dro_hg/msg/_motor_state_s.c
[4.491s] -- Installing: /home/p30039115276/ECS_TK_IGH/ethercat_motor_control/install/dro_hg/local/lib/python3.10/dist-packages/dro_hg/msg/_arm_state.py
[4.491s] -- Installing: /home/p30039115276/ECS_TK_IGH/ethercat_motor_control/install/dro_hg/local/lib/python3.10/dist-packages/dro_hg/msg/_arm_cmd.py
[4.491s] -- Installing: /home/p30039115276/ECS_TK_IGH/ethercat_motor_control/install/dro_hg/local/lib/python3.10/dist-packages/dro_hg/msg/_leg_state_s.c
[4.491s] -- Installing: /home/p30039115276/ECS_TK_IGH/ethercat_motor_control/install/dro_hg/local/lib/python3.10/dist-packages/dro_hg/msg/_motor_state.py
[4.491s] -- Installing: /home/p30039115276/ECS_TK_IGH/ethercat_motor_control/install/dro_hg/local/lib/python3.10/dist-packages/dro_hg/msg/_leg_cmd.py
[4.491s] -- Installing: /home/p30039115276/ECS_TK_IGH/ethercat_motor_control/install/dro_hg/local/lib/python3.10/dist-packages/dro_hg/msg/__init__.py
[4.491s] -- Installing: /home/p30039115276/ECS_TK_IGH/ethercat_motor_control/install/dro_hg/local/lib/python3.10/dist-packages/dro_hg/msg/_arm_state_s.c
[4.491s] -- Installing: /home/p30039115276/ECS_TK_IGH/ethercat_motor_control/install/dro_hg/local/lib/python3.10/dist-packages/dro_hg/dro_hg_s__rosidl_typesupport_fastrtps_c.cpython-310-x86_64-linux-gnu.so
[4.491s] -- Installing: /home/p30039115276/ECS_TK_IGH/ethercat_motor_control/install/dro_hg/local/lib/python3.10/dist-packages/dro_hg/_dro_hg_s.ep.rosidl_typesupport_introspection_c.c
[4.492s] -- Installing: /home/p30039115276/ECS_TK_IGH/ethercat_motor_control/install/dro_hg/local/lib/python3.10/dist-packages/dro_hg/_dro_hg_s.ep.rosidl_typesupport_c.c
[4.492s] -- Installing: /home/p30039115276/ECS_TK_IGH/ethercat_motor_control/install/dro_hg/local/lib/python3.10/dist-packages/dro_hg/__init__.py
[4.492s] -- Installing: /home/p30039115276/ECS_TK_IGH/ethercat_motor_control/install/dro_hg/local/lib/python3.10/dist-packages/dro_hg/dro_hg_s__rosidl_typesupport_c.cpython-310-x86_64-linux-gnu.so
[4.492s] -- Installing: /home/p30039115276/ECS_TK_IGH/ethercat_motor_control/install/dro_hg/local/lib/python3.10/dist-packages/dro_hg/_dro_hg_s.ep.rosidl_typesupport_fastrtps_c.c
[4.492s] -- Installing: /home/p30039115276/ECS_TK_IGH/ethercat_motor_control/install/dro_hg/local/lib/python3.10/dist-packages/dro_hg/libdro_hg__rosidl_generator_py.so
[4.492s] -- Installing: /home/p30039115276/ECS_TK_IGH/ethercat_motor_control/install/dro_hg/local/lib/python3.10/dist-packages/dro_hg/dro_hg_s__rosidl_typesupport_introspection_c.cpython-310-x86_64-linux-gnu.so
[4.519s] Listing '/home/p30039115276/ECS_TK_IGH/ethercat_motor_control/install/dro_hg/local/lib/python3.10/dist-packages/dro_hg'...
[4.519s] Compiling '/home/p30039115276/ECS_TK_IGH/ethercat_motor_control/install/dro_hg/local/lib/python3.10/dist-packages/dro_hg/__init__.py'...
[4.519s] Listing '/home/p30039115276/ECS_TK_IGH/ethercat_motor_control/install/dro_hg/local/lib/python3.10/dist-packages/dro_hg/msg'...
[4.519s] Compiling '/home/p30039115276/ECS_TK_IGH/ethercat_motor_control/install/dro_hg/local/lib/python3.10/dist-packages/dro_hg/msg/__init__.py'...
[4.519s] Compiling '/home/p30039115276/ECS_TK_IGH/ethercat_motor_control/install/dro_hg/local/lib/python3.10/dist-packages/dro_hg/msg/_arm_cmd.py'...
[4.519s] Compiling '/home/p30039115276/ECS_TK_IGH/ethercat_motor_control/install/dro_hg/local/lib/python3.10/dist-packages/dro_hg/msg/_arm_state.py'...
[4.519s] Compiling '/home/p30039115276/ECS_TK_IGH/ethercat_motor_control/install/dro_hg/local/lib/python3.10/dist-packages/dro_hg/msg/_leg_cmd.py'...
[4.520s] Compiling '/home/p30039115276/ECS_TK_IGH/ethercat_motor_control/install/dro_hg/local/lib/python3.10/dist-packages/dro_hg/msg/_leg_state.py'...
[4.520s] Compiling '/home/p30039115276/ECS_TK_IGH/ethercat_motor_control/install/dro_hg/local/lib/python3.10/dist-packages/dro_hg/msg/_motor_cmd.py'...
[4.520s] Compiling '/home/p30039115276/ECS_TK_IGH/ethercat_motor_control/install/dro_hg/local/lib/python3.10/dist-packages/dro_hg/msg/_motor_state.py'...
[4.522s] -- Installing: /home/p30039115276/ECS_TK_IGH/ethercat_motor_control/install/dro_hg/local/lib/python3.10/dist-packages/dro_hg/dro_hg_s__rosidl_typesupport_fastrtps_c.cpython-310-x86_64-linux-gnu.so
[4.522s] -- Set non-toolchain portion of runtime path of "/home/p30039115276/ECS_TK_IGH/ethercat_motor_control/install/dro_hg/local/lib/python3.10/dist-packages/dro_hg/dro_hg_s__rosidl_typesupport_fastrtps_c.cpython-310-x86_64-linux-gnu.so" to ""
[4.522s] -- Installing: /home/p30039115276/ECS_TK_IGH/ethercat_motor_control/install/dro_hg/local/lib/python3.10/dist-packages/dro_hg/dro_hg_s__rosidl_typesupport_introspection_c.cpython-310-x86_64-linux-gnu.so
[4.522s] -- Set non-toolchain portion of runtime path of "/home/p30039115276/ECS_TK_IGH/ethercat_motor_control/install/dro_hg/local/lib/python3.10/dist-packages/dro_hg/dro_hg_s__rosidl_typesupport_introspection_c.cpython-310-x86_64-linux-gnu.so" to ""
[4.522s] -- Installing: /home/p30039115276/ECS_TK_IGH/ethercat_motor_control/install/dro_hg/local/lib/python3.10/dist-packages/dro_hg/dro_hg_s__rosidl_typesupport_c.cpython-310-x86_64-linux-gnu.so
[4.522s] -- Set non-toolchain portion of runtime path of "/home/p30039115276/ECS_TK_IGH/ethercat_motor_control/install/dro_hg/local/lib/python3.10/dist-packages/dro_hg/dro_hg_s__rosidl_typesupport_c.cpython-310-x86_64-linux-gnu.so" to ""
[4.522s] -- Installing: /home/p30039115276/ECS_TK_IGH/ethercat_motor_control/install/dro_hg/lib/libdro_hg__rosidl_generator_py.so
[4.522s] -- Set non-toolchain portion of runtime path of "/home/p30039115276/ECS_TK_IGH/ethercat_motor_control/install/dro_hg/lib/libdro_hg__rosidl_generator_py.so" to ""
[4.522s] -- Installing: /home/p30039115276/ECS_TK_IGH/ethercat_motor_control/install/dro_hg/share/dro_hg/msg/MotorCmd.idl
[4.522s] -- Installing: /home/p30039115276/ECS_TK_IGH/ethercat_motor_control/install/dro_hg/share/dro_hg/msg/MotorState.idl
[4.522s] -- Installing: /home/p30039115276/ECS_TK_IGH/ethercat_motor_control/install/dro_hg/share/dro_hg/msg/ArmCmd.idl
[4.522s] -- Installing: /home/p30039115276/ECS_TK_IGH/ethercat_motor_control/install/dro_hg/share/dro_hg/msg/ArmState.idl
[4.522s] -- Installing: /home/p30039115276/ECS_TK_IGH/ethercat_motor_control/install/dro_hg/share/dro_hg/msg/LegCmd.idl
[4.522s] -- Installing: /home/p30039115276/ECS_TK_IGH/ethercat_motor_control/install/dro_hg/share/dro_hg/msg/LegState.idl
[4.523s] -- Installing: /home/p30039115276/ECS_TK_IGH/ethercat_motor_control/install/dro_hg/share/dro_hg/msg/MotorCmd.msg
[4.523s] -- Installing: /home/p30039115276/ECS_TK_IGH/ethercat_motor_control/install/dro_hg/share/dro_hg/msg/MotorState.msg
[4.523s] -- Installing: /home/p30039115276/ECS_TK_IGH/ethercat_motor_control/install/dro_hg/share/dro_hg/msg/ArmCmd.msg
[4.523s] -- Installing: /home/p30039115276/ECS_TK_IGH/ethercat_motor_control/install/dro_hg/share/dro_hg/msg/ArmState.msg
[4.523s] -- Installing: /home/p30039115276/ECS_TK_IGH/ethercat_motor_control/install/dro_hg/share/dro_hg/msg/LegCmd.msg
[4.523s] -- Installing: /home/p30039115276/ECS_TK_IGH/ethercat_motor_control/install/dro_hg/share/dro_hg/msg/LegState.msg
[4.523s] -- Installing: /home/p30039115276/ECS_TK_IGH/ethercat_motor_control/install/dro_hg/share/ament_index/resource_index/package_run_dependencies/dro_hg
[4.523s] -- Installing: /home/p30039115276/ECS_TK_IGH/ethercat_motor_control/install/dro_hg/share/ament_index/resource_index/parent_prefix_path/dro_hg
[4.523s] -- Installing: /home/p30039115276/ECS_TK_IGH/ethercat_motor_control/install/dro_hg/share/dro_hg/environment/ament_prefix_path.sh
[4.523s] -- Installing: /home/p30039115276/ECS_TK_IGH/ethercat_motor_control/install/dro_hg/share/dro_hg/environment/ament_prefix_path.dsv
[4.523s] -- Installing: /home/p30039115276/ECS_TK_IGH/ethercat_motor_control/install/dro_hg/share/dro_hg/environment/path.sh
[4.523s] -- Installing: /home/p30039115276/ECS_TK_IGH/ethercat_motor_control/install/dro_hg/share/dro_hg/environment/path.dsv
[4.523s] -- Installing: /home/p30039115276/ECS_TK_IGH/ethercat_motor_control/install/dro_hg/share/dro_hg/local_setup.bash
[4.523s] -- Installing: /home/p30039115276/ECS_TK_IGH/ethercat_motor_control/install/dro_hg/share/dro_hg/local_setup.sh
[4.523s] -- Installing: /home/p30039115276/ECS_TK_IGH/ethercat_motor_control/install/dro_hg/share/dro_hg/local_setup.zsh
[4.523s] -- Installing: /home/p30039115276/ECS_TK_IGH/ethercat_motor_control/install/dro_hg/share/dro_hg/local_setup.dsv
[4.523s] -- Installing: /home/p30039115276/ECS_TK_IGH/ethercat_motor_control/install/dro_hg/share/dro_hg/package.dsv
[4.524s] -- Installing: /home/p30039115276/ECS_TK_IGH/ethercat_motor_control/install/dro_hg/share/ament_index/resource_index/packages/dro_hg
[4.524s] -- Installing: /home/p30039115276/ECS_TK_IGH/ethercat_motor_control/install/dro_hg/share/dro_hg/cmake/export_dro_hg__rosidl_generator_cExport.cmake
[4.524s] -- Installing: /home/p30039115276/ECS_TK_IGH/ethercat_motor_control/install/dro_hg/share/dro_hg/cmake/export_dro_hg__rosidl_generator_cExport-noconfig.cmake
[4.524s] -- Installing: /home/p30039115276/ECS_TK_IGH/ethercat_motor_control/install/dro_hg/share/dro_hg/cmake/export_dro_hg__rosidl_typesupport_fastrtps_cExport.cmake
[4.524s] -- Installing: /home/p30039115276/ECS_TK_IGH/ethercat_motor_control/install/dro_hg/share/dro_hg/cmake/export_dro_hg__rosidl_typesupport_fastrtps_cExport-noconfig.cmake
[4.524s] -- Installing: /home/p30039115276/ECS_TK_IGH/ethercat_motor_control/install/dro_hg/share/dro_hg/cmake/dro_hg__rosidl_typesupport_introspection_cExport.cmake
[4.524s] -- Installing: /home/p30039115276/ECS_TK_IGH/ethercat_motor_control/install/dro_hg/share/dro_hg/cmake/dro_hg__rosidl_typesupport_introspection_cExport-noconfig.cmake
[4.524s] -- Installing: /home/p30039115276/ECS_TK_IGH/ethercat_motor_control/install/dro_hg/share/dro_hg/cmake/dro_hg__rosidl_typesupport_cExport.cmake
[4.524s] -- Installing: /home/p30039115276/ECS_TK_IGH/ethercat_motor_control/install/dro_hg/share/dro_hg/cmake/dro_hg__rosidl_typesupport_cExport-noconfig.cmake
[4.524s] -- Installing: /home/p30039115276/ECS_TK_IGH/ethercat_motor_control/install/dro_hg/share/dro_hg/cmake/export_dro_hg__rosidl_generator_cppExport.cmake
[4.524s] -- Installing: /home/p30039115276/ECS_TK_IGH/ethercat_motor_control/install/dro_hg/share/dro_hg/cmake/export_dro_hg__rosidl_typesupport_fastrtps_cppExport.cmake
[4.524s] -- Installing: /home/p30039115276/ECS_TK_IGH/ethercat_motor_control/install/dro_hg/share/dro_hg/cmake/export_dro_hg__rosidl_typesupport_fastrtps_cppExport-noconfig.cmake
[4.524s] -- Installing: /home/p30039115276/ECS_TK_IGH/ethercat_motor_control/install/dro_hg/share/dro_hg/cmake/dro_hg__rosidl_typesupport_introspection_cppExport.cmake
[4.524s] -- Installing: /home/p30039115276/ECS_TK_IGH/ethercat_motor_control/install/dro_hg/share/dro_hg/cmake/dro_hg__rosidl_typesupport_introspection_cppExport-noconfig.cmake
[4.524s] -- Installing: /home/p30039115276/ECS_TK_IGH/ethercat_motor_control/install/dro_hg/share/dro_hg/cmake/dro_hg__rosidl_typesupport_cppExport.cmake
[4.525s] -- Installing: /home/p30039115276/ECS_TK_IGH/ethercat_motor_control/install/dro_hg/share/dro_hg/cmake/dro_hg__rosidl_typesupport_cppExport-noconfig.cmake
[4.525s] -- Installing: /home/p30039115276/ECS_TK_IGH/ethercat_motor_control/install/dro_hg/share/dro_hg/cmake/export_dro_hg__rosidl_generator_pyExport.cmake
[4.525s] -- Installing: /home/p30039115276/ECS_TK_IGH/ethercat_motor_control/install/dro_hg/share/dro_hg/cmake/export_dro_hg__rosidl_generator_pyExport-noconfig.cmake
[4.525s] -- Installing: /home/p30039115276/ECS_TK_IGH/ethercat_motor_control/install/dro_hg/share/dro_hg/cmake/rosidl_cmake-extras.cmake
[4.525s] -- Installing: /home/p30039115276/ECS_TK_IGH/ethercat_motor_control/install/dro_hg/share/dro_hg/cmake/ament_cmake_export_dependencies-extras.cmake
[4.525s] -- Installing: /home/p30039115276/ECS_TK_IGH/ethercat_motor_control/install/dro_hg/share/dro_hg/cmake/ament_cmake_export_include_directories-extras.cmake
[4.525s] -- Installing: /home/p30039115276/ECS_TK_IGH/ethercat_motor_control/install/dro_hg/share/dro_hg/cmake/ament_cmake_export_libraries-extras.cmake
[4.525s] -- Installing: /home/p30039115276/ECS_TK_IGH/ethercat_motor_control/install/dro_hg/share/dro_hg/cmake/ament_cmake_export_targets-extras.cmake
[4.525s] -- Installing: /home/p30039115276/ECS_TK_IGH/ethercat_motor_control/install/dro_hg/share/dro_hg/cmake/rosidl_cmake_export_typesupport_targets-extras.cmake
[4.525s] -- Installing: /home/p30039115276/ECS_TK_IGH/ethercat_motor_control/install/dro_hg/share/dro_hg/cmake/rosidl_cmake_export_typesupport_libraries-extras.cmake
[4.525s] -- Installing: /home/p30039115276/ECS_TK_IGH/ethercat_motor_control/install/dro_hg/share/dro_hg/cmake/dro_hgConfig.cmake
[4.525s] -- Installing: /home/p30039115276/ECS_TK_IGH/ethercat_motor_control/install/dro_hg/share/dro_hg/cmake/dro_hgConfig-version.cmake
[4.525s] -- Installing: /home/p30039115276/ECS_TK_IGH/ethercat_motor_control/install/dro_hg/share/dro_hg/package.xml
[4.528s] Invoked command in '/home/p30039115276/ECS_TK_IGH/ethercat_motor_control/build/dro_hg' returned '0': CMAKE_PREFIX_PATH=/opt/ros/humble /usr/bin/cmake --install /home/p30039115276/ECS_TK_IGH/ethercat_motor_control/build/dro_hg
