[0.007s] Invoking command in '/home/p30039115276/TK_MOTOR_IGH/igh_example_2025_1229_CSP_CSV_CST/ros2_ws/build/dro_hg': CMAKE_PREFIX_PATH=/opt/ros/humble /usr/bin/cmake --build /home/p30039115276/TK_MOTOR_IGH/igh_example_2025_1229_CSP_CSV_CST/ros2_ws/build/dro_hg -- -j22 -l22
[0.017s] [0mCMake Deprecation Warning at CMakeLists.txt:1 (cmake_minimum_required):
[0.018s]   Compatibility with CMake < 3.10 will be removed from a future version of
[0.018s]   CMake.
[0.018s] 
[0.018s]   Update the VERSION argument <min> value.  Or, use the <min>...<max> syntax
[0.018s]   to tell CMake that the project requires at least <min> but has been updated
[0.018s]   to work with policies introduced by <max> or earlier.
[0.018s] 
[0.018s] [0m
[0.022s] -- Found ament_cmake: 1.3.12 (/opt/ros/humble/share/ament_cmake/cmake)
[0.148s] -- Found rosidl_default_generators: 1.2.0 (/opt/ros/humble/share/rosidl_default_generators/cmake)
[0.149s] -- Using all available rosidl_typesupport_c: rosidl_typesupport_fastrtps_c;rosidl_typesupport_introspection_c
[0.151s] -- Found rosidl_adapter: 3.1.8 (/opt/ros/humble/share/rosidl_adapter/cmake)
[0.173s] -- Using all available rosidl_typesupport_cpp: rosidl_typesupport_fastrtps_cpp;rosidl_typesupport_introspection_cpp
[0.189s] -- Found std_msgs: 4.9.0 (/opt/ros/humble/share/std_msgs/cmake)
[0.206s] -- Found sensor_msgs: 4.9.0 (/opt/ros/humble/share/sensor_msgs/cmake)
[0.514s] -- Found ament_cmake_ros: 0.10.0 (/opt/ros/humble/share/ament_cmake_ros/cmake)
[0.832s] -- Using all available rosidl_typesupport_c: rosidl_typesupport_fastrtps_c;rosidl_typesupport_introspection_c
[1.260s] -- Using all available rosidl_typesupport_cpp: rosidl_typesupport_fastrtps_cpp;rosidl_typesupport_introspection_cpp
[1.261s] [33mCMake Warning (dev) at /opt/ros/humble/share/rosidl_generator_py/cmake/rosidl_generator_py_generate_interfaces.cmake:20 (find_package):
[1.261s]   Policy CMP0148 is not set: The FindPythonInterp and FindPythonLibs modules
[1.261s]   are removed.  Run "cmake --help-policy CMP0148" for policy details.  Use
[1.261s]   the cmake_policy command to set the policy and suppress this warning.
[1.261s] 
[1.261s] Call Stack (most recent call first):
[1.261s]   /opt/ros/humble/share/ament_cmake_core/cmake/core/ament_execute_extensions.cmake:48 (include)
[1.261s]   /opt/ros/humble/share/rosidl_cmake/cmake/rosidl_generate_interfaces.cmake:286 (ament_execute_extensions)
[1.261s]   CMakeLists.txt:28 (rosidl_generate_interfaces)
[1.261s] This warning is for project developers.  Use -Wno-dev to suppress it.
[1.261s] [0m
[1.274s] -- Found python_cmake_module: 0.10.0 (/opt/ros/humble/share/python_cmake_module/cmake)
[1.275s] [33mCMake Warning (dev) at /opt/ros/humble/share/python_cmake_module/cmake/Modules/FindPythonExtra.cmake:52 (find_package):
[1.275s]   Policy CMP0148 is not set: The FindPythonInterp and FindPythonLibs modules
[1.275s]   are removed.  Run "cmake --help-policy CMP0148" for policy details.  Use
[1.275s]   the cmake_policy command to set the policy and suppress this warning.
[1.275s] 
[1.275s] Call Stack (most recent call first):
[1.275s]   /opt/ros/humble/share/rosidl_generator_py/cmake/rosidl_generator_py_generate_interfaces.cmake:23 (find_package)
[1.275s]   /opt/ros/humble/share/ament_cmake_core/cmake/core/ament_execute_extensions.cmake:48 (include)
[1.275s]   /opt/ros/humble/share/rosidl_cmake/cmake/rosidl_generate_interfaces.cmake:286 (ament_execute_extensions)
[1.275s]   CMakeLists.txt:28 (rosidl_generate_interfaces)
[1.275s] This warning is for project developers.  Use -Wno-dev to suppress it.
[1.275s] [0m
[1.287s] [33mCMake Warning (dev) at /opt/ros/humble/share/python_cmake_module/cmake/Modules/FindPythonExtra.cmake:140 (find_package):
[1.287s]   Policy CMP0148 is not set: The FindPythonInterp and FindPythonLibs modules
[1.287s]   are removed.  Run "cmake --help-policy CMP0148" for policy details.  Use
[1.287s]   the cmake_policy command to set the policy and suppress this warning.
[1.287s] 
[1.287s] Call Stack (most recent call first):
[1.287s]   /opt/ros/humble/share/rosidl_generator_py/cmake/rosidl_generator_py_generate_interfaces.cmake:23 (find_package)
[1.287s]   /opt/ros/humble/share/ament_cmake_core/cmake/core/ament_execute_extensions.cmake:48 (include)
[1.287s]   /opt/ros/humble/share/rosidl_cmake/cmake/rosidl_generate_interfaces.cmake:286 (ament_execute_extensions)
[1.287s]   CMakeLists.txt:28 (rosidl_generate_interfaces)
[1.287s] This warning is for project developers.  Use -Wno-dev to suppress it.
[1.287s] [0m
[1.288s] -- Using PYTHON_EXECUTABLE: /usr/bin/python3
[1.288s] -- Using PYTHON_INCLUDE_DIRS: /usr/include/python3.10
[1.289s] -- Using PYTHON_LIBRARIES: /usr/lib/x86_64-linux-gnu/libpython3.10.so
[1.322s] -- Configuring done (1.3s)
[1.357s] -- Generating done (0.0s)
[1.369s] -- Build files have been written to: /home/p30039115276/TK_MOTOR_IGH/igh_example_2025_1229_CSP_CSV_CST/ros2_ws/build/dro_hg
[1.383s] [  1%] [1m[34mGenerating C code for ROS interfaces[0m
[1.386s] [  2%] [1m[34mGenerating C++ code for ROS interfaces[0m
[1.391s] [  2%] Built target ament_cmake_python_copy_dro_hg
[1.535s] running egg_info
[1.547s] writing dro_hg.egg-info/PKG-INFO
[1.547s] writing dependency_links to dro_hg.egg-info/dependency_links.txt
[1.548s] writing top-level names to dro_hg.egg-info/top_level.txt
[1.582s] reading manifest file 'dro_hg.egg-info/SOURCES.txt'
[1.583s] writing manifest file 'dro_hg.egg-info/SOURCES.txt'
[1.600s] [  2%] Built target ament_cmake_python_build_dro_hg_egg
[1.781s] [  4%] [32mBuilding C object CMakeFiles/dro_hg__rosidl_generator_c.dir/rosidl_generator_c/dro_hg/msg/detail/motor_state__functions.c.o[0m
[1.782s] [  5%] [32mBuilding C object CMakeFiles/dro_hg__rosidl_generator_c.dir/rosidl_generator_c/dro_hg/msg/detail/motor_cmd__functions.c.o[0m
[1.782s] [  7%] [32mBuilding C object CMakeFiles/dro_hg__rosidl_generator_c.dir/rosidl_generator_c/dro_hg/msg/detail/arm_cmd__functions.c.o[0m
[1.782s] [  9%] [32mBuilding C object CMakeFiles/dro_hg__rosidl_generator_c.dir/rosidl_generator_c/dro_hg/msg/detail/arm_state__functions.c.o[0m
[1.782s] [  9%] [32mBuilding C object CMakeFiles/dro_hg__rosidl_generator_c.dir/rosidl_generator_c/dro_hg/msg/detail/leg_cmd__functions.c.o[0m
[1.783s] [ 11%] [32mBuilding C object CMakeFiles/dro_hg__rosidl_generator_c.dir/rosidl_generator_c/dro_hg/msg/detail/leg_state__functions.c.o[0m
[1.791s] [ 11%] Built target dro_hg__cpp
[1.795s] [ 12%] [1m[34mGenerating C++ type support dispatch for ROS interfaces[0m
[1.795s] [ 14%] [1m[34mGenerating C++ type support for eProsima Fast-RTPS[0m
[1.796s] [ 15%] [1m[34mGenerating C++ introspection for ROS interfaces[0m
[1.822s] [ 16%] [1m[32mLinking C shared library libdro_hg__rosidl_generator_c.so[0m
[1.844s] [ 16%] Built target dro_hg__rosidl_generator_c
[1.850s] [ 18%] [1m[34mGenerating C introspection for ROS interfaces[0m
[1.850s] [ 21%] [1m[34mGenerating C type support for eProsima Fast-RTPS[0m
[1.850s] [ 21%] [1m[34mGenerating C type support dispatch for ROS interfaces[0m
[2.140s] [ 22%] [32mBuilding CXX object CMakeFiles/dro_hg__rosidl_typesupport_cpp.dir/rosidl_typesupport_cpp/dro_hg/msg/motor_cmd__type_support.cpp.o[0m
[2.142s] [ 23%] [32mBuilding CXX object CMakeFiles/dro_hg__rosidl_typesupport_cpp.dir/rosidl_typesupport_cpp/dro_hg/msg/motor_state__type_support.cpp.o[0m
[2.142s] [ 25%] [32mBuilding CXX object CMakeFiles/dro_hg__rosidl_typesupport_cpp.dir/rosidl_typesupport_cpp/dro_hg/msg/arm_state__type_support.cpp.o[0m
[2.142s] [ 26%] [32mBuilding CXX object CMakeFiles/dro_hg__rosidl_typesupport_cpp.dir/rosidl_typesupport_cpp/dro_hg/msg/leg_state__type_support.cpp.o[0m
[2.142s] [ 28%] [32mBuilding CXX object CMakeFiles/dro_hg__rosidl_typesupport_cpp.dir/rosidl_typesupport_cpp/dro_hg/msg/arm_cmd__type_support.cpp.o[0m
[2.143s] [ 29%] [32mBuilding CXX object CMakeFiles/dro_hg__rosidl_typesupport_cpp.dir/rosidl_typesupport_cpp/dro_hg/msg/leg_cmd__type_support.cpp.o[0m
[2.182s] [ 32%] [32mBuilding CXX object CMakeFiles/dro_hg__rosidl_typesupport_introspection_cpp.dir/rosidl_typesupport_introspection_cpp/dro_hg/msg/detail/motor_state__type_support.cpp.o[0m
[2.182s] [ 32%] [32mBuilding CXX object CMakeFiles/dro_hg__rosidl_typesupport_introspection_cpp.dir/rosidl_typesupport_introspection_cpp/dro_hg/msg/detail/motor_cmd__type_support.cpp.o[0m
[2.182s] [ 33%] [32mBuilding CXX object CMakeFiles/dro_hg__rosidl_typesupport_introspection_cpp.dir/rosidl_typesupport_introspection_cpp/dro_hg/msg/detail/arm_state__type_support.cpp.o[0m
[2.183s] [ 35%] [32mBuilding CXX object CMakeFiles/dro_hg__rosidl_typesupport_introspection_cpp.dir/rosidl_typesupport_introspection_cpp/dro_hg/msg/detail/leg_state__type_support.cpp.o[0m
[2.184s] [ 36%] [32mBuilding CXX object CMakeFiles/dro_hg__rosidl_typesupport_introspection_cpp.dir/rosidl_typesupport_introspection_cpp/dro_hg/msg/detail/arm_cmd__type_support.cpp.o[0m
[2.184s] [ 38%] [32mBuilding CXX object CMakeFiles/dro_hg__rosidl_typesupport_introspection_cpp.dir/rosidl_typesupport_introspection_cpp/dro_hg/msg/detail/leg_cmd__type_support.cpp.o[0m
[2.189s] [ 39%] [32mBuilding CXX object CMakeFiles/dro_hg__rosidl_typesupport_c.dir/rosidl_typesupport_c/dro_hg/msg/motor_cmd__type_support.cpp.o[0m
[2.190s] [ 40%] [32mBuilding CXX object CMakeFiles/dro_hg__rosidl_typesupport_c.dir/rosidl_typesupport_c/dro_hg/msg/motor_state__type_support.cpp.o[0m
[2.194s] [ 42%] [32mBuilding CXX object CMakeFiles/dro_hg__rosidl_typesupport_c.dir/rosidl_typesupport_c/dro_hg/msg/arm_cmd__type_support.cpp.o[0m
[2.194s] [ 43%] [32mBuilding CXX object CMakeFiles/dro_hg__rosidl_typesupport_c.dir/rosidl_typesupport_c/dro_hg/msg/arm_state__type_support.cpp.o[0m
[2.196s] [ 45%] [32mBuilding CXX object CMakeFiles/dro_hg__rosidl_typesupport_c.dir/rosidl_typesupport_c/dro_hg/msg/leg_cmd__type_support.cpp.o[0m
[2.197s] [ 46%] [32mBuilding CXX object CMakeFiles/dro_hg__rosidl_typesupport_c.dir/rosidl_typesupport_c/dro_hg/msg/leg_state__type_support.cpp.o[0m
[2.230s] [ 47%] [1m[32mLinking CXX shared library libdro_hg__rosidl_typesupport_c.so[0m
[2.260s] [ 53%] [32mBuilding CXX object CMakeFiles/dro_hg__rosidl_typesupport_fastrtps_cpp.dir/rosidl_typesupport_fastrtps_cpp/dro_hg/msg/detail/dds_fastrtps/arm_state__type_support.cpp.o[0m
[2.261s] [ 53%] [32mBuilding CXX object CMakeFiles/dro_hg__rosidl_typesupport_fastrtps_cpp.dir/rosidl_typesupport_fastrtps_cpp/dro_hg/msg/detail/dds_fastrtps/motor_cmd__type_support.cpp.o[0m
[2.261s] [ 53%] [32mBuilding CXX object CMakeFiles/dro_hg__rosidl_typesupport_fastrtps_cpp.dir/rosidl_typesupport_fastrtps_cpp/dro_hg/msg/detail/dds_fastrtps/motor_state__type_support.cpp.o[0m
[2.261s] [ 53%] [32mBuilding CXX object CMakeFiles/dro_hg__rosidl_typesupport_fastrtps_cpp.dir/rosidl_typesupport_fastrtps_cpp/dro_hg/msg/detail/dds_fastrtps/arm_cmd__type_support.cpp.o[0m
[2.261s] [ 54%] [32mBuilding CXX object CMakeFiles/dro_hg__rosidl_typesupport_fastrtps_cpp.dir/rosidl_typesupport_fastrtps_cpp/dro_hg/msg/detail/dds_fastrtps/leg_cmd__type_support.cpp.o[0m
[2.261s] [ 56%] [32mBuilding CXX object CMakeFiles/dro_hg__rosidl_typesupport_fastrtps_cpp.dir/rosidl_typesupport_fastrtps_cpp/dro_hg/msg/detail/dds_fastrtps/leg_state__type_support.cpp.o[0m
[2.274s] [ 56%] Built target dro_hg__rosidl_typesupport_c
[2.303s] [ 57%] [32mBuilding CXX object CMakeFiles/dro_hg__rosidl_typesupport_fastrtps_c.dir/rosidl_typesupport_fastrtps_c/dro_hg/msg/detail/motor_cmd__type_support_c.cpp.o[0m
[2.303s] [ 59%] [32mBuilding CXX object CMakeFiles/dro_hg__rosidl_typesupport_fastrtps_c.dir/rosidl_typesupport_fastrtps_c/dro_hg/msg/detail/motor_state__type_support_c.cpp.o[0m
[2.307s] [ 60%] [32mBuilding CXX object CMakeFiles/dro_hg__rosidl_typesupport_fastrtps_c.dir/rosidl_typesupport_fastrtps_c/dro_hg/msg/detail/arm_cmd__type_support_c.cpp.o[0m
[2.476s] [ 61%] [32mBuilding CXX object CMakeFiles/dro_hg__rosidl_typesupport_fastrtps_c.dir/rosidl_typesupport_fastrtps_c/dro_hg/msg/detail/arm_state__type_support_c.cpp.o[0m
[2.542s] [ 64%] [32mBuilding C object CMakeFiles/dro_hg__rosidl_typesupport_introspection_c.dir/rosidl_typesupport_introspection_c/dro_hg/msg/detail/motor_state__type_support.c.o[0m
[2.543s] [ 64%] [32mBuilding C object CMakeFiles/dro_hg__rosidl_typesupport_introspection_c.dir/rosidl_typesupport_introspection_c/dro_hg/msg/detail/motor_cmd__type_support.c.o[0m
[2.560s] [ 66%] [32mBuilding C object CMakeFiles/dro_hg__rosidl_typesupport_introspection_c.dir/rosidl_typesupport_introspection_c/dro_hg/msg/detail/arm_cmd__type_support.c.o[0m
[2.581s] [ 67%] [32mBuilding C object CMakeFiles/dro_hg__rosidl_typesupport_introspection_c.dir/rosidl_typesupport_introspection_c/dro_hg/msg/detail/arm_state__type_support.c.o[0m
[2.595s] [ 69%] [32mBuilding C object CMakeFiles/dro_hg__rosidl_typesupport_introspection_c.dir/rosidl_typesupport_introspection_c/dro_hg/msg/detail/leg_cmd__type_support.c.o[0m
[2.632s] [ 71%] [32mBuilding CXX object CMakeFiles/dro_hg__rosidl_typesupport_fastrtps_c.dir/rosidl_typesupport_fastrtps_c/dro_hg/msg/detail/leg_state__type_support_c.cpp.o[0m
[2.632s] [ 71%] [32mBuilding CXX object CMakeFiles/dro_hg__rosidl_typesupport_fastrtps_c.dir/rosidl_typesupport_fastrtps_c/dro_hg/msg/detail/leg_cmd__type_support_c.cpp.o[0m
[2.649s] [ 73%] [1m[32mLinking CXX shared library libdro_hg__rosidl_typesupport_cpp.so[0m
[2.668s] [ 74%] [32mBuilding C object CMakeFiles/dro_hg__rosidl_typesupport_introspection_c.dir/rosidl_typesupport_introspection_c/dro_hg/msg/detail/leg_state__type_support.c.o[0m
[2.745s] [ 76%] [1m[32mLinking C shared library libdro_hg__rosidl_typesupport_introspection_c.so[0m
[2.818s] [ 76%] Built target dro_hg__rosidl_typesupport_cpp
[2.857s] [ 76%] Built target dro_hg__rosidl_typesupport_introspection_c
[3.012s] [ 77%] [1m[32mLinking CXX shared library libdro_hg__rosidl_typesupport_introspection_cpp.so[0m
[3.066s] [ 77%] Built target dro_hg__rosidl_typesupport_introspection_cpp
[3.087s] [ 78%] [1m[32mLinking CXX shared library libdro_hg__rosidl_typesupport_fastrtps_c.so[0m
[3.099s] [ 80%] [1m[32mLinking CXX shared library libdro_hg__rosidl_typesupport_fastrtps_cpp.so[0m
[3.134s] [ 80%] Built target dro_hg__rosidl_typesupport_fastrtps_c
[3.144s] [ 80%] Built target dro_hg__rosidl_typesupport_fastrtps_cpp
[3.152s] [ 80%] Built target dro_hg
[3.161s] [ 81%] [1m[34mGenerating Python code for ROS interfaces[0m
[3.767s] [ 81%] Built target dro_hg__py
[3.778s] [ 83%] [32mBuilding C object CMakeFiles/dro_hg__rosidl_generator_py.dir/rosidl_generator_py/dro_hg/msg/_motor_cmd_s.c.o[0m
[3.779s] [ 84%] [32mBuilding C object CMakeFiles/dro_hg__rosidl_generator_py.dir/rosidl_generator_py/dro_hg/msg/_motor_state_s.c.o[0m
[3.779s] [ 85%] [32mBuilding C object CMakeFiles/dro_hg__rosidl_generator_py.dir/rosidl_generator_py/dro_hg/msg/_arm_state_s.c.o[0m
[3.779s] [ 87%] [32mBuilding C object CMakeFiles/dro_hg__rosidl_generator_py.dir/rosidl_generator_py/dro_hg/msg/_leg_state_s.c.o[0m
[3.780s] [ 88%] [32mBuilding C object CMakeFiles/dro_hg__rosidl_generator_py.dir/rosidl_generator_py/dro_hg/msg/_leg_cmd_s.c.o[0m
[3.780s] [ 90%] [32mBuilding C object CMakeFiles/dro_hg__rosidl_generator_py.dir/rosidl_generator_py/dro_hg/msg/_arm_cmd_s.c.o[0m
[3.852s] [ 91%] [1m[32mLinking C shared library rosidl_generator_py/dro_hg/libdro_hg__rosidl_generator_py.so[0m
[3.875s] [ 91%] Built target dro_hg__rosidl_generator_py
[3.886s] [ 92%] [32mBuilding C object CMakeFiles/dro_hg__rosidl_typesupport_introspection_c__pyext.dir/rosidl_generator_py/dro_hg/_dro_hg_s.ep.rosidl_typesupport_introspection_c.c.o[0m
[3.886s] [ 95%] [32mBuilding C object CMakeFiles/dro_hg__rosidl_typesupport_c__pyext.dir/rosidl_generator_py/dro_hg/_dro_hg_s.ep.rosidl_typesupport_c.c.o[0m
[3.887s] [ 95%] [32mBuilding C object CMakeFiles/dro_hg__rosidl_typesupport_fastrtps_c__pyext.dir/rosidl_generator_py/dro_hg/_dro_hg_s.ep.rosidl_typesupport_fastrtps_c.c.o[0m
[3.953s] [ 97%] [1m[32mLinking C shared library rosidl_generator_py/dro_hg/dro_hg_s__rosidl_typesupport_introspection_c.cpython-310-x86_64-linux-gnu.so[0m
[3.953s] [ 98%] [1m[32mLinking C shared library rosidl_generator_py/dro_hg/dro_hg_s__rosidl_typesupport_fastrtps_c.cpython-310-x86_64-linux-gnu.so[0m
[3.955s] [100%] [1m[32mLinking C shared library rosidl_generator_py/dro_hg/dro_hg_s__rosidl_typesupport_c.cpython-310-x86_64-linux-gnu.so[0m
[3.976s] [100%] Built target dro_hg__rosidl_typesupport_introspection_c__pyext
[3.978s] [100%] Built target dro_hg__rosidl_typesupport_fastrtps_c__pyext
[3.979s] [100%] Built target dro_hg__rosidl_typesupport_c__pyext
[3.984s] Invoked command in '/home/p30039115276/TK_MOTOR_IGH/igh_example_2025_1229_CSP_CSV_CST/ros2_ws/build/dro_hg' returned '0': CMAKE_PREFIX_PATH=/opt/ros/humble /usr/bin/cmake --build /home/p30039115276/TK_MOTOR_IGH/igh_example_2025_1229_CSP_CSV_CST/ros2_ws/build/dro_hg -- -j22 -l22
[3.988s] Invoking command in '/home/p30039115276/TK_MOTOR_IGH/igh_example_2025_1229_CSP_CSV_CST/ros2_ws/build/dro_hg': CMAKE_PREFIX_PATH=/opt/ros/humble /usr/bin/cmake --install /home/p30039115276/TK_MOTOR_IGH/igh_example_2025_1229_CSP_CSV_CST/ros2_ws/build/dro_hg
[3.991s] -- Install configuration: ""
[3.991s] -- Installing: /home/p30039115276/TK_MOTOR_IGH/igh_example_2025_1229_CSP_CSV_CST/ros2_ws/install/dro_hg/share/ament_index/resource_index/rosidl_interfaces/dro_hg
[3.991s] -- Up-to-date: /home/p30039115276/TK_MOTOR_IGH/igh_example_2025_1229_CSP_CSV_CST/ros2_ws/install/dro_hg/include/dro_hg/dro_hg
[3.991s] -- Up-to-date: /home/p30039115276/TK_MOTOR_IGH/igh_example_2025_1229_CSP_CSV_CST/ros2_ws/install/dro_hg/include/dro_hg/dro_hg/msg
[3.991s] -- Installing: /home/p30039115276/TK_MOTOR_IGH/igh_example_2025_1229_CSP_CSV_CST/ros2_ws/install/dro_hg/include/dro_hg/dro_hg/msg/arm_cmd.h
[3.991s] -- Installing: /home/p30039115276/TK_MOTOR_IGH/igh_example_2025_1229_CSP_CSV_CST/ros2_ws/install/dro_hg/include/dro_hg/dro_hg/msg/leg_state.h
[3.991s] -- Installing: /home/p30039115276/TK_MOTOR_IGH/igh_example_2025_1229_CSP_CSV_CST/ros2_ws/install/dro_hg/include/dro_hg/dro_hg/msg/motor_state.h
[3.991s] -- Up-to-date: /home/p30039115276/TK_MOTOR_IGH/igh_example_2025_1229_CSP_CSV_CST/ros2_ws/install/dro_hg/include/dro_hg/dro_hg/msg/detail
[3.991s] -- Installing: /home/p30039115276/TK_MOTOR_IGH/igh_example_2025_1229_CSP_CSV_CST/ros2_ws/install/dro_hg/include/dro_hg/dro_hg/msg/detail/arm_cmd__functions.c
[3.991s] -- Installing: /home/p30039115276/TK_MOTOR_IGH/igh_example_2025_1229_CSP_CSV_CST/ros2_ws/install/dro_hg/include/dro_hg/dro_hg/msg/detail/arm_cmd__type_support.h
[3.991s] -- Installing: /home/p30039115276/TK_MOTOR_IGH/igh_example_2025_1229_CSP_CSV_CST/ros2_ws/install/dro_hg/include/dro_hg/dro_hg/msg/detail/arm_cmd__functions.h
[3.991s] -- Installing: /home/p30039115276/TK_MOTOR_IGH/igh_example_2025_1229_CSP_CSV_CST/ros2_ws/install/dro_hg/include/dro_hg/dro_hg/msg/detail/arm_state__struct.h
[3.991s] -- Up-to-date: /home/p30039115276/TK_MOTOR_IGH/igh_example_2025_1229_CSP_CSV_CST/ros2_ws/install/dro_hg/include/dro_hg/dro_hg/msg/detail/low_cmd__functions.h
[3.991s] -- Installing: /home/p30039115276/TK_MOTOR_IGH/igh_example_2025_1229_CSP_CSV_CST/ros2_ws/install/dro_hg/include/dro_hg/dro_hg/msg/detail/leg_state__struct.h
[3.991s] -- Up-to-date: /home/p30039115276/TK_MOTOR_IGH/igh_example_2025_1229_CSP_CSV_CST/ros2_ws/install/dro_hg/include/dro_hg/dro_hg/msg/detail/low_cmd__struct.h
[3.991s] -- Installing: /home/p30039115276/TK_MOTOR_IGH/igh_example_2025_1229_CSP_CSV_CST/ros2_ws/install/dro_hg/include/dro_hg/dro_hg/msg/detail/arm_state__functions.c
[3.991s] -- Installing: /home/p30039115276/TK_MOTOR_IGH/igh_example_2025_1229_CSP_CSV_CST/ros2_ws/install/dro_hg/include/dro_hg/dro_hg/msg/detail/arm_state__type_support.h
[3.991s] -- Installing: /home/p30039115276/TK_MOTOR_IGH/igh_example_2025_1229_CSP_CSV_CST/ros2_ws/install/dro_hg/include/dro_hg/dro_hg/msg/detail/leg_state__type_support.h
[3.991s] -- Installing: /home/p30039115276/TK_MOTOR_IGH/igh_example_2025_1229_CSP_CSV_CST/ros2_ws/install/dro_hg/include/dro_hg/dro_hg/msg/detail/motor_cmd__type_support.h
[3.992s] -- Installing: /home/p30039115276/TK_MOTOR_IGH/igh_example_2025_1229_CSP_CSV_CST/ros2_ws/install/dro_hg/include/dro_hg/dro_hg/msg/detail/arm_state__functions.h
[3.992s] -- Installing: /home/p30039115276/TK_MOTOR_IGH/igh_example_2025_1229_CSP_CSV_CST/ros2_ws/install/dro_hg/include/dro_hg/dro_hg/msg/detail/arm_cmd__struct.h
[3.992s] -- Up-to-date: /home/p30039115276/TK_MOTOR_IGH/igh_example_2025_1229_CSP_CSV_CST/ros2_ws/install/dro_hg/include/dro_hg/dro_hg/msg/detail/low_state__functions.c
[3.992s] -- Up-to-date: /home/p30039115276/TK_MOTOR_IGH/igh_example_2025_1229_CSP_CSV_CST/ros2_ws/install/dro_hg/include/dro_hg/dro_hg/msg/detail/low_state__struct.h
[3.992s] -- Installing: /home/p30039115276/TK_MOTOR_IGH/igh_example_2025_1229_CSP_CSV_CST/ros2_ws/install/dro_hg/include/dro_hg/dro_hg/msg/detail/motor_cmd__struct.h
[3.992s] -- Installing: /home/p30039115276/TK_MOTOR_IGH/igh_example_2025_1229_CSP_CSV_CST/ros2_ws/install/dro_hg/include/dro_hg/dro_hg/msg/detail/leg_cmd__struct.h
[3.992s] -- Up-to-date: /home/p30039115276/TK_MOTOR_IGH/igh_example_2025_1229_CSP_CSV_CST/ros2_ws/install/dro_hg/include/dro_hg/dro_hg/msg/detail/low_state__functions.h
[3.992s] -- Installing: /home/p30039115276/TK_MOTOR_IGH/igh_example_2025_1229_CSP_CSV_CST/ros2_ws/install/dro_hg/include/dro_hg/dro_hg/msg/detail/motor_state__functions.c
[3.992s] -- Installing: /home/p30039115276/TK_MOTOR_IGH/igh_example_2025_1229_CSP_CSV_CST/ros2_ws/install/dro_hg/include/dro_hg/dro_hg/msg/detail/motor_state__struct.h
[3.992s] -- Installing: /home/p30039115276/TK_MOTOR_IGH/igh_example_2025_1229_CSP_CSV_CST/ros2_ws/install/dro_hg/include/dro_hg/dro_hg/msg/detail/leg_state__functions.c
[3.992s] -- Up-to-date: /home/p30039115276/TK_MOTOR_IGH/igh_example_2025_1229_CSP_CSV_CST/ros2_ws/install/dro_hg/include/dro_hg/dro_hg/msg/detail/low_cmd__functions.c
[3.992s] -- Installing: /home/p30039115276/TK_MOTOR_IGH/igh_example_2025_1229_CSP_CSV_CST/ros2_ws/install/dro_hg/include/dro_hg/dro_hg/msg/detail/leg_cmd__type_support.h
[3.992s] -- Up-to-date: /home/p30039115276/TK_MOTOR_IGH/igh_example_2025_1229_CSP_CSV_CST/ros2_ws/install/dro_hg/include/dro_hg/dro_hg/msg/detail/low_state__type_support.h
[3.992s] -- Installing: /home/p30039115276/TK_MOTOR_IGH/igh_example_2025_1229_CSP_CSV_CST/ros2_ws/install/dro_hg/include/dro_hg/dro_hg/msg/detail/motor_state__functions.h
[3.992s] -- Installing: /home/p30039115276/TK_MOTOR_IGH/igh_example_2025_1229_CSP_CSV_CST/ros2_ws/install/dro_hg/include/dro_hg/dro_hg/msg/detail/motor_state__type_support.h
[3.992s] -- Installing: /home/p30039115276/TK_MOTOR_IGH/igh_example_2025_1229_CSP_CSV_CST/ros2_ws/install/dro_hg/include/dro_hg/dro_hg/msg/detail/motor_cmd__functions.h
[3.992s] -- Installing: /home/p30039115276/TK_MOTOR_IGH/igh_example_2025_1229_CSP_CSV_CST/ros2_ws/install/dro_hg/include/dro_hg/dro_hg/msg/detail/leg_cmd__functions.c
[3.992s] -- Installing: /home/p30039115276/TK_MOTOR_IGH/igh_example_2025_1229_CSP_CSV_CST/ros2_ws/install/dro_hg/include/dro_hg/dro_hg/msg/detail/leg_cmd__functions.h
[3.992s] -- Up-to-date: /home/p30039115276/TK_MOTOR_IGH/igh_example_2025_1229_CSP_CSV_CST/ros2_ws/install/dro_hg/include/dro_hg/dro_hg/msg/detail/low_cmd__type_support.h
[3.992s] -- Installing: /home/p30039115276/TK_MOTOR_IGH/igh_example_2025_1229_CSP_CSV_CST/ros2_ws/install/dro_hg/include/dro_hg/dro_hg/msg/detail/motor_cmd__functions.c
[3.992s] -- Installing: /home/p30039115276/TK_MOTOR_IGH/igh_example_2025_1229_CSP_CSV_CST/ros2_ws/install/dro_hg/include/dro_hg/dro_hg/msg/detail/leg_state__functions.h
[3.993s] -- Up-to-date: /home/p30039115276/TK_MOTOR_IGH/igh_example_2025_1229_CSP_CSV_CST/ros2_ws/install/dro_hg/include/dro_hg/dro_hg/msg/low_cmd.h
[3.993s] -- Installing: /home/p30039115276/TK_MOTOR_IGH/igh_example_2025_1229_CSP_CSV_CST/ros2_ws/install/dro_hg/include/dro_hg/dro_hg/msg/arm_state.h
[3.993s] -- Installing: /home/p30039115276/TK_MOTOR_IGH/igh_example_2025_1229_CSP_CSV_CST/ros2_ws/install/dro_hg/include/dro_hg/dro_hg/msg/motor_cmd.h
[3.993s] -- Installing: /home/p30039115276/TK_MOTOR_IGH/igh_example_2025_1229_CSP_CSV_CST/ros2_ws/install/dro_hg/include/dro_hg/dro_hg/msg/leg_cmd.h
[3.993s] -- Up-to-date: /home/p30039115276/TK_MOTOR_IGH/igh_example_2025_1229_CSP_CSV_CST/ros2_ws/install/dro_hg/include/dro_hg/dro_hg/msg/low_state.h
[3.993s] -- Up-to-date: /home/p30039115276/TK_MOTOR_IGH/igh_example_2025_1229_CSP_CSV_CST/ros2_ws/install/dro_hg/include/dro_hg/dro_hg/msg/rosidl_generator_c__visibility_control.h
[3.993s] -- Up-to-date: /home/p30039115276/TK_MOTOR_IGH/igh_example_2025_1229_CSP_CSV_CST/ros2_ws/install/dro_hg/share/dro_hg/environment/library_path.sh
[3.993s] -- Installing: /home/p30039115276/TK_MOTOR_IGH/igh_example_2025_1229_CSP_CSV_CST/ros2_ws/install/dro_hg/share/dro_hg/environment/library_path.dsv
[3.993s] -- Installing: /home/p30039115276/TK_MOTOR_IGH/igh_example_2025_1229_CSP_CSV_CST/ros2_ws/install/dro_hg/lib/libdro_hg__rosidl_generator_c.so
[3.993s] -- Set non-toolchain portion of runtime path of "/home/p30039115276/TK_MOTOR_IGH/igh_example_2025_1229_CSP_CSV_CST/ros2_ws/install/dro_hg/lib/libdro_hg__rosidl_generator_c.so" to ""
[3.993s] -- Up-to-date: /home/p30039115276/TK_MOTOR_IGH/igh_example_2025_1229_CSP_CSV_CST/ros2_ws/install/dro_hg/include/dro_hg/dro_hg
[3.993s] -- Up-to-date: /home/p30039115276/TK_MOTOR_IGH/igh_example_2025_1229_CSP_CSV_CST/ros2_ws/install/dro_hg/include/dro_hg/dro_hg/msg
[3.993s] -- Up-to-date: /home/p30039115276/TK_MOTOR_IGH/igh_example_2025_1229_CSP_CSV_CST/ros2_ws/install/dro_hg/include/dro_hg/dro_hg/msg/rosidl_typesupport_fastrtps_c__visibility_control.h
[3.993s] -- Up-to-date: /home/p30039115276/TK_MOTOR_IGH/igh_example_2025_1229_CSP_CSV_CST/ros2_ws/install/dro_hg/include/dro_hg/dro_hg/msg/detail
[3.993s] -- Up-to-date: /home/p30039115276/TK_MOTOR_IGH/igh_example_2025_1229_CSP_CSV_CST/ros2_ws/install/dro_hg/include/dro_hg/dro_hg/msg/detail/low_state__rosidl_typesupport_fastrtps_c.h
[3.993s] -- Installing: /home/p30039115276/TK_MOTOR_IGH/igh_example_2025_1229_CSP_CSV_CST/ros2_ws/install/dro_hg/include/dro_hg/dro_hg/msg/detail/motor_state__rosidl_typesupport_fastrtps_c.h
[3.993s] -- Installing: /home/p30039115276/TK_MOTOR_IGH/igh_example_2025_1229_CSP_CSV_CST/ros2_ws/install/dro_hg/include/dro_hg/dro_hg/msg/detail/motor_cmd__rosidl_typesupport_fastrtps_c.h
[3.993s] -- Installing: /home/p30039115276/TK_MOTOR_IGH/igh_example_2025_1229_CSP_CSV_CST/ros2_ws/install/dro_hg/include/dro_hg/dro_hg/msg/detail/arm_cmd__rosidl_typesupport_fastrtps_c.h
[3.993s] -- Installing: /home/p30039115276/TK_MOTOR_IGH/igh_example_2025_1229_CSP_CSV_CST/ros2_ws/install/dro_hg/include/dro_hg/dro_hg/msg/detail/leg_state__rosidl_typesupport_fastrtps_c.h
[3.993s] -- Installing: /home/p30039115276/TK_MOTOR_IGH/igh_example_2025_1229_CSP_CSV_CST/ros2_ws/install/dro_hg/include/dro_hg/dro_hg/msg/detail/leg_cmd__rosidl_typesupport_fastrtps_c.h
[3.993s] -- Installing: /home/p30039115276/TK_MOTOR_IGH/igh_example_2025_1229_CSP_CSV_CST/ros2_ws/install/dro_hg/include/dro_hg/dro_hg/msg/detail/arm_state__rosidl_typesupport_fastrtps_c.h
[3.993s] -- Up-to-date: /home/p30039115276/TK_MOTOR_IGH/igh_example_2025_1229_CSP_CSV_CST/ros2_ws/install/dro_hg/include/dro_hg/dro_hg/msg/detail/low_cmd__rosidl_typesupport_fastrtps_c.h
[3.993s] -- Installing: /home/p30039115276/TK_MOTOR_IGH/igh_example_2025_1229_CSP_CSV_CST/ros2_ws/install/dro_hg/lib/libdro_hg__rosidl_typesupport_fastrtps_c.so
[3.993s] -- Set non-toolchain portion of runtime path of "/home/p30039115276/TK_MOTOR_IGH/igh_example_2025_1229_CSP_CSV_CST/ros2_ws/install/dro_hg/lib/libdro_hg__rosidl_typesupport_fastrtps_c.so" to ""
[3.994s] -- Up-to-date: /home/p30039115276/TK_MOTOR_IGH/igh_example_2025_1229_CSP_CSV_CST/ros2_ws/install/dro_hg/include/dro_hg/dro_hg
[3.994s] -- Up-to-date: /home/p30039115276/TK_MOTOR_IGH/igh_example_2025_1229_CSP_CSV_CST/ros2_ws/install/dro_hg/include/dro_hg/dro_hg/msg
[3.994s] -- Up-to-date: /home/p30039115276/TK_MOTOR_IGH/igh_example_2025_1229_CSP_CSV_CST/ros2_ws/install/dro_hg/include/dro_hg/dro_hg/msg/rosidl_typesupport_introspection_c__visibility_control.h
[3.994s] -- Up-to-date: /home/p30039115276/TK_MOTOR_IGH/igh_example_2025_1229_CSP_CSV_CST/ros2_ws/install/dro_hg/include/dro_hg/dro_hg/msg/detail
[3.994s] -- Installing: /home/p30039115276/TK_MOTOR_IGH/igh_example_2025_1229_CSP_CSV_CST/ros2_ws/install/dro_hg/include/dro_hg/dro_hg/msg/detail/leg_state__type_support.c
[3.994s] -- Up-to-date: /home/p30039115276/TK_MOTOR_IGH/igh_example_2025_1229_CSP_CSV_CST/ros2_ws/install/dro_hg/include/dro_hg/dro_hg/msg/detail/low_state__type_support.c
[3.994s] -- Installing: /home/p30039115276/TK_MOTOR_IGH/igh_example_2025_1229_CSP_CSV_CST/ros2_ws/install/dro_hg/include/dro_hg/dro_hg/msg/detail/arm_state__rosidl_typesupport_introspection_c.h
[3.994s] -- Up-to-date: /home/p30039115276/TK_MOTOR_IGH/igh_example_2025_1229_CSP_CSV_CST/ros2_ws/install/dro_hg/include/dro_hg/dro_hg/msg/detail/low_cmd__type_support.c
[3.994s] -- Installing: /home/p30039115276/TK_MOTOR_IGH/igh_example_2025_1229_CSP_CSV_CST/ros2_ws/install/dro_hg/include/dro_hg/dro_hg/msg/detail/motor_state__type_support.c
[3.994s] -- Installing: /home/p30039115276/TK_MOTOR_IGH/igh_example_2025_1229_CSP_CSV_CST/ros2_ws/install/dro_hg/include/dro_hg/dro_hg/msg/detail/leg_state__rosidl_typesupport_introspection_c.h
[3.994s] -- Up-to-date: /home/p30039115276/TK_MOTOR_IGH/igh_example_2025_1229_CSP_CSV_CST/ros2_ws/install/dro_hg/include/dro_hg/dro_hg/msg/detail/low_cmd__rosidl_typesupport_introspection_c.h
[3.994s] -- Installing: /home/p30039115276/TK_MOTOR_IGH/igh_example_2025_1229_CSP_CSV_CST/ros2_ws/install/dro_hg/include/dro_hg/dro_hg/msg/detail/leg_cmd__rosidl_typesupport_introspection_c.h
[3.994s] -- Up-to-date: /home/p30039115276/TK_MOTOR_IGH/igh_example_2025_1229_CSP_CSV_CST/ros2_ws/install/dro_hg/include/dro_hg/dro_hg/msg/detail/low_state__rosidl_typesupport_introspection_c.h
[3.994s] -- Installing: /home/p30039115276/TK_MOTOR_IGH/igh_example_2025_1229_CSP_CSV_CST/ros2_ws/install/dro_hg/include/dro_hg/dro_hg/msg/detail/arm_cmd__type_support.c
[3.994s] -- Installing: /home/p30039115276/TK_MOTOR_IGH/igh_example_2025_1229_CSP_CSV_CST/ros2_ws/install/dro_hg/include/dro_hg/dro_hg/msg/detail/arm_cmd__rosidl_typesupport_introspection_c.h
[3.994s] -- Installing: /home/p30039115276/TK_MOTOR_IGH/igh_example_2025_1229_CSP_CSV_CST/ros2_ws/install/dro_hg/include/dro_hg/dro_hg/msg/detail/arm_state__type_support.c
[3.994s] -- Installing: /home/p30039115276/TK_MOTOR_IGH/igh_example_2025_1229_CSP_CSV_CST/ros2_ws/install/dro_hg/include/dro_hg/dro_hg/msg/detail/leg_cmd__type_support.c
[3.994s] -- Installing: /home/p30039115276/TK_MOTOR_IGH/igh_example_2025_1229_CSP_CSV_CST/ros2_ws/install/dro_hg/include/dro_hg/dro_hg/msg/detail/motor_cmd__type_support.c
[3.994s] -- Installing: /home/p30039115276/TK_MOTOR_IGH/igh_example_2025_1229_CSP_CSV_CST/ros2_ws/install/dro_hg/include/dro_hg/dro_hg/msg/detail/motor_state__rosidl_typesupport_introspection_c.h
[3.994s] -- Installing: /home/p30039115276/TK_MOTOR_IGH/igh_example_2025_1229_CSP_CSV_CST/ros2_ws/install/dro_hg/include/dro_hg/dro_hg/msg/detail/motor_cmd__rosidl_typesupport_introspection_c.h
[3.994s] -- Installing: /home/p30039115276/TK_MOTOR_IGH/igh_example_2025_1229_CSP_CSV_CST/ros2_ws/install/dro_hg/lib/libdro_hg__rosidl_typesupport_introspection_c.so
[3.994s] -- Set non-toolchain portion of runtime path of "/home/p30039115276/TK_MOTOR_IGH/igh_example_2025_1229_CSP_CSV_CST/ros2_ws/install/dro_hg/lib/libdro_hg__rosidl_typesupport_introspection_c.so" to ""
[3.994s] -- Installing: /home/p30039115276/TK_MOTOR_IGH/igh_example_2025_1229_CSP_CSV_CST/ros2_ws/install/dro_hg/lib/libdro_hg__rosidl_typesupport_c.so
[3.995s] -- Set non-toolchain portion of runtime path of "/home/p30039115276/TK_MOTOR_IGH/igh_example_2025_1229_CSP_CSV_CST/ros2_ws/install/dro_hg/lib/libdro_hg__rosidl_typesupport_c.so" to ""
[3.995s] -- Up-to-date: /home/p30039115276/TK_MOTOR_IGH/igh_example_2025_1229_CSP_CSV_CST/ros2_ws/install/dro_hg/include/dro_hg/dro_hg
[3.995s] -- Up-to-date: /home/p30039115276/TK_MOTOR_IGH/igh_example_2025_1229_CSP_CSV_CST/ros2_ws/install/dro_hg/include/dro_hg/dro_hg/msg
[3.995s] -- Installing: /home/p30039115276/TK_MOTOR_IGH/igh_example_2025_1229_CSP_CSV_CST/ros2_ws/install/dro_hg/include/dro_hg/dro_hg/msg/arm_cmd.hpp
[3.995s] -- Installing: /home/p30039115276/TK_MOTOR_IGH/igh_example_2025_1229_CSP_CSV_CST/ros2_ws/install/dro_hg/include/dro_hg/dro_hg/msg/motor_cmd.hpp
[3.995s] -- Installing: /home/p30039115276/TK_MOTOR_IGH/igh_example_2025_1229_CSP_CSV_CST/ros2_ws/install/dro_hg/include/dro_hg/dro_hg/msg/motor_state.hpp
[3.995s] -- Installing: /home/p30039115276/TK_MOTOR_IGH/igh_example_2025_1229_CSP_CSV_CST/ros2_ws/install/dro_hg/include/dro_hg/dro_hg/msg/leg_cmd.hpp
[3.995s] -- Up-to-date: /home/p30039115276/TK_MOTOR_IGH/igh_example_2025_1229_CSP_CSV_CST/ros2_ws/install/dro_hg/include/dro_hg/dro_hg/msg/low_cmd.hpp
[3.995s] -- Installing: /home/p30039115276/TK_MOTOR_IGH/igh_example_2025_1229_CSP_CSV_CST/ros2_ws/install/dro_hg/include/dro_hg/dro_hg/msg/arm_state.hpp
[3.995s] -- Up-to-date: /home/p30039115276/TK_MOTOR_IGH/igh_example_2025_1229_CSP_CSV_CST/ros2_ws/install/dro_hg/include/dro_hg/dro_hg/msg/detail
[3.995s] -- Installing: /home/p30039115276/TK_MOTOR_IGH/igh_example_2025_1229_CSP_CSV_CST/ros2_ws/install/dro_hg/include/dro_hg/dro_hg/msg/detail/leg_state__type_support.hpp
[3.995s] -- Installing: /home/p30039115276/TK_MOTOR_IGH/igh_example_2025_1229_CSP_CSV_CST/ros2_ws/install/dro_hg/include/dro_hg/dro_hg/msg/detail/motor_cmd__builder.hpp
[3.995s] -- Installing: /home/p30039115276/TK_MOTOR_IGH/igh_example_2025_1229_CSP_CSV_CST/ros2_ws/install/dro_hg/include/dro_hg/dro_hg/msg/detail/motor_state__traits.hpp
[3.995s] -- Installing: /home/p30039115276/TK_MOTOR_IGH/igh_example_2025_1229_CSP_CSV_CST/ros2_ws/install/dro_hg/include/dro_hg/dro_hg/msg/detail/arm_state__type_support.hpp
[3.995s] -- Installing: /home/p30039115276/TK_MOTOR_IGH/igh_example_2025_1229_CSP_CSV_CST/ros2_ws/install/dro_hg/include/dro_hg/dro_hg/msg/detail/arm_cmd__type_support.hpp
[3.995s] -- Installing: /home/p30039115276/TK_MOTOR_IGH/igh_example_2025_1229_CSP_CSV_CST/ros2_ws/install/dro_hg/include/dro_hg/dro_hg/msg/detail/arm_cmd__builder.hpp
[3.995s] -- Installing: /home/p30039115276/TK_MOTOR_IGH/igh_example_2025_1229_CSP_CSV_CST/ros2_ws/install/dro_hg/include/dro_hg/dro_hg/msg/detail/motor_state__builder.hpp
[3.995s] -- Up-to-date: /home/p30039115276/TK_MOTOR_IGH/igh_example_2025_1229_CSP_CSV_CST/ros2_ws/install/dro_hg/include/dro_hg/dro_hg/msg/detail/low_state__traits.hpp
[3.995s] -- Installing: /home/p30039115276/TK_MOTOR_IGH/igh_example_2025_1229_CSP_CSV_CST/ros2_ws/install/dro_hg/include/dro_hg/dro_hg/msg/detail/motor_cmd__struct.hpp
[3.995s] -- Installing: /home/p30039115276/TK_MOTOR_IGH/igh_example_2025_1229_CSP_CSV_CST/ros2_ws/install/dro_hg/include/dro_hg/dro_hg/msg/detail/arm_state__traits.hpp
[3.995s] -- Installing: /home/p30039115276/TK_MOTOR_IGH/igh_example_2025_1229_CSP_CSV_CST/ros2_ws/install/dro_hg/include/dro_hg/dro_hg/msg/detail/leg_cmd__struct.hpp
[3.995s] -- Installing: /home/p30039115276/TK_MOTOR_IGH/igh_example_2025_1229_CSP_CSV_CST/ros2_ws/install/dro_hg/include/dro_hg/dro_hg/msg/detail/arm_cmd__traits.hpp
[3.996s] -- Up-to-date: /home/p30039115276/TK_MOTOR_IGH/igh_example_2025_1229_CSP_CSV_CST/ros2_ws/install/dro_hg/include/dro_hg/dro_hg/msg/detail/low_cmd__traits.hpp
[3.996s] -- Installing: /home/p30039115276/TK_MOTOR_IGH/igh_example_2025_1229_CSP_CSV_CST/ros2_ws/install/dro_hg/include/dro_hg/dro_hg/msg/detail/arm_state__builder.hpp
[3.996s] -- Up-to-date: /home/p30039115276/TK_MOTOR_IGH/igh_example_2025_1229_CSP_CSV_CST/ros2_ws/install/dro_hg/include/dro_hg/dro_hg/msg/detail/low_cmd__struct.hpp
[3.996s] -- Up-to-date: /home/p30039115276/TK_MOTOR_IGH/igh_example_2025_1229_CSP_CSV_CST/ros2_ws/install/dro_hg/include/dro_hg/dro_hg/msg/detail/low_state__type_support.hpp
[3.996s] -- Installing: /home/p30039115276/TK_MOTOR_IGH/igh_example_2025_1229_CSP_CSV_CST/ros2_ws/install/dro_hg/include/dro_hg/dro_hg/msg/detail/motor_state__type_support.hpp
[3.996s] -- Installing: /home/p30039115276/TK_MOTOR_IGH/igh_example_2025_1229_CSP_CSV_CST/ros2_ws/install/dro_hg/include/dro_hg/dro_hg/msg/detail/leg_cmd__builder.hpp
[3.996s] -- Installing: /home/p30039115276/TK_MOTOR_IGH/igh_example_2025_1229_CSP_CSV_CST/ros2_ws/install/dro_hg/include/dro_hg/dro_hg/msg/detail/motor_cmd__type_support.hpp
[3.996s] -- Installing: /home/p30039115276/TK_MOTOR_IGH/igh_example_2025_1229_CSP_CSV_CST/ros2_ws/install/dro_hg/include/dro_hg/dro_hg/msg/detail/arm_cmd__struct.hpp
[3.996s] -- Installing: /home/p30039115276/TK_MOTOR_IGH/igh_example_2025_1229_CSP_CSV_CST/ros2_ws/install/dro_hg/include/dro_hg/dro_hg/msg/detail/leg_state__traits.hpp
[3.996s] -- Installing: /home/p30039115276/TK_MOTOR_IGH/igh_example_2025_1229_CSP_CSV_CST/ros2_ws/install/dro_hg/include/dro_hg/dro_hg/msg/detail/leg_state__builder.hpp
[3.996s] -- Up-to-date: /home/p30039115276/TK_MOTOR_IGH/igh_example_2025_1229_CSP_CSV_CST/ros2_ws/install/dro_hg/include/dro_hg/dro_hg/msg/detail/low_cmd__builder.hpp
[3.996s] -- Up-to-date: /home/p30039115276/TK_MOTOR_IGH/igh_example_2025_1229_CSP_CSV_CST/ros2_ws/install/dro_hg/include/dro_hg/dro_hg/msg/detail/low_state__struct.hpp
[3.996s] -- Installing: /home/p30039115276/TK_MOTOR_IGH/igh_example_2025_1229_CSP_CSV_CST/ros2_ws/install/dro_hg/include/dro_hg/dro_hg/msg/detail/leg_state__struct.hpp
[3.996s] -- Installing: /home/p30039115276/TK_MOTOR_IGH/igh_example_2025_1229_CSP_CSV_CST/ros2_ws/install/dro_hg/include/dro_hg/dro_hg/msg/detail/motor_cmd__traits.hpp
[3.996s] -- Up-to-date: /home/p30039115276/TK_MOTOR_IGH/igh_example_2025_1229_CSP_CSV_CST/ros2_ws/install/dro_hg/include/dro_hg/dro_hg/msg/detail/low_cmd__type_support.hpp
[3.996s] -- Installing: /home/p30039115276/TK_MOTOR_IGH/igh_example_2025_1229_CSP_CSV_CST/ros2_ws/install/dro_hg/include/dro_hg/dro_hg/msg/detail/arm_state__struct.hpp
[3.997s] -- Up-to-date: /home/p30039115276/TK_MOTOR_IGH/igh_example_2025_1229_CSP_CSV_CST/ros2_ws/install/dro_hg/include/dro_hg/dro_hg/msg/detail/low_state__builder.hpp
[3.997s] -- Installing: /home/p30039115276/TK_MOTOR_IGH/igh_example_2025_1229_CSP_CSV_CST/ros2_ws/install/dro_hg/include/dro_hg/dro_hg/msg/detail/leg_cmd__traits.hpp
[3.997s] -- Installing: /home/p30039115276/TK_MOTOR_IGH/igh_example_2025_1229_CSP_CSV_CST/ros2_ws/install/dro_hg/include/dro_hg/dro_hg/msg/detail/motor_state__struct.hpp
[3.997s] -- Installing: /home/p30039115276/TK_MOTOR_IGH/igh_example_2025_1229_CSP_CSV_CST/ros2_ws/install/dro_hg/include/dro_hg/dro_hg/msg/detail/leg_cmd__type_support.hpp
[3.997s] -- Up-to-date: /home/p30039115276/TK_MOTOR_IGH/igh_example_2025_1229_CSP_CSV_CST/ros2_ws/install/dro_hg/include/dro_hg/dro_hg/msg/low_state.hpp
[3.997s] -- Installing: /home/p30039115276/TK_MOTOR_IGH/igh_example_2025_1229_CSP_CSV_CST/ros2_ws/install/dro_hg/include/dro_hg/dro_hg/msg/leg_state.hpp
[3.997s] -- Up-to-date: /home/p30039115276/TK_MOTOR_IGH/igh_example_2025_1229_CSP_CSV_CST/ros2_ws/install/dro_hg/include/dro_hg/dro_hg/msg/rosidl_generator_cpp__visibility_control.hpp
[3.997s] -- Up-to-date: /home/p30039115276/TK_MOTOR_IGH/igh_example_2025_1229_CSP_CSV_CST/ros2_ws/install/dro_hg/include/dro_hg/dro_hg
[3.997s] -- Up-to-date: /home/p30039115276/TK_MOTOR_IGH/igh_example_2025_1229_CSP_CSV_CST/ros2_ws/install/dro_hg/include/dro_hg/dro_hg/msg
[3.997s] -- Up-to-date: /home/p30039115276/TK_MOTOR_IGH/igh_example_2025_1229_CSP_CSV_CST/ros2_ws/install/dro_hg/include/dro_hg/dro_hg/msg/detail
[3.997s] -- Up-to-date: /home/p30039115276/TK_MOTOR_IGH/igh_example_2025_1229_CSP_CSV_CST/ros2_ws/install/dro_hg/include/dro_hg/dro_hg/msg/detail/low_cmd__rosidl_typesupport_fastrtps_cpp.hpp
[3.997s] -- Up-to-date: /home/p30039115276/TK_MOTOR_IGH/igh_example_2025_1229_CSP_CSV_CST/ros2_ws/install/dro_hg/include/dro_hg/dro_hg/msg/detail/low_state__rosidl_typesupport_fastrtps_cpp.hpp
[3.997s] -- Installing: /home/p30039115276/TK_MOTOR_IGH/igh_example_2025_1229_CSP_CSV_CST/ros2_ws/install/dro_hg/include/dro_hg/dro_hg/msg/detail/leg_cmd__rosidl_typesupport_fastrtps_cpp.hpp
[3.997s] -- Installing: /home/p30039115276/TK_MOTOR_IGH/igh_example_2025_1229_CSP_CSV_CST/ros2_ws/install/dro_hg/include/dro_hg/dro_hg/msg/detail/leg_state__rosidl_typesupport_fastrtps_cpp.hpp
[3.997s] -- Installing: /home/p30039115276/TK_MOTOR_IGH/igh_example_2025_1229_CSP_CSV_CST/ros2_ws/install/dro_hg/include/dro_hg/dro_hg/msg/detail/motor_state__rosidl_typesupport_fastrtps_cpp.hpp
[3.997s] -- Installing: /home/p30039115276/TK_MOTOR_IGH/igh_example_2025_1229_CSP_CSV_CST/ros2_ws/install/dro_hg/include/dro_hg/dro_hg/msg/detail/motor_cmd__rosidl_typesupport_fastrtps_cpp.hpp
[3.997s] -- Up-to-date: /home/p30039115276/TK_MOTOR_IGH/igh_example_2025_1229_CSP_CSV_CST/ros2_ws/install/dro_hg/include/dro_hg/dro_hg/msg/detail/dds_fastrtps
[3.997s] -- Installing: /home/p30039115276/TK_MOTOR_IGH/igh_example_2025_1229_CSP_CSV_CST/ros2_ws/install/dro_hg/include/dro_hg/dro_hg/msg/detail/arm_state__rosidl_typesupport_fastrtps_cpp.hpp
[3.997s] -- Installing: /home/p30039115276/TK_MOTOR_IGH/igh_example_2025_1229_CSP_CSV_CST/ros2_ws/install/dro_hg/include/dro_hg/dro_hg/msg/detail/arm_cmd__rosidl_typesupport_fastrtps_cpp.hpp
[3.997s] -- Up-to-date: /home/p30039115276/TK_MOTOR_IGH/igh_example_2025_1229_CSP_CSV_CST/ros2_ws/install/dro_hg/include/dro_hg/dro_hg/msg/rosidl_typesupport_fastrtps_cpp__visibility_control.h
[3.998s] -- Installing: /home/p30039115276/TK_MOTOR_IGH/igh_example_2025_1229_CSP_CSV_CST/ros2_ws/install/dro_hg/lib/libdro_hg__rosidl_typesupport_fastrtps_cpp.so
[3.998s] -- Set non-toolchain portion of runtime path of "/home/p30039115276/TK_MOTOR_IGH/igh_example_2025_1229_CSP_CSV_CST/ros2_ws/install/dro_hg/lib/libdro_hg__rosidl_typesupport_fastrtps_cpp.so" to ""
[3.998s] -- Up-to-date: /home/p30039115276/TK_MOTOR_IGH/igh_example_2025_1229_CSP_CSV_CST/ros2_ws/install/dro_hg/include/dro_hg/dro_hg
[3.998s] -- Up-to-date: /home/p30039115276/TK_MOTOR_IGH/igh_example_2025_1229_CSP_CSV_CST/ros2_ws/install/dro_hg/include/dro_hg/dro_hg/msg
[3.998s] -- Up-to-date: /home/p30039115276/TK_MOTOR_IGH/igh_example_2025_1229_CSP_CSV_CST/ros2_ws/install/dro_hg/include/dro_hg/dro_hg/msg/detail
[3.998s] -- Installing: /home/p30039115276/TK_MOTOR_IGH/igh_example_2025_1229_CSP_CSV_CST/ros2_ws/install/dro_hg/include/dro_hg/dro_hg/msg/detail/motor_cmd__type_support.cpp
[3.998s] -- Up-to-date: /home/p30039115276/TK_MOTOR_IGH/igh_example_2025_1229_CSP_CSV_CST/ros2_ws/install/dro_hg/include/dro_hg/dro_hg/msg/detail/low_cmd__rosidl_typesupport_introspection_cpp.hpp
[3.998s] -- Installing: /home/p30039115276/TK_MOTOR_IGH/igh_example_2025_1229_CSP_CSV_CST/ros2_ws/install/dro_hg/include/dro_hg/dro_hg/msg/detail/leg_state__type_support.cpp
[3.998s] -- Installing: /home/p30039115276/TK_MOTOR_IGH/igh_example_2025_1229_CSP_CSV_CST/ros2_ws/install/dro_hg/include/dro_hg/dro_hg/msg/detail/arm_cmd__rosidl_typesupport_introspection_cpp.hpp
[3.998s] -- Installing: /home/p30039115276/TK_MOTOR_IGH/igh_example_2025_1229_CSP_CSV_CST/ros2_ws/install/dro_hg/include/dro_hg/dro_hg/msg/detail/arm_cmd__type_support.cpp
[3.998s] -- Installing: /home/p30039115276/TK_MOTOR_IGH/igh_example_2025_1229_CSP_CSV_CST/ros2_ws/install/dro_hg/include/dro_hg/dro_hg/msg/detail/arm_state__rosidl_typesupport_introspection_cpp.hpp
[3.998s] -- Up-to-date: /home/p30039115276/TK_MOTOR_IGH/igh_example_2025_1229_CSP_CSV_CST/ros2_ws/install/dro_hg/include/dro_hg/dro_hg/msg/detail/low_cmd__type_support.cpp
[3.998s] -- Installing: /home/p30039115276/TK_MOTOR_IGH/igh_example_2025_1229_CSP_CSV_CST/ros2_ws/install/dro_hg/include/dro_hg/dro_hg/msg/detail/leg_cmd__rosidl_typesupport_introspection_cpp.hpp
[3.998s] -- Installing: /home/p30039115276/TK_MOTOR_IGH/igh_example_2025_1229_CSP_CSV_CST/ros2_ws/install/dro_hg/include/dro_hg/dro_hg/msg/detail/motor_state__type_support.cpp
[3.998s] -- Up-to-date: /home/p30039115276/TK_MOTOR_IGH/igh_example_2025_1229_CSP_CSV_CST/ros2_ws/install/dro_hg/include/dro_hg/dro_hg/msg/detail/low_state__type_support.cpp
[3.998s] -- Installing: /home/p30039115276/TK_MOTOR_IGH/igh_example_2025_1229_CSP_CSV_CST/ros2_ws/install/dro_hg/include/dro_hg/dro_hg/msg/detail/leg_cmd__type_support.cpp
[3.998s] -- Installing: /home/p30039115276/TK_MOTOR_IGH/igh_example_2025_1229_CSP_CSV_CST/ros2_ws/install/dro_hg/include/dro_hg/dro_hg/msg/detail/motor_state__rosidl_typesupport_introspection_cpp.hpp
[3.998s] -- Installing: /home/p30039115276/TK_MOTOR_IGH/igh_example_2025_1229_CSP_CSV_CST/ros2_ws/install/dro_hg/include/dro_hg/dro_hg/msg/detail/leg_state__rosidl_typesupport_introspection_cpp.hpp
[3.998s] -- Installing: /home/p30039115276/TK_MOTOR_IGH/igh_example_2025_1229_CSP_CSV_CST/ros2_ws/install/dro_hg/include/dro_hg/dro_hg/msg/detail/motor_cmd__rosidl_typesupport_introspection_cpp.hpp
[3.998s] -- Up-to-date: /home/p30039115276/TK_MOTOR_IGH/igh_example_2025_1229_CSP_CSV_CST/ros2_ws/install/dro_hg/include/dro_hg/dro_hg/msg/detail/low_state__rosidl_typesupport_introspection_cpp.hpp
[3.998s] -- Installing: /home/p30039115276/TK_MOTOR_IGH/igh_example_2025_1229_CSP_CSV_CST/ros2_ws/install/dro_hg/include/dro_hg/dro_hg/msg/detail/arm_state__type_support.cpp
[3.998s] -- Installing: /home/p30039115276/TK_MOTOR_IGH/igh_example_2025_1229_CSP_CSV_CST/ros2_ws/install/dro_hg/lib/libdro_hg__rosidl_typesupport_introspection_cpp.so
[3.998s] -- Set non-toolchain portion of runtime path of "/home/p30039115276/TK_MOTOR_IGH/igh_example_2025_1229_CSP_CSV_CST/ros2_ws/install/dro_hg/lib/libdro_hg__rosidl_typesupport_introspection_cpp.so" to ""
[3.998s] -- Installing: /home/p30039115276/TK_MOTOR_IGH/igh_example_2025_1229_CSP_CSV_CST/ros2_ws/install/dro_hg/lib/libdro_hg__rosidl_typesupport_cpp.so
[3.998s] -- Set non-toolchain portion of runtime path of "/home/p30039115276/TK_MOTOR_IGH/igh_example_2025_1229_CSP_CSV_CST/ros2_ws/install/dro_hg/lib/libdro_hg__rosidl_typesupport_cpp.so" to ""
[3.998s] -- Up-to-date: /home/p30039115276/TK_MOTOR_IGH/igh_example_2025_1229_CSP_CSV_CST/ros2_ws/install/dro_hg/share/dro_hg/environment/pythonpath.sh
[3.998s] -- Installing: /home/p30039115276/TK_MOTOR_IGH/igh_example_2025_1229_CSP_CSV_CST/ros2_ws/install/dro_hg/share/dro_hg/environment/pythonpath.dsv
[3.998s] -- Up-to-date: /home/p30039115276/TK_MOTOR_IGH/igh_example_2025_1229_CSP_CSV_CST/ros2_ws/install/dro_hg/local/lib/python3.10/dist-packages/dro_hg-0.0.0-py3.10.egg-info
[3.998s] -- Installing: /home/p30039115276/TK_MOTOR_IGH/igh_example_2025_1229_CSP_CSV_CST/ros2_ws/install/dro_hg/local/lib/python3.10/dist-packages/dro_hg-0.0.0-py3.10.egg-info/SOURCES.txt
[3.999s] -- Installing: /home/p30039115276/TK_MOTOR_IGH/igh_example_2025_1229_CSP_CSV_CST/ros2_ws/install/dro_hg/local/lib/python3.10/dist-packages/dro_hg-0.0.0-py3.10.egg-info/dependency_links.txt
[3.999s] -- Installing: /home/p30039115276/TK_MOTOR_IGH/igh_example_2025_1229_CSP_CSV_CST/ros2_ws/install/dro_hg/local/lib/python3.10/dist-packages/dro_hg-0.0.0-py3.10.egg-info/PKG-INFO
[3.999s] -- Installing: /home/p30039115276/TK_MOTOR_IGH/igh_example_2025_1229_CSP_CSV_CST/ros2_ws/install/dro_hg/local/lib/python3.10/dist-packages/dro_hg-0.0.0-py3.10.egg-info/top_level.txt
[3.999s] -- Up-to-date: /home/p30039115276/TK_MOTOR_IGH/igh_example_2025_1229_CSP_CSV_CST/ros2_ws/install/dro_hg/local/lib/python3.10/dist-packages/dro_hg
[3.999s] -- Up-to-date: /home/p30039115276/TK_MOTOR_IGH/igh_example_2025_1229_CSP_CSV_CST/ros2_ws/install/dro_hg/local/lib/python3.10/dist-packages/dro_hg/msg
[3.999s] -- Up-to-date: /home/p30039115276/TK_MOTOR_IGH/igh_example_2025_1229_CSP_CSV_CST/ros2_ws/install/dro_hg/local/lib/python3.10/dist-packages/dro_hg/msg/_low_cmd_s.c
[3.999s] -- Installing: /home/p30039115276/TK_MOTOR_IGH/igh_example_2025_1229_CSP_CSV_CST/ros2_ws/install/dro_hg/local/lib/python3.10/dist-packages/dro_hg/msg/_arm_cmd_s.c
[3.999s] -- Installing: /home/p30039115276/TK_MOTOR_IGH/igh_example_2025_1229_CSP_CSV_CST/ros2_ws/install/dro_hg/local/lib/python3.10/dist-packages/dro_hg/msg/_leg_state.py
[3.999s] -- Installing: /home/p30039115276/TK_MOTOR_IGH/igh_example_2025_1229_CSP_CSV_CST/ros2_ws/install/dro_hg/local/lib/python3.10/dist-packages/dro_hg/msg/_motor_cmd.py
[3.999s] -- Installing: /home/p30039115276/TK_MOTOR_IGH/igh_example_2025_1229_CSP_CSV_CST/ros2_ws/install/dro_hg/local/lib/python3.10/dist-packages/dro_hg/msg/_leg_cmd_s.c
[3.999s] -- Installing: /home/p30039115276/TK_MOTOR_IGH/igh_example_2025_1229_CSP_CSV_CST/ros2_ws/install/dro_hg/local/lib/python3.10/dist-packages/dro_hg/msg/_motor_cmd_s.c
[3.999s] -- Installing: /home/p30039115276/TK_MOTOR_IGH/igh_example_2025_1229_CSP_CSV_CST/ros2_ws/install/dro_hg/local/lib/python3.10/dist-packages/dro_hg/msg/_motor_state_s.c
[3.999s] -- Installing: /home/p30039115276/TK_MOTOR_IGH/igh_example_2025_1229_CSP_CSV_CST/ros2_ws/install/dro_hg/local/lib/python3.10/dist-packages/dro_hg/msg/_arm_state.py
[3.999s] -- Installing: /home/p30039115276/TK_MOTOR_IGH/igh_example_2025_1229_CSP_CSV_CST/ros2_ws/install/dro_hg/local/lib/python3.10/dist-packages/dro_hg/msg/_arm_cmd.py
[3.999s] -- Installing: /home/p30039115276/TK_MOTOR_IGH/igh_example_2025_1229_CSP_CSV_CST/ros2_ws/install/dro_hg/local/lib/python3.10/dist-packages/dro_hg/msg/_leg_state_s.c
[3.999s] -- Installing: /home/p30039115276/TK_MOTOR_IGH/igh_example_2025_1229_CSP_CSV_CST/ros2_ws/install/dro_hg/local/lib/python3.10/dist-packages/dro_hg/msg/_motor_state.py
[3.999s] -- Up-to-date: /home/p30039115276/TK_MOTOR_IGH/igh_example_2025_1229_CSP_CSV_CST/ros2_ws/install/dro_hg/local/lib/python3.10/dist-packages/dro_hg/msg/_low_state.py
[3.999s] -- Installing: /home/p30039115276/TK_MOTOR_IGH/igh_example_2025_1229_CSP_CSV_CST/ros2_ws/install/dro_hg/local/lib/python3.10/dist-packages/dro_hg/msg/_leg_cmd.py
[3.999s] -- Installing: /home/p30039115276/TK_MOTOR_IGH/igh_example_2025_1229_CSP_CSV_CST/ros2_ws/install/dro_hg/local/lib/python3.10/dist-packages/dro_hg/msg/__init__.py
[3.999s] -- Up-to-date: /home/p30039115276/TK_MOTOR_IGH/igh_example_2025_1229_CSP_CSV_CST/ros2_ws/install/dro_hg/local/lib/python3.10/dist-packages/dro_hg/msg/_low_cmd.py
[4.000s] -- Up-to-date: /home/p30039115276/TK_MOTOR_IGH/igh_example_2025_1229_CSP_CSV_CST/ros2_ws/install/dro_hg/local/lib/python3.10/dist-packages/dro_hg/msg/_low_state_s.c
[4.000s] -- Installing: /home/p30039115276/TK_MOTOR_IGH/igh_example_2025_1229_CSP_CSV_CST/ros2_ws/install/dro_hg/local/lib/python3.10/dist-packages/dro_hg/msg/_arm_state_s.c
[4.000s] -- Installing: /home/p30039115276/TK_MOTOR_IGH/igh_example_2025_1229_CSP_CSV_CST/ros2_ws/install/dro_hg/local/lib/python3.10/dist-packages/dro_hg/dro_hg_s__rosidl_typesupport_fastrtps_c.cpython-310-x86_64-linux-gnu.so
[4.000s] -- Installing: /home/p30039115276/TK_MOTOR_IGH/igh_example_2025_1229_CSP_CSV_CST/ros2_ws/install/dro_hg/local/lib/python3.10/dist-packages/dro_hg/_dro_hg_s.ep.rosidl_typesupport_introspection_c.c
[4.000s] -- Installing: /home/p30039115276/TK_MOTOR_IGH/igh_example_2025_1229_CSP_CSV_CST/ros2_ws/install/dro_hg/local/lib/python3.10/dist-packages/dro_hg/_dro_hg_s.ep.rosidl_typesupport_c.c
[4.000s] -- Installing: /home/p30039115276/TK_MOTOR_IGH/igh_example_2025_1229_CSP_CSV_CST/ros2_ws/install/dro_hg/local/lib/python3.10/dist-packages/dro_hg/__init__.py
[4.000s] -- Installing: /home/p30039115276/TK_MOTOR_IGH/igh_example_2025_1229_CSP_CSV_CST/ros2_ws/install/dro_hg/local/lib/python3.10/dist-packages/dro_hg/dro_hg_s__rosidl_typesupport_c.cpython-310-x86_64-linux-gnu.so
[4.000s] -- Installing: /home/p30039115276/TK_MOTOR_IGH/igh_example_2025_1229_CSP_CSV_CST/ros2_ws/install/dro_hg/local/lib/python3.10/dist-packages/dro_hg/_dro_hg_s.ep.rosidl_typesupport_fastrtps_c.c
[4.000s] -- Installing: /home/p30039115276/TK_MOTOR_IGH/igh_example_2025_1229_CSP_CSV_CST/ros2_ws/install/dro_hg/local/lib/python3.10/dist-packages/dro_hg/libdro_hg__rosidl_generator_py.so
[4.000s] -- Installing: /home/p30039115276/TK_MOTOR_IGH/igh_example_2025_1229_CSP_CSV_CST/ros2_ws/install/dro_hg/local/lib/python3.10/dist-packages/dro_hg/dro_hg_s__rosidl_typesupport_introspection_c.cpython-310-x86_64-linux-gnu.so
[4.025s] Listing '/home/p30039115276/TK_MOTOR_IGH/igh_example_2025_1229_CSP_CSV_CST/ros2_ws/install/dro_hg/local/lib/python3.10/dist-packages/dro_hg'...
[4.025s] Compiling '/home/p30039115276/TK_MOTOR_IGH/igh_example_2025_1229_CSP_CSV_CST/ros2_ws/install/dro_hg/local/lib/python3.10/dist-packages/dro_hg/__init__.py'...
[4.025s] Listing '/home/p30039115276/TK_MOTOR_IGH/igh_example_2025_1229_CSP_CSV_CST/ros2_ws/install/dro_hg/local/lib/python3.10/dist-packages/dro_hg/msg'...
[4.025s] Compiling '/home/p30039115276/TK_MOTOR_IGH/igh_example_2025_1229_CSP_CSV_CST/ros2_ws/install/dro_hg/local/lib/python3.10/dist-packages/dro_hg/msg/__init__.py'...
[4.026s] Compiling '/home/p30039115276/TK_MOTOR_IGH/igh_example_2025_1229_CSP_CSV_CST/ros2_ws/install/dro_hg/local/lib/python3.10/dist-packages/dro_hg/msg/_arm_cmd.py'...
[4.026s] Compiling '/home/p30039115276/TK_MOTOR_IGH/igh_example_2025_1229_CSP_CSV_CST/ros2_ws/install/dro_hg/local/lib/python3.10/dist-packages/dro_hg/msg/_arm_state.py'...
[4.026s] Compiling '/home/p30039115276/TK_MOTOR_IGH/igh_example_2025_1229_CSP_CSV_CST/ros2_ws/install/dro_hg/local/lib/python3.10/dist-packages/dro_hg/msg/_leg_cmd.py'...
[4.026s] Compiling '/home/p30039115276/TK_MOTOR_IGH/igh_example_2025_1229_CSP_CSV_CST/ros2_ws/install/dro_hg/local/lib/python3.10/dist-packages/dro_hg/msg/_leg_state.py'...
[4.026s] Compiling '/home/p30039115276/TK_MOTOR_IGH/igh_example_2025_1229_CSP_CSV_CST/ros2_ws/install/dro_hg/local/lib/python3.10/dist-packages/dro_hg/msg/_motor_cmd.py'...
[4.026s] Compiling '/home/p30039115276/TK_MOTOR_IGH/igh_example_2025_1229_CSP_CSV_CST/ros2_ws/install/dro_hg/local/lib/python3.10/dist-packages/dro_hg/msg/_motor_state.py'...
[4.028s] -- Installing: /home/p30039115276/TK_MOTOR_IGH/igh_example_2025_1229_CSP_CSV_CST/ros2_ws/install/dro_hg/local/lib/python3.10/dist-packages/dro_hg/dro_hg_s__rosidl_typesupport_fastrtps_c.cpython-310-x86_64-linux-gnu.so
[4.028s] -- Set non-toolchain portion of runtime path of "/home/p30039115276/TK_MOTOR_IGH/igh_example_2025_1229_CSP_CSV_CST/ros2_ws/install/dro_hg/local/lib/python3.10/dist-packages/dro_hg/dro_hg_s__rosidl_typesupport_fastrtps_c.cpython-310-x86_64-linux-gnu.so" to ""
[4.028s] -- Installing: /home/p30039115276/TK_MOTOR_IGH/igh_example_2025_1229_CSP_CSV_CST/ros2_ws/install/dro_hg/local/lib/python3.10/dist-packages/dro_hg/dro_hg_s__rosidl_typesupport_introspection_c.cpython-310-x86_64-linux-gnu.so
[4.029s] -- Set non-toolchain portion of runtime path of "/home/p30039115276/TK_MOTOR_IGH/igh_example_2025_1229_CSP_CSV_CST/ros2_ws/install/dro_hg/local/lib/python3.10/dist-packages/dro_hg/dro_hg_s__rosidl_typesupport_introspection_c.cpython-310-x86_64-linux-gnu.so" to ""
[4.029s] -- Installing: /home/p30039115276/TK_MOTOR_IGH/igh_example_2025_1229_CSP_CSV_CST/ros2_ws/install/dro_hg/local/lib/python3.10/dist-packages/dro_hg/dro_hg_s__rosidl_typesupport_c.cpython-310-x86_64-linux-gnu.so
[4.029s] -- Set non-toolchain portion of runtime path of "/home/p30039115276/TK_MOTOR_IGH/igh_example_2025_1229_CSP_CSV_CST/ros2_ws/install/dro_hg/local/lib/python3.10/dist-packages/dro_hg/dro_hg_s__rosidl_typesupport_c.cpython-310-x86_64-linux-gnu.so" to ""
[4.029s] -- Installing: /home/p30039115276/TK_MOTOR_IGH/igh_example_2025_1229_CSP_CSV_CST/ros2_ws/install/dro_hg/lib/libdro_hg__rosidl_generator_py.so
[4.029s] -- Set non-toolchain portion of runtime path of "/home/p30039115276/TK_MOTOR_IGH/igh_example_2025_1229_CSP_CSV_CST/ros2_ws/install/dro_hg/lib/libdro_hg__rosidl_generator_py.so" to ""
[4.029s] -- Installing: /home/p30039115276/TK_MOTOR_IGH/igh_example_2025_1229_CSP_CSV_CST/ros2_ws/install/dro_hg/share/dro_hg/msg/MotorCmd.idl
[4.029s] -- Up-to-date: /home/p30039115276/TK_MOTOR_IGH/igh_example_2025_1229_CSP_CSV_CST/ros2_ws/install/dro_hg/share/dro_hg/msg/MotorState.idl
[4.029s] -- Installing: /home/p30039115276/TK_MOTOR_IGH/igh_example_2025_1229_CSP_CSV_CST/ros2_ws/install/dro_hg/share/dro_hg/msg/ArmCmd.idl
[4.029s] -- Installing: /home/p30039115276/TK_MOTOR_IGH/igh_example_2025_1229_CSP_CSV_CST/ros2_ws/install/dro_hg/share/dro_hg/msg/ArmState.idl
[4.029s] -- Installing: /home/p30039115276/TK_MOTOR_IGH/igh_example_2025_1229_CSP_CSV_CST/ros2_ws/install/dro_hg/share/dro_hg/msg/LegCmd.idl
[4.029s] -- Installing: /home/p30039115276/TK_MOTOR_IGH/igh_example_2025_1229_CSP_CSV_CST/ros2_ws/install/dro_hg/share/dro_hg/msg/LegState.idl
[4.029s] -- Installing: /home/p30039115276/TK_MOTOR_IGH/igh_example_2025_1229_CSP_CSV_CST/ros2_ws/install/dro_hg/share/dro_hg/msg/MotorCmd.msg
[4.029s] -- Up-to-date: /home/p30039115276/TK_MOTOR_IGH/igh_example_2025_1229_CSP_CSV_CST/ros2_ws/install/dro_hg/share/dro_hg/msg/MotorState.msg
[4.029s] -- Installing: /home/p30039115276/TK_MOTOR_IGH/igh_example_2025_1229_CSP_CSV_CST/ros2_ws/install/dro_hg/share/dro_hg/msg/ArmCmd.msg
[4.030s] -- Installing: /home/p30039115276/TK_MOTOR_IGH/igh_example_2025_1229_CSP_CSV_CST/ros2_ws/install/dro_hg/share/dro_hg/msg/ArmState.msg
[4.030s] -- Installing: /home/p30039115276/TK_MOTOR_IGH/igh_example_2025_1229_CSP_CSV_CST/ros2_ws/install/dro_hg/share/dro_hg/msg/LegCmd.msg
[4.030s] -- Installing: /home/p30039115276/TK_MOTOR_IGH/igh_example_2025_1229_CSP_CSV_CST/ros2_ws/install/dro_hg/share/dro_hg/msg/LegState.msg
[4.030s] -- Up-to-date: /home/p30039115276/TK_MOTOR_IGH/igh_example_2025_1229_CSP_CSV_CST/ros2_ws/install/dro_hg/share/ament_index/resource_index/package_run_dependencies/dro_hg
[4.030s] -- Up-to-date: /home/p30039115276/TK_MOTOR_IGH/igh_example_2025_1229_CSP_CSV_CST/ros2_ws/install/dro_hg/share/ament_index/resource_index/parent_prefix_path/dro_hg
[4.030s] -- Up-to-date: /home/p30039115276/TK_MOTOR_IGH/igh_example_2025_1229_CSP_CSV_CST/ros2_ws/install/dro_hg/share/dro_hg/environment/ament_prefix_path.sh
[4.030s] -- Installing: /home/p30039115276/TK_MOTOR_IGH/igh_example_2025_1229_CSP_CSV_CST/ros2_ws/install/dro_hg/share/dro_hg/environment/ament_prefix_path.dsv
[4.030s] -- Up-to-date: /home/p30039115276/TK_MOTOR_IGH/igh_example_2025_1229_CSP_CSV_CST/ros2_ws/install/dro_hg/share/dro_hg/environment/path.sh
[4.030s] -- Installing: /home/p30039115276/TK_MOTOR_IGH/igh_example_2025_1229_CSP_CSV_CST/ros2_ws/install/dro_hg/share/dro_hg/environment/path.dsv
[4.030s] -- Up-to-date: /home/p30039115276/TK_MOTOR_IGH/igh_example_2025_1229_CSP_CSV_CST/ros2_ws/install/dro_hg/share/dro_hg/local_setup.bash
[4.030s] -- Up-to-date: /home/p30039115276/TK_MOTOR_IGH/igh_example_2025_1229_CSP_CSV_CST/ros2_ws/install/dro_hg/share/dro_hg/local_setup.sh
[4.030s] -- Up-to-date: /home/p30039115276/TK_MOTOR_IGH/igh_example_2025_1229_CSP_CSV_CST/ros2_ws/install/dro_hg/share/dro_hg/local_setup.zsh
[4.030s] -- Installing: /home/p30039115276/TK_MOTOR_IGH/igh_example_2025_1229_CSP_CSV_CST/ros2_ws/install/dro_hg/share/dro_hg/local_setup.dsv
[4.030s] -- Installing: /home/p30039115276/TK_MOTOR_IGH/igh_example_2025_1229_CSP_CSV_CST/ros2_ws/install/dro_hg/share/dro_hg/package.dsv
[4.030s] -- Up-to-date: /home/p30039115276/TK_MOTOR_IGH/igh_example_2025_1229_CSP_CSV_CST/ros2_ws/install/dro_hg/share/ament_index/resource_index/packages/dro_hg
[4.030s] -- Up-to-date: /home/p30039115276/TK_MOTOR_IGH/igh_example_2025_1229_CSP_CSV_CST/ros2_ws/install/dro_hg/share/dro_hg/cmake/export_dro_hg__rosidl_generator_cExport.cmake
[4.030s] -- Up-to-date: /home/p30039115276/TK_MOTOR_IGH/igh_example_2025_1229_CSP_CSV_CST/ros2_ws/install/dro_hg/share/dro_hg/cmake/export_dro_hg__rosidl_generator_cExport-noconfig.cmake
[4.030s] -- Up-to-date: /home/p30039115276/TK_MOTOR_IGH/igh_example_2025_1229_CSP_CSV_CST/ros2_ws/install/dro_hg/share/dro_hg/cmake/export_dro_hg__rosidl_typesupport_fastrtps_cExport.cmake
[4.030s] -- Up-to-date: /home/p30039115276/TK_MOTOR_IGH/igh_example_2025_1229_CSP_CSV_CST/ros2_ws/install/dro_hg/share/dro_hg/cmake/export_dro_hg__rosidl_typesupport_fastrtps_cExport-noconfig.cmake
[4.030s] -- Up-to-date: /home/p30039115276/TK_MOTOR_IGH/igh_example_2025_1229_CSP_CSV_CST/ros2_ws/install/dro_hg/share/dro_hg/cmake/dro_hg__rosidl_typesupport_introspection_cExport.cmake
[4.030s] -- Up-to-date: /home/p30039115276/TK_MOTOR_IGH/igh_example_2025_1229_CSP_CSV_CST/ros2_ws/install/dro_hg/share/dro_hg/cmake/dro_hg__rosidl_typesupport_introspection_cExport-noconfig.cmake
[4.030s] -- Up-to-date: /home/p30039115276/TK_MOTOR_IGH/igh_example_2025_1229_CSP_CSV_CST/ros2_ws/install/dro_hg/share/dro_hg/cmake/dro_hg__rosidl_typesupport_cExport.cmake
[4.030s] -- Up-to-date: /home/p30039115276/TK_MOTOR_IGH/igh_example_2025_1229_CSP_CSV_CST/ros2_ws/install/dro_hg/share/dro_hg/cmake/dro_hg__rosidl_typesupport_cExport-noconfig.cmake
[4.030s] -- Up-to-date: /home/p30039115276/TK_MOTOR_IGH/igh_example_2025_1229_CSP_CSV_CST/ros2_ws/install/dro_hg/share/dro_hg/cmake/export_dro_hg__rosidl_generator_cppExport.cmake
[4.031s] -- Up-to-date: /home/p30039115276/TK_MOTOR_IGH/igh_example_2025_1229_CSP_CSV_CST/ros2_ws/install/dro_hg/share/dro_hg/cmake/export_dro_hg__rosidl_typesupport_fastrtps_cppExport.cmake
[4.031s] -- Up-to-date: /home/p30039115276/TK_MOTOR_IGH/igh_example_2025_1229_CSP_CSV_CST/ros2_ws/install/dro_hg/share/dro_hg/cmake/export_dro_hg__rosidl_typesupport_fastrtps_cppExport-noconfig.cmake
[4.031s] -- Up-to-date: /home/p30039115276/TK_MOTOR_IGH/igh_example_2025_1229_CSP_CSV_CST/ros2_ws/install/dro_hg/share/dro_hg/cmake/dro_hg__rosidl_typesupport_introspection_cppExport.cmake
[4.031s] -- Up-to-date: /home/p30039115276/TK_MOTOR_IGH/igh_example_2025_1229_CSP_CSV_CST/ros2_ws/install/dro_hg/share/dro_hg/cmake/dro_hg__rosidl_typesupport_introspection_cppExport-noconfig.cmake
[4.031s] -- Up-to-date: /home/p30039115276/TK_MOTOR_IGH/igh_example_2025_1229_CSP_CSV_CST/ros2_ws/install/dro_hg/share/dro_hg/cmake/dro_hg__rosidl_typesupport_cppExport.cmake
[4.031s] -- Up-to-date: /home/p30039115276/TK_MOTOR_IGH/igh_example_2025_1229_CSP_CSV_CST/ros2_ws/install/dro_hg/share/dro_hg/cmake/dro_hg__rosidl_typesupport_cppExport-noconfig.cmake
[4.031s] -- Up-to-date: /home/p30039115276/TK_MOTOR_IGH/igh_example_2025_1229_CSP_CSV_CST/ros2_ws/install/dro_hg/share/dro_hg/cmake/export_dro_hg__rosidl_generator_pyExport.cmake
[4.031s] -- Up-to-date: /home/p30039115276/TK_MOTOR_IGH/igh_example_2025_1229_CSP_CSV_CST/ros2_ws/install/dro_hg/share/dro_hg/cmake/export_dro_hg__rosidl_generator_pyExport-noconfig.cmake
[4.031s] -- Installing: /home/p30039115276/TK_MOTOR_IGH/igh_example_2025_1229_CSP_CSV_CST/ros2_ws/install/dro_hg/share/dro_hg/cmake/rosidl_cmake-extras.cmake
[4.031s] -- Up-to-date: /home/p30039115276/TK_MOTOR_IGH/igh_example_2025_1229_CSP_CSV_CST/ros2_ws/install/dro_hg/share/dro_hg/cmake/ament_cmake_export_dependencies-extras.cmake
[4.031s] -- Up-to-date: /home/p30039115276/TK_MOTOR_IGH/igh_example_2025_1229_CSP_CSV_CST/ros2_ws/install/dro_hg/share/dro_hg/cmake/ament_cmake_export_include_directories-extras.cmake
[4.031s] -- Up-to-date: /home/p30039115276/TK_MOTOR_IGH/igh_example_2025_1229_CSP_CSV_CST/ros2_ws/install/dro_hg/share/dro_hg/cmake/ament_cmake_export_libraries-extras.cmake
[4.031s] -- Up-to-date: /home/p30039115276/TK_MOTOR_IGH/igh_example_2025_1229_CSP_CSV_CST/ros2_ws/install/dro_hg/share/dro_hg/cmake/ament_cmake_export_targets-extras.cmake
[4.031s] -- Up-to-date: /home/p30039115276/TK_MOTOR_IGH/igh_example_2025_1229_CSP_CSV_CST/ros2_ws/install/dro_hg/share/dro_hg/cmake/rosidl_cmake_export_typesupport_targets-extras.cmake
[4.031s] -- Up-to-date: /home/p30039115276/TK_MOTOR_IGH/igh_example_2025_1229_CSP_CSV_CST/ros2_ws/install/dro_hg/share/dro_hg/cmake/rosidl_cmake_export_typesupport_libraries-extras.cmake
[4.031s] -- Up-to-date: /home/p30039115276/TK_MOTOR_IGH/igh_example_2025_1229_CSP_CSV_CST/ros2_ws/install/dro_hg/share/dro_hg/cmake/dro_hgConfig.cmake
[4.031s] -- Up-to-date: /home/p30039115276/TK_MOTOR_IGH/igh_example_2025_1229_CSP_CSV_CST/ros2_ws/install/dro_hg/share/dro_hg/cmake/dro_hgConfig-version.cmake
[4.031s] -- Up-to-date: /home/p30039115276/TK_MOTOR_IGH/igh_example_2025_1229_CSP_CSV_CST/ros2_ws/install/dro_hg/share/dro_hg/package.xml
[4.032s] Invoked command in '/home/p30039115276/TK_MOTOR_IGH/igh_example_2025_1229_CSP_CSV_CST/ros2_ws/build/dro_hg' returned '0': CMAKE_PREFIX_PATH=/opt/ros/humble /usr/bin/cmake --install /home/p30039115276/TK_MOTOR_IGH/igh_example_2025_1229_CSP_CSV_CST/ros2_ws/build/dro_hg
