-- Found ament_cmake: 1.3.12 (/opt/ros/humble/share/ament_cmake/cmake)
-- Found rosidl_default_generators: 1.2.0 (/opt/ros/humble/share/rosidl_default_generators/cmake)
-- Using all available rosidl_typesupport_c: rosidl_typesupport_fastrtps_c;rosidl_typesupport_introspection_c
-- Found rosidl_adapter: 3.1.8 (/opt/ros/humble/share/rosidl_adapter/cmake)
-- Using all available rosidl_typesupport_cpp: rosidl_typesupport_fastrtps_cpp;rosidl_typesupport_introspection_cpp
-- Found std_msgs: 4.9.0 (/opt/ros/humble/share/std_msgs/cmake)
-- Found sensor_msgs: 4.9.0 (/opt/ros/humble/share/sensor_msgs/cmake)
-- Found ament_cmake_ros: 0.10.0 (/opt/ros/humble/share/ament_cmake_ros/cmake)
-- Using all available rosidl_typesupport_c: rosidl_typesupport_fastrtps_c;rosidl_typesupport_introspection_c
-- Using all available rosidl_typesupport_cpp: rosidl_typesupport_fastrtps_cpp;rosidl_typesupport_introspection_cpp
-- Found PythonInterp: /usr/bin/python3 (found suitable version "3.10.12", minimum required is "3.6")
-- Found python_cmake_module: 0.10.0 (/opt/ros/humble/share/python_cmake_module/cmake)
-- Found PythonLibs: /usr/lib/x86_64-linux-gnu/libpython3.10.so (found suitable version "3.10.12", minimum required is "3.5")
-- Using PYTHON_EXECUTABLE: /usr/bin/python3
-- Using PYTHON_INCLUDE_DIRS: /usr/include/python3.10
-- Using PYTHON_LIBRARIES: /usr/lib/x86_64-linux-gnu/libpython3.10.so
-- Found PythonExtra: .so
-- Configuring done (1.4s)
-- Generating done (0.0s)
-- Build files have been written to: /home/p30039115276/TK_MOTOR_IGH/igh_example_2025_1229_CSP_CSV_CST/ros2_ws/build/dro_hg
[  1%] [1m[34mGenerating C code for ROS interfaces[0m
[  3%] [1m[34mGenerating C++ code for ROS interfaces[0m
[  3%] Built target ament_cmake_python_copy_dro_hg
running egg_info
creating dro_hg.egg-info
writing dro_hg.egg-info/PKG-INFO
writing dependency_links to dro_hg.egg-info/dependency_links.txt
writing top-level names to dro_hg.egg-info/top_level.txt
writing manifest file 'dro_hg.egg-info/SOURCES.txt'
reading manifest file 'dro_hg.egg-info/SOURCES.txt'
writing manifest file 'dro_hg.egg-info/SOURCES.txt'
[  3%] Built target ament_cmake_python_build_dro_hg_egg
[  3%] Built target dro_hg__cpp
[  7%] [1m[34mGenerating C++ type support for eProsima Fast-RTPS[0m
[  7%] [1m[34mGenerating C++ type support dispatch for ROS interfaces[0m
[  9%] [1m[34mGenerating C++ introspection for ROS interfaces[0m
[ 10%] [32mBuilding C object CMakeFiles/dro_hg__rosidl_generator_c.dir/rosidl_generator_c/dro_hg/msg/detail/low_state__functions.c.o[0m
[ 12%] [32mBuilding C object CMakeFiles/dro_hg__rosidl_generator_c.dir/rosidl_generator_c/dro_hg/msg/detail/low_cmd__functions.c.o[0m
[ 16%] [32mBuilding C object CMakeFiles/dro_hg__rosidl_generator_c.dir/rosidl_generator_c/dro_hg/msg/detail/motor_state__functions.c.o[0m
[ 16%] [32mBuilding C object CMakeFiles/dro_hg__rosidl_generator_c.dir/rosidl_generator_c/dro_hg/msg/detail/motor_cmd__functions.c.o[0m
[ 18%] [1m[32mLinking C shared library libdro_hg__rosidl_generator_c.so[0m
[ 18%] Built target dro_hg__rosidl_generator_c
[ 23%] [1m[34mGenerating C type support dispatch for ROS interfaces[0m
[ 23%] [1m[34mGenerating C introspection for ROS interfaces[0m
[ 23%] [1m[34mGenerating C type support for eProsima Fast-RTPS[0m
[ 25%] [32mBuilding CXX object CMakeFiles/dro_hg__rosidl_typesupport_cpp.dir/rosidl_typesupport_cpp/dro_hg/msg/motor_cmd__type_support.cpp.o[0m
[ 27%] [32mBuilding CXX object CMakeFiles/dro_hg__rosidl_typesupport_cpp.dir/rosidl_typesupport_cpp/dro_hg/msg/low_state__type_support.cpp.o[0m
[ 29%] [32mBuilding CXX object CMakeFiles/dro_hg__rosidl_typesupport_cpp.dir/rosidl_typesupport_cpp/dro_hg/msg/low_cmd__type_support.cpp.o[0m
[ 30%] [32mBuilding CXX object CMakeFiles/dro_hg__rosidl_typesupport_cpp.dir/rosidl_typesupport_cpp/dro_hg/msg/motor_state__type_support.cpp.o[0m
[ 32%] [32mBuilding CXX object CMakeFiles/dro_hg__rosidl_typesupport_introspection_cpp.dir/rosidl_typesupport_introspection_cpp/dro_hg/msg/detail/low_state__type_support.cpp.o[0m
[ 34%] [32mBuilding CXX object CMakeFiles/dro_hg__rosidl_typesupport_introspection_cpp.dir/rosidl_typesupport_introspection_cpp/dro_hg/msg/detail/motor_cmd__type_support.cpp.o[0m
[ 38%] [32mBuilding CXX object CMakeFiles/dro_hg__rosidl_typesupport_introspection_cpp.dir/rosidl_typesupport_introspection_cpp/dro_hg/msg/detail/motor_state__type_support.cpp.o[0m
[ 38%] [32mBuilding CXX object CMakeFiles/dro_hg__rosidl_typesupport_introspection_cpp.dir/rosidl_typesupport_introspection_cpp/dro_hg/msg/detail/low_cmd__type_support.cpp.o[0m
[ 40%] [32mBuilding CXX object CMakeFiles/dro_hg__rosidl_typesupport_fastrtps_cpp.dir/rosidl_typesupport_fastrtps_cpp/dro_hg/msg/detail/dds_fastrtps/low_state__type_support.cpp.o[0m
[ 43%] [32mBuilding CXX object CMakeFiles/dro_hg__rosidl_typesupport_fastrtps_cpp.dir/rosidl_typesupport_fastrtps_cpp/dro_hg/msg/detail/dds_fastrtps/low_cmd__type_support.cpp.o[0m
[ 43%] [32mBuilding CXX object CMakeFiles/dro_hg__rosidl_typesupport_fastrtps_cpp.dir/rosidl_typesupport_fastrtps_cpp/dro_hg/msg/detail/dds_fastrtps/motor_cmd__type_support.cpp.o[0m
[ 45%] [32mBuilding CXX object CMakeFiles/dro_hg__rosidl_typesupport_fastrtps_cpp.dir/rosidl_typesupport_fastrtps_cpp/dro_hg/msg/detail/dds_fastrtps/motor_state__type_support.cpp.o[0m
[ 47%] [32mBuilding CXX object CMakeFiles/dro_hg__rosidl_typesupport_c.dir/rosidl_typesupport_c/dro_hg/msg/motor_cmd__type_support.cpp.o[0m
[ 49%] [32mBuilding CXX object CMakeFiles/dro_hg__rosidl_typesupport_c.dir/rosidl_typesupport_c/dro_hg/msg/low_cmd__type_support.cpp.o[0m
[ 52%] [32mBuilding CXX object CMakeFiles/dro_hg__rosidl_typesupport_c.dir/rosidl_typesupport_c/dro_hg/msg/motor_state__type_support.cpp.o[0m
[ 52%] [32mBuilding CXX object CMakeFiles/dro_hg__rosidl_typesupport_c.dir/rosidl_typesupport_c/dro_hg/msg/low_state__type_support.cpp.o[0m
[ 54%] [1m[32mLinking CXX shared library libdro_hg__rosidl_typesupport_c.so[0m
[ 54%] Built target dro_hg__rosidl_typesupport_c
[ 56%] [32mBuilding CXX object CMakeFiles/dro_hg__rosidl_typesupport_fastrtps_c.dir/rosidl_typesupport_fastrtps_c/dro_hg/msg/detail/motor_state__type_support_c.cpp.o[0m
[ 58%] [32mBuilding CXX object CMakeFiles/dro_hg__rosidl_typesupport_fastrtps_c.dir/rosidl_typesupport_fastrtps_c/dro_hg/msg/detail/low_cmd__type_support_c.cpp.o[0m
[ 60%] [32mBuilding CXX object CMakeFiles/dro_hg__rosidl_typesupport_fastrtps_c.dir/rosidl_typesupport_fastrtps_c/dro_hg/msg/detail/low_state__type_support_c.cpp.o[0m
[ 61%] [32mBuilding CXX object CMakeFiles/dro_hg__rosidl_typesupport_fastrtps_c.dir/rosidl_typesupport_fastrtps_c/dro_hg/msg/detail/motor_cmd__type_support_c.cpp.o[0m
[ 63%] [32mBuilding C object CMakeFiles/dro_hg__rosidl_typesupport_introspection_c.dir/rosidl_typesupport_introspection_c/dro_hg/msg/detail/low_cmd__type_support.c.o[0m
[ 67%] [32mBuilding C object CMakeFiles/dro_hg__rosidl_typesupport_introspection_c.dir/rosidl_typesupport_introspection_c/dro_hg/msg/detail/motor_state__type_support.c.o[0m
[ 67%] [32mBuilding C object CMakeFiles/dro_hg__rosidl_typesupport_introspection_c.dir/rosidl_typesupport_introspection_c/dro_hg/msg/detail/motor_cmd__type_support.c.o[0m
[ 69%] [32mBuilding C object CMakeFiles/dro_hg__rosidl_typesupport_introspection_c.dir/rosidl_typesupport_introspection_c/dro_hg/msg/detail/low_state__type_support.c.o[0m
[ 70%] [1m[32mLinking C shared library libdro_hg__rosidl_typesupport_introspection_c.so[0m
[ 70%] Built target dro_hg__rosidl_typesupport_introspection_c
[ 72%] [1m[32mLinking CXX shared library libdro_hg__rosidl_typesupport_cpp.so[0m
[ 72%] Built target dro_hg__rosidl_typesupport_cpp
[ 74%] [1m[32mLinking CXX shared library libdro_hg__rosidl_typesupport_introspection_cpp.so[0m
[ 74%] Built target dro_hg__rosidl_typesupport_introspection_cpp
[ 76%] [1m[32mLinking CXX shared library libdro_hg__rosidl_typesupport_fastrtps_cpp.so[0m
[ 78%] [1m[32mLinking CXX shared library libdro_hg__rosidl_typesupport_fastrtps_c.so[0m
[ 78%] Built target dro_hg__rosidl_typesupport_fastrtps_cpp
[ 78%] Built target dro_hg__rosidl_typesupport_fastrtps_c
[ 78%] Built target dro_hg
[ 80%] [1m[34mGenerating Python code for ROS interfaces[0m
[ 80%] Built target dro_hg__py
[ 81%] [32mBuilding C object CMakeFiles/dro_hg__rosidl_generator_py.dir/rosidl_generator_py/dro_hg/msg/_motor_state_s.c.o[0m
[ 83%] [32mBuilding C object CMakeFiles/dro_hg__rosidl_generator_py.dir/rosidl_generator_py/dro_hg/msg/_low_state_s.c.o[0m
[ 85%] [32mBuilding C object CMakeFiles/dro_hg__rosidl_generator_py.dir/rosidl_generator_py/dro_hg/msg/_motor_cmd_s.c.o[0m
[ 87%] [32mBuilding C object CMakeFiles/dro_hg__rosidl_generator_py.dir/rosidl_generator_py/dro_hg/msg/_low_cmd_s.c.o[0m
[ 89%] [1m[32mLinking C shared library rosidl_generator_py/dro_hg/libdro_hg__rosidl_generator_py.so[0m
[ 89%] Built target dro_hg__rosidl_generator_py
[ 90%] [32mBuilding C object CMakeFiles/dro_hg__rosidl_typesupport_fastrtps_c__pyext.dir/rosidl_generator_py/dro_hg/_dro_hg_s.ep.rosidl_typesupport_fastrtps_c.c.o[0m
[ 92%] [32mBuilding C object CMakeFiles/dro_hg__rosidl_typesupport_introspection_c__pyext.dir/rosidl_generator_py/dro_hg/_dro_hg_s.ep.rosidl_typesupport_introspection_c.c.o[0m
[ 94%] [32mBuilding C object CMakeFiles/dro_hg__rosidl_typesupport_c__pyext.dir/rosidl_generator_py/dro_hg/_dro_hg_s.ep.rosidl_typesupport_c.c.o[0m
[ 96%] [1m[32mLinking C shared library rosidl_generator_py/dro_hg/dro_hg_s__rosidl_typesupport_introspection_c.cpython-310-x86_64-linux-gnu.so[0m
[ 98%] [1m[32mLinking C shared library rosidl_generator_py/dro_hg/dro_hg_s__rosidl_typesupport_fastrtps_c.cpython-310-x86_64-linux-gnu.so[0m
[100%] [1m[32mLinking C shared library rosidl_generator_py/dro_hg/dro_hg_s__rosidl_typesupport_c.cpython-310-x86_64-linux-gnu.so[0m
[100%] Built target dro_hg__rosidl_typesupport_fastrtps_c__pyext
[100%] Built target dro_hg__rosidl_typesupport_introspection_c__pyext
[100%] Built target dro_hg__rosidl_typesupport_c__pyext
-- Install configuration: ""
-- Installing: /home/p30039115276/TK_MOTOR_IGH/igh_example_2025_1229_CSP_CSV_CST/ros2_ws/install/dro_hg/share/ament_index/resource_index/rosidl_interfaces/dro_hg
-- Installing: /home/p30039115276/TK_MOTOR_IGH/igh_example_2025_1229_CSP_CSV_CST/ros2_ws/install/dro_hg/include/dro_hg/dro_hg
-- Installing: /home/p30039115276/TK_MOTOR_IGH/igh_example_2025_1229_CSP_CSV_CST/ros2_ws/install/dro_hg/include/dro_hg/dro_hg/msg
-- Installing: /home/p30039115276/TK_MOTOR_IGH/igh_example_2025_1229_CSP_CSV_CST/ros2_ws/install/dro_hg/include/dro_hg/dro_hg/msg/motor_state.h
-- Installing: /home/p30039115276/TK_MOTOR_IGH/igh_example_2025_1229_CSP_CSV_CST/ros2_ws/install/dro_hg/include/dro_hg/dro_hg/msg/detail
-- Installing: /home/p30039115276/TK_MOTOR_IGH/igh_example_2025_1229_CSP_CSV_CST/ros2_ws/install/dro_hg/include/dro_hg/dro_hg/msg/detail/low_cmd__functions.h
-- Installing: /home/p30039115276/TK_MOTOR_IGH/igh_example_2025_1229_CSP_CSV_CST/ros2_ws/install/dro_hg/include/dro_hg/dro_hg/msg/detail/low_cmd__struct.h
-- Installing: /home/p30039115276/TK_MOTOR_IGH/igh_example_2025_1229_CSP_CSV_CST/ros2_ws/install/dro_hg/include/dro_hg/dro_hg/msg/detail/motor_cmd__type_support.h
-- Installing: /home/p30039115276/TK_MOTOR_IGH/igh_example_2025_1229_CSP_CSV_CST/ros2_ws/install/dro_hg/include/dro_hg/dro_hg/msg/detail/low_state__functions.c
-- Installing: /home/p30039115276/TK_MOTOR_IGH/igh_example_2025_1229_CSP_CSV_CST/ros2_ws/install/dro_hg/include/dro_hg/dro_hg/msg/detail/low_state__struct.h
-- Installing: /home/p30039115276/TK_MOTOR_IGH/igh_example_2025_1229_CSP_CSV_CST/ros2_ws/install/dro_hg/include/dro_hg/dro_hg/msg/detail/motor_cmd__struct.h
-- Installing: /home/p30039115276/TK_MOTOR_IGH/igh_example_2025_1229_CSP_CSV_CST/ros2_ws/install/dro_hg/include/dro_hg/dro_hg/msg/detail/low_state__functions.h
-- Installing: /home/p30039115276/TK_MOTOR_IGH/igh_example_2025_1229_CSP_CSV_CST/ros2_ws/install/dro_hg/include/dro_hg/dro_hg/msg/detail/motor_state__functions.c
-- Installing: /home/p30039115276/TK_MOTOR_IGH/igh_example_2025_1229_CSP_CSV_CST/ros2_ws/install/dro_hg/include/dro_hg/dro_hg/msg/detail/motor_state__struct.h
-- Installing: /home/p30039115276/TK_MOTOR_IGH/igh_example_2025_1229_CSP_CSV_CST/ros2_ws/install/dro_hg/include/dro_hg/dro_hg/msg/detail/low_cmd__functions.c
-- Installing: /home/p30039115276/TK_MOTOR_IGH/igh_example_2025_1229_CSP_CSV_CST/ros2_ws/install/dro_hg/include/dro_hg/dro_hg/msg/detail/low_state__type_support.h
-- Installing: /home/p30039115276/TK_MOTOR_IGH/igh_example_2025_1229_CSP_CSV_CST/ros2_ws/install/dro_hg/include/dro_hg/dro_hg/msg/detail/motor_state__functions.h
-- Installing: /home/p30039115276/TK_MOTOR_IGH/igh_example_2025_1229_CSP_CSV_CST/ros2_ws/install/dro_hg/include/dro_hg/dro_hg/msg/detail/motor_state__type_support.h
-- Installing: /home/p30039115276/TK_MOTOR_IGH/igh_example_2025_1229_CSP_CSV_CST/ros2_ws/install/dro_hg/include/dro_hg/dro_hg/msg/detail/motor_cmd__functions.h
-- Installing: /home/p30039115276/TK_MOTOR_IGH/igh_example_2025_1229_CSP_CSV_CST/ros2_ws/install/dro_hg/include/dro_hg/dro_hg/msg/detail/low_cmd__type_support.h
-- Installing: /home/p30039115276/TK_MOTOR_IGH/igh_example_2025_1229_CSP_CSV_CST/ros2_ws/install/dro_hg/include/dro_hg/dro_hg/msg/detail/motor_cmd__functions.c
-- Installing: /home/p30039115276/TK_MOTOR_IGH/igh_example_2025_1229_CSP_CSV_CST/ros2_ws/install/dro_hg/include/dro_hg/dro_hg/msg/low_cmd.h
-- Installing: /home/p30039115276/TK_MOTOR_IGH/igh_example_2025_1229_CSP_CSV_CST/ros2_ws/install/dro_hg/include/dro_hg/dro_hg/msg/motor_cmd.h
-- Installing: /home/p30039115276/TK_MOTOR_IGH/igh_example_2025_1229_CSP_CSV_CST/ros2_ws/install/dro_hg/include/dro_hg/dro_hg/msg/low_state.h
-- Installing: /home/p30039115276/TK_MOTOR_IGH/igh_example_2025_1229_CSP_CSV_CST/ros2_ws/install/dro_hg/include/dro_hg/dro_hg/msg/rosidl_generator_c__visibility_control.h
-- Installing: /home/p30039115276/TK_MOTOR_IGH/igh_example_2025_1229_CSP_CSV_CST/ros2_ws/install/dro_hg/share/dro_hg/environment/library_path.sh
-- Installing: /home/p30039115276/TK_MOTOR_IGH/igh_example_2025_1229_CSP_CSV_CST/ros2_ws/install/dro_hg/share/dro_hg/environment/library_path.dsv
-- Installing: /home/p30039115276/TK_MOTOR_IGH/igh_example_2025_1229_CSP_CSV_CST/ros2_ws/install/dro_hg/lib/libdro_hg__rosidl_generator_c.so
-- Set non-toolchain portion of runtime path of "/home/p30039115276/TK_MOTOR_IGH/igh_example_2025_1229_CSP_CSV_CST/ros2_ws/install/dro_hg/lib/libdro_hg__rosidl_generator_c.so" to ""
-- Up-to-date: /home/p30039115276/TK_MOTOR_IGH/igh_example_2025_1229_CSP_CSV_CST/ros2_ws/install/dro_hg/include/dro_hg/dro_hg
-- Up-to-date: /home/p30039115276/TK_MOTOR_IGH/igh_example_2025_1229_CSP_CSV_CST/ros2_ws/install/dro_hg/include/dro_hg/dro_hg/msg
-- Installing: /home/p30039115276/TK_MOTOR_IGH/igh_example_2025_1229_CSP_CSV_CST/ros2_ws/install/dro_hg/include/dro_hg/dro_hg/msg/rosidl_typesupport_fastrtps_c__visibility_control.h
-- Up-to-date: /home/p30039115276/TK_MOTOR_IGH/igh_example_2025_1229_CSP_CSV_CST/ros2_ws/install/dro_hg/include/dro_hg/dro_hg/msg/detail
-- Installing: /home/p30039115276/TK_MOTOR_IGH/igh_example_2025_1229_CSP_CSV_CST/ros2_ws/install/dro_hg/include/dro_hg/dro_hg/msg/detail/low_state__rosidl_typesupport_fastrtps_c.h
-- Installing: /home/p30039115276/TK_MOTOR_IGH/igh_example_2025_1229_CSP_CSV_CST/ros2_ws/install/dro_hg/include/dro_hg/dro_hg/msg/detail/motor_state__rosidl_typesupport_fastrtps_c.h
-- Installing: /home/p30039115276/TK_MOTOR_IGH/igh_example_2025_1229_CSP_CSV_CST/ros2_ws/install/dro_hg/include/dro_hg/dro_hg/msg/detail/motor_cmd__rosidl_typesupport_fastrtps_c.h
-- Installing: /home/p30039115276/TK_MOTOR_IGH/igh_example_2025_1229_CSP_CSV_CST/ros2_ws/install/dro_hg/include/dro_hg/dro_hg/msg/detail/low_cmd__rosidl_typesupport_fastrtps_c.h
-- Installing: /home/p30039115276/TK_MOTOR_IGH/igh_example_2025_1229_CSP_CSV_CST/ros2_ws/install/dro_hg/lib/libdro_hg__rosidl_typesupport_fastrtps_c.so
-- Set non-toolchain portion of runtime path of "/home/p30039115276/TK_MOTOR_IGH/igh_example_2025_1229_CSP_CSV_CST/ros2_ws/install/dro_hg/lib/libdro_hg__rosidl_typesupport_fastrtps_c.so" to ""
-- Up-to-date: /home/p30039115276/TK_MOTOR_IGH/igh_example_2025_1229_CSP_CSV_CST/ros2_ws/install/dro_hg/include/dro_hg/dro_hg
-- Up-to-date: /home/p30039115276/TK_MOTOR_IGH/igh_example_2025_1229_CSP_CSV_CST/ros2_ws/install/dro_hg/include/dro_hg/dro_hg/msg
-- Installing: /home/p30039115276/TK_MOTOR_IGH/igh_example_2025_1229_CSP_CSV_CST/ros2_ws/install/dro_hg/include/dro_hg/dro_hg/msg/rosidl_typesupport_introspection_c__visibility_control.h
-- Up-to-date: /home/p30039115276/TK_MOTOR_IGH/igh_example_2025_1229_CSP_CSV_CST/ros2_ws/install/dro_hg/include/dro_hg/dro_hg/msg/detail
-- Installing: /home/p30039115276/TK_MOTOR_IGH/igh_example_2025_1229_CSP_CSV_CST/ros2_ws/install/dro_hg/include/dro_hg/dro_hg/msg/detail/low_state__type_support.c
-- Installing: /home/p30039115276/TK_MOTOR_IGH/igh_example_2025_1229_CSP_CSV_CST/ros2_ws/install/dro_hg/include/dro_hg/dro_hg/msg/detail/low_cmd__type_support.c
-- Installing: /home/p30039115276/TK_MOTOR_IGH/igh_example_2025_1229_CSP_CSV_CST/ros2_ws/install/dro_hg/include/dro_hg/dro_hg/msg/detail/motor_state__type_support.c
-- Installing: /home/p30039115276/TK_MOTOR_IGH/igh_example_2025_1229_CSP_CSV_CST/ros2_ws/install/dro_hg/include/dro_hg/dro_hg/msg/detail/low_cmd__rosidl_typesupport_introspection_c.h
-- Installing: /home/p30039115276/TK_MOTOR_IGH/igh_example_2025_1229_CSP_CSV_CST/ros2_ws/install/dro_hg/include/dro_hg/dro_hg/msg/detail/low_state__rosidl_typesupport_introspection_c.h
-- Installing: /home/p30039115276/TK_MOTOR_IGH/igh_example_2025_1229_CSP_CSV_CST/ros2_ws/install/dro_hg/include/dro_hg/dro_hg/msg/detail/motor_cmd__type_support.c
-- Installing: /home/p30039115276/TK_MOTOR_IGH/igh_example_2025_1229_CSP_CSV_CST/ros2_ws/install/dro_hg/include/dro_hg/dro_hg/msg/detail/motor_state__rosidl_typesupport_introspection_c.h
-- Installing: /home/p30039115276/TK_MOTOR_IGH/igh_example_2025_1229_CSP_CSV_CST/ros2_ws/install/dro_hg/include/dro_hg/dro_hg/msg/detail/motor_cmd__rosidl_typesupport_introspection_c.h
-- Installing: /home/p30039115276/TK_MOTOR_IGH/igh_example_2025_1229_CSP_CSV_CST/ros2_ws/install/dro_hg/lib/libdro_hg__rosidl_typesupport_introspection_c.so
-- Set non-toolchain portion of runtime path of "/home/p30039115276/TK_MOTOR_IGH/igh_example_2025_1229_CSP_CSV_CST/ros2_ws/install/dro_hg/lib/libdro_hg__rosidl_typesupport_introspection_c.so" to ""
-- Installing: /home/p30039115276/TK_MOTOR_IGH/igh_example_2025_1229_CSP_CSV_CST/ros2_ws/install/dro_hg/lib/libdro_hg__rosidl_typesupport_c.so
-- Set non-toolchain portion of runtime path of "/home/p30039115276/TK_MOTOR_IGH/igh_example_2025_1229_CSP_CSV_CST/ros2_ws/install/dro_hg/lib/libdro_hg__rosidl_typesupport_c.so" to ""
-- Up-to-date: /home/p30039115276/TK_MOTOR_IGH/igh_example_2025_1229_CSP_CSV_CST/ros2_ws/install/dro_hg/include/dro_hg/dro_hg
-- Up-to-date: /home/p30039115276/TK_MOTOR_IGH/igh_example_2025_1229_CSP_CSV_CST/ros2_ws/install/dro_hg/include/dro_hg/dro_hg/msg
-- Installing: /home/p30039115276/TK_MOTOR_IGH/igh_example_2025_1229_CSP_CSV_CST/ros2_ws/install/dro_hg/include/dro_hg/dro_hg/msg/motor_cmd.hpp
-- Installing: /home/p30039115276/TK_MOTOR_IGH/igh_example_2025_1229_CSP_CSV_CST/ros2_ws/install/dro_hg/include/dro_hg/dro_hg/msg/motor_state.hpp
-- Installing: /home/p30039115276/TK_MOTOR_IGH/igh_example_2025_1229_CSP_CSV_CST/ros2_ws/install/dro_hg/include/dro_hg/dro_hg/msg/low_cmd.hpp
-- Up-to-date: /home/p30039115276/TK_MOTOR_IGH/igh_example_2025_1229_CSP_CSV_CST/ros2_ws/install/dro_hg/include/dro_hg/dro_hg/msg/detail
-- Installing: /home/p30039115276/TK_MOTOR_IGH/igh_example_2025_1229_CSP_CSV_CST/ros2_ws/install/dro_hg/include/dro_hg/dro_hg/msg/detail/motor_cmd__builder.hpp
-- Installing: /home/p30039115276/TK_MOTOR_IGH/igh_example_2025_1229_CSP_CSV_CST/ros2_ws/install/dro_hg/include/dro_hg/dro_hg/msg/detail/motor_state__traits.hpp
-- Installing: /home/p30039115276/TK_MOTOR_IGH/igh_example_2025_1229_CSP_CSV_CST/ros2_ws/install/dro_hg/include/dro_hg/dro_hg/msg/detail/motor_state__builder.hpp
-- Installing: /home/p30039115276/TK_MOTOR_IGH/igh_example_2025_1229_CSP_CSV_CST/ros2_ws/install/dro_hg/include/dro_hg/dro_hg/msg/detail/low_state__traits.hpp
-- Installing: /home/p30039115276/TK_MOTOR_IGH/igh_example_2025_1229_CSP_CSV_CST/ros2_ws/install/dro_hg/include/dro_hg/dro_hg/msg/detail/motor_cmd__struct.hpp
-- Installing: /home/p30039115276/TK_MOTOR_IGH/igh_example_2025_1229_CSP_CSV_CST/ros2_ws/install/dro_hg/include/dro_hg/dro_hg/msg/detail/low_cmd__traits.hpp
-- Installing: /home/p30039115276/TK_MOTOR_IGH/igh_example_2025_1229_CSP_CSV_CST/ros2_ws/install/dro_hg/include/dro_hg/dro_hg/msg/detail/low_cmd__struct.hpp
-- Installing: /home/p30039115276/TK_MOTOR_IGH/igh_example_2025_1229_CSP_CSV_CST/ros2_ws/install/dro_hg/include/dro_hg/dro_hg/msg/detail/low_state__type_support.hpp
-- Installing: /home/p30039115276/TK_MOTOR_IGH/igh_example_2025_1229_CSP_CSV_CST/ros2_ws/install/dro_hg/include/dro_hg/dro_hg/msg/detail/motor_state__type_support.hpp
-- Installing: /home/p30039115276/TK_MOTOR_IGH/igh_example_2025_1229_CSP_CSV_CST/ros2_ws/install/dro_hg/include/dro_hg/dro_hg/msg/detail/motor_cmd__type_support.hpp
-- Installing: /home/p30039115276/TK_MOTOR_IGH/igh_example_2025_1229_CSP_CSV_CST/ros2_ws/install/dro_hg/include/dro_hg/dro_hg/msg/detail/low_cmd__builder.hpp
-- Installing: /home/p30039115276/TK_MOTOR_IGH/igh_example_2025_1229_CSP_CSV_CST/ros2_ws/install/dro_hg/include/dro_hg/dro_hg/msg/detail/low_state__struct.hpp
-- Installing: /home/p30039115276/TK_MOTOR_IGH/igh_example_2025_1229_CSP_CSV_CST/ros2_ws/install/dro_hg/include/dro_hg/dro_hg/msg/detail/motor_cmd__traits.hpp
-- Installing: /home/p30039115276/TK_MOTOR_IGH/igh_example_2025_1229_CSP_CSV_CST/ros2_ws/install/dro_hg/include/dro_hg/dro_hg/msg/detail/low_cmd__type_support.hpp
-- Installing: /home/p30039115276/TK_MOTOR_IGH/igh_example_2025_1229_CSP_CSV_CST/ros2_ws/install/dro_hg/include/dro_hg/dro_hg/msg/detail/low_state__builder.hpp
-- Installing: /home/p30039115276/TK_MOTOR_IGH/igh_example_2025_1229_CSP_CSV_CST/ros2_ws/install/dro_hg/include/dro_hg/dro_hg/msg/detail/motor_state__struct.hpp
-- Installing: /home/p30039115276/TK_MOTOR_IGH/igh_example_2025_1229_CSP_CSV_CST/ros2_ws/install/dro_hg/include/dro_hg/dro_hg/msg/low_state.hpp
-- Installing: /home/p30039115276/TK_MOTOR_IGH/igh_example_2025_1229_CSP_CSV_CST/ros2_ws/install/dro_hg/include/dro_hg/dro_hg/msg/rosidl_generator_cpp__visibility_control.hpp
-- Up-to-date: /home/p30039115276/TK_MOTOR_IGH/igh_example_2025_1229_CSP_CSV_CST/ros2_ws/install/dro_hg/include/dro_hg/dro_hg
-- Up-to-date: /home/p30039115276/TK_MOTOR_IGH/igh_example_2025_1229_CSP_CSV_CST/ros2_ws/install/dro_hg/include/dro_hg/dro_hg/msg
-- Up-to-date: /home/p30039115276/TK_MOTOR_IGH/igh_example_2025_1229_CSP_CSV_CST/ros2_ws/install/dro_hg/include/dro_hg/dro_hg/msg/detail
-- Installing: /home/p30039115276/TK_MOTOR_IGH/igh_example_2025_1229_CSP_CSV_CST/ros2_ws/install/dro_hg/include/dro_hg/dro_hg/msg/detail/low_cmd__rosidl_typesupport_fastrtps_cpp.hpp
-- Installing: /home/p30039115276/TK_MOTOR_IGH/igh_example_2025_1229_CSP_CSV_CST/ros2_ws/install/dro_hg/include/dro_hg/dro_hg/msg/detail/low_state__rosidl_typesupport_fastrtps_cpp.hpp
-- Installing: /home/p30039115276/TK_MOTOR_IGH/igh_example_2025_1229_CSP_CSV_CST/ros2_ws/install/dro_hg/include/dro_hg/dro_hg/msg/detail/motor_state__rosidl_typesupport_fastrtps_cpp.hpp
-- Installing: /home/p30039115276/TK_MOTOR_IGH/igh_example_2025_1229_CSP_CSV_CST/ros2_ws/install/dro_hg/include/dro_hg/dro_hg/msg/detail/motor_cmd__rosidl_typesupport_fastrtps_cpp.hpp
-- Installing: /home/p30039115276/TK_MOTOR_IGH/igh_example_2025_1229_CSP_CSV_CST/ros2_ws/install/dro_hg/include/dro_hg/dro_hg/msg/detail/dds_fastrtps
-- Installing: /home/p30039115276/TK_MOTOR_IGH/igh_example_2025_1229_CSP_CSV_CST/ros2_ws/install/dro_hg/include/dro_hg/dro_hg/msg/rosidl_typesupport_fastrtps_cpp__visibility_control.h
-- Installing: /home/p30039115276/TK_MOTOR_IGH/igh_example_2025_1229_CSP_CSV_CST/ros2_ws/install/dro_hg/lib/libdro_hg__rosidl_typesupport_fastrtps_cpp.so
-- Set non-toolchain portion of runtime path of "/home/p30039115276/TK_MOTOR_IGH/igh_example_2025_1229_CSP_CSV_CST/ros2_ws/install/dro_hg/lib/libdro_hg__rosidl_typesupport_fastrtps_cpp.so" to ""
-- Up-to-date: /home/p30039115276/TK_MOTOR_IGH/igh_example_2025_1229_CSP_CSV_CST/ros2_ws/install/dro_hg/include/dro_hg/dro_hg
-- Up-to-date: /home/p30039115276/TK_MOTOR_IGH/igh_example_2025_1229_CSP_CSV_CST/ros2_ws/install/dro_hg/include/dro_hg/dro_hg/msg
-- Up-to-date: /home/p30039115276/TK_MOTOR_IGH/igh_example_2025_1229_CSP_CSV_CST/ros2_ws/install/dro_hg/include/dro_hg/dro_hg/msg/detail
-- Installing: /home/p30039115276/TK_MOTOR_IGH/igh_example_2025_1229_CSP_CSV_CST/ros2_ws/install/dro_hg/include/dro_hg/dro_hg/msg/detail/motor_cmd__type_support.cpp
-- Installing: /home/p30039115276/TK_MOTOR_IGH/igh_example_2025_1229_CSP_CSV_CST/ros2_ws/install/dro_hg/include/dro_hg/dro_hg/msg/detail/low_cmd__rosidl_typesupport_introspection_cpp.hpp
-- Installing: /home/p30039115276/TK_MOTOR_IGH/igh_example_2025_1229_CSP_CSV_CST/ros2_ws/install/dro_hg/include/dro_hg/dro_hg/msg/detail/low_cmd__type_support.cpp
-- Installing: /home/p30039115276/TK_MOTOR_IGH/igh_example_2025_1229_CSP_CSV_CST/ros2_ws/install/dro_hg/include/dro_hg/dro_hg/msg/detail/motor_state__type_support.cpp
-- Installing: /home/p30039115276/TK_MOTOR_IGH/igh_example_2025_1229_CSP_CSV_CST/ros2_ws/install/dro_hg/include/dro_hg/dro_hg/msg/detail/low_state__type_support.cpp
-- Installing: /home/p30039115276/TK_MOTOR_IGH/igh_example_2025_1229_CSP_CSV_CST/ros2_ws/install/dro_hg/include/dro_hg/dro_hg/msg/detail/motor_state__rosidl_typesupport_introspection_cpp.hpp
-- Installing: /home/p30039115276/TK_MOTOR_IGH/igh_example_2025_1229_CSP_CSV_CST/ros2_ws/install/dro_hg/include/dro_hg/dro_hg/msg/detail/motor_cmd__rosidl_typesupport_introspection_cpp.hpp
-- Installing: /home/p30039115276/TK_MOTOR_IGH/igh_example_2025_1229_CSP_CSV_CST/ros2_ws/install/dro_hg/include/dro_hg/dro_hg/msg/detail/low_state__rosidl_typesupport_introspection_cpp.hpp
-- Installing: /home/p30039115276/TK_MOTOR_IGH/igh_example_2025_1229_CSP_CSV_CST/ros2_ws/install/dro_hg/lib/libdro_hg__rosidl_typesupport_introspection_cpp.so
-- Set non-toolchain portion of runtime path of "/home/p30039115276/TK_MOTOR_IGH/igh_example_2025_1229_CSP_CSV_CST/ros2_ws/install/dro_hg/lib/libdro_hg__rosidl_typesupport_introspection_cpp.so" to ""
-- Installing: /home/p30039115276/TK_MOTOR_IGH/igh_example_2025_1229_CSP_CSV_CST/ros2_ws/install/dro_hg/lib/libdro_hg__rosidl_typesupport_cpp.so
-- Set non-toolchain portion of runtime path of "/home/p30039115276/TK_MOTOR_IGH/igh_example_2025_1229_CSP_CSV_CST/ros2_ws/install/dro_hg/lib/libdro_hg__rosidl_typesupport_cpp.so" to ""
-- Installing: /home/p30039115276/TK_MOTOR_IGH/igh_example_2025_1229_CSP_CSV_CST/ros2_ws/install/dro_hg/share/dro_hg/environment/pythonpath.sh
-- Installing: /home/p30039115276/TK_MOTOR_IGH/igh_example_2025_1229_CSP_CSV_CST/ros2_ws/install/dro_hg/share/dro_hg/environment/pythonpath.dsv
-- Installing: /home/p30039115276/TK_MOTOR_IGH/igh_example_2025_1229_CSP_CSV_CST/ros2_ws/install/dro_hg/local/lib/python3.10/dist-packages/dro_hg-0.0.0-py3.10.egg-info
-- Installing: /home/p30039115276/TK_MOTOR_IGH/igh_example_2025_1229_CSP_CSV_CST/ros2_ws/install/dro_hg/local/lib/python3.10/dist-packages/dro_hg-0.0.0-py3.10.egg-info/SOURCES.txt
-- Installing: /home/p30039115276/TK_MOTOR_IGH/igh_example_2025_1229_CSP_CSV_CST/ros2_ws/install/dro_hg/local/lib/python3.10/dist-packages/dro_hg-0.0.0-py3.10.egg-info/dependency_links.txt
-- Installing: /home/p30039115276/TK_MOTOR_IGH/igh_example_2025_1229_CSP_CSV_CST/ros2_ws/install/dro_hg/local/lib/python3.10/dist-packages/dro_hg-0.0.0-py3.10.egg-info/PKG-INFO
-- Installing: /home/p30039115276/TK_MOTOR_IGH/igh_example_2025_1229_CSP_CSV_CST/ros2_ws/install/dro_hg/local/lib/python3.10/dist-packages/dro_hg-0.0.0-py3.10.egg-info/top_level.txt
-- Installing: /home/p30039115276/TK_MOTOR_IGH/igh_example_2025_1229_CSP_CSV_CST/ros2_ws/install/dro_hg/local/lib/python3.10/dist-packages/dro_hg
-- Installing: /home/p30039115276/TK_MOTOR_IGH/igh_example_2025_1229_CSP_CSV_CST/ros2_ws/install/dro_hg/local/lib/python3.10/dist-packages/dro_hg/msg
-- Installing: /home/p30039115276/TK_MOTOR_IGH/igh_example_2025_1229_CSP_CSV_CST/ros2_ws/install/dro_hg/local/lib/python3.10/dist-packages/dro_hg/msg/_low_cmd_s.c
-- Installing: /home/p30039115276/TK_MOTOR_IGH/igh_example_2025_1229_CSP_CSV_CST/ros2_ws/install/dro_hg/local/lib/python3.10/dist-packages/dro_hg/msg/_motor_cmd.py
-- Installing: /home/p30039115276/TK_MOTOR_IGH/igh_example_2025_1229_CSP_CSV_CST/ros2_ws/install/dro_hg/local/lib/python3.10/dist-packages/dro_hg/msg/_motor_cmd_s.c
-- Installing: /home/p30039115276/TK_MOTOR_IGH/igh_example_2025_1229_CSP_CSV_CST/ros2_ws/install/dro_hg/local/lib/python3.10/dist-packages/dro_hg/msg/_motor_state_s.c
-- Installing: /home/p30039115276/TK_MOTOR_IGH/igh_example_2025_1229_CSP_CSV_CST/ros2_ws/install/dro_hg/local/lib/python3.10/dist-packages/dro_hg/msg/_motor_state.py
-- Installing: /home/p30039115276/TK_MOTOR_IGH/igh_example_2025_1229_CSP_CSV_CST/ros2_ws/install/dro_hg/local/lib/python3.10/dist-packages/dro_hg/msg/_low_state.py
-- Installing: /home/p30039115276/TK_MOTOR_IGH/igh_example_2025_1229_CSP_CSV_CST/ros2_ws/install/dro_hg/local/lib/python3.10/dist-packages/dro_hg/msg/__init__.py
-- Installing: /home/p30039115276/TK_MOTOR_IGH/igh_example_2025_1229_CSP_CSV_CST/ros2_ws/install/dro_hg/local/lib/python3.10/dist-packages/dro_hg/msg/_low_cmd.py
-- Installing: /home/p30039115276/TK_MOTOR_IGH/igh_example_2025_1229_CSP_CSV_CST/ros2_ws/install/dro_hg/local/lib/python3.10/dist-packages/dro_hg/msg/_low_state_s.c
-- Installing: /home/p30039115276/TK_MOTOR_IGH/igh_example_2025_1229_CSP_CSV_CST/ros2_ws/install/dro_hg/local/lib/python3.10/dist-packages/dro_hg/dro_hg_s__rosidl_typesupport_fastrtps_c.cpython-310-x86_64-linux-gnu.so
-- Installing: /home/p30039115276/TK_MOTOR_IGH/igh_example_2025_1229_CSP_CSV_CST/ros2_ws/install/dro_hg/local/lib/python3.10/dist-packages/dro_hg/_dro_hg_s.ep.rosidl_typesupport_introspection_c.c
-- Installing: /home/p30039115276/TK_MOTOR_IGH/igh_example_2025_1229_CSP_CSV_CST/ros2_ws/install/dro_hg/local/lib/python3.10/dist-packages/dro_hg/_dro_hg_s.ep.rosidl_typesupport_c.c
-- Installing: /home/p30039115276/TK_MOTOR_IGH/igh_example_2025_1229_CSP_CSV_CST/ros2_ws/install/dro_hg/local/lib/python3.10/dist-packages/dro_hg/__init__.py
-- Installing: /home/p30039115276/TK_MOTOR_IGH/igh_example_2025_1229_CSP_CSV_CST/ros2_ws/install/dro_hg/local/lib/python3.10/dist-packages/dro_hg/dro_hg_s__rosidl_typesupport_c.cpython-310-x86_64-linux-gnu.so
-- Installing: /home/p30039115276/TK_MOTOR_IGH/igh_example_2025_1229_CSP_CSV_CST/ros2_ws/install/dro_hg/local/lib/python3.10/dist-packages/dro_hg/_dro_hg_s.ep.rosidl_typesupport_fastrtps_c.c
-- Installing: /home/p30039115276/TK_MOTOR_IGH/igh_example_2025_1229_CSP_CSV_CST/ros2_ws/install/dro_hg/local/lib/python3.10/dist-packages/dro_hg/libdro_hg__rosidl_generator_py.so
-- Installing: /home/p30039115276/TK_MOTOR_IGH/igh_example_2025_1229_CSP_CSV_CST/ros2_ws/install/dro_hg/local/lib/python3.10/dist-packages/dro_hg/dro_hg_s__rosidl_typesupport_introspection_c.cpython-310-x86_64-linux-gnu.so
Listing '/home/p30039115276/TK_MOTOR_IGH/igh_example_2025_1229_CSP_CSV_CST/ros2_ws/install/dro_hg/local/lib/python3.10/dist-packages/dro_hg'...
Compiling '/home/p30039115276/TK_MOTOR_IGH/igh_example_2025_1229_CSP_CSV_CST/ros2_ws/install/dro_hg/local/lib/python3.10/dist-packages/dro_hg/__init__.py'...
Listing '/home/p30039115276/TK_MOTOR_IGH/igh_example_2025_1229_CSP_CSV_CST/ros2_ws/install/dro_hg/local/lib/python3.10/dist-packages/dro_hg/msg'...
Compiling '/home/p30039115276/TK_MOTOR_IGH/igh_example_2025_1229_CSP_CSV_CST/ros2_ws/install/dro_hg/local/lib/python3.10/dist-packages/dro_hg/msg/__init__.py'...
Compiling '/home/p30039115276/TK_MOTOR_IGH/igh_example_2025_1229_CSP_CSV_CST/ros2_ws/install/dro_hg/local/lib/python3.10/dist-packages/dro_hg/msg/_low_cmd.py'...
Compiling '/home/p30039115276/TK_MOTOR_IGH/igh_example_2025_1229_CSP_CSV_CST/ros2_ws/install/dro_hg/local/lib/python3.10/dist-packages/dro_hg/msg/_low_state.py'...
Compiling '/home/p30039115276/TK_MOTOR_IGH/igh_example_2025_1229_CSP_CSV_CST/ros2_ws/install/dro_hg/local/lib/python3.10/dist-packages/dro_hg/msg/_motor_cmd.py'...
Compiling '/home/p30039115276/TK_MOTOR_IGH/igh_example_2025_1229_CSP_CSV_CST/ros2_ws/install/dro_hg/local/lib/python3.10/dist-packages/dro_hg/msg/_motor_state.py'...
-- Installing: /home/p30039115276/TK_MOTOR_IGH/igh_example_2025_1229_CSP_CSV_CST/ros2_ws/install/dro_hg/local/lib/python3.10/dist-packages/dro_hg/dro_hg_s__rosidl_typesupport_fastrtps_c.cpython-310-x86_64-linux-gnu.so
-- Set non-toolchain portion of runtime path of "/home/p30039115276/TK_MOTOR_IGH/igh_example_2025_1229_CSP_CSV_CST/ros2_ws/install/dro_hg/local/lib/python3.10/dist-packages/dro_hg/dro_hg_s__rosidl_typesupport_fastrtps_c.cpython-310-x86_64-linux-gnu.so" to ""
-- Installing: /home/p30039115276/TK_MOTOR_IGH/igh_example_2025_1229_CSP_CSV_CST/ros2_ws/install/dro_hg/local/lib/python3.10/dist-packages/dro_hg/dro_hg_s__rosidl_typesupport_introspection_c.cpython-310-x86_64-linux-gnu.so
-- Set non-toolchain portion of runtime path of "/home/p30039115276/TK_MOTOR_IGH/igh_example_2025_1229_CSP_CSV_CST/ros2_ws/install/dro_hg/local/lib/python3.10/dist-packages/dro_hg/dro_hg_s__rosidl_typesupport_introspection_c.cpython-310-x86_64-linux-gnu.so" to ""
-- Installing: /home/p30039115276/TK_MOTOR_IGH/igh_example_2025_1229_CSP_CSV_CST/ros2_ws/install/dro_hg/local/lib/python3.10/dist-packages/dro_hg/dro_hg_s__rosidl_typesupport_c.cpython-310-x86_64-linux-gnu.so
-- Set non-toolchain portion of runtime path of "/home/p30039115276/TK_MOTOR_IGH/igh_example_2025_1229_CSP_CSV_CST/ros2_ws/install/dro_hg/local/lib/python3.10/dist-packages/dro_hg/dro_hg_s__rosidl_typesupport_c.cpython-310-x86_64-linux-gnu.so" to ""
-- Installing: /home/p30039115276/TK_MOTOR_IGH/igh_example_2025_1229_CSP_CSV_CST/ros2_ws/install/dro_hg/lib/libdro_hg__rosidl_generator_py.so
-- Set non-toolchain portion of runtime path of "/home/p30039115276/TK_MOTOR_IGH/igh_example_2025_1229_CSP_CSV_CST/ros2_ws/install/dro_hg/lib/libdro_hg__rosidl_generator_py.so" to ""
-- Installing: /home/p30039115276/TK_MOTOR_IGH/igh_example_2025_1229_CSP_CSV_CST/ros2_ws/install/dro_hg/share/dro_hg/msg/LowState.idl
-- Installing: /home/p30039115276/TK_MOTOR_IGH/igh_example_2025_1229_CSP_CSV_CST/ros2_ws/install/dro_hg/share/dro_hg/msg/MotorCmd.idl
-- Installing: /home/p30039115276/TK_MOTOR_IGH/igh_example_2025_1229_CSP_CSV_CST/ros2_ws/install/dro_hg/share/dro_hg/msg/LowCmd.idl
-- Installing: /home/p30039115276/TK_MOTOR_IGH/igh_example_2025_1229_CSP_CSV_CST/ros2_ws/install/dro_hg/share/dro_hg/msg/MotorState.idl
-- Installing: /home/p30039115276/TK_MOTOR_IGH/igh_example_2025_1229_CSP_CSV_CST/ros2_ws/install/dro_hg/share/dro_hg/msg/LowState.msg
-- Installing: /home/p30039115276/TK_MOTOR_IGH/igh_example_2025_1229_CSP_CSV_CST/ros2_ws/install/dro_hg/share/dro_hg/msg/MotorCmd.msg
-- Installing: /home/p30039115276/TK_MOTOR_IGH/igh_example_2025_1229_CSP_CSV_CST/ros2_ws/install/dro_hg/share/dro_hg/msg/LowCmd.msg
-- Installing: /home/p30039115276/TK_MOTOR_IGH/igh_example_2025_1229_CSP_CSV_CST/ros2_ws/install/dro_hg/share/dro_hg/msg/MotorState.msg
-- Installing: /home/p30039115276/TK_MOTOR_IGH/igh_example_2025_1229_CSP_CSV_CST/ros2_ws/install/dro_hg/share/ament_index/resource_index/package_run_dependencies/dro_hg
-- Installing: /home/p30039115276/TK_MOTOR_IGH/igh_example_2025_1229_CSP_CSV_CST/ros2_ws/install/dro_hg/share/ament_index/resource_index/parent_prefix_path/dro_hg
-- Installing: /home/p30039115276/TK_MOTOR_IGH/igh_example_2025_1229_CSP_CSV_CST/ros2_ws/install/dro_hg/share/dro_hg/environment/ament_prefix_path.sh
-- Installing: /home/p30039115276/TK_MOTOR_IGH/igh_example_2025_1229_CSP_CSV_CST/ros2_ws/install/dro_hg/share/dro_hg/environment/ament_prefix_path.dsv
-- Installing: /home/p30039115276/TK_MOTOR_IGH/igh_example_2025_1229_CSP_CSV_CST/ros2_ws/install/dro_hg/share/dro_hg/environment/path.sh
-- Installing: /home/p30039115276/TK_MOTOR_IGH/igh_example_2025_1229_CSP_CSV_CST/ros2_ws/install/dro_hg/share/dro_hg/environment/path.dsv
-- Installing: /home/p30039115276/TK_MOTOR_IGH/igh_example_2025_1229_CSP_CSV_CST/ros2_ws/install/dro_hg/share/dro_hg/local_setup.bash
-- Installing: /home/p30039115276/TK_MOTOR_IGH/igh_example_2025_1229_CSP_CSV_CST/ros2_ws/install/dro_hg/share/dro_hg/local_setup.sh
-- Installing: /home/p30039115276/TK_MOTOR_IGH/igh_example_2025_1229_CSP_CSV_CST/ros2_ws/install/dro_hg/share/dro_hg/local_setup.zsh
-- Installing: /home/p30039115276/TK_MOTOR_IGH/igh_example_2025_1229_CSP_CSV_CST/ros2_ws/install/dro_hg/share/dro_hg/local_setup.dsv
-- Installing: /home/p30039115276/TK_MOTOR_IGH/igh_example_2025_1229_CSP_CSV_CST/ros2_ws/install/dro_hg/share/dro_hg/package.dsv
-- Installing: /home/p30039115276/TK_MOTOR_IGH/igh_example_2025_1229_CSP_CSV_CST/ros2_ws/install/dro_hg/share/ament_index/resource_index/packages/dro_hg
-- Installing: /home/p30039115276/TK_MOTOR_IGH/igh_example_2025_1229_CSP_CSV_CST/ros2_ws/install/dro_hg/share/dro_hg/cmake/export_dro_hg__rosidl_generator_cExport.cmake
-- Installing: /home/p30039115276/TK_MOTOR_IGH/igh_example_2025_1229_CSP_CSV_CST/ros2_ws/install/dro_hg/share/dro_hg/cmake/export_dro_hg__rosidl_generator_cExport-noconfig.cmake
-- Installing: /home/p30039115276/TK_MOTOR_IGH/igh_example_2025_1229_CSP_CSV_CST/ros2_ws/install/dro_hg/share/dro_hg/cmake/export_dro_hg__rosidl_typesupport_fastrtps_cExport.cmake
-- Installing: /home/p30039115276/TK_MOTOR_IGH/igh_example_2025_1229_CSP_CSV_CST/ros2_ws/install/dro_hg/share/dro_hg/cmake/export_dro_hg__rosidl_typesupport_fastrtps_cExport-noconfig.cmake
-- Installing: /home/p30039115276/TK_MOTOR_IGH/igh_example_2025_1229_CSP_CSV_CST/ros2_ws/install/dro_hg/share/dro_hg/cmake/dro_hg__rosidl_typesupport_introspection_cExport.cmake
-- Installing: /home/p30039115276/TK_MOTOR_IGH/igh_example_2025_1229_CSP_CSV_CST/ros2_ws/install/dro_hg/share/dro_hg/cmake/dro_hg__rosidl_typesupport_introspection_cExport-noconfig.cmake
-- Installing: /home/p30039115276/TK_MOTOR_IGH/igh_example_2025_1229_CSP_CSV_CST/ros2_ws/install/dro_hg/share/dro_hg/cmake/dro_hg__rosidl_typesupport_cExport.cmake
-- Installing: /home/p30039115276/TK_MOTOR_IGH/igh_example_2025_1229_CSP_CSV_CST/ros2_ws/install/dro_hg/share/dro_hg/cmake/dro_hg__rosidl_typesupport_cExport-noconfig.cmake
-- Installing: /home/p30039115276/TK_MOTOR_IGH/igh_example_2025_1229_CSP_CSV_CST/ros2_ws/install/dro_hg/share/dro_hg/cmake/export_dro_hg__rosidl_generator_cppExport.cmake
-- Installing: /home/p30039115276/TK_MOTOR_IGH/igh_example_2025_1229_CSP_CSV_CST/ros2_ws/install/dro_hg/share/dro_hg/cmake/export_dro_hg__rosidl_typesupport_fastrtps_cppExport.cmake
-- Installing: /home/p30039115276/TK_MOTOR_IGH/igh_example_2025_1229_CSP_CSV_CST/ros2_ws/install/dro_hg/share/dro_hg/cmake/export_dro_hg__rosidl_typesupport_fastrtps_cppExport-noconfig.cmake
-- Installing: /home/p30039115276/TK_MOTOR_IGH/igh_example_2025_1229_CSP_CSV_CST/ros2_ws/install/dro_hg/share/dro_hg/cmake/dro_hg__rosidl_typesupport_introspection_cppExport.cmake
-- Installing: /home/p30039115276/TK_MOTOR_IGH/igh_example_2025_1229_CSP_CSV_CST/ros2_ws/install/dro_hg/share/dro_hg/cmake/dro_hg__rosidl_typesupport_introspection_cppExport-noconfig.cmake
-- Installing: /home/p30039115276/TK_MOTOR_IGH/igh_example_2025_1229_CSP_CSV_CST/ros2_ws/install/dro_hg/share/dro_hg/cmake/dro_hg__rosidl_typesupport_cppExport.cmake
-- Installing: /home/p30039115276/TK_MOTOR_IGH/igh_example_2025_1229_CSP_CSV_CST/ros2_ws/install/dro_hg/share/dro_hg/cmake/dro_hg__rosidl_typesupport_cppExport-noconfig.cmake
-- Installing: /home/p30039115276/TK_MOTOR_IGH/igh_example_2025_1229_CSP_CSV_CST/ros2_ws/install/dro_hg/share/dro_hg/cmake/export_dro_hg__rosidl_generator_pyExport.cmake
-- Installing: /home/p30039115276/TK_MOTOR_IGH/igh_example_2025_1229_CSP_CSV_CST/ros2_ws/install/dro_hg/share/dro_hg/cmake/export_dro_hg__rosidl_generator_pyExport-noconfig.cmake
-- Installing: /home/p30039115276/TK_MOTOR_IGH/igh_example_2025_1229_CSP_CSV_CST/ros2_ws/install/dro_hg/share/dro_hg/cmake/rosidl_cmake-extras.cmake
-- Installing: /home/p30039115276/TK_MOTOR_IGH/igh_example_2025_1229_CSP_CSV_CST/ros2_ws/install/dro_hg/share/dro_hg/cmake/ament_cmake_export_dependencies-extras.cmake
-- Installing: /home/p30039115276/TK_MOTOR_IGH/igh_example_2025_1229_CSP_CSV_CST/ros2_ws/install/dro_hg/share/dro_hg/cmake/ament_cmake_export_include_directories-extras.cmake
-- Installing: /home/p30039115276/TK_MOTOR_IGH/igh_example_2025_1229_CSP_CSV_CST/ros2_ws/install/dro_hg/share/dro_hg/cmake/ament_cmake_export_libraries-extras.cmake
-- Installing: /home/p30039115276/TK_MOTOR_IGH/igh_example_2025_1229_CSP_CSV_CST/ros2_ws/install/dro_hg/share/dro_hg/cmake/ament_cmake_export_targets-extras.cmake
-- Installing: /home/p30039115276/TK_MOTOR_IGH/igh_example_2025_1229_CSP_CSV_CST/ros2_ws/install/dro_hg/share/dro_hg/cmake/rosidl_cmake_export_typesupport_targets-extras.cmake
-- Installing: /home/p30039115276/TK_MOTOR_IGH/igh_example_2025_1229_CSP_CSV_CST/ros2_ws/install/dro_hg/share/dro_hg/cmake/rosidl_cmake_export_typesupport_libraries-extras.cmake
-- Installing: /home/p30039115276/TK_MOTOR_IGH/igh_example_2025_1229_CSP_CSV_CST/ros2_ws/install/dro_hg/share/dro_hg/cmake/dro_hgConfig.cmake
-- Installing: /home/p30039115276/TK_MOTOR_IGH/igh_example_2025_1229_CSP_CSV_CST/ros2_ws/install/dro_hg/share/dro_hg/cmake/dro_hgConfig-version.cmake
-- Installing: /home/p30039115276/TK_MOTOR_IGH/igh_example_2025_1229_CSP_CSV_CST/ros2_ws/install/dro_hg/share/dro_hg/package.xml
