[0.009s] Invoking command in '/home/p30039115276/TK_MOTOR_IGH/igh_example_2025_1229_CSP_CSV_CST/ros2_ws/build/dro_hg': CMAKE_PREFIX_PATH=/opt/ros/humble /usr/bin/cmake /home/p30039115276/TK_MOTOR_IGH/igh_example_2025_1229_CSP_CSV_CST/ros2_ws/src/dro_hg -DCMAKE_INSTALL_PREFIX=/home/p30039115276/TK_MOTOR_IGH/igh_example_2025_1229_CSP_CSV_CST/ros2_ws/install/dro_hg
[0.014s] [0mCMake Deprecation Warning at CMakeLists.txt:1 (cmake_minimum_required):
[0.014s]   Compatibility with CMake < 3.10 will be removed from a future version of
[0.014s]   CMake.
[0.014s] 
[0.014s]   Update the VERSION argument <min> value.  Or, use the <min>...<max> syntax
[0.014s]   to tell CMake that the project requires at least <min> but has been updated
[0.014s]   to work with policies introduced by <max> or earlier.
[0.014s] 
[0.014s] [0m
[0.017s] -- Found ament_cmake: 1.3.12 (/opt/ros/humble/share/ament_cmake/cmake)
[0.161s] -- Found rosidl_default_generators: 1.2.0 (/opt/ros/humble/share/rosidl_default_generators/cmake)
[0.162s] -- Using all available rosidl_typesupport_c: rosidl_typesupport_fastrtps_c;rosidl_typesupport_introspection_c
[0.163s] -- Found rosidl_adapter: 3.1.8 (/opt/ros/humble/share/rosidl_adapter/cmake)
[0.185s] -- Using all available rosidl_typesupport_cpp: rosidl_typesupport_fastrtps_cpp;rosidl_typesupport_introspection_cpp
[0.200s] -- Found std_msgs: 4.9.0 (/opt/ros/humble/share/std_msgs/cmake)
[0.218s] -- Found sensor_msgs: 4.9.0 (/opt/ros/humble/share/sensor_msgs/cmake)
[0.542s] -- Found ament_cmake_ros: 0.10.0 (/opt/ros/humble/share/ament_cmake_ros/cmake)
[0.872s] -- Using all available rosidl_typesupport_c: rosidl_typesupport_fastrtps_c;rosidl_typesupport_introspection_c
[1.286s] -- Using all available rosidl_typesupport_cpp: rosidl_typesupport_fastrtps_cpp;rosidl_typesupport_introspection_cpp
[1.288s] [33mCMake Warning (dev) at /opt/ros/humble/share/rosidl_generator_py/cmake/rosidl_generator_py_generate_interfaces.cmake:20 (find_package):
[1.288s]   Policy CMP0148 is not set: The FindPythonInterp and FindPythonLibs modules
[1.288s]   are removed.  Run "cmake --help-policy CMP0148" for policy details.  Use
[1.288s]   the cmake_policy command to set the policy and suppress this warning.
[1.288s] 
[1.288s] Call Stack (most recent call first):
[1.288s]   /opt/ros/humble/share/ament_cmake_core/cmake/core/ament_execute_extensions.cmake:48 (include)
[1.289s]   /opt/ros/humble/share/rosidl_cmake/cmake/rosidl_generate_interfaces.cmake:286 (ament_execute_extensions)
[1.289s]   CMakeLists.txt:26 (rosidl_generate_interfaces)
[1.289s] This warning is for project developers.  Use -Wno-dev to suppress it.
[1.289s] [0m
[1.301s] -- Found PythonInterp: /usr/bin/python3 (found suitable version "3.10.12", minimum required is "3.6")
[1.304s] -- Found python_cmake_module: 0.10.0 (/opt/ros/humble/share/python_cmake_module/cmake)
[1.305s] [33mCMake Warning (dev) at /opt/ros/humble/share/python_cmake_module/cmake/Modules/FindPythonExtra.cmake:52 (find_package):
[1.305s]   Policy CMP0148 is not set: The FindPythonInterp and FindPythonLibs modules
[1.305s]   are removed.  Run "cmake --help-policy CMP0148" for policy details.  Use
[1.305s]   the cmake_policy command to set the policy and suppress this warning.
[1.305s] 
[1.305s] Call Stack (most recent call first):
[1.305s]   /opt/ros/humble/share/rosidl_generator_py/cmake/rosidl_generator_py_generate_interfaces.cmake:23 (find_package)
[1.305s]   /opt/ros/humble/share/ament_cmake_core/cmake/core/ament_execute_extensions.cmake:48 (include)
[1.305s]   /opt/ros/humble/share/rosidl_cmake/cmake/rosidl_generate_interfaces.cmake:286 (ament_execute_extensions)
[1.305s]   CMakeLists.txt:26 (rosidl_generate_interfaces)
[1.305s] This warning is for project developers.  Use -Wno-dev to suppress it.
[1.305s] [0m
[1.320s] [33mCMake Warning (dev) at /opt/ros/humble/share/python_cmake_module/cmake/Modules/FindPythonExtra.cmake:140 (find_package):
[1.320s]   Policy CMP0148 is not set: The FindPythonInterp and FindPythonLibs modules
[1.320s]   are removed.  Run "cmake --help-policy CMP0148" for policy details.  Use
[1.320s]   the cmake_policy command to set the policy and suppress this warning.
[1.320s] 
[1.320s] Call Stack (most recent call first):
[1.320s]   /opt/ros/humble/share/rosidl_generator_py/cmake/rosidl_generator_py_generate_interfaces.cmake:23 (find_package)
[1.320s]   /opt/ros/humble/share/ament_cmake_core/cmake/core/ament_execute_extensions.cmake:48 (include)
[1.320s]   /opt/ros/humble/share/rosidl_cmake/cmake/rosidl_generate_interfaces.cmake:286 (ament_execute_extensions)
[1.320s]   CMakeLists.txt:26 (rosidl_generate_interfaces)
[1.320s] This warning is for project developers.  Use -Wno-dev to suppress it.
[1.320s] [0m
[1.328s] -- Found PythonLibs: /usr/lib/x86_64-linux-gnu/libpython3.10.so (found suitable version "3.10.12", minimum required is "3.5")
[1.328s] -- Using PYTHON_EXECUTABLE: /usr/bin/python3
[1.328s] -- Using PYTHON_INCLUDE_DIRS: /usr/include/python3.10
[1.328s] -- Using PYTHON_LIBRARIES: /usr/lib/x86_64-linux-gnu/libpython3.10.so
[1.342s] -- Found PythonExtra: .so
[1.393s] -- Configuring done (1.4s)
[1.422s] -- Generating done (0.0s)
[1.436s] -- Build files have been written to: /home/p30039115276/TK_MOTOR_IGH/igh_example_2025_1229_CSP_CSV_CST/ros2_ws/build/dro_hg
[1.441s] Invoked command in '/home/p30039115276/TK_MOTOR_IGH/igh_example_2025_1229_CSP_CSV_CST/ros2_ws/build/dro_hg' returned '0': CMAKE_PREFIX_PATH=/opt/ros/humble /usr/bin/cmake /home/p30039115276/TK_MOTOR_IGH/igh_example_2025_1229_CSP_CSV_CST/ros2_ws/src/dro_hg -DCMAKE_INSTALL_PREFIX=/home/p30039115276/TK_MOTOR_IGH/igh_example_2025_1229_CSP_CSV_CST/ros2_ws/install/dro_hg
[1.442s] Invoking command in '/home/p30039115276/TK_MOTOR_IGH/igh_example_2025_1229_CSP_CSV_CST/ros2_ws/build/dro_hg': CMAKE_PREFIX_PATH=/opt/ros/humble /usr/bin/cmake --build /home/p30039115276/TK_MOTOR_IGH/igh_example_2025_1229_CSP_CSV_CST/ros2_ws/build/dro_hg -- -j22 -l22
[1.460s] [  1%] [1m[34mGenerating C code for ROS interfaces[0m
[1.465s] [  3%] [1m[34mGenerating C++ code for ROS interfaces[0m
[1.468s] [  3%] Built target ament_cmake_python_copy_dro_hg
[1.612s] running egg_info
[1.624s] creating dro_hg.egg-info
[1.624s] writing dro_hg.egg-info/PKG-INFO
[1.624s] writing dependency_links to dro_hg.egg-info/dependency_links.txt
[1.625s] writing top-level names to dro_hg.egg-info/top_level.txt
[1.625s] writing manifest file 'dro_hg.egg-info/SOURCES.txt'
[1.664s] reading manifest file 'dro_hg.egg-info/SOURCES.txt'
[1.664s] writing manifest file 'dro_hg.egg-info/SOURCES.txt'
[1.681s] [  3%] Built target ament_cmake_python_build_dro_hg_egg
[1.786s] [  3%] Built target dro_hg__cpp
[1.790s] [  7%] [1m[34mGenerating C++ type support for eProsima Fast-RTPS[0m
[1.790s] [  7%] [1m[34mGenerating C++ type support dispatch for ROS interfaces[0m
[1.790s] [  9%] [1m[34mGenerating C++ introspection for ROS interfaces[0m
[1.796s] [ 10%] [32mBuilding C object CMakeFiles/dro_hg__rosidl_generator_c.dir/rosidl_generator_c/dro_hg/msg/detail/low_state__functions.c.o[0m
[1.797s] [ 12%] [32mBuilding C object CMakeFiles/dro_hg__rosidl_generator_c.dir/rosidl_generator_c/dro_hg/msg/detail/low_cmd__functions.c.o[0m
[1.797s] [ 16%] [32mBuilding C object CMakeFiles/dro_hg__rosidl_generator_c.dir/rosidl_generator_c/dro_hg/msg/detail/motor_state__functions.c.o[0m
[1.797s] [ 16%] [32mBuilding C object CMakeFiles/dro_hg__rosidl_generator_c.dir/rosidl_generator_c/dro_hg/msg/detail/motor_cmd__functions.c.o[0m
[1.842s] [ 18%] [1m[32mLinking C shared library libdro_hg__rosidl_generator_c.so[0m
[1.870s] [ 18%] Built target dro_hg__rosidl_generator_c
[1.875s] [ 23%] [1m[34mGenerating C type support dispatch for ROS interfaces[0m
[1.875s] [ 23%] [1m[34mGenerating C introspection for ROS interfaces[0m
[1.875s] [ 23%] [1m[34mGenerating C type support for eProsima Fast-RTPS[0m
[2.099s] [ 25%] [32mBuilding CXX object CMakeFiles/dro_hg__rosidl_typesupport_cpp.dir/rosidl_typesupport_cpp/dro_hg/msg/motor_cmd__type_support.cpp.o[0m
[2.100s] [ 27%] [32mBuilding CXX object CMakeFiles/dro_hg__rosidl_typesupport_cpp.dir/rosidl_typesupport_cpp/dro_hg/msg/low_state__type_support.cpp.o[0m
[2.100s] [ 29%] [32mBuilding CXX object CMakeFiles/dro_hg__rosidl_typesupport_cpp.dir/rosidl_typesupport_cpp/dro_hg/msg/low_cmd__type_support.cpp.o[0m
[2.100s] [ 30%] [32mBuilding CXX object CMakeFiles/dro_hg__rosidl_typesupport_cpp.dir/rosidl_typesupport_cpp/dro_hg/msg/motor_state__type_support.cpp.o[0m
[2.101s] [ 32%] [32mBuilding CXX object CMakeFiles/dro_hg__rosidl_typesupport_introspection_cpp.dir/rosidl_typesupport_introspection_cpp/dro_hg/msg/detail/low_state__type_support.cpp.o[0m
[2.103s] [ 34%] [32mBuilding CXX object CMakeFiles/dro_hg__rosidl_typesupport_introspection_cpp.dir/rosidl_typesupport_introspection_cpp/dro_hg/msg/detail/motor_cmd__type_support.cpp.o[0m
[2.103s] [ 38%] [32mBuilding CXX object CMakeFiles/dro_hg__rosidl_typesupport_introspection_cpp.dir/rosidl_typesupport_introspection_cpp/dro_hg/msg/detail/motor_state__type_support.cpp.o[0m
[2.103s] [ 38%] [32mBuilding CXX object CMakeFiles/dro_hg__rosidl_typesupport_introspection_cpp.dir/rosidl_typesupport_introspection_cpp/dro_hg/msg/detail/low_cmd__type_support.cpp.o[0m
[2.146s] [ 40%] [32mBuilding CXX object CMakeFiles/dro_hg__rosidl_typesupport_fastrtps_cpp.dir/rosidl_typesupport_fastrtps_cpp/dro_hg/msg/detail/dds_fastrtps/low_state__type_support.cpp.o[0m
[2.146s] [ 43%] [32mBuilding CXX object CMakeFiles/dro_hg__rosidl_typesupport_fastrtps_cpp.dir/rosidl_typesupport_fastrtps_cpp/dro_hg/msg/detail/dds_fastrtps/low_cmd__type_support.cpp.o[0m
[2.146s] [ 43%] [32mBuilding CXX object CMakeFiles/dro_hg__rosidl_typesupport_fastrtps_cpp.dir/rosidl_typesupport_fastrtps_cpp/dro_hg/msg/detail/dds_fastrtps/motor_cmd__type_support.cpp.o[0m
[2.146s] [ 45%] [32mBuilding CXX object CMakeFiles/dro_hg__rosidl_typesupport_fastrtps_cpp.dir/rosidl_typesupport_fastrtps_cpp/dro_hg/msg/detail/dds_fastrtps/motor_state__type_support.cpp.o[0m
[2.165s] [ 47%] [32mBuilding CXX object CMakeFiles/dro_hg__rosidl_typesupport_c.dir/rosidl_typesupport_c/dro_hg/msg/motor_cmd__type_support.cpp.o[0m
[2.167s] [ 49%] [32mBuilding CXX object CMakeFiles/dro_hg__rosidl_typesupport_c.dir/rosidl_typesupport_c/dro_hg/msg/low_cmd__type_support.cpp.o[0m
[2.167s] [ 52%] [32mBuilding CXX object CMakeFiles/dro_hg__rosidl_typesupport_c.dir/rosidl_typesupport_c/dro_hg/msg/motor_state__type_support.cpp.o[0m
[2.167s] [ 52%] [32mBuilding CXX object CMakeFiles/dro_hg__rosidl_typesupport_c.dir/rosidl_typesupport_c/dro_hg/msg/low_state__type_support.cpp.o[0m
[2.197s] [ 54%] [1m[32mLinking CXX shared library libdro_hg__rosidl_typesupport_c.so[0m
[2.231s] [ 54%] Built target dro_hg__rosidl_typesupport_c
[2.246s] [ 56%] [32mBuilding CXX object CMakeFiles/dro_hg__rosidl_typesupport_fastrtps_c.dir/rosidl_typesupport_fastrtps_c/dro_hg/msg/detail/motor_state__type_support_c.cpp.o[0m
[2.247s] [ 58%] [32mBuilding CXX object CMakeFiles/dro_hg__rosidl_typesupport_fastrtps_c.dir/rosidl_typesupport_fastrtps_c/dro_hg/msg/detail/low_cmd__type_support_c.cpp.o[0m
[2.247s] [ 60%] [32mBuilding CXX object CMakeFiles/dro_hg__rosidl_typesupport_fastrtps_c.dir/rosidl_typesupport_fastrtps_c/dro_hg/msg/detail/low_state__type_support_c.cpp.o[0m
[2.248s] [ 61%] [32mBuilding CXX object CMakeFiles/dro_hg__rosidl_typesupport_fastrtps_c.dir/rosidl_typesupport_fastrtps_c/dro_hg/msg/detail/motor_cmd__type_support_c.cpp.o[0m
[2.286s] [ 63%] [32mBuilding C object CMakeFiles/dro_hg__rosidl_typesupport_introspection_c.dir/rosidl_typesupport_introspection_c/dro_hg/msg/detail/low_cmd__type_support.c.o[0m
[2.287s] [ 67%] [32mBuilding C object CMakeFiles/dro_hg__rosidl_typesupport_introspection_c.dir/rosidl_typesupport_introspection_c/dro_hg/msg/detail/motor_state__type_support.c.o[0m
[2.287s] [ 67%] [32mBuilding C object CMakeFiles/dro_hg__rosidl_typesupport_introspection_c.dir/rosidl_typesupport_introspection_c/dro_hg/msg/detail/motor_cmd__type_support.c.o[0m
[2.287s] [ 69%] [32mBuilding C object CMakeFiles/dro_hg__rosidl_typesupport_introspection_c.dir/rosidl_typesupport_introspection_c/dro_hg/msg/detail/low_state__type_support.c.o[0m
[2.330s] [ 70%] [1m[32mLinking C shared library libdro_hg__rosidl_typesupport_introspection_c.so[0m
[2.365s] [ 70%] Built target dro_hg__rosidl_typesupport_introspection_c
[2.411s] [ 72%] [1m[32mLinking CXX shared library libdro_hg__rosidl_typesupport_cpp.so[0m
[2.441s] [ 72%] Built target dro_hg__rosidl_typesupport_cpp
[2.479s] [ 74%] [1m[32mLinking CXX shared library libdro_hg__rosidl_typesupport_introspection_cpp.so[0m
[2.529s] [ 74%] Built target dro_hg__rosidl_typesupport_introspection_cpp
[2.555s] [ 76%] [1m[32mLinking CXX shared library libdro_hg__rosidl_typesupport_fastrtps_cpp.so[0m
[2.568s] [ 78%] [1m[32mLinking CXX shared library libdro_hg__rosidl_typesupport_fastrtps_c.so[0m
[2.605s] [ 78%] Built target dro_hg__rosidl_typesupport_fastrtps_cpp
[2.615s] [ 78%] Built target dro_hg__rosidl_typesupport_fastrtps_c
[2.623s] [ 78%] Built target dro_hg
[2.632s] [ 80%] [1m[34mGenerating Python code for ROS interfaces[0m
[3.133s] [ 80%] Built target dro_hg__py
[3.142s] [ 81%] [32mBuilding C object CMakeFiles/dro_hg__rosidl_generator_py.dir/rosidl_generator_py/dro_hg/msg/_motor_state_s.c.o[0m
[3.142s] [ 83%] [32mBuilding C object CMakeFiles/dro_hg__rosidl_generator_py.dir/rosidl_generator_py/dro_hg/msg/_low_state_s.c.o[0m
[3.143s] [ 85%] [32mBuilding C object CMakeFiles/dro_hg__rosidl_generator_py.dir/rosidl_generator_py/dro_hg/msg/_motor_cmd_s.c.o[0m
[3.143s] [ 87%] [32mBuilding C object CMakeFiles/dro_hg__rosidl_generator_py.dir/rosidl_generator_py/dro_hg/msg/_low_cmd_s.c.o[0m
[3.216s] [ 89%] [1m[32mLinking C shared library rosidl_generator_py/dro_hg/libdro_hg__rosidl_generator_py.so[0m
[3.242s] [ 89%] Built target dro_hg__rosidl_generator_py
[3.253s] [ 90%] [32mBuilding C object CMakeFiles/dro_hg__rosidl_typesupport_fastrtps_c__pyext.dir/rosidl_generator_py/dro_hg/_dro_hg_s.ep.rosidl_typesupport_fastrtps_c.c.o[0m
[3.253s] [ 92%] [32mBuilding C object CMakeFiles/dro_hg__rosidl_typesupport_introspection_c__pyext.dir/rosidl_generator_py/dro_hg/_dro_hg_s.ep.rosidl_typesupport_introspection_c.c.o[0m
[3.254s] [ 94%] [32mBuilding C object CMakeFiles/dro_hg__rosidl_typesupport_c__pyext.dir/rosidl_generator_py/dro_hg/_dro_hg_s.ep.rosidl_typesupport_c.c.o[0m
[3.314s] [ 96%] [1m[32mLinking C shared library rosidl_generator_py/dro_hg/dro_hg_s__rosidl_typesupport_introspection_c.cpython-310-x86_64-linux-gnu.so[0m
[3.314s] [ 98%] [1m[32mLinking C shared library rosidl_generator_py/dro_hg/dro_hg_s__rosidl_typesupport_fastrtps_c.cpython-310-x86_64-linux-gnu.so[0m
[3.314s] [100%] [1m[32mLinking C shared library rosidl_generator_py/dro_hg/dro_hg_s__rosidl_typesupport_c.cpython-310-x86_64-linux-gnu.so[0m
[3.335s] [100%] Built target dro_hg__rosidl_typesupport_fastrtps_c__pyext
[3.338s] [100%] Built target dro_hg__rosidl_typesupport_introspection_c__pyext
[3.340s] [100%] Built target dro_hg__rosidl_typesupport_c__pyext
[3.345s] Invoked command in '/home/p30039115276/TK_MOTOR_IGH/igh_example_2025_1229_CSP_CSV_CST/ros2_ws/build/dro_hg' returned '0': CMAKE_PREFIX_PATH=/opt/ros/humble /usr/bin/cmake --build /home/p30039115276/TK_MOTOR_IGH/igh_example_2025_1229_CSP_CSV_CST/ros2_ws/build/dro_hg -- -j22 -l22
[3.346s] Invoking command in '/home/p30039115276/TK_MOTOR_IGH/igh_example_2025_1229_CSP_CSV_CST/ros2_ws/build/dro_hg': CMAKE_PREFIX_PATH=/opt/ros/humble /usr/bin/cmake --install /home/p30039115276/TK_MOTOR_IGH/igh_example_2025_1229_CSP_CSV_CST/ros2_ws/build/dro_hg
[3.350s] -- Install configuration: ""
[3.350s] -- Installing: /home/p30039115276/TK_MOTOR_IGH/igh_example_2025_1229_CSP_CSV_CST/ros2_ws/install/dro_hg/share/ament_index/resource_index/rosidl_interfaces/dro_hg
[3.350s] -- Installing: /home/p30039115276/TK_MOTOR_IGH/igh_example_2025_1229_CSP_CSV_CST/ros2_ws/install/dro_hg/include/dro_hg/dro_hg
[3.350s] -- Installing: /home/p30039115276/TK_MOTOR_IGH/igh_example_2025_1229_CSP_CSV_CST/ros2_ws/install/dro_hg/include/dro_hg/dro_hg/msg
[3.351s] -- Installing: /home/p30039115276/TK_MOTOR_IGH/igh_example_2025_1229_CSP_CSV_CST/ros2_ws/install/dro_hg/include/dro_hg/dro_hg/msg/motor_state.h
[3.351s] -- Installing: /home/p30039115276/TK_MOTOR_IGH/igh_example_2025_1229_CSP_CSV_CST/ros2_ws/install/dro_hg/include/dro_hg/dro_hg/msg/detail
[3.351s] -- Installing: /home/p30039115276/TK_MOTOR_IGH/igh_example_2025_1229_CSP_CSV_CST/ros2_ws/install/dro_hg/include/dro_hg/dro_hg/msg/detail/low_cmd__functions.h
[3.351s] -- Installing: /home/p30039115276/TK_MOTOR_IGH/igh_example_2025_1229_CSP_CSV_CST/ros2_ws/install/dro_hg/include/dro_hg/dro_hg/msg/detail/low_cmd__struct.h
[3.351s] -- Installing: /home/p30039115276/TK_MOTOR_IGH/igh_example_2025_1229_CSP_CSV_CST/ros2_ws/install/dro_hg/include/dro_hg/dro_hg/msg/detail/motor_cmd__type_support.h
[3.351s] -- Installing: /home/p30039115276/TK_MOTOR_IGH/igh_example_2025_1229_CSP_CSV_CST/ros2_ws/install/dro_hg/include/dro_hg/dro_hg/msg/detail/low_state__functions.c
[3.351s] -- Installing: /home/p30039115276/TK_MOTOR_IGH/igh_example_2025_1229_CSP_CSV_CST/ros2_ws/install/dro_hg/include/dro_hg/dro_hg/msg/detail/low_state__struct.h
[3.351s] -- Installing: /home/p30039115276/TK_MOTOR_IGH/igh_example_2025_1229_CSP_CSV_CST/ros2_ws/install/dro_hg/include/dro_hg/dro_hg/msg/detail/motor_cmd__struct.h
[3.351s] -- Installing: /home/p30039115276/TK_MOTOR_IGH/igh_example_2025_1229_CSP_CSV_CST/ros2_ws/install/dro_hg/include/dro_hg/dro_hg/msg/detail/low_state__functions.h
[3.351s] -- Installing: /home/p30039115276/TK_MOTOR_IGH/igh_example_2025_1229_CSP_CSV_CST/ros2_ws/install/dro_hg/include/dro_hg/dro_hg/msg/detail/motor_state__functions.c
[3.351s] -- Installing: /home/p30039115276/TK_MOTOR_IGH/igh_example_2025_1229_CSP_CSV_CST/ros2_ws/install/dro_hg/include/dro_hg/dro_hg/msg/detail/motor_state__struct.h
[3.351s] -- Installing: /home/p30039115276/TK_MOTOR_IGH/igh_example_2025_1229_CSP_CSV_CST/ros2_ws/install/dro_hg/include/dro_hg/dro_hg/msg/detail/low_cmd__functions.c
[3.351s] -- Installing: /home/p30039115276/TK_MOTOR_IGH/igh_example_2025_1229_CSP_CSV_CST/ros2_ws/install/dro_hg/include/dro_hg/dro_hg/msg/detail/low_state__type_support.h
[3.351s] -- Installing: /home/p30039115276/TK_MOTOR_IGH/igh_example_2025_1229_CSP_CSV_CST/ros2_ws/install/dro_hg/include/dro_hg/dro_hg/msg/detail/motor_state__functions.h
[3.351s] -- Installing: /home/p30039115276/TK_MOTOR_IGH/igh_example_2025_1229_CSP_CSV_CST/ros2_ws/install/dro_hg/include/dro_hg/dro_hg/msg/detail/motor_state__type_support.h
[3.352s] -- Installing: /home/p30039115276/TK_MOTOR_IGH/igh_example_2025_1229_CSP_CSV_CST/ros2_ws/install/dro_hg/include/dro_hg/dro_hg/msg/detail/motor_cmd__functions.h
[3.352s] -- Installing: /home/p30039115276/TK_MOTOR_IGH/igh_example_2025_1229_CSP_CSV_CST/ros2_ws/install/dro_hg/include/dro_hg/dro_hg/msg/detail/low_cmd__type_support.h
[3.352s] -- Installing: /home/p30039115276/TK_MOTOR_IGH/igh_example_2025_1229_CSP_CSV_CST/ros2_ws/install/dro_hg/include/dro_hg/dro_hg/msg/detail/motor_cmd__functions.c
[3.352s] -- Installing: /home/p30039115276/TK_MOTOR_IGH/igh_example_2025_1229_CSP_CSV_CST/ros2_ws/install/dro_hg/include/dro_hg/dro_hg/msg/low_cmd.h
[3.352s] -- Installing: /home/p30039115276/TK_MOTOR_IGH/igh_example_2025_1229_CSP_CSV_CST/ros2_ws/install/dro_hg/include/dro_hg/dro_hg/msg/motor_cmd.h
[3.352s] -- Installing: /home/p30039115276/TK_MOTOR_IGH/igh_example_2025_1229_CSP_CSV_CST/ros2_ws/install/dro_hg/include/dro_hg/dro_hg/msg/low_state.h
[3.352s] -- Installing: /home/p30039115276/TK_MOTOR_IGH/igh_example_2025_1229_CSP_CSV_CST/ros2_ws/install/dro_hg/include/dro_hg/dro_hg/msg/rosidl_generator_c__visibility_control.h
[3.352s] -- Installing: /home/p30039115276/TK_MOTOR_IGH/igh_example_2025_1229_CSP_CSV_CST/ros2_ws/install/dro_hg/share/dro_hg/environment/library_path.sh
[3.352s] -- Installing: /home/p30039115276/TK_MOTOR_IGH/igh_example_2025_1229_CSP_CSV_CST/ros2_ws/install/dro_hg/share/dro_hg/environment/library_path.dsv
[3.352s] -- Installing: /home/p30039115276/TK_MOTOR_IGH/igh_example_2025_1229_CSP_CSV_CST/ros2_ws/install/dro_hg/lib/libdro_hg__rosidl_generator_c.so
[3.352s] -- Set non-toolchain portion of runtime path of "/home/p30039115276/TK_MOTOR_IGH/igh_example_2025_1229_CSP_CSV_CST/ros2_ws/install/dro_hg/lib/libdro_hg__rosidl_generator_c.so" to ""
[3.352s] -- Up-to-date: /home/p30039115276/TK_MOTOR_IGH/igh_example_2025_1229_CSP_CSV_CST/ros2_ws/install/dro_hg/include/dro_hg/dro_hg
[3.352s] -- Up-to-date: /home/p30039115276/TK_MOTOR_IGH/igh_example_2025_1229_CSP_CSV_CST/ros2_ws/install/dro_hg/include/dro_hg/dro_hg/msg
[3.352s] -- Installing: /home/p30039115276/TK_MOTOR_IGH/igh_example_2025_1229_CSP_CSV_CST/ros2_ws/install/dro_hg/include/dro_hg/dro_hg/msg/rosidl_typesupport_fastrtps_c__visibility_control.h
[3.352s] -- Up-to-date: /home/p30039115276/TK_MOTOR_IGH/igh_example_2025_1229_CSP_CSV_CST/ros2_ws/install/dro_hg/include/dro_hg/dro_hg/msg/detail
[3.352s] -- Installing: /home/p30039115276/TK_MOTOR_IGH/igh_example_2025_1229_CSP_CSV_CST/ros2_ws/install/dro_hg/include/dro_hg/dro_hg/msg/detail/low_state__rosidl_typesupport_fastrtps_c.h
[3.352s] -- Installing: /home/p30039115276/TK_MOTOR_IGH/igh_example_2025_1229_CSP_CSV_CST/ros2_ws/install/dro_hg/include/dro_hg/dro_hg/msg/detail/motor_state__rosidl_typesupport_fastrtps_c.h
[3.352s] -- Installing: /home/p30039115276/TK_MOTOR_IGH/igh_example_2025_1229_CSP_CSV_CST/ros2_ws/install/dro_hg/include/dro_hg/dro_hg/msg/detail/motor_cmd__rosidl_typesupport_fastrtps_c.h
[3.352s] -- Installing: /home/p30039115276/TK_MOTOR_IGH/igh_example_2025_1229_CSP_CSV_CST/ros2_ws/install/dro_hg/include/dro_hg/dro_hg/msg/detail/low_cmd__rosidl_typesupport_fastrtps_c.h
[3.352s] -- Installing: /home/p30039115276/TK_MOTOR_IGH/igh_example_2025_1229_CSP_CSV_CST/ros2_ws/install/dro_hg/lib/libdro_hg__rosidl_typesupport_fastrtps_c.so
[3.352s] -- Set non-toolchain portion of runtime path of "/home/p30039115276/TK_MOTOR_IGH/igh_example_2025_1229_CSP_CSV_CST/ros2_ws/install/dro_hg/lib/libdro_hg__rosidl_typesupport_fastrtps_c.so" to ""
[3.352s] -- Up-to-date: /home/p30039115276/TK_MOTOR_IGH/igh_example_2025_1229_CSP_CSV_CST/ros2_ws/install/dro_hg/include/dro_hg/dro_hg
[3.352s] -- Up-to-date: /home/p30039115276/TK_MOTOR_IGH/igh_example_2025_1229_CSP_CSV_CST/ros2_ws/install/dro_hg/include/dro_hg/dro_hg/msg
[3.352s] -- Installing: /home/p30039115276/TK_MOTOR_IGH/igh_example_2025_1229_CSP_CSV_CST/ros2_ws/install/dro_hg/include/dro_hg/dro_hg/msg/rosidl_typesupport_introspection_c__visibility_control.h
[3.352s] -- Up-to-date: /home/p30039115276/TK_MOTOR_IGH/igh_example_2025_1229_CSP_CSV_CST/ros2_ws/install/dro_hg/include/dro_hg/dro_hg/msg/detail
[3.352s] -- Installing: /home/p30039115276/TK_MOTOR_IGH/igh_example_2025_1229_CSP_CSV_CST/ros2_ws/install/dro_hg/include/dro_hg/dro_hg/msg/detail/low_state__type_support.c
[3.352s] -- Installing: /home/p30039115276/TK_MOTOR_IGH/igh_example_2025_1229_CSP_CSV_CST/ros2_ws/install/dro_hg/include/dro_hg/dro_hg/msg/detail/low_cmd__type_support.c
[3.352s] -- Installing: /home/p30039115276/TK_MOTOR_IGH/igh_example_2025_1229_CSP_CSV_CST/ros2_ws/install/dro_hg/include/dro_hg/dro_hg/msg/detail/motor_state__type_support.c
[3.352s] -- Installing: /home/p30039115276/TK_MOTOR_IGH/igh_example_2025_1229_CSP_CSV_CST/ros2_ws/install/dro_hg/include/dro_hg/dro_hg/msg/detail/low_cmd__rosidl_typesupport_introspection_c.h
[3.353s] -- Installing: /home/p30039115276/TK_MOTOR_IGH/igh_example_2025_1229_CSP_CSV_CST/ros2_ws/install/dro_hg/include/dro_hg/dro_hg/msg/detail/low_state__rosidl_typesupport_introspection_c.h
[3.353s] -- Installing: /home/p30039115276/TK_MOTOR_IGH/igh_example_2025_1229_CSP_CSV_CST/ros2_ws/install/dro_hg/include/dro_hg/dro_hg/msg/detail/motor_cmd__type_support.c
[3.353s] -- Installing: /home/p30039115276/TK_MOTOR_IGH/igh_example_2025_1229_CSP_CSV_CST/ros2_ws/install/dro_hg/include/dro_hg/dro_hg/msg/detail/motor_state__rosidl_typesupport_introspection_c.h
[3.353s] -- Installing: /home/p30039115276/TK_MOTOR_IGH/igh_example_2025_1229_CSP_CSV_CST/ros2_ws/install/dro_hg/include/dro_hg/dro_hg/msg/detail/motor_cmd__rosidl_typesupport_introspection_c.h
[3.353s] -- Installing: /home/p30039115276/TK_MOTOR_IGH/igh_example_2025_1229_CSP_CSV_CST/ros2_ws/install/dro_hg/lib/libdro_hg__rosidl_typesupport_introspection_c.so
[3.353s] -- Set non-toolchain portion of runtime path of "/home/p30039115276/TK_MOTOR_IGH/igh_example_2025_1229_CSP_CSV_CST/ros2_ws/install/dro_hg/lib/libdro_hg__rosidl_typesupport_introspection_c.so" to ""
[3.353s] -- Installing: /home/p30039115276/TK_MOTOR_IGH/igh_example_2025_1229_CSP_CSV_CST/ros2_ws/install/dro_hg/lib/libdro_hg__rosidl_typesupport_c.so
[3.353s] -- Set non-toolchain portion of runtime path of "/home/p30039115276/TK_MOTOR_IGH/igh_example_2025_1229_CSP_CSV_CST/ros2_ws/install/dro_hg/lib/libdro_hg__rosidl_typesupport_c.so" to ""
[3.353s] -- Up-to-date: /home/p30039115276/TK_MOTOR_IGH/igh_example_2025_1229_CSP_CSV_CST/ros2_ws/install/dro_hg/include/dro_hg/dro_hg
[3.353s] -- Up-to-date: /home/p30039115276/TK_MOTOR_IGH/igh_example_2025_1229_CSP_CSV_CST/ros2_ws/install/dro_hg/include/dro_hg/dro_hg/msg
[3.353s] -- Installing: /home/p30039115276/TK_MOTOR_IGH/igh_example_2025_1229_CSP_CSV_CST/ros2_ws/install/dro_hg/include/dro_hg/dro_hg/msg/motor_cmd.hpp
[3.353s] -- Installing: /home/p30039115276/TK_MOTOR_IGH/igh_example_2025_1229_CSP_CSV_CST/ros2_ws/install/dro_hg/include/dro_hg/dro_hg/msg/motor_state.hpp
[3.353s] -- Installing: /home/p30039115276/TK_MOTOR_IGH/igh_example_2025_1229_CSP_CSV_CST/ros2_ws/install/dro_hg/include/dro_hg/dro_hg/msg/low_cmd.hpp
[3.353s] -- Up-to-date: /home/p30039115276/TK_MOTOR_IGH/igh_example_2025_1229_CSP_CSV_CST/ros2_ws/install/dro_hg/include/dro_hg/dro_hg/msg/detail
[3.353s] -- Installing: /home/p30039115276/TK_MOTOR_IGH/igh_example_2025_1229_CSP_CSV_CST/ros2_ws/install/dro_hg/include/dro_hg/dro_hg/msg/detail/motor_cmd__builder.hpp
[3.353s] -- Installing: /home/p30039115276/TK_MOTOR_IGH/igh_example_2025_1229_CSP_CSV_CST/ros2_ws/install/dro_hg/include/dro_hg/dro_hg/msg/detail/motor_state__traits.hpp
[3.353s] -- Installing: /home/p30039115276/TK_MOTOR_IGH/igh_example_2025_1229_CSP_CSV_CST/ros2_ws/install/dro_hg/include/dro_hg/dro_hg/msg/detail/motor_state__builder.hpp
[3.353s] -- Installing: /home/p30039115276/TK_MOTOR_IGH/igh_example_2025_1229_CSP_CSV_CST/ros2_ws/install/dro_hg/include/dro_hg/dro_hg/msg/detail/low_state__traits.hpp
[3.353s] -- Installing: /home/p30039115276/TK_MOTOR_IGH/igh_example_2025_1229_CSP_CSV_CST/ros2_ws/install/dro_hg/include/dro_hg/dro_hg/msg/detail/motor_cmd__struct.hpp
[3.353s] -- Installing: /home/p30039115276/TK_MOTOR_IGH/igh_example_2025_1229_CSP_CSV_CST/ros2_ws/install/dro_hg/include/dro_hg/dro_hg/msg/detail/low_cmd__traits.hpp
[3.354s] -- Installing: /home/p30039115276/TK_MOTOR_IGH/igh_example_2025_1229_CSP_CSV_CST/ros2_ws/install/dro_hg/include/dro_hg/dro_hg/msg/detail/low_cmd__struct.hpp
[3.354s] -- Installing: /home/p30039115276/TK_MOTOR_IGH/igh_example_2025_1229_CSP_CSV_CST/ros2_ws/install/dro_hg/include/dro_hg/dro_hg/msg/detail/low_state__type_support.hpp
[3.354s] -- Installing: /home/p30039115276/TK_MOTOR_IGH/igh_example_2025_1229_CSP_CSV_CST/ros2_ws/install/dro_hg/include/dro_hg/dro_hg/msg/detail/motor_state__type_support.hpp
[3.354s] -- Installing: /home/p30039115276/TK_MOTOR_IGH/igh_example_2025_1229_CSP_CSV_CST/ros2_ws/install/dro_hg/include/dro_hg/dro_hg/msg/detail/motor_cmd__type_support.hpp
[3.354s] -- Installing: /home/p30039115276/TK_MOTOR_IGH/igh_example_2025_1229_CSP_CSV_CST/ros2_ws/install/dro_hg/include/dro_hg/dro_hg/msg/detail/low_cmd__builder.hpp
[3.354s] -- Installing: /home/p30039115276/TK_MOTOR_IGH/igh_example_2025_1229_CSP_CSV_CST/ros2_ws/install/dro_hg/include/dro_hg/dro_hg/msg/detail/low_state__struct.hpp
[3.354s] -- Installing: /home/p30039115276/TK_MOTOR_IGH/igh_example_2025_1229_CSP_CSV_CST/ros2_ws/install/dro_hg/include/dro_hg/dro_hg/msg/detail/motor_cmd__traits.hpp
[3.354s] -- Installing: /home/p30039115276/TK_MOTOR_IGH/igh_example_2025_1229_CSP_CSV_CST/ros2_ws/install/dro_hg/include/dro_hg/dro_hg/msg/detail/low_cmd__type_support.hpp
[3.354s] -- Installing: /home/p30039115276/TK_MOTOR_IGH/igh_example_2025_1229_CSP_CSV_CST/ros2_ws/install/dro_hg/include/dro_hg/dro_hg/msg/detail/low_state__builder.hpp
[3.354s] -- Installing: /home/p30039115276/TK_MOTOR_IGH/igh_example_2025_1229_CSP_CSV_CST/ros2_ws/install/dro_hg/include/dro_hg/dro_hg/msg/detail/motor_state__struct.hpp
[3.354s] -- Installing: /home/p30039115276/TK_MOTOR_IGH/igh_example_2025_1229_CSP_CSV_CST/ros2_ws/install/dro_hg/include/dro_hg/dro_hg/msg/low_state.hpp
[3.354s] -- Installing: /home/p30039115276/TK_MOTOR_IGH/igh_example_2025_1229_CSP_CSV_CST/ros2_ws/install/dro_hg/include/dro_hg/dro_hg/msg/rosidl_generator_cpp__visibility_control.hpp
[3.354s] -- Up-to-date: /home/p30039115276/TK_MOTOR_IGH/igh_example_2025_1229_CSP_CSV_CST/ros2_ws/install/dro_hg/include/dro_hg/dro_hg
[3.354s] -- Up-to-date: /home/p30039115276/TK_MOTOR_IGH/igh_example_2025_1229_CSP_CSV_CST/ros2_ws/install/dro_hg/include/dro_hg/dro_hg/msg
[3.354s] -- Up-to-date: /home/p30039115276/TK_MOTOR_IGH/igh_example_2025_1229_CSP_CSV_CST/ros2_ws/install/dro_hg/include/dro_hg/dro_hg/msg/detail
[3.354s] -- Installing: /home/p30039115276/TK_MOTOR_IGH/igh_example_2025_1229_CSP_CSV_CST/ros2_ws/install/dro_hg/include/dro_hg/dro_hg/msg/detail/low_cmd__rosidl_typesupport_fastrtps_cpp.hpp
[3.354s] -- Installing: /home/p30039115276/TK_MOTOR_IGH/igh_example_2025_1229_CSP_CSV_CST/ros2_ws/install/dro_hg/include/dro_hg/dro_hg/msg/detail/low_state__rosidl_typesupport_fastrtps_cpp.hpp
[3.354s] -- Installing: /home/p30039115276/TK_MOTOR_IGH/igh_example_2025_1229_CSP_CSV_CST/ros2_ws/install/dro_hg/include/dro_hg/dro_hg/msg/detail/motor_state__rosidl_typesupport_fastrtps_cpp.hpp
[3.354s] -- Installing: /home/p30039115276/TK_MOTOR_IGH/igh_example_2025_1229_CSP_CSV_CST/ros2_ws/install/dro_hg/include/dro_hg/dro_hg/msg/detail/motor_cmd__rosidl_typesupport_fastrtps_cpp.hpp
[3.354s] -- Installing: /home/p30039115276/TK_MOTOR_IGH/igh_example_2025_1229_CSP_CSV_CST/ros2_ws/install/dro_hg/include/dro_hg/dro_hg/msg/detail/dds_fastrtps
[3.354s] -- Installing: /home/p30039115276/TK_MOTOR_IGH/igh_example_2025_1229_CSP_CSV_CST/ros2_ws/install/dro_hg/include/dro_hg/dro_hg/msg/rosidl_typesupport_fastrtps_cpp__visibility_control.h
[3.354s] -- Installing: /home/p30039115276/TK_MOTOR_IGH/igh_example_2025_1229_CSP_CSV_CST/ros2_ws/install/dro_hg/lib/libdro_hg__rosidl_typesupport_fastrtps_cpp.so
[3.354s] -- Set non-toolchain portion of runtime path of "/home/p30039115276/TK_MOTOR_IGH/igh_example_2025_1229_CSP_CSV_CST/ros2_ws/install/dro_hg/lib/libdro_hg__rosidl_typesupport_fastrtps_cpp.so" to ""
[3.355s] -- Up-to-date: /home/p30039115276/TK_MOTOR_IGH/igh_example_2025_1229_CSP_CSV_CST/ros2_ws/install/dro_hg/include/dro_hg/dro_hg
[3.355s] -- Up-to-date: /home/p30039115276/TK_MOTOR_IGH/igh_example_2025_1229_CSP_CSV_CST/ros2_ws/install/dro_hg/include/dro_hg/dro_hg/msg
[3.355s] -- Up-to-date: /home/p30039115276/TK_MOTOR_IGH/igh_example_2025_1229_CSP_CSV_CST/ros2_ws/install/dro_hg/include/dro_hg/dro_hg/msg/detail
[3.355s] -- Installing: /home/p30039115276/TK_MOTOR_IGH/igh_example_2025_1229_CSP_CSV_CST/ros2_ws/install/dro_hg/include/dro_hg/dro_hg/msg/detail/motor_cmd__type_support.cpp
[3.355s] -- Installing: /home/p30039115276/TK_MOTOR_IGH/igh_example_2025_1229_CSP_CSV_CST/ros2_ws/install/dro_hg/include/dro_hg/dro_hg/msg/detail/low_cmd__rosidl_typesupport_introspection_cpp.hpp
[3.355s] -- Installing: /home/p30039115276/TK_MOTOR_IGH/igh_example_2025_1229_CSP_CSV_CST/ros2_ws/install/dro_hg/include/dro_hg/dro_hg/msg/detail/low_cmd__type_support.cpp
[3.355s] -- Installing: /home/p30039115276/TK_MOTOR_IGH/igh_example_2025_1229_CSP_CSV_CST/ros2_ws/install/dro_hg/include/dro_hg/dro_hg/msg/detail/motor_state__type_support.cpp
[3.355s] -- Installing: /home/p30039115276/TK_MOTOR_IGH/igh_example_2025_1229_CSP_CSV_CST/ros2_ws/install/dro_hg/include/dro_hg/dro_hg/msg/detail/low_state__type_support.cpp
[3.355s] -- Installing: /home/p30039115276/TK_MOTOR_IGH/igh_example_2025_1229_CSP_CSV_CST/ros2_ws/install/dro_hg/include/dro_hg/dro_hg/msg/detail/motor_state__rosidl_typesupport_introspection_cpp.hpp
[3.355s] -- Installing: /home/p30039115276/TK_MOTOR_IGH/igh_example_2025_1229_CSP_CSV_CST/ros2_ws/install/dro_hg/include/dro_hg/dro_hg/msg/detail/motor_cmd__rosidl_typesupport_introspection_cpp.hpp
[3.355s] -- Installing: /home/p30039115276/TK_MOTOR_IGH/igh_example_2025_1229_CSP_CSV_CST/ros2_ws/install/dro_hg/include/dro_hg/dro_hg/msg/detail/low_state__rosidl_typesupport_introspection_cpp.hpp
[3.356s] -- Installing: /home/p30039115276/TK_MOTOR_IGH/igh_example_2025_1229_CSP_CSV_CST/ros2_ws/install/dro_hg/lib/libdro_hg__rosidl_typesupport_introspection_cpp.so
[3.356s] -- Set non-toolchain portion of runtime path of "/home/p30039115276/TK_MOTOR_IGH/igh_example_2025_1229_CSP_CSV_CST/ros2_ws/install/dro_hg/lib/libdro_hg__rosidl_typesupport_introspection_cpp.so" to ""
[3.356s] -- Installing: /home/p30039115276/TK_MOTOR_IGH/igh_example_2025_1229_CSP_CSV_CST/ros2_ws/install/dro_hg/lib/libdro_hg__rosidl_typesupport_cpp.so
[3.356s] -- Set non-toolchain portion of runtime path of "/home/p30039115276/TK_MOTOR_IGH/igh_example_2025_1229_CSP_CSV_CST/ros2_ws/install/dro_hg/lib/libdro_hg__rosidl_typesupport_cpp.so" to ""
[3.356s] -- Installing: /home/p30039115276/TK_MOTOR_IGH/igh_example_2025_1229_CSP_CSV_CST/ros2_ws/install/dro_hg/share/dro_hg/environment/pythonpath.sh
[3.356s] -- Installing: /home/p30039115276/TK_MOTOR_IGH/igh_example_2025_1229_CSP_CSV_CST/ros2_ws/install/dro_hg/share/dro_hg/environment/pythonpath.dsv
[3.356s] -- Installing: /home/p30039115276/TK_MOTOR_IGH/igh_example_2025_1229_CSP_CSV_CST/ros2_ws/install/dro_hg/local/lib/python3.10/dist-packages/dro_hg-0.0.0-py3.10.egg-info
[3.356s] -- Installing: /home/p30039115276/TK_MOTOR_IGH/igh_example_2025_1229_CSP_CSV_CST/ros2_ws/install/dro_hg/local/lib/python3.10/dist-packages/dro_hg-0.0.0-py3.10.egg-info/SOURCES.txt
[3.356s] -- Installing: /home/p30039115276/TK_MOTOR_IGH/igh_example_2025_1229_CSP_CSV_CST/ros2_ws/install/dro_hg/local/lib/python3.10/dist-packages/dro_hg-0.0.0-py3.10.egg-info/dependency_links.txt
[3.356s] -- Installing: /home/p30039115276/TK_MOTOR_IGH/igh_example_2025_1229_CSP_CSV_CST/ros2_ws/install/dro_hg/local/lib/python3.10/dist-packages/dro_hg-0.0.0-py3.10.egg-info/PKG-INFO
[3.356s] -- Installing: /home/p30039115276/TK_MOTOR_IGH/igh_example_2025_1229_CSP_CSV_CST/ros2_ws/install/dro_hg/local/lib/python3.10/dist-packages/dro_hg-0.0.0-py3.10.egg-info/top_level.txt
[3.356s] -- Installing: /home/p30039115276/TK_MOTOR_IGH/igh_example_2025_1229_CSP_CSV_CST/ros2_ws/install/dro_hg/local/lib/python3.10/dist-packages/dro_hg
[3.356s] -- Installing: /home/p30039115276/TK_MOTOR_IGH/igh_example_2025_1229_CSP_CSV_CST/ros2_ws/install/dro_hg/local/lib/python3.10/dist-packages/dro_hg/msg
[3.356s] -- Installing: /home/p30039115276/TK_MOTOR_IGH/igh_example_2025_1229_CSP_CSV_CST/ros2_ws/install/dro_hg/local/lib/python3.10/dist-packages/dro_hg/msg/_low_cmd_s.c
[3.356s] -- Installing: /home/p30039115276/TK_MOTOR_IGH/igh_example_2025_1229_CSP_CSV_CST/ros2_ws/install/dro_hg/local/lib/python3.10/dist-packages/dro_hg/msg/_motor_cmd.py
[3.356s] -- Installing: /home/p30039115276/TK_MOTOR_IGH/igh_example_2025_1229_CSP_CSV_CST/ros2_ws/install/dro_hg/local/lib/python3.10/dist-packages/dro_hg/msg/_motor_cmd_s.c
[3.356s] -- Installing: /home/p30039115276/TK_MOTOR_IGH/igh_example_2025_1229_CSP_CSV_CST/ros2_ws/install/dro_hg/local/lib/python3.10/dist-packages/dro_hg/msg/_motor_state_s.c
[3.356s] -- Installing: /home/p30039115276/TK_MOTOR_IGH/igh_example_2025_1229_CSP_CSV_CST/ros2_ws/install/dro_hg/local/lib/python3.10/dist-packages/dro_hg/msg/_motor_state.py
[3.356s] -- Installing: /home/p30039115276/TK_MOTOR_IGH/igh_example_2025_1229_CSP_CSV_CST/ros2_ws/install/dro_hg/local/lib/python3.10/dist-packages/dro_hg/msg/_low_state.py
[3.356s] -- Installing: /home/p30039115276/TK_MOTOR_IGH/igh_example_2025_1229_CSP_CSV_CST/ros2_ws/install/dro_hg/local/lib/python3.10/dist-packages/dro_hg/msg/__init__.py
[3.356s] -- Installing: /home/p30039115276/TK_MOTOR_IGH/igh_example_2025_1229_CSP_CSV_CST/ros2_ws/install/dro_hg/local/lib/python3.10/dist-packages/dro_hg/msg/_low_cmd.py
[3.356s] -- Installing: /home/p30039115276/TK_MOTOR_IGH/igh_example_2025_1229_CSP_CSV_CST/ros2_ws/install/dro_hg/local/lib/python3.10/dist-packages/dro_hg/msg/_low_state_s.c
[3.356s] -- Installing: /home/p30039115276/TK_MOTOR_IGH/igh_example_2025_1229_CSP_CSV_CST/ros2_ws/install/dro_hg/local/lib/python3.10/dist-packages/dro_hg/dro_hg_s__rosidl_typesupport_fastrtps_c.cpython-310-x86_64-linux-gnu.so
[3.356s] -- Installing: /home/p30039115276/TK_MOTOR_IGH/igh_example_2025_1229_CSP_CSV_CST/ros2_ws/install/dro_hg/local/lib/python3.10/dist-packages/dro_hg/_dro_hg_s.ep.rosidl_typesupport_introspection_c.c
[3.356s] -- Installing: /home/p30039115276/TK_MOTOR_IGH/igh_example_2025_1229_CSP_CSV_CST/ros2_ws/install/dro_hg/local/lib/python3.10/dist-packages/dro_hg/_dro_hg_s.ep.rosidl_typesupport_c.c
[3.356s] -- Installing: /home/p30039115276/TK_MOTOR_IGH/igh_example_2025_1229_CSP_CSV_CST/ros2_ws/install/dro_hg/local/lib/python3.10/dist-packages/dro_hg/__init__.py
[3.357s] -- Installing: /home/p30039115276/TK_MOTOR_IGH/igh_example_2025_1229_CSP_CSV_CST/ros2_ws/install/dro_hg/local/lib/python3.10/dist-packages/dro_hg/dro_hg_s__rosidl_typesupport_c.cpython-310-x86_64-linux-gnu.so
[3.357s] -- Installing: /home/p30039115276/TK_MOTOR_IGH/igh_example_2025_1229_CSP_CSV_CST/ros2_ws/install/dro_hg/local/lib/python3.10/dist-packages/dro_hg/_dro_hg_s.ep.rosidl_typesupport_fastrtps_c.c
[3.357s] -- Installing: /home/p30039115276/TK_MOTOR_IGH/igh_example_2025_1229_CSP_CSV_CST/ros2_ws/install/dro_hg/local/lib/python3.10/dist-packages/dro_hg/libdro_hg__rosidl_generator_py.so
[3.357s] -- Installing: /home/p30039115276/TK_MOTOR_IGH/igh_example_2025_1229_CSP_CSV_CST/ros2_ws/install/dro_hg/local/lib/python3.10/dist-packages/dro_hg/dro_hg_s__rosidl_typesupport_introspection_c.cpython-310-x86_64-linux-gnu.so
[3.380s] Listing '/home/p30039115276/TK_MOTOR_IGH/igh_example_2025_1229_CSP_CSV_CST/ros2_ws/install/dro_hg/local/lib/python3.10/dist-packages/dro_hg'...
[3.380s] Compiling '/home/p30039115276/TK_MOTOR_IGH/igh_example_2025_1229_CSP_CSV_CST/ros2_ws/install/dro_hg/local/lib/python3.10/dist-packages/dro_hg/__init__.py'...
[3.380s] Listing '/home/p30039115276/TK_MOTOR_IGH/igh_example_2025_1229_CSP_CSV_CST/ros2_ws/install/dro_hg/local/lib/python3.10/dist-packages/dro_hg/msg'...
[3.380s] Compiling '/home/p30039115276/TK_MOTOR_IGH/igh_example_2025_1229_CSP_CSV_CST/ros2_ws/install/dro_hg/local/lib/python3.10/dist-packages/dro_hg/msg/__init__.py'...
[3.380s] Compiling '/home/p30039115276/TK_MOTOR_IGH/igh_example_2025_1229_CSP_CSV_CST/ros2_ws/install/dro_hg/local/lib/python3.10/dist-packages/dro_hg/msg/_low_cmd.py'...
[3.380s] Compiling '/home/p30039115276/TK_MOTOR_IGH/igh_example_2025_1229_CSP_CSV_CST/ros2_ws/install/dro_hg/local/lib/python3.10/dist-packages/dro_hg/msg/_low_state.py'...
[3.380s] Compiling '/home/p30039115276/TK_MOTOR_IGH/igh_example_2025_1229_CSP_CSV_CST/ros2_ws/install/dro_hg/local/lib/python3.10/dist-packages/dro_hg/msg/_motor_cmd.py'...
[3.380s] Compiling '/home/p30039115276/TK_MOTOR_IGH/igh_example_2025_1229_CSP_CSV_CST/ros2_ws/install/dro_hg/local/lib/python3.10/dist-packages/dro_hg/msg/_motor_state.py'...
[3.385s] -- Installing: /home/p30039115276/TK_MOTOR_IGH/igh_example_2025_1229_CSP_CSV_CST/ros2_ws/install/dro_hg/local/lib/python3.10/dist-packages/dro_hg/dro_hg_s__rosidl_typesupport_fastrtps_c.cpython-310-x86_64-linux-gnu.so
[3.385s] -- Set non-toolchain portion of runtime path of "/home/p30039115276/TK_MOTOR_IGH/igh_example_2025_1229_CSP_CSV_CST/ros2_ws/install/dro_hg/local/lib/python3.10/dist-packages/dro_hg/dro_hg_s__rosidl_typesupport_fastrtps_c.cpython-310-x86_64-linux-gnu.so" to ""
[3.385s] -- Installing: /home/p30039115276/TK_MOTOR_IGH/igh_example_2025_1229_CSP_CSV_CST/ros2_ws/install/dro_hg/local/lib/python3.10/dist-packages/dro_hg/dro_hg_s__rosidl_typesupport_introspection_c.cpython-310-x86_64-linux-gnu.so
[3.385s] -- Set non-toolchain portion of runtime path of "/home/p30039115276/TK_MOTOR_IGH/igh_example_2025_1229_CSP_CSV_CST/ros2_ws/install/dro_hg/local/lib/python3.10/dist-packages/dro_hg/dro_hg_s__rosidl_typesupport_introspection_c.cpython-310-x86_64-linux-gnu.so" to ""
[3.385s] -- Installing: /home/p30039115276/TK_MOTOR_IGH/igh_example_2025_1229_CSP_CSV_CST/ros2_ws/install/dro_hg/local/lib/python3.10/dist-packages/dro_hg/dro_hg_s__rosidl_typesupport_c.cpython-310-x86_64-linux-gnu.so
[3.385s] -- Set non-toolchain portion of runtime path of "/home/p30039115276/TK_MOTOR_IGH/igh_example_2025_1229_CSP_CSV_CST/ros2_ws/install/dro_hg/local/lib/python3.10/dist-packages/dro_hg/dro_hg_s__rosidl_typesupport_c.cpython-310-x86_64-linux-gnu.so" to ""
[3.386s] -- Installing: /home/p30039115276/TK_MOTOR_IGH/igh_example_2025_1229_CSP_CSV_CST/ros2_ws/install/dro_hg/lib/libdro_hg__rosidl_generator_py.so
[3.386s] -- Set non-toolchain portion of runtime path of "/home/p30039115276/TK_MOTOR_IGH/igh_example_2025_1229_CSP_CSV_CST/ros2_ws/install/dro_hg/lib/libdro_hg__rosidl_generator_py.so" to ""
[3.386s] -- Installing: /home/p30039115276/TK_MOTOR_IGH/igh_example_2025_1229_CSP_CSV_CST/ros2_ws/install/dro_hg/share/dro_hg/msg/LowState.idl
[3.386s] -- Installing: /home/p30039115276/TK_MOTOR_IGH/igh_example_2025_1229_CSP_CSV_CST/ros2_ws/install/dro_hg/share/dro_hg/msg/MotorCmd.idl
[3.386s] -- Installing: /home/p30039115276/TK_MOTOR_IGH/igh_example_2025_1229_CSP_CSV_CST/ros2_ws/install/dro_hg/share/dro_hg/msg/LowCmd.idl
[3.386s] -- Installing: /home/p30039115276/TK_MOTOR_IGH/igh_example_2025_1229_CSP_CSV_CST/ros2_ws/install/dro_hg/share/dro_hg/msg/MotorState.idl
[3.386s] -- Installing: /home/p30039115276/TK_MOTOR_IGH/igh_example_2025_1229_CSP_CSV_CST/ros2_ws/install/dro_hg/share/dro_hg/msg/LowState.msg
[3.386s] -- Installing: /home/p30039115276/TK_MOTOR_IGH/igh_example_2025_1229_CSP_CSV_CST/ros2_ws/install/dro_hg/share/dro_hg/msg/MotorCmd.msg
[3.386s] -- Installing: /home/p30039115276/TK_MOTOR_IGH/igh_example_2025_1229_CSP_CSV_CST/ros2_ws/install/dro_hg/share/dro_hg/msg/LowCmd.msg
[3.386s] -- Installing: /home/p30039115276/TK_MOTOR_IGH/igh_example_2025_1229_CSP_CSV_CST/ros2_ws/install/dro_hg/share/dro_hg/msg/MotorState.msg
[3.386s] -- Installing: /home/p30039115276/TK_MOTOR_IGH/igh_example_2025_1229_CSP_CSV_CST/ros2_ws/install/dro_hg/share/ament_index/resource_index/package_run_dependencies/dro_hg
[3.386s] -- Installing: /home/p30039115276/TK_MOTOR_IGH/igh_example_2025_1229_CSP_CSV_CST/ros2_ws/install/dro_hg/share/ament_index/resource_index/parent_prefix_path/dro_hg
[3.386s] -- Installing: /home/p30039115276/TK_MOTOR_IGH/igh_example_2025_1229_CSP_CSV_CST/ros2_ws/install/dro_hg/share/dro_hg/environment/ament_prefix_path.sh
[3.386s] -- Installing: /home/p30039115276/TK_MOTOR_IGH/igh_example_2025_1229_CSP_CSV_CST/ros2_ws/install/dro_hg/share/dro_hg/environment/ament_prefix_path.dsv
[3.387s] -- Installing: /home/p30039115276/TK_MOTOR_IGH/igh_example_2025_1229_CSP_CSV_CST/ros2_ws/install/dro_hg/share/dro_hg/environment/path.sh
[3.387s] -- Installing: /home/p30039115276/TK_MOTOR_IGH/igh_example_2025_1229_CSP_CSV_CST/ros2_ws/install/dro_hg/share/dro_hg/environment/path.dsv
[3.387s] -- Installing: /home/p30039115276/TK_MOTOR_IGH/igh_example_2025_1229_CSP_CSV_CST/ros2_ws/install/dro_hg/share/dro_hg/local_setup.bash
[3.387s] -- Installing: /home/p30039115276/TK_MOTOR_IGH/igh_example_2025_1229_CSP_CSV_CST/ros2_ws/install/dro_hg/share/dro_hg/local_setup.sh
[3.387s] -- Installing: /home/p30039115276/TK_MOTOR_IGH/igh_example_2025_1229_CSP_CSV_CST/ros2_ws/install/dro_hg/share/dro_hg/local_setup.zsh
[3.387s] -- Installing: /home/p30039115276/TK_MOTOR_IGH/igh_example_2025_1229_CSP_CSV_CST/ros2_ws/install/dro_hg/share/dro_hg/local_setup.dsv
[3.387s] -- Installing: /home/p30039115276/TK_MOTOR_IGH/igh_example_2025_1229_CSP_CSV_CST/ros2_ws/install/dro_hg/share/dro_hg/package.dsv
[3.387s] -- Installing: /home/p30039115276/TK_MOTOR_IGH/igh_example_2025_1229_CSP_CSV_CST/ros2_ws/install/dro_hg/share/ament_index/resource_index/packages/dro_hg
[3.387s] -- Installing: /home/p30039115276/TK_MOTOR_IGH/igh_example_2025_1229_CSP_CSV_CST/ros2_ws/install/dro_hg/share/dro_hg/cmake/export_dro_hg__rosidl_generator_cExport.cmake
[3.387s] -- Installing: /home/p30039115276/TK_MOTOR_IGH/igh_example_2025_1229_CSP_CSV_CST/ros2_ws/install/dro_hg/share/dro_hg/cmake/export_dro_hg__rosidl_generator_cExport-noconfig.cmake
[3.387s] -- Installing: /home/p30039115276/TK_MOTOR_IGH/igh_example_2025_1229_CSP_CSV_CST/ros2_ws/install/dro_hg/share/dro_hg/cmake/export_dro_hg__rosidl_typesupport_fastrtps_cExport.cmake
[3.387s] -- Installing: /home/p30039115276/TK_MOTOR_IGH/igh_example_2025_1229_CSP_CSV_CST/ros2_ws/install/dro_hg/share/dro_hg/cmake/export_dro_hg__rosidl_typesupport_fastrtps_cExport-noconfig.cmake
[3.387s] -- Installing: /home/p30039115276/TK_MOTOR_IGH/igh_example_2025_1229_CSP_CSV_CST/ros2_ws/install/dro_hg/share/dro_hg/cmake/dro_hg__rosidl_typesupport_introspection_cExport.cmake
[3.387s] -- Installing: /home/p30039115276/TK_MOTOR_IGH/igh_example_2025_1229_CSP_CSV_CST/ros2_ws/install/dro_hg/share/dro_hg/cmake/dro_hg__rosidl_typesupport_introspection_cExport-noconfig.cmake
[3.388s] -- Installing: /home/p30039115276/TK_MOTOR_IGH/igh_example_2025_1229_CSP_CSV_CST/ros2_ws/install/dro_hg/share/dro_hg/cmake/dro_hg__rosidl_typesupport_cExport.cmake
[3.388s] -- Installing: /home/p30039115276/TK_MOTOR_IGH/igh_example_2025_1229_CSP_CSV_CST/ros2_ws/install/dro_hg/share/dro_hg/cmake/dro_hg__rosidl_typesupport_cExport-noconfig.cmake
[3.388s] -- Installing: /home/p30039115276/TK_MOTOR_IGH/igh_example_2025_1229_CSP_CSV_CST/ros2_ws/install/dro_hg/share/dro_hg/cmake/export_dro_hg__rosidl_generator_cppExport.cmake
[3.388s] -- Installing: /home/p30039115276/TK_MOTOR_IGH/igh_example_2025_1229_CSP_CSV_CST/ros2_ws/install/dro_hg/share/dro_hg/cmake/export_dro_hg__rosidl_typesupport_fastrtps_cppExport.cmake
[3.388s] -- Installing: /home/p30039115276/TK_MOTOR_IGH/igh_example_2025_1229_CSP_CSV_CST/ros2_ws/install/dro_hg/share/dro_hg/cmake/export_dro_hg__rosidl_typesupport_fastrtps_cppExport-noconfig.cmake
[3.388s] -- Installing: /home/p30039115276/TK_MOTOR_IGH/igh_example_2025_1229_CSP_CSV_CST/ros2_ws/install/dro_hg/share/dro_hg/cmake/dro_hg__rosidl_typesupport_introspection_cppExport.cmake
[3.388s] -- Installing: /home/p30039115276/TK_MOTOR_IGH/igh_example_2025_1229_CSP_CSV_CST/ros2_ws/install/dro_hg/share/dro_hg/cmake/dro_hg__rosidl_typesupport_introspection_cppExport-noconfig.cmake
[3.388s] -- Installing: /home/p30039115276/TK_MOTOR_IGH/igh_example_2025_1229_CSP_CSV_CST/ros2_ws/install/dro_hg/share/dro_hg/cmake/dro_hg__rosidl_typesupport_cppExport.cmake
[3.388s] -- Installing: /home/p30039115276/TK_MOTOR_IGH/igh_example_2025_1229_CSP_CSV_CST/ros2_ws/install/dro_hg/share/dro_hg/cmake/dro_hg__rosidl_typesupport_cppExport-noconfig.cmake
[3.388s] -- Installing: /home/p30039115276/TK_MOTOR_IGH/igh_example_2025_1229_CSP_CSV_CST/ros2_ws/install/dro_hg/share/dro_hg/cmake/export_dro_hg__rosidl_generator_pyExport.cmake
[3.389s] -- Installing: /home/p30039115276/TK_MOTOR_IGH/igh_example_2025_1229_CSP_CSV_CST/ros2_ws/install/dro_hg/share/dro_hg/cmake/export_dro_hg__rosidl_generator_pyExport-noconfig.cmake
[3.389s] -- Installing: /home/p30039115276/TK_MOTOR_IGH/igh_example_2025_1229_CSP_CSV_CST/ros2_ws/install/dro_hg/share/dro_hg/cmake/rosidl_cmake-extras.cmake
[3.389s] -- Installing: /home/p30039115276/TK_MOTOR_IGH/igh_example_2025_1229_CSP_CSV_CST/ros2_ws/install/dro_hg/share/dro_hg/cmake/ament_cmake_export_dependencies-extras.cmake
[3.389s] -- Installing: /home/p30039115276/TK_MOTOR_IGH/igh_example_2025_1229_CSP_CSV_CST/ros2_ws/install/dro_hg/share/dro_hg/cmake/ament_cmake_export_include_directories-extras.cmake
[3.389s] -- Installing: /home/p30039115276/TK_MOTOR_IGH/igh_example_2025_1229_CSP_CSV_CST/ros2_ws/install/dro_hg/share/dro_hg/cmake/ament_cmake_export_libraries-extras.cmake
[3.389s] -- Installing: /home/p30039115276/TK_MOTOR_IGH/igh_example_2025_1229_CSP_CSV_CST/ros2_ws/install/dro_hg/share/dro_hg/cmake/ament_cmake_export_targets-extras.cmake
[3.389s] -- Installing: /home/p30039115276/TK_MOTOR_IGH/igh_example_2025_1229_CSP_CSV_CST/ros2_ws/install/dro_hg/share/dro_hg/cmake/rosidl_cmake_export_typesupport_targets-extras.cmake
[3.390s] -- Installing: /home/p30039115276/TK_MOTOR_IGH/igh_example_2025_1229_CSP_CSV_CST/ros2_ws/install/dro_hg/share/dro_hg/cmake/rosidl_cmake_export_typesupport_libraries-extras.cmake
[3.390s] -- Installing: /home/p30039115276/TK_MOTOR_IGH/igh_example_2025_1229_CSP_CSV_CST/ros2_ws/install/dro_hg/share/dro_hg/cmake/dro_hgConfig.cmake
[3.390s] -- Installing: /home/p30039115276/TK_MOTOR_IGH/igh_example_2025_1229_CSP_CSV_CST/ros2_ws/install/dro_hg/share/dro_hg/cmake/dro_hgConfig-version.cmake
[3.390s] -- Installing: /home/p30039115276/TK_MOTOR_IGH/igh_example_2025_1229_CSP_CSV_CST/ros2_ws/install/dro_hg/share/dro_hg/package.xml
[3.391s] Invoked command in '/home/p30039115276/TK_MOTOR_IGH/igh_example_2025_1229_CSP_CSV_CST/ros2_ws/build/dro_hg' returned '0': CMAKE_PREFIX_PATH=/opt/ros/humble /usr/bin/cmake --install /home/p30039115276/TK_MOTOR_IGH/igh_example_2025_1229_CSP_CSV_CST/ros2_ws/build/dro_hg
