[0.009s] Invoking command in '/home/p30039115276/TK_MOTOR_IGH/igh_example_2025_1229_CSP_CSV_CST/ros2_ws/build/arm_control': CMAKE_PREFIX_PATH=${CMAKE_PREFIX_PATH}:/opt/ros/humble /usr/bin/cmake --build /home/p30039115276/TK_MOTOR_IGH/igh_example_2025_1229_CSP_CSV_CST/ros2_ws/build/arm_control -- -j22 -l22
[0.032s] [  1%] Built target arm_control__cpp
[0.034s] [  1%] Built target ament_cmake_python_copy_arm_control
[0.035s] [ 12%] Built target arm_control__rosidl_generator_c
[0.042s] [ 23%] Built target arm_control__rosidl_typesupport_introspection_cpp
[0.042s] [ 41%] Built target arm_control__rosidl_typesupport_fastrtps_c
[0.043s] [ 45%] Built target arm_control__rosidl_typesupport_introspection_c
[0.044s] [ 56%] Built target arm_control__rosidl_typesupport_c
[0.045s] [ 67%] Built target arm_control__rosidl_typesupport_cpp
[0.046s] [ 78%] Built target arm_control__rosidl_typesupport_fastrtps_cpp
[0.055s] [ 78%] Built target arm_control
[0.065s] [ 80%] Built target arm_control__py
[0.078s] [ 89%] Built target arm_control__rosidl_generator_py
[0.089s] [ 96%] Built target arm_control__rosidl_typesupport_c__pyext
[0.089s] [ 96%] Built target arm_control__rosidl_typesupport_introspection_c__pyext
[0.089s] [100%] Built target arm_control__rosidl_typesupport_fastrtps_c__pyext
[0.168s] running egg_info
[0.180s] writing arm_control.egg-info/PKG-INFO
[0.180s] writing dependency_links to arm_control.egg-info/dependency_links.txt
[0.180s] writing top-level names to arm_control.egg-info/top_level.txt
[0.215s] reading manifest file 'arm_control.egg-info/SOURCES.txt'
[0.216s] writing manifest file 'arm_control.egg-info/SOURCES.txt'
[0.233s] [100%] Built target ament_cmake_python_build_arm_control_egg
[0.238s] Invoked command in '/home/p30039115276/TK_MOTOR_IGH/igh_example_2025_1229_CSP_CSV_CST/ros2_ws/build/arm_control' returned '0': CMAKE_PREFIX_PATH=${CMAKE_PREFIX_PATH}:/opt/ros/humble /usr/bin/cmake --build /home/p30039115276/TK_MOTOR_IGH/igh_example_2025_1229_CSP_CSV_CST/ros2_ws/build/arm_control -- -j22 -l22
[0.243s] Invoking command in '/home/p30039115276/TK_MOTOR_IGH/igh_example_2025_1229_CSP_CSV_CST/ros2_ws/build/arm_control': CMAKE_PREFIX_PATH=${CMAKE_PREFIX_PATH}:/opt/ros/humble /usr/bin/cmake --install /home/p30039115276/TK_MOTOR_IGH/igh_example_2025_1229_CSP_CSV_CST/ros2_ws/build/arm_control
[0.246s] -- Install configuration: ""
[0.246s] -- Up-to-date: /home/p30039115276/TK_MOTOR_IGH/igh_example_2025_1229_CSP_CSV_CST/ros2_ws/install/arm_control/share/ament_index/resource_index/rosidl_interfaces/arm_control
[0.247s] -- Up-to-date: /home/p30039115276/TK_MOTOR_IGH/igh_example_2025_1229_CSP_CSV_CST/ros2_ws/install/arm_control/include/arm_control/arm_control
[0.247s] -- Up-to-date: /home/p30039115276/TK_MOTOR_IGH/igh_example_2025_1229_CSP_CSV_CST/ros2_ws/install/arm_control/include/arm_control/arm_control/msg
[0.247s] -- Up-to-date: /home/p30039115276/TK_MOTOR_IGH/igh_example_2025_1229_CSP_CSV_CST/ros2_ws/install/arm_control/include/arm_control/arm_control/msg/motor_state.h
[0.247s] -- Up-to-date: /home/p30039115276/TK_MOTOR_IGH/igh_example_2025_1229_CSP_CSV_CST/ros2_ws/install/arm_control/include/arm_control/arm_control/msg/detail
[0.247s] -- Up-to-date: /home/p30039115276/TK_MOTOR_IGH/igh_example_2025_1229_CSP_CSV_CST/ros2_ws/install/arm_control/include/arm_control/arm_control/msg/detail/low_cmd__functions.h
[0.247s] -- Up-to-date: /home/p30039115276/TK_MOTOR_IGH/igh_example_2025_1229_CSP_CSV_CST/ros2_ws/install/arm_control/include/arm_control/arm_control/msg/detail/low_cmd__struct.h
[0.247s] -- Up-to-date: /home/p30039115276/TK_MOTOR_IGH/igh_example_2025_1229_CSP_CSV_CST/ros2_ws/install/arm_control/include/arm_control/arm_control/msg/detail/motor_cmd__type_support.h
[0.248s] -- Up-to-date: /home/p30039115276/TK_MOTOR_IGH/igh_example_2025_1229_CSP_CSV_CST/ros2_ws/install/arm_control/include/arm_control/arm_control/msg/detail/low_state__functions.c
[0.248s] -- Up-to-date: /home/p30039115276/TK_MOTOR_IGH/igh_example_2025_1229_CSP_CSV_CST/ros2_ws/install/arm_control/include/arm_control/arm_control/msg/detail/low_state__struct.h
[0.248s] -- Up-to-date: /home/p30039115276/TK_MOTOR_IGH/igh_example_2025_1229_CSP_CSV_CST/ros2_ws/install/arm_control/include/arm_control/arm_control/msg/detail/motor_cmd__struct.h
[0.248s] -- Up-to-date: /home/p30039115276/TK_MOTOR_IGH/igh_example_2025_1229_CSP_CSV_CST/ros2_ws/install/arm_control/include/arm_control/arm_control/msg/detail/low_state__functions.h
[0.248s] -- Up-to-date: /home/p30039115276/TK_MOTOR_IGH/igh_example_2025_1229_CSP_CSV_CST/ros2_ws/install/arm_control/include/arm_control/arm_control/msg/detail/motor_state__functions.c
[0.248s] -- Up-to-date: /home/p30039115276/TK_MOTOR_IGH/igh_example_2025_1229_CSP_CSV_CST/ros2_ws/install/arm_control/include/arm_control/arm_control/msg/detail/motor_state__struct.h
[0.248s] -- Up-to-date: /home/p30039115276/TK_MOTOR_IGH/igh_example_2025_1229_CSP_CSV_CST/ros2_ws/install/arm_control/include/arm_control/arm_control/msg/detail/low_cmd__functions.c
[0.248s] -- Up-to-date: /home/p30039115276/TK_MOTOR_IGH/igh_example_2025_1229_CSP_CSV_CST/ros2_ws/install/arm_control/include/arm_control/arm_control/msg/detail/low_state__type_support.h
[0.248s] -- Up-to-date: /home/p30039115276/TK_MOTOR_IGH/igh_example_2025_1229_CSP_CSV_CST/ros2_ws/install/arm_control/include/arm_control/arm_control/msg/detail/motor_state__functions.h
[0.248s] -- Up-to-date: /home/p30039115276/TK_MOTOR_IGH/igh_example_2025_1229_CSP_CSV_CST/ros2_ws/install/arm_control/include/arm_control/arm_control/msg/detail/motor_state__type_support.h
[0.248s] -- Up-to-date: /home/p30039115276/TK_MOTOR_IGH/igh_example_2025_1229_CSP_CSV_CST/ros2_ws/install/arm_control/include/arm_control/arm_control/msg/detail/motor_cmd__functions.h
[0.248s] -- Up-to-date: /home/p30039115276/TK_MOTOR_IGH/igh_example_2025_1229_CSP_CSV_CST/ros2_ws/install/arm_control/include/arm_control/arm_control/msg/detail/low_cmd__type_support.h
[0.248s] -- Up-to-date: /home/p30039115276/TK_MOTOR_IGH/igh_example_2025_1229_CSP_CSV_CST/ros2_ws/install/arm_control/include/arm_control/arm_control/msg/detail/motor_cmd__functions.c
[0.248s] -- Up-to-date: /home/p30039115276/TK_MOTOR_IGH/igh_example_2025_1229_CSP_CSV_CST/ros2_ws/install/arm_control/include/arm_control/arm_control/msg/low_cmd.h
[0.248s] -- Up-to-date: /home/p30039115276/TK_MOTOR_IGH/igh_example_2025_1229_CSP_CSV_CST/ros2_ws/install/arm_control/include/arm_control/arm_control/msg/motor_cmd.h
[0.248s] -- Up-to-date: /home/p30039115276/TK_MOTOR_IGH/igh_example_2025_1229_CSP_CSV_CST/ros2_ws/install/arm_control/include/arm_control/arm_control/msg/low_state.h
[0.248s] -- Up-to-date: /home/p30039115276/TK_MOTOR_IGH/igh_example_2025_1229_CSP_CSV_CST/ros2_ws/install/arm_control/include/arm_control/arm_control/msg/rosidl_generator_c__visibility_control.h
[0.248s] -- Up-to-date: /home/p30039115276/TK_MOTOR_IGH/igh_example_2025_1229_CSP_CSV_CST/ros2_ws/install/arm_control/share/arm_control/environment/library_path.sh
[0.248s] -- Up-to-date: /home/p30039115276/TK_MOTOR_IGH/igh_example_2025_1229_CSP_CSV_CST/ros2_ws/install/arm_control/share/arm_control/environment/library_path.dsv
[0.248s] -- Up-to-date: /home/p30039115276/TK_MOTOR_IGH/igh_example_2025_1229_CSP_CSV_CST/ros2_ws/install/arm_control/lib/libarm_control__rosidl_generator_c.so
[0.249s] -- Up-to-date: /home/p30039115276/TK_MOTOR_IGH/igh_example_2025_1229_CSP_CSV_CST/ros2_ws/install/arm_control/include/arm_control/arm_control
[0.249s] -- Up-to-date: /home/p30039115276/TK_MOTOR_IGH/igh_example_2025_1229_CSP_CSV_CST/ros2_ws/install/arm_control/include/arm_control/arm_control/msg
[0.249s] -- Up-to-date: /home/p30039115276/TK_MOTOR_IGH/igh_example_2025_1229_CSP_CSV_CST/ros2_ws/install/arm_control/include/arm_control/arm_control/msg/rosidl_typesupport_fastrtps_c__visibility_control.h
[0.249s] -- Up-to-date: /home/p30039115276/TK_MOTOR_IGH/igh_example_2025_1229_CSP_CSV_CST/ros2_ws/install/arm_control/include/arm_control/arm_control/msg/detail
[0.249s] -- Up-to-date: /home/p30039115276/TK_MOTOR_IGH/igh_example_2025_1229_CSP_CSV_CST/ros2_ws/install/arm_control/include/arm_control/arm_control/msg/detail/low_state__rosidl_typesupport_fastrtps_c.h
[0.249s] -- Up-to-date: /home/p30039115276/TK_MOTOR_IGH/igh_example_2025_1229_CSP_CSV_CST/ros2_ws/install/arm_control/include/arm_control/arm_control/msg/detail/motor_state__rosidl_typesupport_fastrtps_c.h
[0.249s] -- Up-to-date: /home/p30039115276/TK_MOTOR_IGH/igh_example_2025_1229_CSP_CSV_CST/ros2_ws/install/arm_control/include/arm_control/arm_control/msg/detail/motor_cmd__rosidl_typesupport_fastrtps_c.h
[0.249s] -- Up-to-date: /home/p30039115276/TK_MOTOR_IGH/igh_example_2025_1229_CSP_CSV_CST/ros2_ws/install/arm_control/include/arm_control/arm_control/msg/detail/low_cmd__rosidl_typesupport_fastrtps_c.h
[0.249s] -- Up-to-date: /home/p30039115276/TK_MOTOR_IGH/igh_example_2025_1229_CSP_CSV_CST/ros2_ws/install/arm_control/lib/libarm_control__rosidl_typesupport_fastrtps_c.so
[0.249s] -- Up-to-date: /home/p30039115276/TK_MOTOR_IGH/igh_example_2025_1229_CSP_CSV_CST/ros2_ws/install/arm_control/include/arm_control/arm_control
[0.249s] -- Up-to-date: /home/p30039115276/TK_MOTOR_IGH/igh_example_2025_1229_CSP_CSV_CST/ros2_ws/install/arm_control/include/arm_control/arm_control/msg
[0.249s] -- Up-to-date: /home/p30039115276/TK_MOTOR_IGH/igh_example_2025_1229_CSP_CSV_CST/ros2_ws/install/arm_control/include/arm_control/arm_control/msg/rosidl_typesupport_introspection_c__visibility_control.h
[0.249s] -- Up-to-date: /home/p30039115276/TK_MOTOR_IGH/igh_example_2025_1229_CSP_CSV_CST/ros2_ws/install/arm_control/include/arm_control/arm_control/msg/detail
[0.249s] -- Up-to-date: /home/p30039115276/TK_MOTOR_IGH/igh_example_2025_1229_CSP_CSV_CST/ros2_ws/install/arm_control/include/arm_control/arm_control/msg/detail/low_state__type_support.c
[0.249s] -- Up-to-date: /home/p30039115276/TK_MOTOR_IGH/igh_example_2025_1229_CSP_CSV_CST/ros2_ws/install/arm_control/include/arm_control/arm_control/msg/detail/low_cmd__type_support.c
[0.249s] -- Up-to-date: /home/p30039115276/TK_MOTOR_IGH/igh_example_2025_1229_CSP_CSV_CST/ros2_ws/install/arm_control/include/arm_control/arm_control/msg/detail/motor_state__type_support.c
[0.249s] -- Up-to-date: /home/p30039115276/TK_MOTOR_IGH/igh_example_2025_1229_CSP_CSV_CST/ros2_ws/install/arm_control/include/arm_control/arm_control/msg/detail/low_cmd__rosidl_typesupport_introspection_c.h
[0.249s] -- Up-to-date: /home/p30039115276/TK_MOTOR_IGH/igh_example_2025_1229_CSP_CSV_CST/ros2_ws/install/arm_control/include/arm_control/arm_control/msg/detail/low_state__rosidl_typesupport_introspection_c.h
[0.249s] -- Up-to-date: /home/p30039115276/TK_MOTOR_IGH/igh_example_2025_1229_CSP_CSV_CST/ros2_ws/install/arm_control/include/arm_control/arm_control/msg/detail/motor_cmd__type_support.c
[0.249s] -- Up-to-date: /home/p30039115276/TK_MOTOR_IGH/igh_example_2025_1229_CSP_CSV_CST/ros2_ws/install/arm_control/include/arm_control/arm_control/msg/detail/motor_state__rosidl_typesupport_introspection_c.h
[0.249s] -- Up-to-date: /home/p30039115276/TK_MOTOR_IGH/igh_example_2025_1229_CSP_CSV_CST/ros2_ws/install/arm_control/include/arm_control/arm_control/msg/detail/motor_cmd__rosidl_typesupport_introspection_c.h
[0.249s] -- Up-to-date: /home/p30039115276/TK_MOTOR_IGH/igh_example_2025_1229_CSP_CSV_CST/ros2_ws/install/arm_control/lib/libarm_control__rosidl_typesupport_introspection_c.so
[0.249s] -- Up-to-date: /home/p30039115276/TK_MOTOR_IGH/igh_example_2025_1229_CSP_CSV_CST/ros2_ws/install/arm_control/lib/libarm_control__rosidl_typesupport_c.so
[0.249s] -- Up-to-date: /home/p30039115276/TK_MOTOR_IGH/igh_example_2025_1229_CSP_CSV_CST/ros2_ws/install/arm_control/include/arm_control/arm_control
[0.249s] -- Up-to-date: /home/p30039115276/TK_MOTOR_IGH/igh_example_2025_1229_CSP_CSV_CST/ros2_ws/install/arm_control/include/arm_control/arm_control/msg
[0.249s] -- Up-to-date: /home/p30039115276/TK_MOTOR_IGH/igh_example_2025_1229_CSP_CSV_CST/ros2_ws/install/arm_control/include/arm_control/arm_control/msg/motor_cmd.hpp
[0.249s] -- Up-to-date: /home/p30039115276/TK_MOTOR_IGH/igh_example_2025_1229_CSP_CSV_CST/ros2_ws/install/arm_control/include/arm_control/arm_control/msg/motor_state.hpp
[0.249s] -- Up-to-date: /home/p30039115276/TK_MOTOR_IGH/igh_example_2025_1229_CSP_CSV_CST/ros2_ws/install/arm_control/include/arm_control/arm_control/msg/low_cmd.hpp
[0.249s] -- Up-to-date: /home/p30039115276/TK_MOTOR_IGH/igh_example_2025_1229_CSP_CSV_CST/ros2_ws/install/arm_control/include/arm_control/arm_control/msg/detail
[0.250s] -- Up-to-date: /home/p30039115276/TK_MOTOR_IGH/igh_example_2025_1229_CSP_CSV_CST/ros2_ws/install/arm_control/include/arm_control/arm_control/msg/detail/motor_cmd__builder.hpp
[0.250s] -- Up-to-date: /home/p30039115276/TK_MOTOR_IGH/igh_example_2025_1229_CSP_CSV_CST/ros2_ws/install/arm_control/include/arm_control/arm_control/msg/detail/motor_state__traits.hpp
[0.250s] -- Up-to-date: /home/p30039115276/TK_MOTOR_IGH/igh_example_2025_1229_CSP_CSV_CST/ros2_ws/install/arm_control/include/arm_control/arm_control/msg/detail/motor_state__builder.hpp
[0.250s] -- Up-to-date: /home/p30039115276/TK_MOTOR_IGH/igh_example_2025_1229_CSP_CSV_CST/ros2_ws/install/arm_control/include/arm_control/arm_control/msg/detail/low_state__traits.hpp
[0.250s] -- Up-to-date: /home/p30039115276/TK_MOTOR_IGH/igh_example_2025_1229_CSP_CSV_CST/ros2_ws/install/arm_control/include/arm_control/arm_control/msg/detail/motor_cmd__struct.hpp
[0.250s] -- Up-to-date: /home/p30039115276/TK_MOTOR_IGH/igh_example_2025_1229_CSP_CSV_CST/ros2_ws/install/arm_control/include/arm_control/arm_control/msg/detail/low_cmd__traits.hpp
[0.250s] -- Up-to-date: /home/p30039115276/TK_MOTOR_IGH/igh_example_2025_1229_CSP_CSV_CST/ros2_ws/install/arm_control/include/arm_control/arm_control/msg/detail/low_cmd__struct.hpp
[0.250s] -- Up-to-date: /home/p30039115276/TK_MOTOR_IGH/igh_example_2025_1229_CSP_CSV_CST/ros2_ws/install/arm_control/include/arm_control/arm_control/msg/detail/low_state__type_support.hpp
[0.250s] -- Up-to-date: /home/p30039115276/TK_MOTOR_IGH/igh_example_2025_1229_CSP_CSV_CST/ros2_ws/install/arm_control/include/arm_control/arm_control/msg/detail/motor_state__type_support.hpp
[0.250s] -- Up-to-date: /home/p30039115276/TK_MOTOR_IGH/igh_example_2025_1229_CSP_CSV_CST/ros2_ws/install/arm_control/include/arm_control/arm_control/msg/detail/motor_cmd__type_support.hpp
[0.250s] -- Up-to-date: /home/p30039115276/TK_MOTOR_IGH/igh_example_2025_1229_CSP_CSV_CST/ros2_ws/install/arm_control/include/arm_control/arm_control/msg/detail/low_cmd__builder.hpp
[0.250s] -- Up-to-date: /home/p30039115276/TK_MOTOR_IGH/igh_example_2025_1229_CSP_CSV_CST/ros2_ws/install/arm_control/include/arm_control/arm_control/msg/detail/low_state__struct.hpp
[0.250s] -- Up-to-date: /home/p30039115276/TK_MOTOR_IGH/igh_example_2025_1229_CSP_CSV_CST/ros2_ws/install/arm_control/include/arm_control/arm_control/msg/detail/motor_cmd__traits.hpp
[0.250s] -- Up-to-date: /home/p30039115276/TK_MOTOR_IGH/igh_example_2025_1229_CSP_CSV_CST/ros2_ws/install/arm_control/include/arm_control/arm_control/msg/detail/low_cmd__type_support.hpp
[0.250s] -- Up-to-date: /home/p30039115276/TK_MOTOR_IGH/igh_example_2025_1229_CSP_CSV_CST/ros2_ws/install/arm_control/include/arm_control/arm_control/msg/detail/low_state__builder.hpp
[0.250s] -- Up-to-date: /home/p30039115276/TK_MOTOR_IGH/igh_example_2025_1229_CSP_CSV_CST/ros2_ws/install/arm_control/include/arm_control/arm_control/msg/detail/motor_state__struct.hpp
[0.250s] -- Up-to-date: /home/p30039115276/TK_MOTOR_IGH/igh_example_2025_1229_CSP_CSV_CST/ros2_ws/install/arm_control/include/arm_control/arm_control/msg/low_state.hpp
[0.250s] -- Up-to-date: /home/p30039115276/TK_MOTOR_IGH/igh_example_2025_1229_CSP_CSV_CST/ros2_ws/install/arm_control/include/arm_control/arm_control/msg/rosidl_generator_cpp__visibility_control.hpp
[0.250s] -- Up-to-date: /home/p30039115276/TK_MOTOR_IGH/igh_example_2025_1229_CSP_CSV_CST/ros2_ws/install/arm_control/include/arm_control/arm_control
[0.250s] -- Up-to-date: /home/p30039115276/TK_MOTOR_IGH/igh_example_2025_1229_CSP_CSV_CST/ros2_ws/install/arm_control/include/arm_control/arm_control/msg
[0.250s] -- Up-to-date: /home/p30039115276/TK_MOTOR_IGH/igh_example_2025_1229_CSP_CSV_CST/ros2_ws/install/arm_control/include/arm_control/arm_control/msg/detail
[0.250s] -- Up-to-date: /home/p30039115276/TK_MOTOR_IGH/igh_example_2025_1229_CSP_CSV_CST/ros2_ws/install/arm_control/include/arm_control/arm_control/msg/detail/low_cmd__rosidl_typesupport_fastrtps_cpp.hpp
[0.250s] -- Up-to-date: /home/p30039115276/TK_MOTOR_IGH/igh_example_2025_1229_CSP_CSV_CST/ros2_ws/install/arm_control/include/arm_control/arm_control/msg/detail/low_state__rosidl_typesupport_fastrtps_cpp.hpp
[0.250s] -- Up-to-date: /home/p30039115276/TK_MOTOR_IGH/igh_example_2025_1229_CSP_CSV_CST/ros2_ws/install/arm_control/include/arm_control/arm_control/msg/detail/motor_state__rosidl_typesupport_fastrtps_cpp.hpp
[0.250s] -- Up-to-date: /home/p30039115276/TK_MOTOR_IGH/igh_example_2025_1229_CSP_CSV_CST/ros2_ws/install/arm_control/include/arm_control/arm_control/msg/detail/motor_cmd__rosidl_typesupport_fastrtps_cpp.hpp
[0.250s] -- Up-to-date: /home/p30039115276/TK_MOTOR_IGH/igh_example_2025_1229_CSP_CSV_CST/ros2_ws/install/arm_control/include/arm_control/arm_control/msg/detail/dds_fastrtps
[0.250s] -- Up-to-date: /home/p30039115276/TK_MOTOR_IGH/igh_example_2025_1229_CSP_CSV_CST/ros2_ws/install/arm_control/include/arm_control/arm_control/msg/rosidl_typesupport_fastrtps_cpp__visibility_control.h
[0.250s] -- Up-to-date: /home/p30039115276/TK_MOTOR_IGH/igh_example_2025_1229_CSP_CSV_CST/ros2_ws/install/arm_control/lib/libarm_control__rosidl_typesupport_fastrtps_cpp.so
[0.250s] -- Up-to-date: /home/p30039115276/TK_MOTOR_IGH/igh_example_2025_1229_CSP_CSV_CST/ros2_ws/install/arm_control/include/arm_control/arm_control
[0.250s] -- Up-to-date: /home/p30039115276/TK_MOTOR_IGH/igh_example_2025_1229_CSP_CSV_CST/ros2_ws/install/arm_control/include/arm_control/arm_control/msg
[0.250s] -- Up-to-date: /home/p30039115276/TK_MOTOR_IGH/igh_example_2025_1229_CSP_CSV_CST/ros2_ws/install/arm_control/include/arm_control/arm_control/msg/detail
[0.250s] -- Up-to-date: /home/p30039115276/TK_MOTOR_IGH/igh_example_2025_1229_CSP_CSV_CST/ros2_ws/install/arm_control/include/arm_control/arm_control/msg/detail/motor_cmd__type_support.cpp
[0.250s] -- Up-to-date: /home/p30039115276/TK_MOTOR_IGH/igh_example_2025_1229_CSP_CSV_CST/ros2_ws/install/arm_control/include/arm_control/arm_control/msg/detail/low_cmd__rosidl_typesupport_introspection_cpp.hpp
[0.250s] -- Up-to-date: /home/p30039115276/TK_MOTOR_IGH/igh_example_2025_1229_CSP_CSV_CST/ros2_ws/install/arm_control/include/arm_control/arm_control/msg/detail/low_cmd__type_support.cpp
[0.251s] -- Up-to-date: /home/p30039115276/TK_MOTOR_IGH/igh_example_2025_1229_CSP_CSV_CST/ros2_ws/install/arm_control/include/arm_control/arm_control/msg/detail/motor_state__type_support.cpp
[0.251s] -- Up-to-date: /home/p30039115276/TK_MOTOR_IGH/igh_example_2025_1229_CSP_CSV_CST/ros2_ws/install/arm_control/include/arm_control/arm_control/msg/detail/low_state__type_support.cpp
[0.251s] -- Up-to-date: /home/p30039115276/TK_MOTOR_IGH/igh_example_2025_1229_CSP_CSV_CST/ros2_ws/install/arm_control/include/arm_control/arm_control/msg/detail/motor_state__rosidl_typesupport_introspection_cpp.hpp
[0.251s] -- Up-to-date: /home/p30039115276/TK_MOTOR_IGH/igh_example_2025_1229_CSP_CSV_CST/ros2_ws/install/arm_control/include/arm_control/arm_control/msg/detail/motor_cmd__rosidl_typesupport_introspection_cpp.hpp
[0.251s] -- Up-to-date: /home/p30039115276/TK_MOTOR_IGH/igh_example_2025_1229_CSP_CSV_CST/ros2_ws/install/arm_control/include/arm_control/arm_control/msg/detail/low_state__rosidl_typesupport_introspection_cpp.hpp
[0.251s] -- Up-to-date: /home/p30039115276/TK_MOTOR_IGH/igh_example_2025_1229_CSP_CSV_CST/ros2_ws/install/arm_control/lib/libarm_control__rosidl_typesupport_introspection_cpp.so
[0.251s] -- Up-to-date: /home/p30039115276/TK_MOTOR_IGH/igh_example_2025_1229_CSP_CSV_CST/ros2_ws/install/arm_control/lib/libarm_control__rosidl_typesupport_cpp.so
[0.251s] -- Up-to-date: /home/p30039115276/TK_MOTOR_IGH/igh_example_2025_1229_CSP_CSV_CST/ros2_ws/install/arm_control/share/arm_control/environment/pythonpath.sh
[0.251s] -- Up-to-date: /home/p30039115276/TK_MOTOR_IGH/igh_example_2025_1229_CSP_CSV_CST/ros2_ws/install/arm_control/share/arm_control/environment/pythonpath.dsv
[0.251s] -- Up-to-date: /home/p30039115276/TK_MOTOR_IGH/igh_example_2025_1229_CSP_CSV_CST/ros2_ws/install/arm_control/local/lib/python3.10/dist-packages/arm_control-0.0.0-py3.10.egg-info
[0.251s] -- Installing: /home/p30039115276/TK_MOTOR_IGH/igh_example_2025_1229_CSP_CSV_CST/ros2_ws/install/arm_control/local/lib/python3.10/dist-packages/arm_control-0.0.0-py3.10.egg-info/SOURCES.txt
[0.251s] -- Installing: /home/p30039115276/TK_MOTOR_IGH/igh_example_2025_1229_CSP_CSV_CST/ros2_ws/install/arm_control/local/lib/python3.10/dist-packages/arm_control-0.0.0-py3.10.egg-info/dependency_links.txt
[0.251s] -- Installing: /home/p30039115276/TK_MOTOR_IGH/igh_example_2025_1229_CSP_CSV_CST/ros2_ws/install/arm_control/local/lib/python3.10/dist-packages/arm_control-0.0.0-py3.10.egg-info/PKG-INFO
[0.251s] -- Installing: /home/p30039115276/TK_MOTOR_IGH/igh_example_2025_1229_CSP_CSV_CST/ros2_ws/install/arm_control/local/lib/python3.10/dist-packages/arm_control-0.0.0-py3.10.egg-info/top_level.txt
[0.251s] -- Up-to-date: /home/p30039115276/TK_MOTOR_IGH/igh_example_2025_1229_CSP_CSV_CST/ros2_ws/install/arm_control/local/lib/python3.10/dist-packages/arm_control
[0.251s] -- Up-to-date: /home/p30039115276/TK_MOTOR_IGH/igh_example_2025_1229_CSP_CSV_CST/ros2_ws/install/arm_control/local/lib/python3.10/dist-packages/arm_control/libarm_control__rosidl_generator_py.so
[0.251s] -- Up-to-date: /home/p30039115276/TK_MOTOR_IGH/igh_example_2025_1229_CSP_CSV_CST/ros2_ws/install/arm_control/local/lib/python3.10/dist-packages/arm_control/msg
[0.251s] -- Up-to-date: /home/p30039115276/TK_MOTOR_IGH/igh_example_2025_1229_CSP_CSV_CST/ros2_ws/install/arm_control/local/lib/python3.10/dist-packages/arm_control/msg/_low_cmd_s.c
[0.251s] -- Up-to-date: /home/p30039115276/TK_MOTOR_IGH/igh_example_2025_1229_CSP_CSV_CST/ros2_ws/install/arm_control/local/lib/python3.10/dist-packages/arm_control/msg/_motor_cmd.py
[0.251s] -- Up-to-date: /home/p30039115276/TK_MOTOR_IGH/igh_example_2025_1229_CSP_CSV_CST/ros2_ws/install/arm_control/local/lib/python3.10/dist-packages/arm_control/msg/_motor_cmd_s.c
[0.251s] -- Up-to-date: /home/p30039115276/TK_MOTOR_IGH/igh_example_2025_1229_CSP_CSV_CST/ros2_ws/install/arm_control/local/lib/python3.10/dist-packages/arm_control/msg/_motor_state_s.c
[0.251s] -- Up-to-date: /home/p30039115276/TK_MOTOR_IGH/igh_example_2025_1229_CSP_CSV_CST/ros2_ws/install/arm_control/local/lib/python3.10/dist-packages/arm_control/msg/_motor_state.py
[0.251s] -- Up-to-date: /home/p30039115276/TK_MOTOR_IGH/igh_example_2025_1229_CSP_CSV_CST/ros2_ws/install/arm_control/local/lib/python3.10/dist-packages/arm_control/msg/_low_state.py
[0.251s] -- Up-to-date: /home/p30039115276/TK_MOTOR_IGH/igh_example_2025_1229_CSP_CSV_CST/ros2_ws/install/arm_control/local/lib/python3.10/dist-packages/arm_control/msg/__init__.py
[0.251s] -- Up-to-date: /home/p30039115276/TK_MOTOR_IGH/igh_example_2025_1229_CSP_CSV_CST/ros2_ws/install/arm_control/local/lib/python3.10/dist-packages/arm_control/msg/_low_cmd.py
[0.251s] -- Up-to-date: /home/p30039115276/TK_MOTOR_IGH/igh_example_2025_1229_CSP_CSV_CST/ros2_ws/install/arm_control/local/lib/python3.10/dist-packages/arm_control/msg/_low_state_s.c
[0.251s] -- Up-to-date: /home/p30039115276/TK_MOTOR_IGH/igh_example_2025_1229_CSP_CSV_CST/ros2_ws/install/arm_control/local/lib/python3.10/dist-packages/arm_control/arm_control_s__rosidl_typesupport_fastrtps_c.cpython-310-x86_64-linux-gnu.so
[0.251s] -- Up-to-date: /home/p30039115276/TK_MOTOR_IGH/igh_example_2025_1229_CSP_CSV_CST/ros2_ws/install/arm_control/local/lib/python3.10/dist-packages/arm_control/arm_control_s__rosidl_typesupport_c.cpython-310-x86_64-linux-gnu.so
[0.251s] -- Up-to-date: /home/p30039115276/TK_MOTOR_IGH/igh_example_2025_1229_CSP_CSV_CST/ros2_ws/install/arm_control/local/lib/python3.10/dist-packages/arm_control/_arm_control_s.ep.rosidl_typesupport_fastrtps_c.c
[0.251s] -- Up-to-date: /home/p30039115276/TK_MOTOR_IGH/igh_example_2025_1229_CSP_CSV_CST/ros2_ws/install/arm_control/local/lib/python3.10/dist-packages/arm_control/_arm_control_s.ep.rosidl_typesupport_introspection_c.c
[0.251s] -- Up-to-date: /home/p30039115276/TK_MOTOR_IGH/igh_example_2025_1229_CSP_CSV_CST/ros2_ws/install/arm_control/local/lib/python3.10/dist-packages/arm_control/_arm_control_s.ep.rosidl_typesupport_c.c
[0.251s] -- Up-to-date: /home/p30039115276/TK_MOTOR_IGH/igh_example_2025_1229_CSP_CSV_CST/ros2_ws/install/arm_control/local/lib/python3.10/dist-packages/arm_control/__init__.py
[0.251s] -- Up-to-date: /home/p30039115276/TK_MOTOR_IGH/igh_example_2025_1229_CSP_CSV_CST/ros2_ws/install/arm_control/local/lib/python3.10/dist-packages/arm_control/arm_control_s__rosidl_typesupport_introspection_c.cpython-310-x86_64-linux-gnu.so
[0.270s] Listing '/home/p30039115276/TK_MOTOR_IGH/igh_example_2025_1229_CSP_CSV_CST/ros2_ws/install/arm_control/local/lib/python3.10/dist-packages/arm_control'...
[0.270s] Listing '/home/p30039115276/TK_MOTOR_IGH/igh_example_2025_1229_CSP_CSV_CST/ros2_ws/install/arm_control/local/lib/python3.10/dist-packages/arm_control/msg'...
[0.273s] -- Up-to-date: /home/p30039115276/TK_MOTOR_IGH/igh_example_2025_1229_CSP_CSV_CST/ros2_ws/install/arm_control/local/lib/python3.10/dist-packages/arm_control/arm_control_s__rosidl_typesupport_fastrtps_c.cpython-310-x86_64-linux-gnu.so
[0.273s] -- Up-to-date: /home/p30039115276/TK_MOTOR_IGH/igh_example_2025_1229_CSP_CSV_CST/ros2_ws/install/arm_control/local/lib/python3.10/dist-packages/arm_control/arm_control_s__rosidl_typesupport_introspection_c.cpython-310-x86_64-linux-gnu.so
[0.273s] -- Up-to-date: /home/p30039115276/TK_MOTOR_IGH/igh_example_2025_1229_CSP_CSV_CST/ros2_ws/install/arm_control/local/lib/python3.10/dist-packages/arm_control/arm_control_s__rosidl_typesupport_c.cpython-310-x86_64-linux-gnu.so
[0.273s] -- Up-to-date: /home/p30039115276/TK_MOTOR_IGH/igh_example_2025_1229_CSP_CSV_CST/ros2_ws/install/arm_control/lib/libarm_control__rosidl_generator_py.so
[0.273s] -- Up-to-date: /home/p30039115276/TK_MOTOR_IGH/igh_example_2025_1229_CSP_CSV_CST/ros2_ws/install/arm_control/share/arm_control/msg/LowState.idl
[0.273s] -- Up-to-date: /home/p30039115276/TK_MOTOR_IGH/igh_example_2025_1229_CSP_CSV_CST/ros2_ws/install/arm_control/share/arm_control/msg/MotorCmd.idl
[0.273s] -- Up-to-date: /home/p30039115276/TK_MOTOR_IGH/igh_example_2025_1229_CSP_CSV_CST/ros2_ws/install/arm_control/share/arm_control/msg/LowCmd.idl
[0.274s] -- Up-to-date: /home/p30039115276/TK_MOTOR_IGH/igh_example_2025_1229_CSP_CSV_CST/ros2_ws/install/arm_control/share/arm_control/msg/MotorState.idl
[0.274s] -- Up-to-date: /home/p30039115276/TK_MOTOR_IGH/igh_example_2025_1229_CSP_CSV_CST/ros2_ws/install/arm_control/share/arm_control/msg/LowState.msg
[0.274s] -- Up-to-date: /home/p30039115276/TK_MOTOR_IGH/igh_example_2025_1229_CSP_CSV_CST/ros2_ws/install/arm_control/share/arm_control/msg/MotorCmd.msg
[0.274s] -- Up-to-date: /home/p30039115276/TK_MOTOR_IGH/igh_example_2025_1229_CSP_CSV_CST/ros2_ws/install/arm_control/share/arm_control/msg/LowCmd.msg
[0.274s] -- Up-to-date: /home/p30039115276/TK_MOTOR_IGH/igh_example_2025_1229_CSP_CSV_CST/ros2_ws/install/arm_control/share/arm_control/msg/MotorState.msg
[0.274s] -- Up-to-date: /home/p30039115276/TK_MOTOR_IGH/igh_example_2025_1229_CSP_CSV_CST/ros2_ws/install/arm_control/share/ament_index/resource_index/package_run_dependencies/arm_control
[0.274s] -- Up-to-date: /home/p30039115276/TK_MOTOR_IGH/igh_example_2025_1229_CSP_CSV_CST/ros2_ws/install/arm_control/share/ament_index/resource_index/parent_prefix_path/arm_control
[0.274s] -- Up-to-date: /home/p30039115276/TK_MOTOR_IGH/igh_example_2025_1229_CSP_CSV_CST/ros2_ws/install/arm_control/share/arm_control/environment/ament_prefix_path.sh
[0.274s] -- Up-to-date: /home/p30039115276/TK_MOTOR_IGH/igh_example_2025_1229_CSP_CSV_CST/ros2_ws/install/arm_control/share/arm_control/environment/ament_prefix_path.dsv
[0.274s] -- Up-to-date: /home/p30039115276/TK_MOTOR_IGH/igh_example_2025_1229_CSP_CSV_CST/ros2_ws/install/arm_control/share/arm_control/environment/path.sh
[0.274s] -- Up-to-date: /home/p30039115276/TK_MOTOR_IGH/igh_example_2025_1229_CSP_CSV_CST/ros2_ws/install/arm_control/share/arm_control/environment/path.dsv
[0.274s] -- Up-to-date: /home/p30039115276/TK_MOTOR_IGH/igh_example_2025_1229_CSP_CSV_CST/ros2_ws/install/arm_control/share/arm_control/local_setup.bash
[0.274s] -- Up-to-date: /home/p30039115276/TK_MOTOR_IGH/igh_example_2025_1229_CSP_CSV_CST/ros2_ws/install/arm_control/share/arm_control/local_setup.sh
[0.275s] -- Up-to-date: /home/p30039115276/TK_MOTOR_IGH/igh_example_2025_1229_CSP_CSV_CST/ros2_ws/install/arm_control/share/arm_control/local_setup.zsh
[0.275s] -- Up-to-date: /home/p30039115276/TK_MOTOR_IGH/igh_example_2025_1229_CSP_CSV_CST/ros2_ws/install/arm_control/share/arm_control/local_setup.dsv
[0.275s] -- Installing: /home/p30039115276/TK_MOTOR_IGH/igh_example_2025_1229_CSP_CSV_CST/ros2_ws/install/arm_control/share/arm_control/package.dsv
[0.275s] -- Up-to-date: /home/p30039115276/TK_MOTOR_IGH/igh_example_2025_1229_CSP_CSV_CST/ros2_ws/install/arm_control/share/ament_index/resource_index/packages/arm_control
[0.275s] -- Up-to-date: /home/p30039115276/TK_MOTOR_IGH/igh_example_2025_1229_CSP_CSV_CST/ros2_ws/install/arm_control/share/arm_control/cmake/export_arm_control__rosidl_generator_cExport.cmake
[0.275s] -- Up-to-date: /home/p30039115276/TK_MOTOR_IGH/igh_example_2025_1229_CSP_CSV_CST/ros2_ws/install/arm_control/share/arm_control/cmake/export_arm_control__rosidl_generator_cExport-noconfig.cmake
[0.275s] -- Up-to-date: /home/p30039115276/TK_MOTOR_IGH/igh_example_2025_1229_CSP_CSV_CST/ros2_ws/install/arm_control/share/arm_control/cmake/export_arm_control__rosidl_typesupport_fastrtps_cExport.cmake
[0.276s] -- Up-to-date: /home/p30039115276/TK_MOTOR_IGH/igh_example_2025_1229_CSP_CSV_CST/ros2_ws/install/arm_control/share/arm_control/cmake/export_arm_control__rosidl_typesupport_fastrtps_cExport-noconfig.cmake
[0.276s] -- Up-to-date: /home/p30039115276/TK_MOTOR_IGH/igh_example_2025_1229_CSP_CSV_CST/ros2_ws/install/arm_control/share/arm_control/cmake/arm_control__rosidl_typesupport_introspection_cExport.cmake
[0.276s] -- Up-to-date: /home/p30039115276/TK_MOTOR_IGH/igh_example_2025_1229_CSP_CSV_CST/ros2_ws/install/arm_control/share/arm_control/cmake/arm_control__rosidl_typesupport_introspection_cExport-noconfig.cmake
[0.276s] -- Up-to-date: /home/p30039115276/TK_MOTOR_IGH/igh_example_2025_1229_CSP_CSV_CST/ros2_ws/install/arm_control/share/arm_control/cmake/arm_control__rosidl_typesupport_cExport.cmake
[0.276s] -- Up-to-date: /home/p30039115276/TK_MOTOR_IGH/igh_example_2025_1229_CSP_CSV_CST/ros2_ws/install/arm_control/share/arm_control/cmake/arm_control__rosidl_typesupport_cExport-noconfig.cmake
[0.276s] -- Up-to-date: /home/p30039115276/TK_MOTOR_IGH/igh_example_2025_1229_CSP_CSV_CST/ros2_ws/install/arm_control/share/arm_control/cmake/export_arm_control__rosidl_generator_cppExport.cmake
[0.276s] -- Up-to-date: /home/p30039115276/TK_MOTOR_IGH/igh_example_2025_1229_CSP_CSV_CST/ros2_ws/install/arm_control/share/arm_control/cmake/export_arm_control__rosidl_typesupport_fastrtps_cppExport.cmake
[0.276s] -- Up-to-date: /home/p30039115276/TK_MOTOR_IGH/igh_example_2025_1229_CSP_CSV_CST/ros2_ws/install/arm_control/share/arm_control/cmake/export_arm_control__rosidl_typesupport_fastrtps_cppExport-noconfig.cmake
[0.276s] -- Up-to-date: /home/p30039115276/TK_MOTOR_IGH/igh_example_2025_1229_CSP_CSV_CST/ros2_ws/install/arm_control/share/arm_control/cmake/arm_control__rosidl_typesupport_introspection_cppExport.cmake
[0.276s] -- Up-to-date: /home/p30039115276/TK_MOTOR_IGH/igh_example_2025_1229_CSP_CSV_CST/ros2_ws/install/arm_control/share/arm_control/cmake/arm_control__rosidl_typesupport_introspection_cppExport-noconfig.cmake
[0.277s] -- Up-to-date: /home/p30039115276/TK_MOTOR_IGH/igh_example_2025_1229_CSP_CSV_CST/ros2_ws/install/arm_control/share/arm_control/cmake/arm_control__rosidl_typesupport_cppExport.cmake
[0.277s] -- Up-to-date: /home/p30039115276/TK_MOTOR_IGH/igh_example_2025_1229_CSP_CSV_CST/ros2_ws/install/arm_control/share/arm_control/cmake/arm_control__rosidl_typesupport_cppExport-noconfig.cmake
[0.277s] -- Up-to-date: /home/p30039115276/TK_MOTOR_IGH/igh_example_2025_1229_CSP_CSV_CST/ros2_ws/install/arm_control/share/arm_control/cmake/export_arm_control__rosidl_generator_pyExport.cmake
[0.277s] -- Up-to-date: /home/p30039115276/TK_MOTOR_IGH/igh_example_2025_1229_CSP_CSV_CST/ros2_ws/install/arm_control/share/arm_control/cmake/export_arm_control__rosidl_generator_pyExport-noconfig.cmake
[0.277s] -- Up-to-date: /home/p30039115276/TK_MOTOR_IGH/igh_example_2025_1229_CSP_CSV_CST/ros2_ws/install/arm_control/share/arm_control/cmake/rosidl_cmake-extras.cmake
[0.278s] -- Up-to-date: /home/p30039115276/TK_MOTOR_IGH/igh_example_2025_1229_CSP_CSV_CST/ros2_ws/install/arm_control/share/arm_control/cmake/ament_cmake_export_dependencies-extras.cmake
[0.278s] -- Up-to-date: /home/p30039115276/TK_MOTOR_IGH/igh_example_2025_1229_CSP_CSV_CST/ros2_ws/install/arm_control/share/arm_control/cmake/ament_cmake_export_include_directories-extras.cmake
[0.278s] -- Up-to-date: /home/p30039115276/TK_MOTOR_IGH/igh_example_2025_1229_CSP_CSV_CST/ros2_ws/install/arm_control/share/arm_control/cmake/ament_cmake_export_libraries-extras.cmake
[0.278s] -- Up-to-date: /home/p30039115276/TK_MOTOR_IGH/igh_example_2025_1229_CSP_CSV_CST/ros2_ws/install/arm_control/share/arm_control/cmake/ament_cmake_export_targets-extras.cmake
[0.278s] -- Up-to-date: /home/p30039115276/TK_MOTOR_IGH/igh_example_2025_1229_CSP_CSV_CST/ros2_ws/install/arm_control/share/arm_control/cmake/rosidl_cmake_export_typesupport_targets-extras.cmake
[0.280s] -- Up-to-date: /home/p30039115276/TK_MOTOR_IGH/igh_example_2025_1229_CSP_CSV_CST/ros2_ws/install/arm_control/share/arm_control/cmake/rosidl_cmake_export_typesupport_libraries-extras.cmake
[0.280s] -- Up-to-date: /home/p30039115276/TK_MOTOR_IGH/igh_example_2025_1229_CSP_CSV_CST/ros2_ws/install/arm_control/share/arm_control/cmake/arm_controlConfig.cmake
[0.280s] -- Up-to-date: /home/p30039115276/TK_MOTOR_IGH/igh_example_2025_1229_CSP_CSV_CST/ros2_ws/install/arm_control/share/arm_control/cmake/arm_controlConfig-version.cmake
[0.280s] -- Up-to-date: /home/p30039115276/TK_MOTOR_IGH/igh_example_2025_1229_CSP_CSV_CST/ros2_ws/install/arm_control/share/arm_control/package.xml
[0.280s] Invoked command in '/home/p30039115276/TK_MOTOR_IGH/igh_example_2025_1229_CSP_CSV_CST/ros2_ws/build/arm_control' returned '0': CMAKE_PREFIX_PATH=${CMAKE_PREFIX_PATH}:/opt/ros/humble /usr/bin/cmake --install /home/p30039115276/TK_MOTOR_IGH/igh_example_2025_1229_CSP_CSV_CST/ros2_ws/build/arm_control
