[0.060s] DEBUG:colcon:Command line arguments: ['/usr/bin/colcon', 'build', '--paths', '.', 'src/dro_hg', 'src/ethercat_motor_node']
[0.060s] DEBUG:colcon:Parsed command line arguments: Namespace(log_base=None, log_level=None, verb_name='build', build_base='build', install_base='install', merge_install=False, symlink_install=False, test_result_base=None, continue_on_error=False, executor='parallel', parallel_workers=22, event_handlers=None, ignore_user_meta=False, metas=['./colcon.meta'], base_paths=['.'], packages_ignore=None, packages_ignore_regex=None, paths=['/home/p30039115276/EC_ethercat_igh_c++/ethercat_motor_control', '/home/p30039115276/EC_ethercat_igh_c++/ethercat_motor_control/src/dro_hg', '/home/p30039115276/EC_ethercat_igh_c++/ethercat_motor_control/src/ethercat_motor_node'], packages_up_to=None, packages_up_to_regex=None, packages_above=None, packages_above_and_dependencies=None, packages_above_depth=None, packages_select_by_dep=None, packages_skip_by_dep=None, packages_skip_up_to=None, packages_select_build_failed=False, packages_skip_build_finished=False, packages_select_test_failures=False, packages_skip_test_passed=False, packages_select=None, packages_skip=None, packages_select_regex=None, packages_skip_regex=None, packages_start=None, packages_end=None, allow_overriding=[], cmake_args=None, cmake_target=None, cmake_target_skip_unavailable=False, cmake_clean_cache=False, cmake_clean_first=False, cmake_force_configure=False, ament_cmake_args=None, catkin_cmake_args=None, catkin_skip_building_tests=False, verb_parser=<colcon_defaults.argument_parser.defaults.DefaultArgumentsDecorator object at 0x706b2e8b7430>, verb_extension=<colcon_core.verb.build.BuildVerb object at 0x706b2e8b6fe0>, main=<bound method BuildVerb.main of <colcon_core.verb.build.BuildVerb object at 0x706b2e8b6fe0>>)
[0.082s] Level 1:colcon.colcon_core.package_discovery:discover_packages(colcon_meta) check parameters
[0.082s] Level 1:colcon.colcon_core.package_discovery:discover_packages(recursive) check parameters
[0.082s] Level 1:colcon.colcon_core.package_discovery:discover_packages(ignore) check parameters
[0.082s] Level 1:colcon.colcon_core.package_discovery:discover_packages(path) check parameters
[0.082s] Level 1:colcon.colcon_core.package_discovery:discover_packages(path) discover
[0.082s] Level 1:colcon.colcon_core.package_discovery:PathPackageDiscovery.discover(['/home/p30039115276/EC_ethercat_igh_c++/ethercat_motor_control', '/home/p30039115276/EC_ethercat_igh_c++/ethercat_motor_control/src/dro_hg', '/home/p30039115276/EC_ethercat_igh_c++/ethercat_motor_control/src/ethercat_motor_node'])
[0.082s] Level 1:colcon.colcon_core.package_identification:_identify(/home/p30039115276/EC_ethercat_igh_c++/ethercat_motor_control) by extensions ['ignore', 'ignore_ament_install']
[0.082s] Level 1:colcon.colcon_core.package_identification:_identify(/home/p30039115276/EC_ethercat_igh_c++/ethercat_motor_control) by extension 'ignore'
[0.082s] Level 1:colcon.colcon_core.package_identification:_identify(/home/p30039115276/EC_ethercat_igh_c++/ethercat_motor_control) by extension 'ignore_ament_install'
[0.082s] Level 1:colcon.colcon_core.package_identification:_identify(/home/p30039115276/EC_ethercat_igh_c++/ethercat_motor_control) by extensions ['colcon_pkg']
[0.082s] Level 1:colcon.colcon_core.package_identification:_identify(/home/p30039115276/EC_ethercat_igh_c++/ethercat_motor_control) by extension 'colcon_pkg'
[0.082s] Level 1:colcon.colcon_core.package_identification:_identify(/home/p30039115276/EC_ethercat_igh_c++/ethercat_motor_control) by extensions ['colcon_meta']
[0.082s] Level 1:colcon.colcon_core.package_identification:_identify(/home/p30039115276/EC_ethercat_igh_c++/ethercat_motor_control) by extension 'colcon_meta'
[0.082s] Level 1:colcon.colcon_core.package_identification:_identify(/home/p30039115276/EC_ethercat_igh_c++/ethercat_motor_control) by extensions ['ros']
[0.082s] Level 1:colcon.colcon_core.package_identification:_identify(/home/p30039115276/EC_ethercat_igh_c++/ethercat_motor_control) by extension 'ros'
[0.090s] Level 1:colcon.colcon_core.package_identification:_identify(/home/p30039115276/EC_ethercat_igh_c++/ethercat_motor_control) by extensions ['cmake', 'python']
[0.090s] Level 1:colcon.colcon_core.package_identification:_identify(/home/p30039115276/EC_ethercat_igh_c++/ethercat_motor_control) by extension 'cmake'
[0.090s] Level 1:colcon.colcon_core.package_identification:_identify(/home/p30039115276/EC_ethercat_igh_c++/ethercat_motor_control) by extension 'python'
[0.090s] Level 1:colcon.colcon_core.package_identification:_identify(/home/p30039115276/EC_ethercat_igh_c++/ethercat_motor_control) by extensions ['python_setup_py']
[0.090s] Level 1:colcon.colcon_core.package_identification:_identify(/home/p30039115276/EC_ethercat_igh_c++/ethercat_motor_control) by extension 'python_setup_py'
[0.090s] Level 1:colcon.colcon_core.package_identification:_identify(/home/p30039115276/EC_ethercat_igh_c++/ethercat_motor_control/src/dro_hg) by extensions ['ignore', 'ignore_ament_install']
[0.090s] Level 1:colcon.colcon_core.package_identification:_identify(/home/p30039115276/EC_ethercat_igh_c++/ethercat_motor_control/src/dro_hg) by extension 'ignore'
[0.090s] Level 1:colcon.colcon_core.package_identification:_identify(/home/p30039115276/EC_ethercat_igh_c++/ethercat_motor_control/src/dro_hg) by extension 'ignore_ament_install'
[0.090s] Level 1:colcon.colcon_core.package_identification:_identify(/home/p30039115276/EC_ethercat_igh_c++/ethercat_motor_control/src/dro_hg) by extensions ['colcon_pkg']
[0.090s] Level 1:colcon.colcon_core.package_identification:_identify(/home/p30039115276/EC_ethercat_igh_c++/ethercat_motor_control/src/dro_hg) by extension 'colcon_pkg'
[0.090s] Level 1:colcon.colcon_core.package_identification:_identify(/home/p30039115276/EC_ethercat_igh_c++/ethercat_motor_control/src/dro_hg) by extensions ['colcon_meta']
[0.090s] Level 1:colcon.colcon_core.package_identification:_identify(/home/p30039115276/EC_ethercat_igh_c++/ethercat_motor_control/src/dro_hg) by extension 'colcon_meta'
[0.090s] Level 1:colcon.colcon_core.package_identification:_identify(/home/p30039115276/EC_ethercat_igh_c++/ethercat_motor_control/src/dro_hg) by extensions ['ros']
[0.090s] Level 1:colcon.colcon_core.package_identification:_identify(/home/p30039115276/EC_ethercat_igh_c++/ethercat_motor_control/src/dro_hg) by extension 'ros'
[0.092s] DEBUG:colcon.colcon_core.package_identification:Package '/home/p30039115276/EC_ethercat_igh_c++/ethercat_motor_control/src/dro_hg' with type 'ros.ament_cmake' and name 'dro_hg'
[0.092s] Level 1:colcon.colcon_core.package_identification:_identify(/home/p30039115276/EC_ethercat_igh_c++/ethercat_motor_control/src/ethercat_motor_node) by extensions ['ignore', 'ignore_ament_install']
[0.092s] Level 1:colcon.colcon_core.package_identification:_identify(/home/p30039115276/EC_ethercat_igh_c++/ethercat_motor_control/src/ethercat_motor_node) by extension 'ignore'
[0.092s] Level 1:colcon.colcon_core.package_identification:_identify(/home/p30039115276/EC_ethercat_igh_c++/ethercat_motor_control/src/ethercat_motor_node) by extension 'ignore_ament_install'
[0.092s] Level 1:colcon.colcon_core.package_identification:_identify(/home/p30039115276/EC_ethercat_igh_c++/ethercat_motor_control/src/ethercat_motor_node) by extensions ['colcon_pkg']
[0.092s] Level 1:colcon.colcon_core.package_identification:_identify(/home/p30039115276/EC_ethercat_igh_c++/ethercat_motor_control/src/ethercat_motor_node) by extension 'colcon_pkg'
[0.092s] Level 1:colcon.colcon_core.package_identification:_identify(/home/p30039115276/EC_ethercat_igh_c++/ethercat_motor_control/src/ethercat_motor_node) by extensions ['colcon_meta']
[0.092s] Level 1:colcon.colcon_core.package_identification:_identify(/home/p30039115276/EC_ethercat_igh_c++/ethercat_motor_control/src/ethercat_motor_node) by extension 'colcon_meta'
[0.092s] Level 1:colcon.colcon_core.package_identification:_identify(/home/p30039115276/EC_ethercat_igh_c++/ethercat_motor_control/src/ethercat_motor_node) by extensions ['ros']
[0.092s] Level 1:colcon.colcon_core.package_identification:_identify(/home/p30039115276/EC_ethercat_igh_c++/ethercat_motor_control/src/ethercat_motor_node) by extension 'ros'
[0.093s] DEBUG:colcon.colcon_core.package_identification:Package '/home/p30039115276/EC_ethercat_igh_c++/ethercat_motor_control/src/ethercat_motor_node' with type 'ros.ament_cmake' and name 'ethercat_motor_node'
[0.093s] Level 1:colcon.colcon_core.package_discovery:discover_packages(path) using defaults
[0.104s] Level 1:colcon.colcon_core.package_discovery:discover_packages(prefix_path) check parameters
[0.104s] Level 1:colcon.colcon_core.package_discovery:discover_packages(prefix_path) discover
[0.104s] WARNING:colcon.colcon_ros.prefix_path.ament:The path '/home/p30039115276/EC_ethercat_igh_c++/ethercat_motor_control/install/motor_freq_response_test' in the environment variable AMENT_PREFIX_PATH doesn't exist
[0.104s] WARNING:colcon.colcon_ros.prefix_path.ament:The path '/home/p30039115276/EC_ethercat_igh_c++/ethercat_motor_control/install/ethercat_motor_node' in the environment variable AMENT_PREFIX_PATH doesn't exist
[0.104s] WARNING:colcon.colcon_ros.prefix_path.ament:The path '/home/p30039115276/EC_ethercat_igh_c++/ethercat_motor_control/install/dros_hg' in the environment variable AMENT_PREFIX_PATH doesn't exist
[0.104s] WARNING:colcon.colcon_ros.prefix_path.ament:The path '/home/p30039115276/EC_ethercat_igh_c++/ethercat_motor_control/install/dro_hg' in the environment variable AMENT_PREFIX_PATH doesn't exist
[0.104s] WARNING:colcon.colcon_ros.prefix_path.catkin:The path '/home/p30039115276/EC_ethercat_igh_c++/ethercat_motor_control/install/ethercat_motor_node' in the environment variable CMAKE_PREFIX_PATH doesn't exist
[0.104s] WARNING:colcon.colcon_ros.prefix_path.catkin:The path '/home/p30039115276/EC_ethercat_igh_c++/ethercat_motor_control/install/dros_hg' in the environment variable CMAKE_PREFIX_PATH doesn't exist
[0.104s] WARNING:colcon.colcon_ros.prefix_path.catkin:The path '/home/p30039115276/EC_ethercat_igh_c++/ethercat_motor_control/install/dro_hg' in the environment variable CMAKE_PREFIX_PATH doesn't exist
[0.105s] DEBUG:colcon.colcon_installed_package_information.package_discovery:Found 0 installed packages in /home/p30039115276/EC_ethercat_igh_c++/ethercat_motor_control/install
[0.106s] DEBUG:colcon.colcon_installed_package_information.package_discovery:Found 530 installed packages in /opt/ros/humble
[0.107s] Level 1:colcon.colcon_core.package_discovery:discover_packages(prefix_path) using defaults
[0.160s] Level 5:colcon.colcon_core.verb:set package 'dro_hg' build argument 'cmake_args' from command line to 'None'
[0.160s] Level 5:colcon.colcon_core.verb:set package 'dro_hg' build argument 'cmake_target' from command line to 'None'
[0.160s] Level 5:colcon.colcon_core.verb:set package 'dro_hg' build argument 'cmake_target_skip_unavailable' from command line to 'False'
[0.160s] Level 5:colcon.colcon_core.verb:set package 'dro_hg' build argument 'cmake_clean_cache' from command line to 'False'
[0.160s] Level 5:colcon.colcon_core.verb:set package 'dro_hg' build argument 'cmake_clean_first' from command line to 'False'
[0.160s] Level 5:colcon.colcon_core.verb:set package 'dro_hg' build argument 'cmake_force_configure' from command line to 'False'
[0.160s] Level 5:colcon.colcon_core.verb:set package 'dro_hg' build argument 'ament_cmake_args' from command line to 'None'
[0.160s] Level 5:colcon.colcon_core.verb:set package 'dro_hg' build argument 'catkin_cmake_args' from command line to 'None'
[0.160s] Level 5:colcon.colcon_core.verb:set package 'dro_hg' build argument 'catkin_skip_building_tests' from command line to 'False'
[0.160s] DEBUG:colcon.colcon_core.verb:Building package 'dro_hg' with the following arguments: {'ament_cmake_args': None, 'build_base': '/home/p30039115276/EC_ethercat_igh_c++/ethercat_motor_control/build/dro_hg', 'catkin_cmake_args': None, 'catkin_skip_building_tests': False, 'cmake_args': None, 'cmake_clean_cache': False, 'cmake_clean_first': False, 'cmake_force_configure': False, 'cmake_target': None, 'cmake_target_skip_unavailable': False, 'install_base': '/home/p30039115276/EC_ethercat_igh_c++/ethercat_motor_control/install/dro_hg', 'merge_install': False, 'path': '/home/p30039115276/EC_ethercat_igh_c++/ethercat_motor_control/src/dro_hg', 'symlink_install': False, 'test_result_base': None}
[0.160s] Level 5:colcon.colcon_core.verb:set package 'ethercat_motor_node' build argument 'cmake_args' from command line to 'None'
[0.160s] Level 5:colcon.colcon_core.verb:set package 'ethercat_motor_node' build argument 'cmake_target' from command line to 'None'
[0.160s] Level 5:colcon.colcon_core.verb:set package 'ethercat_motor_node' build argument 'cmake_target_skip_unavailable' from command line to 'False'
[0.160s] Level 5:colcon.colcon_core.verb:set package 'ethercat_motor_node' build argument 'cmake_clean_cache' from command line to 'False'
[0.160s] Level 5:colcon.colcon_core.verb:set package 'ethercat_motor_node' build argument 'cmake_clean_first' from command line to 'False'
[0.160s] Level 5:colcon.colcon_core.verb:set package 'ethercat_motor_node' build argument 'cmake_force_configure' from command line to 'False'
[0.160s] Level 5:colcon.colcon_core.verb:set package 'ethercat_motor_node' build argument 'ament_cmake_args' from command line to 'None'
[0.160s] Level 5:colcon.colcon_core.verb:set package 'ethercat_motor_node' build argument 'catkin_cmake_args' from command line to 'None'
[0.160s] Level 5:colcon.colcon_core.verb:set package 'ethercat_motor_node' build argument 'catkin_skip_building_tests' from command line to 'False'
[0.160s] DEBUG:colcon.colcon_core.verb:Building package 'ethercat_motor_node' with the following arguments: {'ament_cmake_args': None, 'build_base': '/home/p30039115276/EC_ethercat_igh_c++/ethercat_motor_control/build/ethercat_motor_node', 'catkin_cmake_args': None, 'catkin_skip_building_tests': False, 'cmake_args': None, 'cmake_clean_cache': False, 'cmake_clean_first': False, 'cmake_force_configure': False, 'cmake_target': None, 'cmake_target_skip_unavailable': False, 'install_base': '/home/p30039115276/EC_ethercat_igh_c++/ethercat_motor_control/install/ethercat_motor_node', 'merge_install': False, 'path': '/home/p30039115276/EC_ethercat_igh_c++/ethercat_motor_control/src/ethercat_motor_node', 'symlink_install': False, 'test_result_base': None}
[0.160s] INFO:colcon.colcon_core.executor:Executing jobs using 'parallel' executor
[0.161s] DEBUG:colcon.colcon_parallel_executor.executor.parallel:run_until_complete
[0.162s] INFO:colcon.colcon_ros.task.ament_cmake.build:Building ROS package in '/home/p30039115276/EC_ethercat_igh_c++/ethercat_motor_control/src/dro_hg' with build type 'ament_cmake'
[0.162s] INFO:colcon.colcon_cmake.task.cmake.build:Building CMake package in '/home/p30039115276/EC_ethercat_igh_c++/ethercat_motor_control/src/dro_hg'
[0.163s] INFO:colcon.colcon_core.plugin_system:Skipping extension 'colcon_core.shell.bat': Not used on non-Windows systems
[0.163s] INFO:colcon.colcon_core.shell:Skip shell extension 'powershell' for command environment: Not usable outside of PowerShell
[0.163s] DEBUG:colcon.colcon_core.shell:Skip shell extension 'dsv' for command environment
[0.171s] DEBUG:colcon.colcon_core.event_handler.log_command:Invoking command in '/home/p30039115276/EC_ethercat_igh_c++/ethercat_motor_control/build/dro_hg': CMAKE_PREFIX_PATH=${CMAKE_PREFIX_PATH}:/home/p30039115276/EC_ethercat_igh_c++/ethercat_motor_control/install/motor_freq_response_test:/opt/ros/humble /usr/bin/cmake /home/p30039115276/EC_ethercat_igh_c++/ethercat_motor_control/src/dro_hg -DCMAKE_INSTALL_PREFIX=/home/p30039115276/EC_ethercat_igh_c++/ethercat_motor_control/install/dro_hg
[1.965s] DEBUG:colcon.colcon_core.event_handler.log_command:Invoked command in '/home/p30039115276/EC_ethercat_igh_c++/ethercat_motor_control/build/dro_hg' returned '0': CMAKE_PREFIX_PATH=${CMAKE_PREFIX_PATH}:/home/p30039115276/EC_ethercat_igh_c++/ethercat_motor_control/install/motor_freq_response_test:/opt/ros/humble /usr/bin/cmake /home/p30039115276/EC_ethercat_igh_c++/ethercat_motor_control/src/dro_hg -DCMAKE_INSTALL_PREFIX=/home/p30039115276/EC_ethercat_igh_c++/ethercat_motor_control/install/dro_hg
[1.965s] DEBUG:colcon.colcon_core.event_handler.log_command:Invoking command in '/home/p30039115276/EC_ethercat_igh_c++/ethercat_motor_control/build/dro_hg': CMAKE_PREFIX_PATH=${CMAKE_PREFIX_PATH}:/home/p30039115276/EC_ethercat_igh_c++/ethercat_motor_control/install/motor_freq_response_test:/opt/ros/humble /usr/bin/cmake --build /home/p30039115276/EC_ethercat_igh_c++/ethercat_motor_control/build/dro_hg -- -j22 -l22
[4.400s] DEBUG:colcon.colcon_core.event_handler.log_command:Invoked command in '/home/p30039115276/EC_ethercat_igh_c++/ethercat_motor_control/build/dro_hg' returned '0': CMAKE_PREFIX_PATH=${CMAKE_PREFIX_PATH}:/home/p30039115276/EC_ethercat_igh_c++/ethercat_motor_control/install/motor_freq_response_test:/opt/ros/humble /usr/bin/cmake --build /home/p30039115276/EC_ethercat_igh_c++/ethercat_motor_control/build/dro_hg -- -j22 -l22
[4.405s] DEBUG:colcon.colcon_core.event_handler.log_command:Invoking command in '/home/p30039115276/EC_ethercat_igh_c++/ethercat_motor_control/build/dro_hg': CMAKE_PREFIX_PATH=${CMAKE_PREFIX_PATH}:/home/p30039115276/EC_ethercat_igh_c++/ethercat_motor_control/install/motor_freq_response_test:/opt/ros/humble /usr/bin/cmake --install /home/p30039115276/EC_ethercat_igh_c++/ethercat_motor_control/build/dro_hg
[4.449s] Level 1:colcon.colcon_core.environment:create_environment_scripts_only(dro_hg)
[4.449s] DEBUG:colcon.colcon_core.event_handler.log_command:Invoked command in '/home/p30039115276/EC_ethercat_igh_c++/ethercat_motor_control/build/dro_hg' returned '0': CMAKE_PREFIX_PATH=${CMAKE_PREFIX_PATH}:/home/p30039115276/EC_ethercat_igh_c++/ethercat_motor_control/install/motor_freq_response_test:/opt/ros/humble /usr/bin/cmake --install /home/p30039115276/EC_ethercat_igh_c++/ethercat_motor_control/build/dro_hg
[4.450s] Level 1:colcon.colcon_core.environment:checking '/home/p30039115276/EC_ethercat_igh_c++/ethercat_motor_control/install/dro_hg' for CMake module files
[4.451s] Level 1:colcon.colcon_core.environment:checking '/home/p30039115276/EC_ethercat_igh_c++/ethercat_motor_control/install/dro_hg' for CMake config files
[4.451s] Level 1:colcon.colcon_core.shell:create_environment_hook('dro_hg', 'cmake_prefix_path')
[4.451s] INFO:colcon.colcon_core.shell:Creating environment hook '/home/p30039115276/EC_ethercat_igh_c++/ethercat_motor_control/install/dro_hg/share/dro_hg/hook/cmake_prefix_path.ps1'
[4.451s] INFO:colcon.colcon_core.shell:Creating environment descriptor '/home/p30039115276/EC_ethercat_igh_c++/ethercat_motor_control/install/dro_hg/share/dro_hg/hook/cmake_prefix_path.dsv'
[4.452s] INFO:colcon.colcon_core.shell:Creating environment hook '/home/p30039115276/EC_ethercat_igh_c++/ethercat_motor_control/install/dro_hg/share/dro_hg/hook/cmake_prefix_path.sh'
[4.452s] Level 1:colcon.colcon_core.environment:checking '/home/p30039115276/EC_ethercat_igh_c++/ethercat_motor_control/install/dro_hg/lib'
[4.452s] Level 1:colcon.colcon_core.shell:create_environment_hook('dro_hg', 'ld_library_path_lib')
[4.452s] INFO:colcon.colcon_core.shell:Creating environment hook '/home/p30039115276/EC_ethercat_igh_c++/ethercat_motor_control/install/dro_hg/share/dro_hg/hook/ld_library_path_lib.ps1'
[4.453s] INFO:colcon.colcon_core.shell:Creating environment descriptor '/home/p30039115276/EC_ethercat_igh_c++/ethercat_motor_control/install/dro_hg/share/dro_hg/hook/ld_library_path_lib.dsv'
[4.453s] INFO:colcon.colcon_core.shell:Creating environment hook '/home/p30039115276/EC_ethercat_igh_c++/ethercat_motor_control/install/dro_hg/share/dro_hg/hook/ld_library_path_lib.sh'
[4.453s] Level 1:colcon.colcon_core.environment:checking '/home/p30039115276/EC_ethercat_igh_c++/ethercat_motor_control/install/dro_hg/bin'
[4.453s] Level 1:colcon.colcon_core.environment:checking '/home/p30039115276/EC_ethercat_igh_c++/ethercat_motor_control/install/dro_hg/lib/pkgconfig/dro_hg.pc'
[4.453s] Level 1:colcon.colcon_core.environment:checking '/home/p30039115276/EC_ethercat_igh_c++/ethercat_motor_control/install/dro_hg/lib/python3.10/site-packages'
[4.453s] Level 1:colcon.colcon_core.environment:checking '/home/p30039115276/EC_ethercat_igh_c++/ethercat_motor_control/install/dro_hg/bin'
[4.453s] INFO:colcon.colcon_core.shell:Creating package script '/home/p30039115276/EC_ethercat_igh_c++/ethercat_motor_control/install/dro_hg/share/dro_hg/package.ps1'
[4.454s] INFO:colcon.colcon_core.shell:Creating package descriptor '/home/p30039115276/EC_ethercat_igh_c++/ethercat_motor_control/install/dro_hg/share/dro_hg/package.dsv'
[4.454s] INFO:colcon.colcon_core.shell:Creating package script '/home/p30039115276/EC_ethercat_igh_c++/ethercat_motor_control/install/dro_hg/share/dro_hg/package.sh'
[4.455s] INFO:colcon.colcon_core.shell:Creating package script '/home/p30039115276/EC_ethercat_igh_c++/ethercat_motor_control/install/dro_hg/share/dro_hg/package.bash'
[4.455s] INFO:colcon.colcon_core.shell:Creating package script '/home/p30039115276/EC_ethercat_igh_c++/ethercat_motor_control/install/dro_hg/share/dro_hg/package.zsh'
[4.455s] Level 1:colcon.colcon_core.environment:create_file_with_runtime_dependencies(/home/p30039115276/EC_ethercat_igh_c++/ethercat_motor_control/install/dro_hg/share/colcon-core/packages/dro_hg)
[4.456s] Level 1:colcon.colcon_core.environment:create_environment_scripts_only(dro_hg)
[4.456s] Level 1:colcon.colcon_core.environment:checking '/home/p30039115276/EC_ethercat_igh_c++/ethercat_motor_control/install/dro_hg' for CMake module files
[4.456s] Level 1:colcon.colcon_core.environment:checking '/home/p30039115276/EC_ethercat_igh_c++/ethercat_motor_control/install/dro_hg' for CMake config files
[4.457s] Level 1:colcon.colcon_core.shell:create_environment_hook('dro_hg', 'cmake_prefix_path')
[4.457s] INFO:colcon.colcon_core.shell:Creating environment hook '/home/p30039115276/EC_ethercat_igh_c++/ethercat_motor_control/install/dro_hg/share/dro_hg/hook/cmake_prefix_path.ps1'
[4.457s] INFO:colcon.colcon_core.shell:Creating environment descriptor '/home/p30039115276/EC_ethercat_igh_c++/ethercat_motor_control/install/dro_hg/share/dro_hg/hook/cmake_prefix_path.dsv'
[4.457s] INFO:colcon.colcon_core.shell:Creating environment hook '/home/p30039115276/EC_ethercat_igh_c++/ethercat_motor_control/install/dro_hg/share/dro_hg/hook/cmake_prefix_path.sh'
[4.457s] Level 1:colcon.colcon_core.environment:checking '/home/p30039115276/EC_ethercat_igh_c++/ethercat_motor_control/install/dro_hg/lib'
[4.457s] Level 1:colcon.colcon_core.shell:create_environment_hook('dro_hg', 'ld_library_path_lib')
[4.457s] INFO:colcon.colcon_core.shell:Creating environment hook '/home/p30039115276/EC_ethercat_igh_c++/ethercat_motor_control/install/dro_hg/share/dro_hg/hook/ld_library_path_lib.ps1'
[4.458s] INFO:colcon.colcon_core.shell:Creating environment descriptor '/home/p30039115276/EC_ethercat_igh_c++/ethercat_motor_control/install/dro_hg/share/dro_hg/hook/ld_library_path_lib.dsv'
[4.458s] INFO:colcon.colcon_core.shell:Creating environment hook '/home/p30039115276/EC_ethercat_igh_c++/ethercat_motor_control/install/dro_hg/share/dro_hg/hook/ld_library_path_lib.sh'
[4.458s] Level 1:colcon.colcon_core.environment:checking '/home/p30039115276/EC_ethercat_igh_c++/ethercat_motor_control/install/dro_hg/bin'
[4.458s] Level 1:colcon.colcon_core.environment:checking '/home/p30039115276/EC_ethercat_igh_c++/ethercat_motor_control/install/dro_hg/lib/pkgconfig/dro_hg.pc'
[4.458s] Level 1:colcon.colcon_core.environment:checking '/home/p30039115276/EC_ethercat_igh_c++/ethercat_motor_control/install/dro_hg/lib/python3.10/site-packages'
[4.459s] Level 1:colcon.colcon_core.environment:checking '/home/p30039115276/EC_ethercat_igh_c++/ethercat_motor_control/install/dro_hg/bin'
[4.459s] INFO:colcon.colcon_core.shell:Creating package script '/home/p30039115276/EC_ethercat_igh_c++/ethercat_motor_control/install/dro_hg/share/dro_hg/package.ps1'
[4.459s] INFO:colcon.colcon_core.shell:Creating package descriptor '/home/p30039115276/EC_ethercat_igh_c++/ethercat_motor_control/install/dro_hg/share/dro_hg/package.dsv'
[4.459s] INFO:colcon.colcon_core.shell:Creating package script '/home/p30039115276/EC_ethercat_igh_c++/ethercat_motor_control/install/dro_hg/share/dro_hg/package.sh'
[4.459s] INFO:colcon.colcon_core.shell:Creating package script '/home/p30039115276/EC_ethercat_igh_c++/ethercat_motor_control/install/dro_hg/share/dro_hg/package.bash'
[4.460s] INFO:colcon.colcon_core.shell:Creating package script '/home/p30039115276/EC_ethercat_igh_c++/ethercat_motor_control/install/dro_hg/share/dro_hg/package.zsh'
[4.460s] Level 1:colcon.colcon_core.environment:create_file_with_runtime_dependencies(/home/p30039115276/EC_ethercat_igh_c++/ethercat_motor_control/install/dro_hg/share/colcon-core/packages/dro_hg)
[4.460s] INFO:colcon.colcon_ros.task.ament_cmake.build:Building ROS package in '/home/p30039115276/EC_ethercat_igh_c++/ethercat_motor_control/src/ethercat_motor_node' with build type 'ament_cmake'
[4.460s] INFO:colcon.colcon_cmake.task.cmake.build:Building CMake package in '/home/p30039115276/EC_ethercat_igh_c++/ethercat_motor_control/src/ethercat_motor_node'
[4.460s] INFO:colcon.colcon_core.shell:Skip shell extension 'powershell' for command environment: Not usable outside of PowerShell
[4.460s] DEBUG:colcon.colcon_core.shell:Skip shell extension 'dsv' for command environment
[4.467s] DEBUG:colcon.colcon_core.event_handler.log_command:Invoking command in '/home/p30039115276/EC_ethercat_igh_c++/ethercat_motor_control/build/ethercat_motor_node': CMAKE_PREFIX_PATH=/home/p30039115276/EC_ethercat_igh_c++/ethercat_motor_control/install/dro_hg:/home/p30039115276/EC_ethercat_igh_c++/ethercat_motor_control/install/ethercat_motor_node:/home/p30039115276/EC_ethercat_igh_c++/ethercat_motor_control/install/dros_hg:/home/p30039115276/EC_ethercat_igh_c++/ethercat_motor_control/install/motor_freq_response_test:/opt/ros/humble LD_LIBRARY_PATH=/home/p30039115276/EC_ethercat_igh_c++/ethercat_motor_control/install/dro_hg/lib:/home/p30039115276/EC_ethercat_igh_c++/ethercat_motor_control/install/ethercat_motor_node/lib:/home/p30039115276/EC_ethercat_igh_c++/ethercat_motor_control/install/dros_hg/lib:/home/p30039115276/EC_ethercat_igh_c++/ethercat_motor_control/src/thirdparty/onnxruntime-linux-x64-1.20.1/lib:/home/p30039115276/anaconda3/envs/myenv/lib:/usr/lib/x86_64-linux-gnu:/usr/lib:/usr/local/lib:/usr/local/lib:/opt/ros/humble/opt/rviz_ogre_vendor/lib:/opt/ros/humble/lib/x86_64-linux-gnu:/home/p30039115276/EC_ethercat_igh_c++/src/thirdparty/onnxruntime-linux-x64-1.20.1/lib:/home/p30039115276/anaconda3/envs/myenv/lib:/usr/lib/x86_64-linux-gnu:/usr/lib:/usr/local/lib:/usr/local/lib:/usr/lib/x86_64-linux-gnu/gazebo-11/plugins:/opt/ros/humble/lib:/usr/share/gazebo-11/../../lib/x86_64-linux-gnu/gazebo-11/plugins:/usr/share/gazebo-11/../../lib/x86_64-linux-gnu/gazebo-11/plugins:/usr/lib/x86_64-linux-gnu/gazebo-11/plugins:/opt/ros/humble/lib:/usr/share/gazebo-11/../../lib/x86_64-linux-gnu/gazebo-11/plugins:/usr/share/gazebo-11/../../lib/x86_64-linux-gnu/gazebo-11/plugins /usr/bin/cmake /home/p30039115276/EC_ethercat_igh_c++/ethercat_motor_control/src/ethercat_motor_node -DCMAKE_INSTALL_PREFIX=/home/p30039115276/EC_ethercat_igh_c++/ethercat_motor_control/install/ethercat_motor_node
[5.456s] DEBUG:colcon.colcon_core.event_handler.log_command:Invoked command in '/home/p30039115276/EC_ethercat_igh_c++/ethercat_motor_control/build/ethercat_motor_node' returned '0': CMAKE_PREFIX_PATH=/home/p30039115276/EC_ethercat_igh_c++/ethercat_motor_control/install/dro_hg:/home/p30039115276/EC_ethercat_igh_c++/ethercat_motor_control/install/ethercat_motor_node:/home/p30039115276/EC_ethercat_igh_c++/ethercat_motor_control/install/dros_hg:/home/p30039115276/EC_ethercat_igh_c++/ethercat_motor_control/install/motor_freq_response_test:/opt/ros/humble LD_LIBRARY_PATH=/home/p30039115276/EC_ethercat_igh_c++/ethercat_motor_control/install/dro_hg/lib:/home/p30039115276/EC_ethercat_igh_c++/ethercat_motor_control/install/ethercat_motor_node/lib:/home/p30039115276/EC_ethercat_igh_c++/ethercat_motor_control/install/dros_hg/lib:/home/p30039115276/EC_ethercat_igh_c++/ethercat_motor_control/src/thirdparty/onnxruntime-linux-x64-1.20.1/lib:/home/p30039115276/anaconda3/envs/myenv/lib:/usr/lib/x86_64-linux-gnu:/usr/lib:/usr/local/lib:/usr/local/lib:/opt/ros/humble/opt/rviz_ogre_vendor/lib:/opt/ros/humble/lib/x86_64-linux-gnu:/home/p30039115276/EC_ethercat_igh_c++/src/thirdparty/onnxruntime-linux-x64-1.20.1/lib:/home/p30039115276/anaconda3/envs/myenv/lib:/usr/lib/x86_64-linux-gnu:/usr/lib:/usr/local/lib:/usr/local/lib:/usr/lib/x86_64-linux-gnu/gazebo-11/plugins:/opt/ros/humble/lib:/usr/share/gazebo-11/../../lib/x86_64-linux-gnu/gazebo-11/plugins:/usr/share/gazebo-11/../../lib/x86_64-linux-gnu/gazebo-11/plugins:/usr/lib/x86_64-linux-gnu/gazebo-11/plugins:/opt/ros/humble/lib:/usr/share/gazebo-11/../../lib/x86_64-linux-gnu/gazebo-11/plugins:/usr/share/gazebo-11/../../lib/x86_64-linux-gnu/gazebo-11/plugins /usr/bin/cmake /home/p30039115276/EC_ethercat_igh_c++/ethercat_motor_control/src/ethercat_motor_node -DCMAKE_INSTALL_PREFIX=/home/p30039115276/EC_ethercat_igh_c++/ethercat_motor_control/install/ethercat_motor_node
[5.459s] DEBUG:colcon.colcon_core.event_handler.log_command:Invoking command in '/home/p30039115276/EC_ethercat_igh_c++/ethercat_motor_control/build/ethercat_motor_node': CMAKE_PREFIX_PATH=/home/p30039115276/EC_ethercat_igh_c++/ethercat_motor_control/install/dro_hg:/home/p30039115276/EC_ethercat_igh_c++/ethercat_motor_control/install/ethercat_motor_node:/home/p30039115276/EC_ethercat_igh_c++/ethercat_motor_control/install/dros_hg:/home/p30039115276/EC_ethercat_igh_c++/ethercat_motor_control/install/motor_freq_response_test:/opt/ros/humble LD_LIBRARY_PATH=/home/p30039115276/EC_ethercat_igh_c++/ethercat_motor_control/install/dro_hg/lib:/home/p30039115276/EC_ethercat_igh_c++/ethercat_motor_control/install/ethercat_motor_node/lib:/home/p30039115276/EC_ethercat_igh_c++/ethercat_motor_control/install/dros_hg/lib:/home/p30039115276/EC_ethercat_igh_c++/ethercat_motor_control/src/thirdparty/onnxruntime-linux-x64-1.20.1/lib:/home/p30039115276/anaconda3/envs/myenv/lib:/usr/lib/x86_64-linux-gnu:/usr/lib:/usr/local/lib:/usr/local/lib:/opt/ros/humble/opt/rviz_ogre_vendor/lib:/opt/ros/humble/lib/x86_64-linux-gnu:/home/p30039115276/EC_ethercat_igh_c++/src/thirdparty/onnxruntime-linux-x64-1.20.1/lib:/home/p30039115276/anaconda3/envs/myenv/lib:/usr/lib/x86_64-linux-gnu:/usr/lib:/usr/local/lib:/usr/local/lib:/usr/lib/x86_64-linux-gnu/gazebo-11/plugins:/opt/ros/humble/lib:/usr/share/gazebo-11/../../lib/x86_64-linux-gnu/gazebo-11/plugins:/usr/share/gazebo-11/../../lib/x86_64-linux-gnu/gazebo-11/plugins:/usr/lib/x86_64-linux-gnu/gazebo-11/plugins:/opt/ros/humble/lib:/usr/share/gazebo-11/../../lib/x86_64-linux-gnu/gazebo-11/plugins:/usr/share/gazebo-11/../../lib/x86_64-linux-gnu/gazebo-11/plugins /usr/bin/cmake --build /home/p30039115276/EC_ethercat_igh_c++/ethercat_motor_control/build/ethercat_motor_node -- -j22 -l22
[11.034s] DEBUG:colcon.colcon_core.event_handler.log_command:Invoked command in '/home/p30039115276/EC_ethercat_igh_c++/ethercat_motor_control/build/ethercat_motor_node' returned '0': CMAKE_PREFIX_PATH=/home/p30039115276/EC_ethercat_igh_c++/ethercat_motor_control/install/dro_hg:/home/p30039115276/EC_ethercat_igh_c++/ethercat_motor_control/install/ethercat_motor_node:/home/p30039115276/EC_ethercat_igh_c++/ethercat_motor_control/install/dros_hg:/home/p30039115276/EC_ethercat_igh_c++/ethercat_motor_control/install/motor_freq_response_test:/opt/ros/humble LD_LIBRARY_PATH=/home/p30039115276/EC_ethercat_igh_c++/ethercat_motor_control/install/dro_hg/lib:/home/p30039115276/EC_ethercat_igh_c++/ethercat_motor_control/install/ethercat_motor_node/lib:/home/p30039115276/EC_ethercat_igh_c++/ethercat_motor_control/install/dros_hg/lib:/home/p30039115276/EC_ethercat_igh_c++/ethercat_motor_control/src/thirdparty/onnxruntime-linux-x64-1.20.1/lib:/home/p30039115276/anaconda3/envs/myenv/lib:/usr/lib/x86_64-linux-gnu:/usr/lib:/usr/local/lib:/usr/local/lib:/opt/ros/humble/opt/rviz_ogre_vendor/lib:/opt/ros/humble/lib/x86_64-linux-gnu:/home/p30039115276/EC_ethercat_igh_c++/src/thirdparty/onnxruntime-linux-x64-1.20.1/lib:/home/p30039115276/anaconda3/envs/myenv/lib:/usr/lib/x86_64-linux-gnu:/usr/lib:/usr/local/lib:/usr/local/lib:/usr/lib/x86_64-linux-gnu/gazebo-11/plugins:/opt/ros/humble/lib:/usr/share/gazebo-11/../../lib/x86_64-linux-gnu/gazebo-11/plugins:/usr/share/gazebo-11/../../lib/x86_64-linux-gnu/gazebo-11/plugins:/usr/lib/x86_64-linux-gnu/gazebo-11/plugins:/opt/ros/humble/lib:/usr/share/gazebo-11/../../lib/x86_64-linux-gnu/gazebo-11/plugins:/usr/share/gazebo-11/../../lib/x86_64-linux-gnu/gazebo-11/plugins /usr/bin/cmake --build /home/p30039115276/EC_ethercat_igh_c++/ethercat_motor_control/build/ethercat_motor_node -- -j22 -l22
[11.035s] DEBUG:colcon.colcon_core.event_handler.log_command:Invoking command in '/home/p30039115276/EC_ethercat_igh_c++/ethercat_motor_control/build/ethercat_motor_node': CMAKE_PREFIX_PATH=/home/p30039115276/EC_ethercat_igh_c++/ethercat_motor_control/install/dro_hg:/home/p30039115276/EC_ethercat_igh_c++/ethercat_motor_control/install/ethercat_motor_node:/home/p30039115276/EC_ethercat_igh_c++/ethercat_motor_control/install/dros_hg:/home/p30039115276/EC_ethercat_igh_c++/ethercat_motor_control/install/motor_freq_response_test:/opt/ros/humble LD_LIBRARY_PATH=/home/p30039115276/EC_ethercat_igh_c++/ethercat_motor_control/install/dro_hg/lib:/home/p30039115276/EC_ethercat_igh_c++/ethercat_motor_control/install/ethercat_motor_node/lib:/home/p30039115276/EC_ethercat_igh_c++/ethercat_motor_control/install/dros_hg/lib:/home/p30039115276/EC_ethercat_igh_c++/ethercat_motor_control/src/thirdparty/onnxruntime-linux-x64-1.20.1/lib:/home/p30039115276/anaconda3/envs/myenv/lib:/usr/lib/x86_64-linux-gnu:/usr/lib:/usr/local/lib:/usr/local/lib:/opt/ros/humble/opt/rviz_ogre_vendor/lib:/opt/ros/humble/lib/x86_64-linux-gnu:/home/p30039115276/EC_ethercat_igh_c++/src/thirdparty/onnxruntime-linux-x64-1.20.1/lib:/home/p30039115276/anaconda3/envs/myenv/lib:/usr/lib/x86_64-linux-gnu:/usr/lib:/usr/local/lib:/usr/local/lib:/usr/lib/x86_64-linux-gnu/gazebo-11/plugins:/opt/ros/humble/lib:/usr/share/gazebo-11/../../lib/x86_64-linux-gnu/gazebo-11/plugins:/usr/share/gazebo-11/../../lib/x86_64-linux-gnu/gazebo-11/plugins:/usr/lib/x86_64-linux-gnu/gazebo-11/plugins:/opt/ros/humble/lib:/usr/share/gazebo-11/../../lib/x86_64-linux-gnu/gazebo-11/plugins:/usr/share/gazebo-11/../../lib/x86_64-linux-gnu/gazebo-11/plugins /usr/bin/cmake --install /home/p30039115276/EC_ethercat_igh_c++/ethercat_motor_control/build/ethercat_motor_node
[11.044s] Level 1:colcon.colcon_core.environment:create_environment_scripts_only(ethercat_motor_node)
[11.044s] DEBUG:colcon.colcon_core.event_handler.log_command:Invoked command in '/home/p30039115276/EC_ethercat_igh_c++/ethercat_motor_control/build/ethercat_motor_node' returned '0': CMAKE_PREFIX_PATH=/home/p30039115276/EC_ethercat_igh_c++/ethercat_motor_control/install/dro_hg:/home/p30039115276/EC_ethercat_igh_c++/ethercat_motor_control/install/ethercat_motor_node:/home/p30039115276/EC_ethercat_igh_c++/ethercat_motor_control/install/dros_hg:/home/p30039115276/EC_ethercat_igh_c++/ethercat_motor_control/install/motor_freq_response_test:/opt/ros/humble LD_LIBRARY_PATH=/home/p30039115276/EC_ethercat_igh_c++/ethercat_motor_control/install/dro_hg/lib:/home/p30039115276/EC_ethercat_igh_c++/ethercat_motor_control/install/ethercat_motor_node/lib:/home/p30039115276/EC_ethercat_igh_c++/ethercat_motor_control/install/dros_hg/lib:/home/p30039115276/EC_ethercat_igh_c++/ethercat_motor_control/src/thirdparty/onnxruntime-linux-x64-1.20.1/lib:/home/p30039115276/anaconda3/envs/myenv/lib:/usr/lib/x86_64-linux-gnu:/usr/lib:/usr/local/lib:/usr/local/lib:/opt/ros/humble/opt/rviz_ogre_vendor/lib:/opt/ros/humble/lib/x86_64-linux-gnu:/home/p30039115276/EC_ethercat_igh_c++/src/thirdparty/onnxruntime-linux-x64-1.20.1/lib:/home/p30039115276/anaconda3/envs/myenv/lib:/usr/lib/x86_64-linux-gnu:/usr/lib:/usr/local/lib:/usr/local/lib:/usr/lib/x86_64-linux-gnu/gazebo-11/plugins:/opt/ros/humble/lib:/usr/share/gazebo-11/../../lib/x86_64-linux-gnu/gazebo-11/plugins:/usr/share/gazebo-11/../../lib/x86_64-linux-gnu/gazebo-11/plugins:/usr/lib/x86_64-linux-gnu/gazebo-11/plugins:/opt/ros/humble/lib:/usr/share/gazebo-11/../../lib/x86_64-linux-gnu/gazebo-11/plugins:/usr/share/gazebo-11/../../lib/x86_64-linux-gnu/gazebo-11/plugins /usr/bin/cmake --install /home/p30039115276/EC_ethercat_igh_c++/ethercat_motor_control/build/ethercat_motor_node
[11.044s] Level 1:colcon.colcon_core.environment:checking '/home/p30039115276/EC_ethercat_igh_c++/ethercat_motor_control/install/ethercat_motor_node' for CMake module files
[11.045s] Level 1:colcon.colcon_core.environment:checking '/home/p30039115276/EC_ethercat_igh_c++/ethercat_motor_control/install/ethercat_motor_node' for CMake config files
[11.045s] Level 1:colcon.colcon_core.shell:create_environment_hook('ethercat_motor_node', 'cmake_prefix_path')
[11.045s] INFO:colcon.colcon_core.shell:Creating environment hook '/home/p30039115276/EC_ethercat_igh_c++/ethercat_motor_control/install/ethercat_motor_node/share/ethercat_motor_node/hook/cmake_prefix_path.ps1'
[11.045s] INFO:colcon.colcon_core.shell:Creating environment descriptor '/home/p30039115276/EC_ethercat_igh_c++/ethercat_motor_control/install/ethercat_motor_node/share/ethercat_motor_node/hook/cmake_prefix_path.dsv'
[11.045s] INFO:colcon.colcon_core.shell:Creating environment hook '/home/p30039115276/EC_ethercat_igh_c++/ethercat_motor_control/install/ethercat_motor_node/share/ethercat_motor_node/hook/cmake_prefix_path.sh'
[11.046s] Level 1:colcon.colcon_core.environment:checking '/home/p30039115276/EC_ethercat_igh_c++/ethercat_motor_control/install/ethercat_motor_node/lib'
[11.046s] Level 1:colcon.colcon_core.environment:checking '/home/p30039115276/EC_ethercat_igh_c++/ethercat_motor_control/install/ethercat_motor_node/bin'
[11.046s] Level 1:colcon.colcon_core.environment:checking '/home/p30039115276/EC_ethercat_igh_c++/ethercat_motor_control/install/ethercat_motor_node/lib/pkgconfig/ethercat_motor_node.pc'
[11.046s] Level 1:colcon.colcon_core.environment:checking '/home/p30039115276/EC_ethercat_igh_c++/ethercat_motor_control/install/ethercat_motor_node/lib/python3.10/site-packages'
[11.046s] Level 1:colcon.colcon_core.environment:checking '/home/p30039115276/EC_ethercat_igh_c++/ethercat_motor_control/install/ethercat_motor_node/bin'
[11.046s] INFO:colcon.colcon_core.shell:Creating package script '/home/p30039115276/EC_ethercat_igh_c++/ethercat_motor_control/install/ethercat_motor_node/share/ethercat_motor_node/package.ps1'
[11.046s] INFO:colcon.colcon_core.shell:Creating package descriptor '/home/p30039115276/EC_ethercat_igh_c++/ethercat_motor_control/install/ethercat_motor_node/share/ethercat_motor_node/package.dsv'
[11.047s] INFO:colcon.colcon_core.shell:Creating package script '/home/p30039115276/EC_ethercat_igh_c++/ethercat_motor_control/install/ethercat_motor_node/share/ethercat_motor_node/package.sh'
[11.047s] INFO:colcon.colcon_core.shell:Creating package script '/home/p30039115276/EC_ethercat_igh_c++/ethercat_motor_control/install/ethercat_motor_node/share/ethercat_motor_node/package.bash'
[11.047s] INFO:colcon.colcon_core.shell:Creating package script '/home/p30039115276/EC_ethercat_igh_c++/ethercat_motor_control/install/ethercat_motor_node/share/ethercat_motor_node/package.zsh'
[11.047s] Level 1:colcon.colcon_core.environment:create_file_with_runtime_dependencies(/home/p30039115276/EC_ethercat_igh_c++/ethercat_motor_control/install/ethercat_motor_node/share/colcon-core/packages/ethercat_motor_node)
[11.048s] Level 1:colcon.colcon_core.environment:create_environment_scripts_only(ethercat_motor_node)
[11.048s] Level 1:colcon.colcon_core.environment:checking '/home/p30039115276/EC_ethercat_igh_c++/ethercat_motor_control/install/ethercat_motor_node' for CMake module files
[11.048s] Level 1:colcon.colcon_core.environment:checking '/home/p30039115276/EC_ethercat_igh_c++/ethercat_motor_control/install/ethercat_motor_node' for CMake config files
[11.048s] Level 1:colcon.colcon_core.shell:create_environment_hook('ethercat_motor_node', 'cmake_prefix_path')
[11.048s] INFO:colcon.colcon_core.shell:Creating environment hook '/home/p30039115276/EC_ethercat_igh_c++/ethercat_motor_control/install/ethercat_motor_node/share/ethercat_motor_node/hook/cmake_prefix_path.ps1'
[11.049s] INFO:colcon.colcon_core.shell:Creating environment descriptor '/home/p30039115276/EC_ethercat_igh_c++/ethercat_motor_control/install/ethercat_motor_node/share/ethercat_motor_node/hook/cmake_prefix_path.dsv'
[11.049s] INFO:colcon.colcon_core.shell:Creating environment hook '/home/p30039115276/EC_ethercat_igh_c++/ethercat_motor_control/install/ethercat_motor_node/share/ethercat_motor_node/hook/cmake_prefix_path.sh'
[11.049s] Level 1:colcon.colcon_core.environment:checking '/home/p30039115276/EC_ethercat_igh_c++/ethercat_motor_control/install/ethercat_motor_node/lib'
[11.049s] Level 1:colcon.colcon_core.environment:checking '/home/p30039115276/EC_ethercat_igh_c++/ethercat_motor_control/install/ethercat_motor_node/bin'
[11.049s] Level 1:colcon.colcon_core.environment:checking '/home/p30039115276/EC_ethercat_igh_c++/ethercat_motor_control/install/ethercat_motor_node/lib/pkgconfig/ethercat_motor_node.pc'
[11.049s] Level 1:colcon.colcon_core.environment:checking '/home/p30039115276/EC_ethercat_igh_c++/ethercat_motor_control/install/ethercat_motor_node/lib/python3.10/site-packages'
[11.049s] Level 1:colcon.colcon_core.environment:checking '/home/p30039115276/EC_ethercat_igh_c++/ethercat_motor_control/install/ethercat_motor_node/bin'
[11.050s] INFO:colcon.colcon_core.shell:Creating package script '/home/p30039115276/EC_ethercat_igh_c++/ethercat_motor_control/install/ethercat_motor_node/share/ethercat_motor_node/package.ps1'
[11.050s] INFO:colcon.colcon_core.shell:Creating package descriptor '/home/p30039115276/EC_ethercat_igh_c++/ethercat_motor_control/install/ethercat_motor_node/share/ethercat_motor_node/package.dsv'
[11.050s] INFO:colcon.colcon_core.shell:Creating package script '/home/p30039115276/EC_ethercat_igh_c++/ethercat_motor_control/install/ethercat_motor_node/share/ethercat_motor_node/package.sh'
[11.050s] INFO:colcon.colcon_core.shell:Creating package script '/home/p30039115276/EC_ethercat_igh_c++/ethercat_motor_control/install/ethercat_motor_node/share/ethercat_motor_node/package.bash'
[11.050s] INFO:colcon.colcon_core.shell:Creating package script '/home/p30039115276/EC_ethercat_igh_c++/ethercat_motor_control/install/ethercat_motor_node/share/ethercat_motor_node/package.zsh'
[11.051s] Level 1:colcon.colcon_core.environment:create_file_with_runtime_dependencies(/home/p30039115276/EC_ethercat_igh_c++/ethercat_motor_control/install/ethercat_motor_node/share/colcon-core/packages/ethercat_motor_node)
[11.051s] DEBUG:colcon.colcon_parallel_executor.executor.parallel:closing loop
[11.051s] DEBUG:colcon.colcon_parallel_executor.executor.parallel:loop closed
[11.051s] DEBUG:colcon.colcon_parallel_executor.executor.parallel:run_until_complete finished with '0'
[11.051s] DEBUG:colcon.colcon_core.event_reactor:joining thread
[11.055s] INFO:colcon.colcon_core.plugin_system:Skipping extension 'colcon_notification.desktop_notification.terminal_notifier': Not used on non-Darwin systems
[11.055s] INFO:colcon.colcon_core.plugin_system:Skipping extension 'colcon_notification.desktop_notification.win32': Not used on non-Windows systems
[11.055s] INFO:colcon.colcon_notification.desktop_notification:Sending desktop notification using 'notify2'
[11.062s] DEBUG:colcon.colcon_core.event_reactor:joined thread
[11.062s] INFO:colcon.colcon_core.shell:Creating prefix script '/home/p30039115276/EC_ethercat_igh_c++/ethercat_motor_control/install/local_setup.ps1'
[11.063s] INFO:colcon.colcon_core.shell:Creating prefix util module '/home/p30039115276/EC_ethercat_igh_c++/ethercat_motor_control/install/_local_setup_util_ps1.py'
[11.064s] INFO:colcon.colcon_core.shell:Creating prefix chain script '/home/p30039115276/EC_ethercat_igh_c++/ethercat_motor_control/install/setup.ps1'
[11.064s] INFO:colcon.colcon_core.shell:Creating prefix script '/home/p30039115276/EC_ethercat_igh_c++/ethercat_motor_control/install/local_setup.sh'
[11.064s] INFO:colcon.colcon_core.shell:Creating prefix util module '/home/p30039115276/EC_ethercat_igh_c++/ethercat_motor_control/install/_local_setup_util_sh.py'
[11.065s] INFO:colcon.colcon_core.shell:Creating prefix chain script '/home/p30039115276/EC_ethercat_igh_c++/ethercat_motor_control/install/setup.sh'
[11.065s] INFO:colcon.colcon_core.shell:Creating prefix script '/home/p30039115276/EC_ethercat_igh_c++/ethercat_motor_control/install/local_setup.bash'
[11.065s] INFO:colcon.colcon_core.shell:Creating prefix chain script '/home/p30039115276/EC_ethercat_igh_c++/ethercat_motor_control/install/setup.bash'
[11.066s] INFO:colcon.colcon_core.shell:Creating prefix script '/home/p30039115276/EC_ethercat_igh_c++/ethercat_motor_control/install/local_setup.zsh'
[11.066s] INFO:colcon.colcon_core.shell:Creating prefix chain script '/home/p30039115276/EC_ethercat_igh_c++/ethercat_motor_control/install/setup.zsh'
