[0.007s] Invoking command in '/home/p30039115276/TK_MOTOR_IGH/igh_example_2025_1229_CSP_CSV_CST/ros2_ws/build/arm_control': CMAKE_PREFIX_PATH=${CMAKE_PREFIX_PATH}:/opt/ros/humble /usr/bin/cmake /home/p30039115276/TK_MOTOR_IGH/igh_example_2025_1229_CSP_CSV_CST/ros2_ws/src/arm_control -DCMAKE_INSTALL_PREFIX=/home/p30039115276/TK_MOTOR_IGH/igh_example_2025_1229_CSP_CSV_CST/ros2_ws/install/arm_control
[0.012s] [0mCMake Deprecation Warning at CMakeLists.txt:1 (cmake_minimum_required):
[0.012s]   Compatibility with CMake < 3.10 will be removed from a future version of
[0.012s]   CMake.
[0.012s] 
[0.013s]   Update the VERSION argument <min> value.  Or, use the <min>...<max> syntax
[0.013s]   to tell CMake that the project requires at least <min> but has been updated
[0.013s]   to work with policies introduced by <max> or earlier.
[0.013s] 
[0.013s] [0m
[0.045s] -- The C compiler identification is GNU 11.4.0
[0.090s] -- The CXX compiler identification is GNU 11.4.0
[0.095s] -- Detecting C compiler ABI info
[0.138s] -- Detecting C compiler ABI info - done
[0.147s] -- Check for working C compiler: /usr/bin/cc - skipped
[0.148s] -- Detecting C compile features
[0.148s] -- Detecting C compile features - done
[0.157s] -- Detecting CXX compiler ABI info
[0.202s] -- Detecting CXX compiler ABI info - done
[0.212s] -- Check for working CXX compiler: /usr/bin/c++ - skipped
[0.213s] -- Detecting CXX compile features
[0.213s] -- Detecting CXX compile features - done
[0.222s] -- Found ament_cmake: 1.3.12 (/opt/ros/humble/share/ament_cmake/cmake)
[0.310s] -- Found Python3: /usr/bin/python3 (found version "3.10.12") found components: Interpreter
[0.381s] -- Found rosidl_default_generators: 1.2.0 (/opt/ros/humble/share/rosidl_default_generators/cmake)
[0.383s] -- Using all available rosidl_typesupport_c: rosidl_typesupport_fastrtps_c;rosidl_typesupport_introspection_c
[0.388s] -- Found rosidl_adapter: 3.1.8 (/opt/ros/humble/share/rosidl_adapter/cmake)
[0.420s] -- Using all available rosidl_typesupport_cpp: rosidl_typesupport_fastrtps_cpp;rosidl_typesupport_introspection_cpp
[0.446s] -- Found std_msgs: 4.9.0 (/opt/ros/humble/share/std_msgs/cmake)
[0.467s] -- Found sensor_msgs: 4.9.0 (/opt/ros/humble/share/sensor_msgs/cmake)
[0.786s] -- Found ament_cmake_ros: 0.10.0 (/opt/ros/humble/share/ament_cmake_ros/cmake)
[1.156s] -- Using all available rosidl_typesupport_c: rosidl_typesupport_fastrtps_c;rosidl_typesupport_introspection_c
[1.596s] -- Using all available rosidl_typesupport_cpp: rosidl_typesupport_fastrtps_cpp;rosidl_typesupport_introspection_cpp
[1.598s] [33mCMake Warning (dev) at /opt/ros/humble/share/rosidl_generator_py/cmake/rosidl_generator_py_generate_interfaces.cmake:20 (find_package):
[1.598s]   Policy CMP0148 is not set: The FindPythonInterp and FindPythonLibs modules
[1.598s]   are removed.  Run "cmake --help-policy CMP0148" for policy details.  Use
[1.598s]   the cmake_policy command to set the policy and suppress this warning.
[1.598s] 
[1.598s] Call Stack (most recent call first):
[1.598s]   /opt/ros/humble/share/ament_cmake_core/cmake/core/ament_execute_extensions.cmake:48 (include)
[1.598s]   /opt/ros/humble/share/rosidl_cmake/cmake/rosidl_generate_interfaces.cmake:286 (ament_execute_extensions)
[1.598s]   CMakeLists.txt:28 (rosidl_generate_interfaces)
[1.598s] This warning is for project developers.  Use -Wno-dev to suppress it.
[1.598s] [0m
[1.611s] -- Found PythonInterp: /usr/bin/python3 (found suitable version "3.10.12", minimum required is "3.6")
[1.613s] -- Found python_cmake_module: 0.10.0 (/opt/ros/humble/share/python_cmake_module/cmake)
[1.614s] [33mCMake Warning (dev) at /opt/ros/humble/share/python_cmake_module/cmake/Modules/FindPythonExtra.cmake:52 (find_package):
[1.614s]   Policy CMP0148 is not set: The FindPythonInterp and FindPythonLibs modules
[1.614s]   are removed.  Run "cmake --help-policy CMP0148" for policy details.  Use
[1.614s]   the cmake_policy command to set the policy and suppress this warning.
[1.614s] 
[1.614s] Call Stack (most recent call first):
[1.614s]   /opt/ros/humble/share/rosidl_generator_py/cmake/rosidl_generator_py_generate_interfaces.cmake:23 (find_package)
[1.614s]   /opt/ros/humble/share/ament_cmake_core/cmake/core/ament_execute_extensions.cmake:48 (include)
[1.614s]   /opt/ros/humble/share/rosidl_cmake/cmake/rosidl_generate_interfaces.cmake:286 (ament_execute_extensions)
[1.614s]   CMakeLists.txt:28 (rosidl_generate_interfaces)
[1.614s] This warning is for project developers.  Use -Wno-dev to suppress it.
[1.615s] [0m
[1.628s] [33mCMake Warning (dev) at /opt/ros/humble/share/python_cmake_module/cmake/Modules/FindPythonExtra.cmake:140 (find_package):
[1.628s]   Policy CMP0148 is not set: The FindPythonInterp and FindPythonLibs modules
[1.628s]   are removed.  Run "cmake --help-policy CMP0148" for policy details.  Use
[1.628s]   the cmake_policy command to set the policy and suppress this warning.
[1.628s] 
[1.628s] Call Stack (most recent call first):
[1.628s]   /opt/ros/humble/share/rosidl_generator_py/cmake/rosidl_generator_py_generate_interfaces.cmake:23 (find_package)
[1.628s]   /opt/ros/humble/share/ament_cmake_core/cmake/core/ament_execute_extensions.cmake:48 (include)
[1.628s]   /opt/ros/humble/share/rosidl_cmake/cmake/rosidl_generate_interfaces.cmake:286 (ament_execute_extensions)
[1.628s]   CMakeLists.txt:28 (rosidl_generate_interfaces)
[1.629s] This warning is for project developers.  Use -Wno-dev to suppress it.
[1.629s] [0m
[1.636s] -- Found PythonLibs: /usr/lib/x86_64-linux-gnu/libpython3.10.so (found suitable version "3.10.12", minimum required is "3.5")
[1.636s] -- Using PYTHON_EXECUTABLE: /usr/bin/python3
[1.636s] -- Using PYTHON_INCLUDE_DIRS: /usr/include/python3.10
[1.636s] -- Using PYTHON_LIBRARIES: /usr/lib/x86_64-linux-gnu/libpython3.10.so
[1.659s] -- Found PythonExtra: .so
[1.741s] -- Configuring done (1.7s)
[1.770s] -- Generating done (0.0s)
[1.781s] -- Build files have been written to: /home/p30039115276/TK_MOTOR_IGH/igh_example_2025_1229_CSP_CSV_CST/ros2_ws/build/arm_control
[1.789s] Invoked command in '/home/p30039115276/TK_MOTOR_IGH/igh_example_2025_1229_CSP_CSV_CST/ros2_ws/build/arm_control' returned '0': CMAKE_PREFIX_PATH=${CMAKE_PREFIX_PATH}:/opt/ros/humble /usr/bin/cmake /home/p30039115276/TK_MOTOR_IGH/igh_example_2025_1229_CSP_CSV_CST/ros2_ws/src/arm_control -DCMAKE_INSTALL_PREFIX=/home/p30039115276/TK_MOTOR_IGH/igh_example_2025_1229_CSP_CSV_CST/ros2_ws/install/arm_control
[1.789s] Invoking command in '/home/p30039115276/TK_MOTOR_IGH/igh_example_2025_1229_CSP_CSV_CST/ros2_ws/build/arm_control': CMAKE_PREFIX_PATH=${CMAKE_PREFIX_PATH}:/opt/ros/humble /usr/bin/cmake --build /home/p30039115276/TK_MOTOR_IGH/igh_example_2025_1229_CSP_CSV_CST/ros2_ws/build/arm_control -- -j22 -l22
[1.810s] [  1%] [1m[34mGenerating C code for ROS interfaces[0m
[1.815s] [  3%] [1m[34mGenerating C++ code for ROS interfaces[0m
[1.818s] [  3%] Built target ament_cmake_python_copy_arm_control
[1.962s] running egg_info
[1.974s] creating arm_control.egg-info
[1.974s] writing arm_control.egg-info/PKG-INFO
[1.974s] writing dependency_links to arm_control.egg-info/dependency_links.txt
[1.974s] writing top-level names to arm_control.egg-info/top_level.txt
[1.974s] writing manifest file 'arm_control.egg-info/SOURCES.txt'
[2.008s] reading manifest file 'arm_control.egg-info/SOURCES.txt'
[2.009s] writing manifest file 'arm_control.egg-info/SOURCES.txt'
[2.027s] [  3%] Built target ament_cmake_python_build_arm_control_egg
[2.109s] [  5%] [32mBuilding C object CMakeFiles/arm_control__rosidl_generator_c.dir/rosidl_generator_c/arm_control/msg/detail/low_state__functions.c.o[0m
[2.110s] [  5%] Built target arm_control__cpp
[2.110s] [  7%] [32mBuilding C object CMakeFiles/arm_control__rosidl_generator_c.dir/rosidl_generator_c/arm_control/msg/detail/low_cmd__functions.c.o[0m
[2.111s] [  9%] [32mBuilding C object CMakeFiles/arm_control__rosidl_generator_c.dir/rosidl_generator_c/arm_control/msg/detail/motor_state__functions.c.o[0m
[2.111s] [ 10%] [32mBuilding C object CMakeFiles/arm_control__rosidl_generator_c.dir/rosidl_generator_c/arm_control/msg/detail/motor_cmd__functions.c.o[0m
[2.113s] [ 12%] [1m[34mGenerating C++ introspection for ROS interfaces[0m
[2.114s] [ 14%] [1m[34mGenerating C++ type support dispatch for ROS interfaces[0m
[2.115s] [ 16%] [1m[34mGenerating C++ type support for eProsima Fast-RTPS[0m
[2.142s] [ 18%] [1m[32mLinking C shared library libarm_control__rosidl_generator_c.so[0m
[2.164s] [ 18%] Built target arm_control__rosidl_generator_c
[2.169s] [ 23%] [1m[34mGenerating C type support dispatch for ROS interfaces[0m
[2.170s] [ 23%] [1m[34mGenerating C type support for eProsima Fast-RTPS[0m
[2.170s] [ 23%] [1m[34mGenerating C introspection for ROS interfaces[0m
[2.389s] [ 25%] [32mBuilding CXX object CMakeFiles/arm_control__rosidl_typesupport_introspection_cpp.dir/rosidl_typesupport_introspection_cpp/arm_control/msg/detail/low_state__type_support.cpp.o[0m
[2.390s] [ 29%] [32mBuilding CXX object CMakeFiles/arm_control__rosidl_typesupport_introspection_cpp.dir/rosidl_typesupport_introspection_cpp/arm_control/msg/detail/motor_state__type_support.cpp.o[0m
[2.390s] [ 29%] [32mBuilding CXX object CMakeFiles/arm_control__rosidl_typesupport_introspection_cpp.dir/rosidl_typesupport_introspection_cpp/arm_control/msg/detail/motor_cmd__type_support.cpp.o[0m
[2.390s] [ 30%] [32mBuilding CXX object CMakeFiles/arm_control__rosidl_typesupport_introspection_cpp.dir/rosidl_typesupport_introspection_cpp/arm_control/msg/detail/low_cmd__type_support.cpp.o[0m
[2.392s] [ 32%] [32mBuilding CXX object CMakeFiles/arm_control__rosidl_typesupport_cpp.dir/rosidl_typesupport_cpp/arm_control/msg/low_state__type_support.cpp.o[0m
[2.393s] [ 36%] [32mBuilding CXX object CMakeFiles/arm_control__rosidl_typesupport_cpp.dir/rosidl_typesupport_cpp/arm_control/msg/motor_cmd__type_support.cpp.o[0m
[2.393s] [ 36%] [32mBuilding CXX object CMakeFiles/arm_control__rosidl_typesupport_cpp.dir/rosidl_typesupport_cpp/arm_control/msg/low_cmd__type_support.cpp.o[0m
[2.393s] [ 38%] [32mBuilding CXX object CMakeFiles/arm_control__rosidl_typesupport_cpp.dir/rosidl_typesupport_cpp/arm_control/msg/motor_state__type_support.cpp.o[0m
[2.422s] [ 41%] [32mBuilding CXX object CMakeFiles/arm_control__rosidl_typesupport_fastrtps_cpp.dir/rosidl_typesupport_fastrtps_cpp/arm_control/msg/detail/dds_fastrtps/motor_cmd__type_support.cpp.o[0m
[2.422s] [ 41%] [32mBuilding CXX object CMakeFiles/arm_control__rosidl_typesupport_fastrtps_cpp.dir/rosidl_typesupport_fastrtps_cpp/arm_control/msg/detail/dds_fastrtps/low_cmd__type_support.cpp.o[0m
[2.422s] [ 43%] [32mBuilding CXX object CMakeFiles/arm_control__rosidl_typesupport_fastrtps_cpp.dir/rosidl_typesupport_fastrtps_cpp/arm_control/msg/detail/dds_fastrtps/low_state__type_support.cpp.o[0m
[2.422s] [ 45%] [32mBuilding CXX object CMakeFiles/arm_control__rosidl_typesupport_fastrtps_cpp.dir/rosidl_typesupport_fastrtps_cpp/arm_control/msg/detail/dds_fastrtps/motor_state__type_support.cpp.o[0m
[2.444s] [ 47%] [32mBuilding CXX object CMakeFiles/arm_control__rosidl_typesupport_c.dir/rosidl_typesupport_c/arm_control/msg/low_state__type_support.cpp.o[0m
[2.444s] [ 49%] [32mBuilding CXX object CMakeFiles/arm_control__rosidl_typesupport_c.dir/rosidl_typesupport_c/arm_control/msg/motor_cmd__type_support.cpp.o[0m
[2.444s] [ 50%] [32mBuilding CXX object CMakeFiles/arm_control__rosidl_typesupport_c.dir/rosidl_typesupport_c/arm_control/msg/low_cmd__type_support.cpp.o[0m
[2.445s] [ 52%] [32mBuilding CXX object CMakeFiles/arm_control__rosidl_typesupport_c.dir/rosidl_typesupport_c/arm_control/msg/motor_state__type_support.cpp.o[0m
[2.469s] [ 54%] [1m[32mLinking CXX shared library libarm_control__rosidl_typesupport_c.so[0m
[2.473s] [ 56%] [32mBuilding C object CMakeFiles/arm_control__rosidl_typesupport_introspection_c.dir/rosidl_typesupport_introspection_c/arm_control/msg/detail/low_state__type_support.c.o[0m
[2.473s] [ 58%] [32mBuilding C object CMakeFiles/arm_control__rosidl_typesupport_introspection_c.dir/rosidl_typesupport_introspection_c/arm_control/msg/detail/low_cmd__type_support.c.o[0m
[2.474s] [ 60%] [32mBuilding C object CMakeFiles/arm_control__rosidl_typesupport_introspection_c.dir/rosidl_typesupport_introspection_c/arm_control/msg/detail/motor_state__type_support.c.o[0m
[2.474s] [ 61%] [32mBuilding C object CMakeFiles/arm_control__rosidl_typesupport_introspection_c.dir/rosidl_typesupport_introspection_c/arm_control/msg/detail/motor_cmd__type_support.c.o[0m
[2.499s] [ 61%] Built target arm_control__rosidl_typesupport_c
[2.507s] [ 63%] [1m[32mLinking C shared library libarm_control__rosidl_typesupport_introspection_c.so[0m
[2.532s] [ 63%] Built target arm_control__rosidl_typesupport_introspection_c
[2.543s] [ 65%] [32mBuilding CXX object CMakeFiles/arm_control__rosidl_typesupport_fastrtps_c.dir/rosidl_typesupport_fastrtps_c/arm_control/msg/detail/low_state__type_support_c.cpp.o[0m
[2.544s] [ 69%] [32mBuilding CXX object CMakeFiles/arm_control__rosidl_typesupport_fastrtps_c.dir/rosidl_typesupport_fastrtps_c/arm_control/msg/detail/motor_state__type_support_c.cpp.o[0m
[2.544s] [ 69%] [32mBuilding CXX object CMakeFiles/arm_control__rosidl_typesupport_fastrtps_c.dir/rosidl_typesupport_fastrtps_c/arm_control/msg/detail/low_cmd__type_support_c.cpp.o[0m
[2.545s] [ 70%] [32mBuilding CXX object CMakeFiles/arm_control__rosidl_typesupport_fastrtps_c.dir/rosidl_typesupport_fastrtps_c/arm_control/msg/detail/motor_cmd__type_support_c.cpp.o[0m
[2.701s] [ 72%] [1m[32mLinking CXX shared library libarm_control__rosidl_typesupport_cpp.so[0m
[2.727s] [ 72%] Built target arm_control__rosidl_typesupport_cpp
[2.824s] [ 74%] [1m[32mLinking CXX shared library libarm_control__rosidl_typesupport_fastrtps_cpp.so[0m
[2.850s] [ 78%] [1m[32mLinking CXX shared library libarm_control__rosidl_typesupport_introspection_cpp.so[0m
[2.850s] [ 78%] [1m[32mLinking CXX shared library libarm_control__rosidl_typesupport_fastrtps_c.so[0m
[2.873s] [ 78%] Built target arm_control__rosidl_typesupport_fastrtps_cpp
[2.898s] [ 78%] Built target arm_control__rosidl_typesupport_fastrtps_c
[2.899s] [ 78%] Built target arm_control__rosidl_typesupport_introspection_cpp
[2.909s] [ 78%] Built target arm_control
[2.917s] [ 80%] [1m[34mGenerating Python code for ROS interfaces[0m
[3.360s] [ 80%] Built target arm_control__py
[3.369s] [ 83%] [32mBuilding C object CMakeFiles/arm_control__rosidl_generator_py.dir/rosidl_generator_py/arm_control/msg/_low_state_s.c.o[0m
[3.369s] [ 83%] [32mBuilding C object CMakeFiles/arm_control__rosidl_generator_py.dir/rosidl_generator_py/arm_control/msg/_motor_state_s.c.o[0m
[3.370s] [ 85%] [32mBuilding C object CMakeFiles/arm_control__rosidl_generator_py.dir/rosidl_generator_py/arm_control/msg/_motor_cmd_s.c.o[0m
[3.370s] [ 87%] [32mBuilding C object CMakeFiles/arm_control__rosidl_generator_py.dir/rosidl_generator_py/arm_control/msg/_low_cmd_s.c.o[0m
[3.440s] [ 89%] [1m[32mLinking C shared library rosidl_generator_py/arm_control/libarm_control__rosidl_generator_py.so[0m
[3.466s] [ 89%] Built target arm_control__rosidl_generator_py
[3.476s] [ 90%] [32mBuilding C object CMakeFiles/arm_control__rosidl_typesupport_introspection_c__pyext.dir/rosidl_generator_py/arm_control/_arm_control_s.ep.rosidl_typesupport_introspection_c.c.o[0m
[3.476s] [ 94%] [32mBuilding C object CMakeFiles/arm_control__rosidl_typesupport_fastrtps_c__pyext.dir/rosidl_generator_py/arm_control/_arm_control_s.ep.rosidl_typesupport_fastrtps_c.c.o[0m
[3.476s] [ 94%] [32mBuilding C object CMakeFiles/arm_control__rosidl_typesupport_c__pyext.dir/rosidl_generator_py/arm_control/_arm_control_s.ep.rosidl_typesupport_c.c.o[0m
[3.533s] [ 96%] [1m[32mLinking C shared library rosidl_generator_py/arm_control/arm_control_s__rosidl_typesupport_introspection_c.cpython-310-x86_64-linux-gnu.so[0m
[3.533s] [ 98%] [1m[32mLinking C shared library rosidl_generator_py/arm_control/arm_control_s__rosidl_typesupport_c.cpython-310-x86_64-linux-gnu.so[0m
[3.542s] [100%] [1m[32mLinking C shared library rosidl_generator_py/arm_control/arm_control_s__rosidl_typesupport_fastrtps_c.cpython-310-x86_64-linux-gnu.so[0m
[3.560s] [100%] Built target arm_control__rosidl_typesupport_c__pyext
[3.565s] [100%] Built target arm_control__rosidl_typesupport_introspection_c__pyext
[3.567s] [100%] Built target arm_control__rosidl_typesupport_fastrtps_c__pyext
[3.573s] Invoked command in '/home/p30039115276/TK_MOTOR_IGH/igh_example_2025_1229_CSP_CSV_CST/ros2_ws/build/arm_control' returned '0': CMAKE_PREFIX_PATH=${CMAKE_PREFIX_PATH}:/opt/ros/humble /usr/bin/cmake --build /home/p30039115276/TK_MOTOR_IGH/igh_example_2025_1229_CSP_CSV_CST/ros2_ws/build/arm_control -- -j22 -l22
[3.577s] Invoking command in '/home/p30039115276/TK_MOTOR_IGH/igh_example_2025_1229_CSP_CSV_CST/ros2_ws/build/arm_control': CMAKE_PREFIX_PATH=${CMAKE_PREFIX_PATH}:/opt/ros/humble /usr/bin/cmake --install /home/p30039115276/TK_MOTOR_IGH/igh_example_2025_1229_CSP_CSV_CST/ros2_ws/build/arm_control
[3.580s] -- Install configuration: ""
[3.580s] -- Installing: /home/p30039115276/TK_MOTOR_IGH/igh_example_2025_1229_CSP_CSV_CST/ros2_ws/install/arm_control/share/ament_index/resource_index/rosidl_interfaces/arm_control
[3.580s] -- Installing: /home/p30039115276/TK_MOTOR_IGH/igh_example_2025_1229_CSP_CSV_CST/ros2_ws/install/arm_control/include/arm_control/arm_control
[3.581s] -- Installing: /home/p30039115276/TK_MOTOR_IGH/igh_example_2025_1229_CSP_CSV_CST/ros2_ws/install/arm_control/include/arm_control/arm_control/msg
[3.581s] -- Installing: /home/p30039115276/TK_MOTOR_IGH/igh_example_2025_1229_CSP_CSV_CST/ros2_ws/install/arm_control/include/arm_control/arm_control/msg/motor_state.h
[3.581s] -- Installing: /home/p30039115276/TK_MOTOR_IGH/igh_example_2025_1229_CSP_CSV_CST/ros2_ws/install/arm_control/include/arm_control/arm_control/msg/detail
[3.581s] -- Installing: /home/p30039115276/TK_MOTOR_IGH/igh_example_2025_1229_CSP_CSV_CST/ros2_ws/install/arm_control/include/arm_control/arm_control/msg/detail/low_cmd__functions.h
[3.581s] -- Installing: /home/p30039115276/TK_MOTOR_IGH/igh_example_2025_1229_CSP_CSV_CST/ros2_ws/install/arm_control/include/arm_control/arm_control/msg/detail/low_cmd__struct.h
[3.581s] -- Installing: /home/p30039115276/TK_MOTOR_IGH/igh_example_2025_1229_CSP_CSV_CST/ros2_ws/install/arm_control/include/arm_control/arm_control/msg/detail/motor_cmd__type_support.h
[3.581s] -- Installing: /home/p30039115276/TK_MOTOR_IGH/igh_example_2025_1229_CSP_CSV_CST/ros2_ws/install/arm_control/include/arm_control/arm_control/msg/detail/low_state__functions.c
[3.581s] -- Installing: /home/p30039115276/TK_MOTOR_IGH/igh_example_2025_1229_CSP_CSV_CST/ros2_ws/install/arm_control/include/arm_control/arm_control/msg/detail/low_state__struct.h
[3.581s] -- Installing: /home/p30039115276/TK_MOTOR_IGH/igh_example_2025_1229_CSP_CSV_CST/ros2_ws/install/arm_control/include/arm_control/arm_control/msg/detail/motor_cmd__struct.h
[3.581s] -- Installing: /home/p30039115276/TK_MOTOR_IGH/igh_example_2025_1229_CSP_CSV_CST/ros2_ws/install/arm_control/include/arm_control/arm_control/msg/detail/low_state__functions.h
[3.581s] -- Installing: /home/p30039115276/TK_MOTOR_IGH/igh_example_2025_1229_CSP_CSV_CST/ros2_ws/install/arm_control/include/arm_control/arm_control/msg/detail/motor_state__functions.c
[3.581s] -- Installing: /home/p30039115276/TK_MOTOR_IGH/igh_example_2025_1229_CSP_CSV_CST/ros2_ws/install/arm_control/include/arm_control/arm_control/msg/detail/motor_state__struct.h
[3.581s] -- Installing: /home/p30039115276/TK_MOTOR_IGH/igh_example_2025_1229_CSP_CSV_CST/ros2_ws/install/arm_control/include/arm_control/arm_control/msg/detail/low_cmd__functions.c
[3.581s] -- Installing: /home/p30039115276/TK_MOTOR_IGH/igh_example_2025_1229_CSP_CSV_CST/ros2_ws/install/arm_control/include/arm_control/arm_control/msg/detail/low_state__type_support.h
[3.581s] -- Installing: /home/p30039115276/TK_MOTOR_IGH/igh_example_2025_1229_CSP_CSV_CST/ros2_ws/install/arm_control/include/arm_control/arm_control/msg/detail/motor_state__functions.h
[3.581s] -- Installing: /home/p30039115276/TK_MOTOR_IGH/igh_example_2025_1229_CSP_CSV_CST/ros2_ws/install/arm_control/include/arm_control/arm_control/msg/detail/motor_state__type_support.h
[3.581s] -- Installing: /home/p30039115276/TK_MOTOR_IGH/igh_example_2025_1229_CSP_CSV_CST/ros2_ws/install/arm_control/include/arm_control/arm_control/msg/detail/motor_cmd__functions.h
[3.581s] -- Installing: /home/p30039115276/TK_MOTOR_IGH/igh_example_2025_1229_CSP_CSV_CST/ros2_ws/install/arm_control/include/arm_control/arm_control/msg/detail/low_cmd__type_support.h
[3.581s] -- Installing: /home/p30039115276/TK_MOTOR_IGH/igh_example_2025_1229_CSP_CSV_CST/ros2_ws/install/arm_control/include/arm_control/arm_control/msg/detail/motor_cmd__functions.c
[3.581s] -- Installing: /home/p30039115276/TK_MOTOR_IGH/igh_example_2025_1229_CSP_CSV_CST/ros2_ws/install/arm_control/include/arm_control/arm_control/msg/low_cmd.h
[3.581s] -- Installing: /home/p30039115276/TK_MOTOR_IGH/igh_example_2025_1229_CSP_CSV_CST/ros2_ws/install/arm_control/include/arm_control/arm_control/msg/motor_cmd.h
[3.581s] -- Installing: /home/p30039115276/TK_MOTOR_IGH/igh_example_2025_1229_CSP_CSV_CST/ros2_ws/install/arm_control/include/arm_control/arm_control/msg/low_state.h
[3.581s] -- Installing: /home/p30039115276/TK_MOTOR_IGH/igh_example_2025_1229_CSP_CSV_CST/ros2_ws/install/arm_control/include/arm_control/arm_control/msg/rosidl_generator_c__visibility_control.h
[3.581s] -- Installing: /home/p30039115276/TK_MOTOR_IGH/igh_example_2025_1229_CSP_CSV_CST/ros2_ws/install/arm_control/share/arm_control/environment/library_path.sh
[3.581s] -- Installing: /home/p30039115276/TK_MOTOR_IGH/igh_example_2025_1229_CSP_CSV_CST/ros2_ws/install/arm_control/share/arm_control/environment/library_path.dsv
[3.582s] -- Installing: /home/p30039115276/TK_MOTOR_IGH/igh_example_2025_1229_CSP_CSV_CST/ros2_ws/install/arm_control/lib/libarm_control__rosidl_generator_c.so
[3.582s] -- Set non-toolchain portion of runtime path of "/home/p30039115276/TK_MOTOR_IGH/igh_example_2025_1229_CSP_CSV_CST/ros2_ws/install/arm_control/lib/libarm_control__rosidl_generator_c.so" to ""
[3.582s] -- Up-to-date: /home/p30039115276/TK_MOTOR_IGH/igh_example_2025_1229_CSP_CSV_CST/ros2_ws/install/arm_control/include/arm_control/arm_control
[3.582s] -- Up-to-date: /home/p30039115276/TK_MOTOR_IGH/igh_example_2025_1229_CSP_CSV_CST/ros2_ws/install/arm_control/include/arm_control/arm_control/msg
[3.582s] -- Installing: /home/p30039115276/TK_MOTOR_IGH/igh_example_2025_1229_CSP_CSV_CST/ros2_ws/install/arm_control/include/arm_control/arm_control/msg/rosidl_typesupport_fastrtps_c__visibility_control.h
[3.582s] -- Up-to-date: /home/p30039115276/TK_MOTOR_IGH/igh_example_2025_1229_CSP_CSV_CST/ros2_ws/install/arm_control/include/arm_control/arm_control/msg/detail
[3.582s] -- Installing: /home/p30039115276/TK_MOTOR_IGH/igh_example_2025_1229_CSP_CSV_CST/ros2_ws/install/arm_control/include/arm_control/arm_control/msg/detail/low_state__rosidl_typesupport_fastrtps_c.h
[3.582s] -- Installing: /home/p30039115276/TK_MOTOR_IGH/igh_example_2025_1229_CSP_CSV_CST/ros2_ws/install/arm_control/include/arm_control/arm_control/msg/detail/motor_state__rosidl_typesupport_fastrtps_c.h
[3.582s] -- Installing: /home/p30039115276/TK_MOTOR_IGH/igh_example_2025_1229_CSP_CSV_CST/ros2_ws/install/arm_control/include/arm_control/arm_control/msg/detail/motor_cmd__rosidl_typesupport_fastrtps_c.h
[3.582s] -- Installing: /home/p30039115276/TK_MOTOR_IGH/igh_example_2025_1229_CSP_CSV_CST/ros2_ws/install/arm_control/include/arm_control/arm_control/msg/detail/low_cmd__rosidl_typesupport_fastrtps_c.h
[3.582s] -- Installing: /home/p30039115276/TK_MOTOR_IGH/igh_example_2025_1229_CSP_CSV_CST/ros2_ws/install/arm_control/lib/libarm_control__rosidl_typesupport_fastrtps_c.so
[3.582s] -- Set non-toolchain portion of runtime path of "/home/p30039115276/TK_MOTOR_IGH/igh_example_2025_1229_CSP_CSV_CST/ros2_ws/install/arm_control/lib/libarm_control__rosidl_typesupport_fastrtps_c.so" to ""
[3.582s] -- Up-to-date: /home/p30039115276/TK_MOTOR_IGH/igh_example_2025_1229_CSP_CSV_CST/ros2_ws/install/arm_control/include/arm_control/arm_control
[3.582s] -- Up-to-date: /home/p30039115276/TK_MOTOR_IGH/igh_example_2025_1229_CSP_CSV_CST/ros2_ws/install/arm_control/include/arm_control/arm_control/msg
[3.583s] -- Installing: /home/p30039115276/TK_MOTOR_IGH/igh_example_2025_1229_CSP_CSV_CST/ros2_ws/install/arm_control/include/arm_control/arm_control/msg/rosidl_typesupport_introspection_c__visibility_control.h
[3.583s] -- Up-to-date: /home/p30039115276/TK_MOTOR_IGH/igh_example_2025_1229_CSP_CSV_CST/ros2_ws/install/arm_control/include/arm_control/arm_control/msg/detail
[3.583s] -- Installing: /home/p30039115276/TK_MOTOR_IGH/igh_example_2025_1229_CSP_CSV_CST/ros2_ws/install/arm_control/include/arm_control/arm_control/msg/detail/low_state__type_support.c
[3.583s] -- Installing: /home/p30039115276/TK_MOTOR_IGH/igh_example_2025_1229_CSP_CSV_CST/ros2_ws/install/arm_control/include/arm_control/arm_control/msg/detail/low_cmd__type_support.c
[3.583s] -- Installing: /home/p30039115276/TK_MOTOR_IGH/igh_example_2025_1229_CSP_CSV_CST/ros2_ws/install/arm_control/include/arm_control/arm_control/msg/detail/motor_state__type_support.c
[3.583s] -- Installing: /home/p30039115276/TK_MOTOR_IGH/igh_example_2025_1229_CSP_CSV_CST/ros2_ws/install/arm_control/include/arm_control/arm_control/msg/detail/low_cmd__rosidl_typesupport_introspection_c.h
[3.583s] -- Installing: /home/p30039115276/TK_MOTOR_IGH/igh_example_2025_1229_CSP_CSV_CST/ros2_ws/install/arm_control/include/arm_control/arm_control/msg/detail/low_state__rosidl_typesupport_introspection_c.h
[3.583s] -- Installing: /home/p30039115276/TK_MOTOR_IGH/igh_example_2025_1229_CSP_CSV_CST/ros2_ws/install/arm_control/include/arm_control/arm_control/msg/detail/motor_cmd__type_support.c
[3.583s] -- Installing: /home/p30039115276/TK_MOTOR_IGH/igh_example_2025_1229_CSP_CSV_CST/ros2_ws/install/arm_control/include/arm_control/arm_control/msg/detail/motor_state__rosidl_typesupport_introspection_c.h
[3.583s] -- Installing: /home/p30039115276/TK_MOTOR_IGH/igh_example_2025_1229_CSP_CSV_CST/ros2_ws/install/arm_control/include/arm_control/arm_control/msg/detail/motor_cmd__rosidl_typesupport_introspection_c.h
[3.583s] -- Installing: /home/p30039115276/TK_MOTOR_IGH/igh_example_2025_1229_CSP_CSV_CST/ros2_ws/install/arm_control/lib/libarm_control__rosidl_typesupport_introspection_c.so
[3.583s] -- Set non-toolchain portion of runtime path of "/home/p30039115276/TK_MOTOR_IGH/igh_example_2025_1229_CSP_CSV_CST/ros2_ws/install/arm_control/lib/libarm_control__rosidl_typesupport_introspection_c.so" to ""
[3.583s] -- Installing: /home/p30039115276/TK_MOTOR_IGH/igh_example_2025_1229_CSP_CSV_CST/ros2_ws/install/arm_control/lib/libarm_control__rosidl_typesupport_c.so
[3.583s] -- Set non-toolchain portion of runtime path of "/home/p30039115276/TK_MOTOR_IGH/igh_example_2025_1229_CSP_CSV_CST/ros2_ws/install/arm_control/lib/libarm_control__rosidl_typesupport_c.so" to ""
[3.583s] -- Up-to-date: /home/p30039115276/TK_MOTOR_IGH/igh_example_2025_1229_CSP_CSV_CST/ros2_ws/install/arm_control/include/arm_control/arm_control
[3.583s] -- Up-to-date: /home/p30039115276/TK_MOTOR_IGH/igh_example_2025_1229_CSP_CSV_CST/ros2_ws/install/arm_control/include/arm_control/arm_control/msg
[3.583s] -- Installing: /home/p30039115276/TK_MOTOR_IGH/igh_example_2025_1229_CSP_CSV_CST/ros2_ws/install/arm_control/include/arm_control/arm_control/msg/motor_cmd.hpp
[3.583s] -- Installing: /home/p30039115276/TK_MOTOR_IGH/igh_example_2025_1229_CSP_CSV_CST/ros2_ws/install/arm_control/include/arm_control/arm_control/msg/motor_state.hpp
[3.583s] -- Installing: /home/p30039115276/TK_MOTOR_IGH/igh_example_2025_1229_CSP_CSV_CST/ros2_ws/install/arm_control/include/arm_control/arm_control/msg/low_cmd.hpp
[3.583s] -- Up-to-date: /home/p30039115276/TK_MOTOR_IGH/igh_example_2025_1229_CSP_CSV_CST/ros2_ws/install/arm_control/include/arm_control/arm_control/msg/detail
[3.583s] -- Installing: /home/p30039115276/TK_MOTOR_IGH/igh_example_2025_1229_CSP_CSV_CST/ros2_ws/install/arm_control/include/arm_control/arm_control/msg/detail/motor_cmd__builder.hpp
[3.583s] -- Installing: /home/p30039115276/TK_MOTOR_IGH/igh_example_2025_1229_CSP_CSV_CST/ros2_ws/install/arm_control/include/arm_control/arm_control/msg/detail/motor_state__traits.hpp
[3.584s] -- Installing: /home/p30039115276/TK_MOTOR_IGH/igh_example_2025_1229_CSP_CSV_CST/ros2_ws/install/arm_control/include/arm_control/arm_control/msg/detail/motor_state__builder.hpp
[3.584s] -- Installing: /home/p30039115276/TK_MOTOR_IGH/igh_example_2025_1229_CSP_CSV_CST/ros2_ws/install/arm_control/include/arm_control/arm_control/msg/detail/low_state__traits.hpp
[3.584s] -- Installing: /home/p30039115276/TK_MOTOR_IGH/igh_example_2025_1229_CSP_CSV_CST/ros2_ws/install/arm_control/include/arm_control/arm_control/msg/detail/motor_cmd__struct.hpp
[3.584s] -- Installing: /home/p30039115276/TK_MOTOR_IGH/igh_example_2025_1229_CSP_CSV_CST/ros2_ws/install/arm_control/include/arm_control/arm_control/msg/detail/low_cmd__traits.hpp
[3.584s] -- Installing: /home/p30039115276/TK_MOTOR_IGH/igh_example_2025_1229_CSP_CSV_CST/ros2_ws/install/arm_control/include/arm_control/arm_control/msg/detail/low_cmd__struct.hpp
[3.584s] -- Installing: /home/p30039115276/TK_MOTOR_IGH/igh_example_2025_1229_CSP_CSV_CST/ros2_ws/install/arm_control/include/arm_control/arm_control/msg/detail/low_state__type_support.hpp
[3.584s] -- Installing: /home/p30039115276/TK_MOTOR_IGH/igh_example_2025_1229_CSP_CSV_CST/ros2_ws/install/arm_control/include/arm_control/arm_control/msg/detail/motor_state__type_support.hpp
[3.584s] -- Installing: /home/p30039115276/TK_MOTOR_IGH/igh_example_2025_1229_CSP_CSV_CST/ros2_ws/install/arm_control/include/arm_control/arm_control/msg/detail/motor_cmd__type_support.hpp
[3.584s] -- Installing: /home/p30039115276/TK_MOTOR_IGH/igh_example_2025_1229_CSP_CSV_CST/ros2_ws/install/arm_control/include/arm_control/arm_control/msg/detail/low_cmd__builder.hpp
[3.584s] -- Installing: /home/p30039115276/TK_MOTOR_IGH/igh_example_2025_1229_CSP_CSV_CST/ros2_ws/install/arm_control/include/arm_control/arm_control/msg/detail/low_state__struct.hpp
[3.584s] -- Installing: /home/p30039115276/TK_MOTOR_IGH/igh_example_2025_1229_CSP_CSV_CST/ros2_ws/install/arm_control/include/arm_control/arm_control/msg/detail/motor_cmd__traits.hpp
[3.584s] -- Installing: /home/p30039115276/TK_MOTOR_IGH/igh_example_2025_1229_CSP_CSV_CST/ros2_ws/install/arm_control/include/arm_control/arm_control/msg/detail/low_cmd__type_support.hpp
[3.584s] -- Installing: /home/p30039115276/TK_MOTOR_IGH/igh_example_2025_1229_CSP_CSV_CST/ros2_ws/install/arm_control/include/arm_control/arm_control/msg/detail/low_state__builder.hpp
[3.584s] -- Installing: /home/p30039115276/TK_MOTOR_IGH/igh_example_2025_1229_CSP_CSV_CST/ros2_ws/install/arm_control/include/arm_control/arm_control/msg/detail/motor_state__struct.hpp
[3.584s] -- Installing: /home/p30039115276/TK_MOTOR_IGH/igh_example_2025_1229_CSP_CSV_CST/ros2_ws/install/arm_control/include/arm_control/arm_control/msg/low_state.hpp
[3.584s] -- Installing: /home/p30039115276/TK_MOTOR_IGH/igh_example_2025_1229_CSP_CSV_CST/ros2_ws/install/arm_control/include/arm_control/arm_control/msg/rosidl_generator_cpp__visibility_control.hpp
[3.584s] -- Up-to-date: /home/p30039115276/TK_MOTOR_IGH/igh_example_2025_1229_CSP_CSV_CST/ros2_ws/install/arm_control/include/arm_control/arm_control
[3.584s] -- Up-to-date: /home/p30039115276/TK_MOTOR_IGH/igh_example_2025_1229_CSP_CSV_CST/ros2_ws/install/arm_control/include/arm_control/arm_control/msg
[3.584s] -- Up-to-date: /home/p30039115276/TK_MOTOR_IGH/igh_example_2025_1229_CSP_CSV_CST/ros2_ws/install/arm_control/include/arm_control/arm_control/msg/detail
[3.584s] -- Installing: /home/p30039115276/TK_MOTOR_IGH/igh_example_2025_1229_CSP_CSV_CST/ros2_ws/install/arm_control/include/arm_control/arm_control/msg/detail/low_cmd__rosidl_typesupport_fastrtps_cpp.hpp
[3.584s] -- Installing: /home/p30039115276/TK_MOTOR_IGH/igh_example_2025_1229_CSP_CSV_CST/ros2_ws/install/arm_control/include/arm_control/arm_control/msg/detail/low_state__rosidl_typesupport_fastrtps_cpp.hpp
[3.584s] -- Installing: /home/p30039115276/TK_MOTOR_IGH/igh_example_2025_1229_CSP_CSV_CST/ros2_ws/install/arm_control/include/arm_control/arm_control/msg/detail/motor_state__rosidl_typesupport_fastrtps_cpp.hpp
[3.584s] -- Installing: /home/p30039115276/TK_MOTOR_IGH/igh_example_2025_1229_CSP_CSV_CST/ros2_ws/install/arm_control/include/arm_control/arm_control/msg/detail/motor_cmd__rosidl_typesupport_fastrtps_cpp.hpp
[3.584s] -- Installing: /home/p30039115276/TK_MOTOR_IGH/igh_example_2025_1229_CSP_CSV_CST/ros2_ws/install/arm_control/include/arm_control/arm_control/msg/detail/dds_fastrtps
[3.584s] -- Installing: /home/p30039115276/TK_MOTOR_IGH/igh_example_2025_1229_CSP_CSV_CST/ros2_ws/install/arm_control/include/arm_control/arm_control/msg/rosidl_typesupport_fastrtps_cpp__visibility_control.h
[3.584s] -- Installing: /home/p30039115276/TK_MOTOR_IGH/igh_example_2025_1229_CSP_CSV_CST/ros2_ws/install/arm_control/lib/libarm_control__rosidl_typesupport_fastrtps_cpp.so
[3.585s] -- Set non-toolchain portion of runtime path of "/home/p30039115276/TK_MOTOR_IGH/igh_example_2025_1229_CSP_CSV_CST/ros2_ws/install/arm_control/lib/libarm_control__rosidl_typesupport_fastrtps_cpp.so" to ""
[3.585s] -- Up-to-date: /home/p30039115276/TK_MOTOR_IGH/igh_example_2025_1229_CSP_CSV_CST/ros2_ws/install/arm_control/include/arm_control/arm_control
[3.585s] -- Up-to-date: /home/p30039115276/TK_MOTOR_IGH/igh_example_2025_1229_CSP_CSV_CST/ros2_ws/install/arm_control/include/arm_control/arm_control/msg
[3.585s] -- Up-to-date: /home/p30039115276/TK_MOTOR_IGH/igh_example_2025_1229_CSP_CSV_CST/ros2_ws/install/arm_control/include/arm_control/arm_control/msg/detail
[3.585s] -- Installing: /home/p30039115276/TK_MOTOR_IGH/igh_example_2025_1229_CSP_CSV_CST/ros2_ws/install/arm_control/include/arm_control/arm_control/msg/detail/motor_cmd__type_support.cpp
[3.585s] -- Installing: /home/p30039115276/TK_MOTOR_IGH/igh_example_2025_1229_CSP_CSV_CST/ros2_ws/install/arm_control/include/arm_control/arm_control/msg/detail/low_cmd__rosidl_typesupport_introspection_cpp.hpp
[3.585s] -- Installing: /home/p30039115276/TK_MOTOR_IGH/igh_example_2025_1229_CSP_CSV_CST/ros2_ws/install/arm_control/include/arm_control/arm_control/msg/detail/low_cmd__type_support.cpp
[3.585s] -- Installing: /home/p30039115276/TK_MOTOR_IGH/igh_example_2025_1229_CSP_CSV_CST/ros2_ws/install/arm_control/include/arm_control/arm_control/msg/detail/motor_state__type_support.cpp
[3.585s] -- Installing: /home/p30039115276/TK_MOTOR_IGH/igh_example_2025_1229_CSP_CSV_CST/ros2_ws/install/arm_control/include/arm_control/arm_control/msg/detail/low_state__type_support.cpp
[3.585s] -- Installing: /home/p30039115276/TK_MOTOR_IGH/igh_example_2025_1229_CSP_CSV_CST/ros2_ws/install/arm_control/include/arm_control/arm_control/msg/detail/motor_state__rosidl_typesupport_introspection_cpp.hpp
[3.585s] -- Installing: /home/p30039115276/TK_MOTOR_IGH/igh_example_2025_1229_CSP_CSV_CST/ros2_ws/install/arm_control/include/arm_control/arm_control/msg/detail/motor_cmd__rosidl_typesupport_introspection_cpp.hpp
[3.585s] -- Installing: /home/p30039115276/TK_MOTOR_IGH/igh_example_2025_1229_CSP_CSV_CST/ros2_ws/install/arm_control/include/arm_control/arm_control/msg/detail/low_state__rosidl_typesupport_introspection_cpp.hpp
[3.585s] -- Installing: /home/p30039115276/TK_MOTOR_IGH/igh_example_2025_1229_CSP_CSV_CST/ros2_ws/install/arm_control/lib/libarm_control__rosidl_typesupport_introspection_cpp.so
[3.585s] -- Set non-toolchain portion of runtime path of "/home/p30039115276/TK_MOTOR_IGH/igh_example_2025_1229_CSP_CSV_CST/ros2_ws/install/arm_control/lib/libarm_control__rosidl_typesupport_introspection_cpp.so" to ""
[3.585s] -- Installing: /home/p30039115276/TK_MOTOR_IGH/igh_example_2025_1229_CSP_CSV_CST/ros2_ws/install/arm_control/lib/libarm_control__rosidl_typesupport_cpp.so
[3.585s] -- Set non-toolchain portion of runtime path of "/home/p30039115276/TK_MOTOR_IGH/igh_example_2025_1229_CSP_CSV_CST/ros2_ws/install/arm_control/lib/libarm_control__rosidl_typesupport_cpp.so" to ""
[3.585s] -- Installing: /home/p30039115276/TK_MOTOR_IGH/igh_example_2025_1229_CSP_CSV_CST/ros2_ws/install/arm_control/share/arm_control/environment/pythonpath.sh
[3.585s] -- Installing: /home/p30039115276/TK_MOTOR_IGH/igh_example_2025_1229_CSP_CSV_CST/ros2_ws/install/arm_control/share/arm_control/environment/pythonpath.dsv
[3.586s] -- Installing: /home/p30039115276/TK_MOTOR_IGH/igh_example_2025_1229_CSP_CSV_CST/ros2_ws/install/arm_control/local/lib/python3.10/dist-packages/arm_control-0.0.0-py3.10.egg-info
[3.586s] -- Installing: /home/p30039115276/TK_MOTOR_IGH/igh_example_2025_1229_CSP_CSV_CST/ros2_ws/install/arm_control/local/lib/python3.10/dist-packages/arm_control-0.0.0-py3.10.egg-info/SOURCES.txt
[3.586s] -- Installing: /home/p30039115276/TK_MOTOR_IGH/igh_example_2025_1229_CSP_CSV_CST/ros2_ws/install/arm_control/local/lib/python3.10/dist-packages/arm_control-0.0.0-py3.10.egg-info/dependency_links.txt
[3.586s] -- Installing: /home/p30039115276/TK_MOTOR_IGH/igh_example_2025_1229_CSP_CSV_CST/ros2_ws/install/arm_control/local/lib/python3.10/dist-packages/arm_control-0.0.0-py3.10.egg-info/PKG-INFO
[3.586s] -- Installing: /home/p30039115276/TK_MOTOR_IGH/igh_example_2025_1229_CSP_CSV_CST/ros2_ws/install/arm_control/local/lib/python3.10/dist-packages/arm_control-0.0.0-py3.10.egg-info/top_level.txt
[3.586s] -- Installing: /home/p30039115276/TK_MOTOR_IGH/igh_example_2025_1229_CSP_CSV_CST/ros2_ws/install/arm_control/local/lib/python3.10/dist-packages/arm_control
[3.586s] -- Installing: /home/p30039115276/TK_MOTOR_IGH/igh_example_2025_1229_CSP_CSV_CST/ros2_ws/install/arm_control/local/lib/python3.10/dist-packages/arm_control/libarm_control__rosidl_generator_py.so
[3.586s] -- Installing: /home/p30039115276/TK_MOTOR_IGH/igh_example_2025_1229_CSP_CSV_CST/ros2_ws/install/arm_control/local/lib/python3.10/dist-packages/arm_control/msg
[3.586s] -- Installing: /home/p30039115276/TK_MOTOR_IGH/igh_example_2025_1229_CSP_CSV_CST/ros2_ws/install/arm_control/local/lib/python3.10/dist-packages/arm_control/msg/_low_cmd_s.c
[3.586s] -- Installing: /home/p30039115276/TK_MOTOR_IGH/igh_example_2025_1229_CSP_CSV_CST/ros2_ws/install/arm_control/local/lib/python3.10/dist-packages/arm_control/msg/_motor_cmd.py
[3.586s] -- Installing: /home/p30039115276/TK_MOTOR_IGH/igh_example_2025_1229_CSP_CSV_CST/ros2_ws/install/arm_control/local/lib/python3.10/dist-packages/arm_control/msg/_motor_cmd_s.c
[3.586s] -- Installing: /home/p30039115276/TK_MOTOR_IGH/igh_example_2025_1229_CSP_CSV_CST/ros2_ws/install/arm_control/local/lib/python3.10/dist-packages/arm_control/msg/_motor_state_s.c
[3.586s] -- Installing: /home/p30039115276/TK_MOTOR_IGH/igh_example_2025_1229_CSP_CSV_CST/ros2_ws/install/arm_control/local/lib/python3.10/dist-packages/arm_control/msg/_motor_state.py
[3.586s] -- Installing: /home/p30039115276/TK_MOTOR_IGH/igh_example_2025_1229_CSP_CSV_CST/ros2_ws/install/arm_control/local/lib/python3.10/dist-packages/arm_control/msg/_low_state.py
[3.586s] -- Installing: /home/p30039115276/TK_MOTOR_IGH/igh_example_2025_1229_CSP_CSV_CST/ros2_ws/install/arm_control/local/lib/python3.10/dist-packages/arm_control/msg/__init__.py
[3.586s] -- Installing: /home/p30039115276/TK_MOTOR_IGH/igh_example_2025_1229_CSP_CSV_CST/ros2_ws/install/arm_control/local/lib/python3.10/dist-packages/arm_control/msg/_low_cmd.py
[3.586s] -- Installing: /home/p30039115276/TK_MOTOR_IGH/igh_example_2025_1229_CSP_CSV_CST/ros2_ws/install/arm_control/local/lib/python3.10/dist-packages/arm_control/msg/_low_state_s.c
[3.586s] -- Installing: /home/p30039115276/TK_MOTOR_IGH/igh_example_2025_1229_CSP_CSV_CST/ros2_ws/install/arm_control/local/lib/python3.10/dist-packages/arm_control/arm_control_s__rosidl_typesupport_fastrtps_c.cpython-310-x86_64-linux-gnu.so
[3.586s] -- Installing: /home/p30039115276/TK_MOTOR_IGH/igh_example_2025_1229_CSP_CSV_CST/ros2_ws/install/arm_control/local/lib/python3.10/dist-packages/arm_control/arm_control_s__rosidl_typesupport_c.cpython-310-x86_64-linux-gnu.so
[3.586s] -- Installing: /home/p30039115276/TK_MOTOR_IGH/igh_example_2025_1229_CSP_CSV_CST/ros2_ws/install/arm_control/local/lib/python3.10/dist-packages/arm_control/_arm_control_s.ep.rosidl_typesupport_fastrtps_c.c
[3.586s] -- Installing: /home/p30039115276/TK_MOTOR_IGH/igh_example_2025_1229_CSP_CSV_CST/ros2_ws/install/arm_control/local/lib/python3.10/dist-packages/arm_control/_arm_control_s.ep.rosidl_typesupport_introspection_c.c
[3.587s] -- Installing: /home/p30039115276/TK_MOTOR_IGH/igh_example_2025_1229_CSP_CSV_CST/ros2_ws/install/arm_control/local/lib/python3.10/dist-packages/arm_control/_arm_control_s.ep.rosidl_typesupport_c.c
[3.587s] -- Installing: /home/p30039115276/TK_MOTOR_IGH/igh_example_2025_1229_CSP_CSV_CST/ros2_ws/install/arm_control/local/lib/python3.10/dist-packages/arm_control/__init__.py
[3.587s] -- Installing: /home/p30039115276/TK_MOTOR_IGH/igh_example_2025_1229_CSP_CSV_CST/ros2_ws/install/arm_control/local/lib/python3.10/dist-packages/arm_control/arm_control_s__rosidl_typesupport_introspection_c.cpython-310-x86_64-linux-gnu.so
[3.609s] Listing '/home/p30039115276/TK_MOTOR_IGH/igh_example_2025_1229_CSP_CSV_CST/ros2_ws/install/arm_control/local/lib/python3.10/dist-packages/arm_control'...
[3.609s] Compiling '/home/p30039115276/TK_MOTOR_IGH/igh_example_2025_1229_CSP_CSV_CST/ros2_ws/install/arm_control/local/lib/python3.10/dist-packages/arm_control/__init__.py'...
[3.609s] Listing '/home/p30039115276/TK_MOTOR_IGH/igh_example_2025_1229_CSP_CSV_CST/ros2_ws/install/arm_control/local/lib/python3.10/dist-packages/arm_control/msg'...
[3.609s] Compiling '/home/p30039115276/TK_MOTOR_IGH/igh_example_2025_1229_CSP_CSV_CST/ros2_ws/install/arm_control/local/lib/python3.10/dist-packages/arm_control/msg/__init__.py'...
[3.609s] Compiling '/home/p30039115276/TK_MOTOR_IGH/igh_example_2025_1229_CSP_CSV_CST/ros2_ws/install/arm_control/local/lib/python3.10/dist-packages/arm_control/msg/_low_cmd.py'...
[3.609s] Compiling '/home/p30039115276/TK_MOTOR_IGH/igh_example_2025_1229_CSP_CSV_CST/ros2_ws/install/arm_control/local/lib/python3.10/dist-packages/arm_control/msg/_low_state.py'...
[3.609s] Compiling '/home/p30039115276/TK_MOTOR_IGH/igh_example_2025_1229_CSP_CSV_CST/ros2_ws/install/arm_control/local/lib/python3.10/dist-packages/arm_control/msg/_motor_cmd.py'...
[3.609s] Compiling '/home/p30039115276/TK_MOTOR_IGH/igh_example_2025_1229_CSP_CSV_CST/ros2_ws/install/arm_control/local/lib/python3.10/dist-packages/arm_control/msg/_motor_state.py'...
[3.612s] -- Installing: /home/p30039115276/TK_MOTOR_IGH/igh_example_2025_1229_CSP_CSV_CST/ros2_ws/install/arm_control/local/lib/python3.10/dist-packages/arm_control/arm_control_s__rosidl_typesupport_fastrtps_c.cpython-310-x86_64-linux-gnu.so
[3.612s] -- Set non-toolchain portion of runtime path of "/home/p30039115276/TK_MOTOR_IGH/igh_example_2025_1229_CSP_CSV_CST/ros2_ws/install/arm_control/local/lib/python3.10/dist-packages/arm_control/arm_control_s__rosidl_typesupport_fastrtps_c.cpython-310-x86_64-linux-gnu.so" to ""
[3.612s] -- Installing: /home/p30039115276/TK_MOTOR_IGH/igh_example_2025_1229_CSP_CSV_CST/ros2_ws/install/arm_control/local/lib/python3.10/dist-packages/arm_control/arm_control_s__rosidl_typesupport_introspection_c.cpython-310-x86_64-linux-gnu.so
[3.612s] -- Set non-toolchain portion of runtime path of "/home/p30039115276/TK_MOTOR_IGH/igh_example_2025_1229_CSP_CSV_CST/ros2_ws/install/arm_control/local/lib/python3.10/dist-packages/arm_control/arm_control_s__rosidl_typesupport_introspection_c.cpython-310-x86_64-linux-gnu.so" to ""
[3.612s] -- Installing: /home/p30039115276/TK_MOTOR_IGH/igh_example_2025_1229_CSP_CSV_CST/ros2_ws/install/arm_control/local/lib/python3.10/dist-packages/arm_control/arm_control_s__rosidl_typesupport_c.cpython-310-x86_64-linux-gnu.so
[3.612s] -- Set non-toolchain portion of runtime path of "/home/p30039115276/TK_MOTOR_IGH/igh_example_2025_1229_CSP_CSV_CST/ros2_ws/install/arm_control/local/lib/python3.10/dist-packages/arm_control/arm_control_s__rosidl_typesupport_c.cpython-310-x86_64-linux-gnu.so" to ""
[3.612s] -- Installing: /home/p30039115276/TK_MOTOR_IGH/igh_example_2025_1229_CSP_CSV_CST/ros2_ws/install/arm_control/lib/libarm_control__rosidl_generator_py.so
[3.612s] -- Set non-toolchain portion of runtime path of "/home/p30039115276/TK_MOTOR_IGH/igh_example_2025_1229_CSP_CSV_CST/ros2_ws/install/arm_control/lib/libarm_control__rosidl_generator_py.so" to ""
[3.613s] -- Installing: /home/p30039115276/TK_MOTOR_IGH/igh_example_2025_1229_CSP_CSV_CST/ros2_ws/install/arm_control/share/arm_control/msg/LowState.idl
[3.613s] -- Installing: /home/p30039115276/TK_MOTOR_IGH/igh_example_2025_1229_CSP_CSV_CST/ros2_ws/install/arm_control/share/arm_control/msg/MotorCmd.idl
[3.613s] -- Installing: /home/p30039115276/TK_MOTOR_IGH/igh_example_2025_1229_CSP_CSV_CST/ros2_ws/install/arm_control/share/arm_control/msg/LowCmd.idl
[3.613s] -- Installing: /home/p30039115276/TK_MOTOR_IGH/igh_example_2025_1229_CSP_CSV_CST/ros2_ws/install/arm_control/share/arm_control/msg/MotorState.idl
[3.613s] -- Installing: /home/p30039115276/TK_MOTOR_IGH/igh_example_2025_1229_CSP_CSV_CST/ros2_ws/install/arm_control/share/arm_control/msg/LowState.msg
[3.613s] -- Installing: /home/p30039115276/TK_MOTOR_IGH/igh_example_2025_1229_CSP_CSV_CST/ros2_ws/install/arm_control/share/arm_control/msg/MotorCmd.msg
[3.613s] -- Installing: /home/p30039115276/TK_MOTOR_IGH/igh_example_2025_1229_CSP_CSV_CST/ros2_ws/install/arm_control/share/arm_control/msg/LowCmd.msg
[3.613s] -- Installing: /home/p30039115276/TK_MOTOR_IGH/igh_example_2025_1229_CSP_CSV_CST/ros2_ws/install/arm_control/share/arm_control/msg/MotorState.msg
[3.613s] -- Installing: /home/p30039115276/TK_MOTOR_IGH/igh_example_2025_1229_CSP_CSV_CST/ros2_ws/install/arm_control/share/ament_index/resource_index/package_run_dependencies/arm_control
[3.613s] -- Installing: /home/p30039115276/TK_MOTOR_IGH/igh_example_2025_1229_CSP_CSV_CST/ros2_ws/install/arm_control/share/ament_index/resource_index/parent_prefix_path/arm_control
[3.613s] -- Installing: /home/p30039115276/TK_MOTOR_IGH/igh_example_2025_1229_CSP_CSV_CST/ros2_ws/install/arm_control/share/arm_control/environment/ament_prefix_path.sh
[3.613s] -- Installing: /home/p30039115276/TK_MOTOR_IGH/igh_example_2025_1229_CSP_CSV_CST/ros2_ws/install/arm_control/share/arm_control/environment/ament_prefix_path.dsv
[3.613s] -- Installing: /home/p30039115276/TK_MOTOR_IGH/igh_example_2025_1229_CSP_CSV_CST/ros2_ws/install/arm_control/share/arm_control/environment/path.sh
[3.613s] -- Installing: /home/p30039115276/TK_MOTOR_IGH/igh_example_2025_1229_CSP_CSV_CST/ros2_ws/install/arm_control/share/arm_control/environment/path.dsv
[3.613s] -- Installing: /home/p30039115276/TK_MOTOR_IGH/igh_example_2025_1229_CSP_CSV_CST/ros2_ws/install/arm_control/share/arm_control/local_setup.bash
[3.613s] -- Installing: /home/p30039115276/TK_MOTOR_IGH/igh_example_2025_1229_CSP_CSV_CST/ros2_ws/install/arm_control/share/arm_control/local_setup.sh
[3.613s] -- Installing: /home/p30039115276/TK_MOTOR_IGH/igh_example_2025_1229_CSP_CSV_CST/ros2_ws/install/arm_control/share/arm_control/local_setup.zsh
[3.613s] -- Installing: /home/p30039115276/TK_MOTOR_IGH/igh_example_2025_1229_CSP_CSV_CST/ros2_ws/install/arm_control/share/arm_control/local_setup.dsv
[3.613s] -- Installing: /home/p30039115276/TK_MOTOR_IGH/igh_example_2025_1229_CSP_CSV_CST/ros2_ws/install/arm_control/share/arm_control/package.dsv
[3.613s] -- Installing: /home/p30039115276/TK_MOTOR_IGH/igh_example_2025_1229_CSP_CSV_CST/ros2_ws/install/arm_control/share/ament_index/resource_index/packages/arm_control
[3.614s] -- Installing: /home/p30039115276/TK_MOTOR_IGH/igh_example_2025_1229_CSP_CSV_CST/ros2_ws/install/arm_control/share/arm_control/cmake/export_arm_control__rosidl_generator_cExport.cmake
[3.614s] -- Installing: /home/p30039115276/TK_MOTOR_IGH/igh_example_2025_1229_CSP_CSV_CST/ros2_ws/install/arm_control/share/arm_control/cmake/export_arm_control__rosidl_generator_cExport-noconfig.cmake
[3.614s] -- Installing: /home/p30039115276/TK_MOTOR_IGH/igh_example_2025_1229_CSP_CSV_CST/ros2_ws/install/arm_control/share/arm_control/cmake/export_arm_control__rosidl_typesupport_fastrtps_cExport.cmake
[3.614s] -- Installing: /home/p30039115276/TK_MOTOR_IGH/igh_example_2025_1229_CSP_CSV_CST/ros2_ws/install/arm_control/share/arm_control/cmake/export_arm_control__rosidl_typesupport_fastrtps_cExport-noconfig.cmake
[3.614s] -- Installing: /home/p30039115276/TK_MOTOR_IGH/igh_example_2025_1229_CSP_CSV_CST/ros2_ws/install/arm_control/share/arm_control/cmake/arm_control__rosidl_typesupport_introspection_cExport.cmake
[3.614s] -- Installing: /home/p30039115276/TK_MOTOR_IGH/igh_example_2025_1229_CSP_CSV_CST/ros2_ws/install/arm_control/share/arm_control/cmake/arm_control__rosidl_typesupport_introspection_cExport-noconfig.cmake
[3.614s] -- Installing: /home/p30039115276/TK_MOTOR_IGH/igh_example_2025_1229_CSP_CSV_CST/ros2_ws/install/arm_control/share/arm_control/cmake/arm_control__rosidl_typesupport_cExport.cmake
[3.614s] -- Installing: /home/p30039115276/TK_MOTOR_IGH/igh_example_2025_1229_CSP_CSV_CST/ros2_ws/install/arm_control/share/arm_control/cmake/arm_control__rosidl_typesupport_cExport-noconfig.cmake
[3.614s] -- Installing: /home/p30039115276/TK_MOTOR_IGH/igh_example_2025_1229_CSP_CSV_CST/ros2_ws/install/arm_control/share/arm_control/cmake/export_arm_control__rosidl_generator_cppExport.cmake
[3.614s] -- Installing: /home/p30039115276/TK_MOTOR_IGH/igh_example_2025_1229_CSP_CSV_CST/ros2_ws/install/arm_control/share/arm_control/cmake/export_arm_control__rosidl_typesupport_fastrtps_cppExport.cmake
[3.614s] -- Installing: /home/p30039115276/TK_MOTOR_IGH/igh_example_2025_1229_CSP_CSV_CST/ros2_ws/install/arm_control/share/arm_control/cmake/export_arm_control__rosidl_typesupport_fastrtps_cppExport-noconfig.cmake
[3.614s] -- Installing: /home/p30039115276/TK_MOTOR_IGH/igh_example_2025_1229_CSP_CSV_CST/ros2_ws/install/arm_control/share/arm_control/cmake/arm_control__rosidl_typesupport_introspection_cppExport.cmake
[3.614s] -- Installing: /home/p30039115276/TK_MOTOR_IGH/igh_example_2025_1229_CSP_CSV_CST/ros2_ws/install/arm_control/share/arm_control/cmake/arm_control__rosidl_typesupport_introspection_cppExport-noconfig.cmake
[3.614s] -- Installing: /home/p30039115276/TK_MOTOR_IGH/igh_example_2025_1229_CSP_CSV_CST/ros2_ws/install/arm_control/share/arm_control/cmake/arm_control__rosidl_typesupport_cppExport.cmake
[3.614s] -- Installing: /home/p30039115276/TK_MOTOR_IGH/igh_example_2025_1229_CSP_CSV_CST/ros2_ws/install/arm_control/share/arm_control/cmake/arm_control__rosidl_typesupport_cppExport-noconfig.cmake
[3.614s] -- Installing: /home/p30039115276/TK_MOTOR_IGH/igh_example_2025_1229_CSP_CSV_CST/ros2_ws/install/arm_control/share/arm_control/cmake/export_arm_control__rosidl_generator_pyExport.cmake
[3.614s] -- Installing: /home/p30039115276/TK_MOTOR_IGH/igh_example_2025_1229_CSP_CSV_CST/ros2_ws/install/arm_control/share/arm_control/cmake/export_arm_control__rosidl_generator_pyExport-noconfig.cmake
[3.614s] -- Installing: /home/p30039115276/TK_MOTOR_IGH/igh_example_2025_1229_CSP_CSV_CST/ros2_ws/install/arm_control/share/arm_control/cmake/rosidl_cmake-extras.cmake
[3.614s] -- Installing: /home/p30039115276/TK_MOTOR_IGH/igh_example_2025_1229_CSP_CSV_CST/ros2_ws/install/arm_control/share/arm_control/cmake/ament_cmake_export_dependencies-extras.cmake
[3.614s] -- Installing: /home/p30039115276/TK_MOTOR_IGH/igh_example_2025_1229_CSP_CSV_CST/ros2_ws/install/arm_control/share/arm_control/cmake/ament_cmake_export_include_directories-extras.cmake
[3.615s] -- Installing: /home/p30039115276/TK_MOTOR_IGH/igh_example_2025_1229_CSP_CSV_CST/ros2_ws/install/arm_control/share/arm_control/cmake/ament_cmake_export_libraries-extras.cmake
[3.615s] -- Installing: /home/p30039115276/TK_MOTOR_IGH/igh_example_2025_1229_CSP_CSV_CST/ros2_ws/install/arm_control/share/arm_control/cmake/ament_cmake_export_targets-extras.cmake
[3.615s] -- Installing: /home/p30039115276/TK_MOTOR_IGH/igh_example_2025_1229_CSP_CSV_CST/ros2_ws/install/arm_control/share/arm_control/cmake/rosidl_cmake_export_typesupport_targets-extras.cmake
[3.615s] -- Installing: /home/p30039115276/TK_MOTOR_IGH/igh_example_2025_1229_CSP_CSV_CST/ros2_ws/install/arm_control/share/arm_control/cmake/rosidl_cmake_export_typesupport_libraries-extras.cmake
[3.615s] -- Installing: /home/p30039115276/TK_MOTOR_IGH/igh_example_2025_1229_CSP_CSV_CST/ros2_ws/install/arm_control/share/arm_control/cmake/arm_controlConfig.cmake
[3.615s] -- Installing: /home/p30039115276/TK_MOTOR_IGH/igh_example_2025_1229_CSP_CSV_CST/ros2_ws/install/arm_control/share/arm_control/cmake/arm_controlConfig-version.cmake
[3.615s] -- Installing: /home/p30039115276/TK_MOTOR_IGH/igh_example_2025_1229_CSP_CSV_CST/ros2_ws/install/arm_control/share/arm_control/package.xml
[3.616s] Invoked command in '/home/p30039115276/TK_MOTOR_IGH/igh_example_2025_1229_CSP_CSV_CST/ros2_ws/build/arm_control' returned '0': CMAKE_PREFIX_PATH=${CMAKE_PREFIX_PATH}:/opt/ros/humble /usr/bin/cmake --install /home/p30039115276/TK_MOTOR_IGH/igh_example_2025_1229_CSP_CSV_CST/ros2_ws/build/arm_control
