[0.010s] Invoking command in '/home/p30039115276/TK_MOTOR_IGH/igh_example_2025_1229_CSP_CSV_CST/ros2_ws/build/arm_control': CMAKE_PREFIX_PATH=${CMAKE_PREFIX_PATH}:/opt/ros/humble /usr/bin/cmake --build /home/p30039115276/TK_MOTOR_IGH/igh_example_2025_1229_CSP_CSV_CST/ros2_ws/build/arm_control -- -j22 -l22
[0.039s] [  1%] Built target arm_control__cpp
[0.039s] [ 12%] Built target arm_control__rosidl_generator_c
[0.043s] [ 12%] Built target ament_cmake_python_copy_arm_control
[0.048s] [ 23%] Built target arm_control__rosidl_typesupport_introspection_c
[0.048s] [ 34%] Built target arm_control__rosidl_typesupport_fastrtps_c
[0.049s] [ 49%] Built target arm_control__rosidl_typesupport_fastrtps_cpp
[0.049s] [ 56%] Built target arm_control__rosidl_typesupport_c
[0.049s] [ 67%] Built target arm_control__rosidl_typesupport_cpp
[0.053s] [ 78%] Built target arm_control__rosidl_typesupport_introspection_cpp
[0.064s] [ 78%] Built target arm_control
[0.073s] [ 80%] Built target arm_control__py
[0.085s] [ 89%] Built target arm_control__rosidl_generator_py
[0.097s] [100%] Built target arm_control__rosidl_typesupport_c__pyext
[0.097s] [100%] Built target arm_control__rosidl_typesupport_fastrtps_c__pyext
[0.097s] [100%] Built target arm_control__rosidl_typesupport_introspection_c__pyext
[0.181s] running egg_info
[0.193s] writing arm_control.egg-info/PKG-INFO
[0.193s] writing dependency_links to arm_control.egg-info/dependency_links.txt
[0.193s] writing top-level names to arm_control.egg-info/top_level.txt
[0.227s] reading manifest file 'arm_control.egg-info/SOURCES.txt'
[0.228s] writing manifest file 'arm_control.egg-info/SOURCES.txt'
[0.248s] [100%] Built target ament_cmake_python_build_arm_control_egg
[0.254s] Invoked command in '/home/p30039115276/TK_MOTOR_IGH/igh_example_2025_1229_CSP_CSV_CST/ros2_ws/build/arm_control' returned '0': CMAKE_PREFIX_PATH=${CMAKE_PREFIX_PATH}:/opt/ros/humble /usr/bin/cmake --build /home/p30039115276/TK_MOTOR_IGH/igh_example_2025_1229_CSP_CSV_CST/ros2_ws/build/arm_control -- -j22 -l22
[0.259s] Invoking command in '/home/p30039115276/TK_MOTOR_IGH/igh_example_2025_1229_CSP_CSV_CST/ros2_ws/build/arm_control': CMAKE_PREFIX_PATH=${CMAKE_PREFIX_PATH}:/opt/ros/humble /usr/bin/cmake --install /home/p30039115276/TK_MOTOR_IGH/igh_example_2025_1229_CSP_CSV_CST/ros2_ws/build/arm_control
[0.262s] -- Install configuration: ""
[0.262s] -- Up-to-date: /home/p30039115276/TK_MOTOR_IGH/igh_example_2025_1229_CSP_CSV_CST/ros2_ws/install/arm_control/share/ament_index/resource_index/rosidl_interfaces/arm_control
[0.262s] -- Up-to-date: /home/p30039115276/TK_MOTOR_IGH/igh_example_2025_1229_CSP_CSV_CST/ros2_ws/install/arm_control/include/arm_control/arm_control
[0.262s] -- Up-to-date: /home/p30039115276/TK_MOTOR_IGH/igh_example_2025_1229_CSP_CSV_CST/ros2_ws/install/arm_control/include/arm_control/arm_control/msg
[0.262s] -- Up-to-date: /home/p30039115276/TK_MOTOR_IGH/igh_example_2025_1229_CSP_CSV_CST/ros2_ws/install/arm_control/include/arm_control/arm_control/msg/motor_state.h
[0.262s] -- Up-to-date: /home/p30039115276/TK_MOTOR_IGH/igh_example_2025_1229_CSP_CSV_CST/ros2_ws/install/arm_control/include/arm_control/arm_control/msg/detail
[0.262s] -- Up-to-date: /home/p30039115276/TK_MOTOR_IGH/igh_example_2025_1229_CSP_CSV_CST/ros2_ws/install/arm_control/include/arm_control/arm_control/msg/detail/low_cmd__functions.h
[0.262s] -- Up-to-date: /home/p30039115276/TK_MOTOR_IGH/igh_example_2025_1229_CSP_CSV_CST/ros2_ws/install/arm_control/include/arm_control/arm_control/msg/detail/low_cmd__struct.h
[0.262s] -- Up-to-date: /home/p30039115276/TK_MOTOR_IGH/igh_example_2025_1229_CSP_CSV_CST/ros2_ws/install/arm_control/include/arm_control/arm_control/msg/detail/motor_cmd__type_support.h
[0.262s] -- Up-to-date: /home/p30039115276/TK_MOTOR_IGH/igh_example_2025_1229_CSP_CSV_CST/ros2_ws/install/arm_control/include/arm_control/arm_control/msg/detail/low_state__functions.c
[0.262s] -- Up-to-date: /home/p30039115276/TK_MOTOR_IGH/igh_example_2025_1229_CSP_CSV_CST/ros2_ws/install/arm_control/include/arm_control/arm_control/msg/detail/low_state__struct.h
[0.262s] -- Up-to-date: /home/p30039115276/TK_MOTOR_IGH/igh_example_2025_1229_CSP_CSV_CST/ros2_ws/install/arm_control/include/arm_control/arm_control/msg/detail/motor_cmd__struct.h
[0.262s] -- Up-to-date: /home/p30039115276/TK_MOTOR_IGH/igh_example_2025_1229_CSP_CSV_CST/ros2_ws/install/arm_control/include/arm_control/arm_control/msg/detail/low_state__functions.h
[0.263s] -- Up-to-date: /home/p30039115276/TK_MOTOR_IGH/igh_example_2025_1229_CSP_CSV_CST/ros2_ws/install/arm_control/include/arm_control/arm_control/msg/detail/motor_state__functions.c
[0.263s] -- Up-to-date: /home/p30039115276/TK_MOTOR_IGH/igh_example_2025_1229_CSP_CSV_CST/ros2_ws/install/arm_control/include/arm_control/arm_control/msg/detail/motor_state__struct.h
[0.263s] -- Up-to-date: /home/p30039115276/TK_MOTOR_IGH/igh_example_2025_1229_CSP_CSV_CST/ros2_ws/install/arm_control/include/arm_control/arm_control/msg/detail/low_cmd__functions.c
[0.263s] -- Up-to-date: /home/p30039115276/TK_MOTOR_IGH/igh_example_2025_1229_CSP_CSV_CST/ros2_ws/install/arm_control/include/arm_control/arm_control/msg/detail/low_state__type_support.h
[0.263s] -- Up-to-date: /home/p30039115276/TK_MOTOR_IGH/igh_example_2025_1229_CSP_CSV_CST/ros2_ws/install/arm_control/include/arm_control/arm_control/msg/detail/motor_state__functions.h
[0.263s] -- Up-to-date: /home/p30039115276/TK_MOTOR_IGH/igh_example_2025_1229_CSP_CSV_CST/ros2_ws/install/arm_control/include/arm_control/arm_control/msg/detail/motor_state__type_support.h
[0.263s] -- Up-to-date: /home/p30039115276/TK_MOTOR_IGH/igh_example_2025_1229_CSP_CSV_CST/ros2_ws/install/arm_control/include/arm_control/arm_control/msg/detail/motor_cmd__functions.h
[0.263s] -- Up-to-date: /home/p30039115276/TK_MOTOR_IGH/igh_example_2025_1229_CSP_CSV_CST/ros2_ws/install/arm_control/include/arm_control/arm_control/msg/detail/low_cmd__type_support.h
[0.263s] -- Up-to-date: /home/p30039115276/TK_MOTOR_IGH/igh_example_2025_1229_CSP_CSV_CST/ros2_ws/install/arm_control/include/arm_control/arm_control/msg/detail/motor_cmd__functions.c
[0.263s] -- Up-to-date: /home/p30039115276/TK_MOTOR_IGH/igh_example_2025_1229_CSP_CSV_CST/ros2_ws/install/arm_control/include/arm_control/arm_control/msg/low_cmd.h
[0.263s] -- Up-to-date: /home/p30039115276/TK_MOTOR_IGH/igh_example_2025_1229_CSP_CSV_CST/ros2_ws/install/arm_control/include/arm_control/arm_control/msg/motor_cmd.h
[0.263s] -- Up-to-date: /home/p30039115276/TK_MOTOR_IGH/igh_example_2025_1229_CSP_CSV_CST/ros2_ws/install/arm_control/include/arm_control/arm_control/msg/low_state.h
[0.263s] -- Up-to-date: /home/p30039115276/TK_MOTOR_IGH/igh_example_2025_1229_CSP_CSV_CST/ros2_ws/install/arm_control/include/arm_control/arm_control/msg/rosidl_generator_c__visibility_control.h
[0.263s] -- Up-to-date: /home/p30039115276/TK_MOTOR_IGH/igh_example_2025_1229_CSP_CSV_CST/ros2_ws/install/arm_control/share/arm_control/environment/library_path.sh
[0.263s] -- Up-to-date: /home/p30039115276/TK_MOTOR_IGH/igh_example_2025_1229_CSP_CSV_CST/ros2_ws/install/arm_control/share/arm_control/environment/library_path.dsv
[0.263s] -- Up-to-date: /home/p30039115276/TK_MOTOR_IGH/igh_example_2025_1229_CSP_CSV_CST/ros2_ws/install/arm_control/lib/libarm_control__rosidl_generator_c.so
[0.263s] -- Up-to-date: /home/p30039115276/TK_MOTOR_IGH/igh_example_2025_1229_CSP_CSV_CST/ros2_ws/install/arm_control/include/arm_control/arm_control
[0.263s] -- Up-to-date: /home/p30039115276/TK_MOTOR_IGH/igh_example_2025_1229_CSP_CSV_CST/ros2_ws/install/arm_control/include/arm_control/arm_control/msg
[0.263s] -- Up-to-date: /home/p30039115276/TK_MOTOR_IGH/igh_example_2025_1229_CSP_CSV_CST/ros2_ws/install/arm_control/include/arm_control/arm_control/msg/rosidl_typesupport_fastrtps_c__visibility_control.h
[0.263s] -- Up-to-date: /home/p30039115276/TK_MOTOR_IGH/igh_example_2025_1229_CSP_CSV_CST/ros2_ws/install/arm_control/include/arm_control/arm_control/msg/detail
[0.263s] -- Up-to-date: /home/p30039115276/TK_MOTOR_IGH/igh_example_2025_1229_CSP_CSV_CST/ros2_ws/install/arm_control/include/arm_control/arm_control/msg/detail/low_state__rosidl_typesupport_fastrtps_c.h
[0.263s] -- Up-to-date: /home/p30039115276/TK_MOTOR_IGH/igh_example_2025_1229_CSP_CSV_CST/ros2_ws/install/arm_control/include/arm_control/arm_control/msg/detail/motor_state__rosidl_typesupport_fastrtps_c.h
[0.263s] -- Up-to-date: /home/p30039115276/TK_MOTOR_IGH/igh_example_2025_1229_CSP_CSV_CST/ros2_ws/install/arm_control/include/arm_control/arm_control/msg/detail/motor_cmd__rosidl_typesupport_fastrtps_c.h
[0.263s] -- Up-to-date: /home/p30039115276/TK_MOTOR_IGH/igh_example_2025_1229_CSP_CSV_CST/ros2_ws/install/arm_control/include/arm_control/arm_control/msg/detail/low_cmd__rosidl_typesupport_fastrtps_c.h
[0.263s] -- Up-to-date: /home/p30039115276/TK_MOTOR_IGH/igh_example_2025_1229_CSP_CSV_CST/ros2_ws/install/arm_control/lib/libarm_control__rosidl_typesupport_fastrtps_c.so
[0.263s] -- Up-to-date: /home/p30039115276/TK_MOTOR_IGH/igh_example_2025_1229_CSP_CSV_CST/ros2_ws/install/arm_control/include/arm_control/arm_control
[0.263s] -- Up-to-date: /home/p30039115276/TK_MOTOR_IGH/igh_example_2025_1229_CSP_CSV_CST/ros2_ws/install/arm_control/include/arm_control/arm_control/msg
[0.263s] -- Up-to-date: /home/p30039115276/TK_MOTOR_IGH/igh_example_2025_1229_CSP_CSV_CST/ros2_ws/install/arm_control/include/arm_control/arm_control/msg/rosidl_typesupport_introspection_c__visibility_control.h
[0.263s] -- Up-to-date: /home/p30039115276/TK_MOTOR_IGH/igh_example_2025_1229_CSP_CSV_CST/ros2_ws/install/arm_control/include/arm_control/arm_control/msg/detail
[0.264s] -- Up-to-date: /home/p30039115276/TK_MOTOR_IGH/igh_example_2025_1229_CSP_CSV_CST/ros2_ws/install/arm_control/include/arm_control/arm_control/msg/detail/low_state__type_support.c
[0.264s] -- Up-to-date: /home/p30039115276/TK_MOTOR_IGH/igh_example_2025_1229_CSP_CSV_CST/ros2_ws/install/arm_control/include/arm_control/arm_control/msg/detail/low_cmd__type_support.c
[0.264s] -- Up-to-date: /home/p30039115276/TK_MOTOR_IGH/igh_example_2025_1229_CSP_CSV_CST/ros2_ws/install/arm_control/include/arm_control/arm_control/msg/detail/motor_state__type_support.c
[0.264s] -- Up-to-date: /home/p30039115276/TK_MOTOR_IGH/igh_example_2025_1229_CSP_CSV_CST/ros2_ws/install/arm_control/include/arm_control/arm_control/msg/detail/low_cmd__rosidl_typesupport_introspection_c.h
[0.264s] -- Up-to-date: /home/p30039115276/TK_MOTOR_IGH/igh_example_2025_1229_CSP_CSV_CST/ros2_ws/install/arm_control/include/arm_control/arm_control/msg/detail/low_state__rosidl_typesupport_introspection_c.h
[0.264s] -- Up-to-date: /home/p30039115276/TK_MOTOR_IGH/igh_example_2025_1229_CSP_CSV_CST/ros2_ws/install/arm_control/include/arm_control/arm_control/msg/detail/motor_cmd__type_support.c
[0.264s] -- Up-to-date: /home/p30039115276/TK_MOTOR_IGH/igh_example_2025_1229_CSP_CSV_CST/ros2_ws/install/arm_control/include/arm_control/arm_control/msg/detail/motor_state__rosidl_typesupport_introspection_c.h
[0.264s] -- Up-to-date: /home/p30039115276/TK_MOTOR_IGH/igh_example_2025_1229_CSP_CSV_CST/ros2_ws/install/arm_control/include/arm_control/arm_control/msg/detail/motor_cmd__rosidl_typesupport_introspection_c.h
[0.264s] -- Up-to-date: /home/p30039115276/TK_MOTOR_IGH/igh_example_2025_1229_CSP_CSV_CST/ros2_ws/install/arm_control/lib/libarm_control__rosidl_typesupport_introspection_c.so
[0.264s] -- Up-to-date: /home/p30039115276/TK_MOTOR_IGH/igh_example_2025_1229_CSP_CSV_CST/ros2_ws/install/arm_control/lib/libarm_control__rosidl_typesupport_c.so
[0.264s] -- Up-to-date: /home/p30039115276/TK_MOTOR_IGH/igh_example_2025_1229_CSP_CSV_CST/ros2_ws/install/arm_control/include/arm_control/arm_control
[0.264s] -- Up-to-date: /home/p30039115276/TK_MOTOR_IGH/igh_example_2025_1229_CSP_CSV_CST/ros2_ws/install/arm_control/include/arm_control/arm_control/msg
[0.264s] -- Up-to-date: /home/p30039115276/TK_MOTOR_IGH/igh_example_2025_1229_CSP_CSV_CST/ros2_ws/install/arm_control/include/arm_control/arm_control/msg/motor_cmd.hpp
[0.264s] -- Up-to-date: /home/p30039115276/TK_MOTOR_IGH/igh_example_2025_1229_CSP_CSV_CST/ros2_ws/install/arm_control/include/arm_control/arm_control/msg/motor_state.hpp
[0.264s] -- Up-to-date: /home/p30039115276/TK_MOTOR_IGH/igh_example_2025_1229_CSP_CSV_CST/ros2_ws/install/arm_control/include/arm_control/arm_control/msg/low_cmd.hpp
[0.264s] -- Up-to-date: /home/p30039115276/TK_MOTOR_IGH/igh_example_2025_1229_CSP_CSV_CST/ros2_ws/install/arm_control/include/arm_control/arm_control/msg/detail
[0.264s] -- Up-to-date: /home/p30039115276/TK_MOTOR_IGH/igh_example_2025_1229_CSP_CSV_CST/ros2_ws/install/arm_control/include/arm_control/arm_control/msg/detail/motor_cmd__builder.hpp
[0.264s] -- Up-to-date: /home/p30039115276/TK_MOTOR_IGH/igh_example_2025_1229_CSP_CSV_CST/ros2_ws/install/arm_control/include/arm_control/arm_control/msg/detail/motor_state__traits.hpp
[0.264s] -- Up-to-date: /home/p30039115276/TK_MOTOR_IGH/igh_example_2025_1229_CSP_CSV_CST/ros2_ws/install/arm_control/include/arm_control/arm_control/msg/detail/motor_state__builder.hpp
[0.264s] -- Up-to-date: /home/p30039115276/TK_MOTOR_IGH/igh_example_2025_1229_CSP_CSV_CST/ros2_ws/install/arm_control/include/arm_control/arm_control/msg/detail/low_state__traits.hpp
[0.264s] -- Up-to-date: /home/p30039115276/TK_MOTOR_IGH/igh_example_2025_1229_CSP_CSV_CST/ros2_ws/install/arm_control/include/arm_control/arm_control/msg/detail/motor_cmd__struct.hpp
[0.264s] -- Up-to-date: /home/p30039115276/TK_MOTOR_IGH/igh_example_2025_1229_CSP_CSV_CST/ros2_ws/install/arm_control/include/arm_control/arm_control/msg/detail/low_cmd__traits.hpp
[0.264s] -- Up-to-date: /home/p30039115276/TK_MOTOR_IGH/igh_example_2025_1229_CSP_CSV_CST/ros2_ws/install/arm_control/include/arm_control/arm_control/msg/detail/low_cmd__struct.hpp
[0.265s] -- Up-to-date: /home/p30039115276/TK_MOTOR_IGH/igh_example_2025_1229_CSP_CSV_CST/ros2_ws/install/arm_control/include/arm_control/arm_control/msg/detail/low_state__type_support.hpp
[0.265s] -- Up-to-date: /home/p30039115276/TK_MOTOR_IGH/igh_example_2025_1229_CSP_CSV_CST/ros2_ws/install/arm_control/include/arm_control/arm_control/msg/detail/motor_state__type_support.hpp
[0.265s] -- Up-to-date: /home/p30039115276/TK_MOTOR_IGH/igh_example_2025_1229_CSP_CSV_CST/ros2_ws/install/arm_control/include/arm_control/arm_control/msg/detail/motor_cmd__type_support.hpp
[0.265s] -- Up-to-date: /home/p30039115276/TK_MOTOR_IGH/igh_example_2025_1229_CSP_CSV_CST/ros2_ws/install/arm_control/include/arm_control/arm_control/msg/detail/low_cmd__builder.hpp
[0.265s] -- Up-to-date: /home/p30039115276/TK_MOTOR_IGH/igh_example_2025_1229_CSP_CSV_CST/ros2_ws/install/arm_control/include/arm_control/arm_control/msg/detail/low_state__struct.hpp
[0.265s] -- Up-to-date: /home/p30039115276/TK_MOTOR_IGH/igh_example_2025_1229_CSP_CSV_CST/ros2_ws/install/arm_control/include/arm_control/arm_control/msg/detail/motor_cmd__traits.hpp
[0.265s] -- Up-to-date: /home/p30039115276/TK_MOTOR_IGH/igh_example_2025_1229_CSP_CSV_CST/ros2_ws/install/arm_control/include/arm_control/arm_control/msg/detail/low_cmd__type_support.hpp
[0.265s] -- Up-to-date: /home/p30039115276/TK_MOTOR_IGH/igh_example_2025_1229_CSP_CSV_CST/ros2_ws/install/arm_control/include/arm_control/arm_control/msg/detail/low_state__builder.hpp
[0.265s] -- Up-to-date: /home/p30039115276/TK_MOTOR_IGH/igh_example_2025_1229_CSP_CSV_CST/ros2_ws/install/arm_control/include/arm_control/arm_control/msg/detail/motor_state__struct.hpp
[0.265s] -- Up-to-date: /home/p30039115276/TK_MOTOR_IGH/igh_example_2025_1229_CSP_CSV_CST/ros2_ws/install/arm_control/include/arm_control/arm_control/msg/low_state.hpp
[0.265s] -- Up-to-date: /home/p30039115276/TK_MOTOR_IGH/igh_example_2025_1229_CSP_CSV_CST/ros2_ws/install/arm_control/include/arm_control/arm_control/msg/rosidl_generator_cpp__visibility_control.hpp
[0.265s] -- Up-to-date: /home/p30039115276/TK_MOTOR_IGH/igh_example_2025_1229_CSP_CSV_CST/ros2_ws/install/arm_control/include/arm_control/arm_control
[0.265s] -- Up-to-date: /home/p30039115276/TK_MOTOR_IGH/igh_example_2025_1229_CSP_CSV_CST/ros2_ws/install/arm_control/include/arm_control/arm_control/msg
[0.265s] -- Up-to-date: /home/p30039115276/TK_MOTOR_IGH/igh_example_2025_1229_CSP_CSV_CST/ros2_ws/install/arm_control/include/arm_control/arm_control/msg/detail
[0.265s] -- Up-to-date: /home/p30039115276/TK_MOTOR_IGH/igh_example_2025_1229_CSP_CSV_CST/ros2_ws/install/arm_control/include/arm_control/arm_control/msg/detail/low_cmd__rosidl_typesupport_fastrtps_cpp.hpp
[0.265s] -- Up-to-date: /home/p30039115276/TK_MOTOR_IGH/igh_example_2025_1229_CSP_CSV_CST/ros2_ws/install/arm_control/include/arm_control/arm_control/msg/detail/low_state__rosidl_typesupport_fastrtps_cpp.hpp
[0.265s] -- Up-to-date: /home/p30039115276/TK_MOTOR_IGH/igh_example_2025_1229_CSP_CSV_CST/ros2_ws/install/arm_control/include/arm_control/arm_control/msg/detail/motor_state__rosidl_typesupport_fastrtps_cpp.hpp
[0.265s] -- Up-to-date: /home/p30039115276/TK_MOTOR_IGH/igh_example_2025_1229_CSP_CSV_CST/ros2_ws/install/arm_control/include/arm_control/arm_control/msg/detail/motor_cmd__rosidl_typesupport_fastrtps_cpp.hpp
[0.265s] -- Up-to-date: /home/p30039115276/TK_MOTOR_IGH/igh_example_2025_1229_CSP_CSV_CST/ros2_ws/install/arm_control/include/arm_control/arm_control/msg/detail/dds_fastrtps
[0.265s] -- Up-to-date: /home/p30039115276/TK_MOTOR_IGH/igh_example_2025_1229_CSP_CSV_CST/ros2_ws/install/arm_control/include/arm_control/arm_control/msg/rosidl_typesupport_fastrtps_cpp__visibility_control.h
[0.265s] -- Up-to-date: /home/p30039115276/TK_MOTOR_IGH/igh_example_2025_1229_CSP_CSV_CST/ros2_ws/install/arm_control/lib/libarm_control__rosidl_typesupport_fastrtps_cpp.so
[0.265s] -- Up-to-date: /home/p30039115276/TK_MOTOR_IGH/igh_example_2025_1229_CSP_CSV_CST/ros2_ws/install/arm_control/include/arm_control/arm_control
[0.265s] -- Up-to-date: /home/p30039115276/TK_MOTOR_IGH/igh_example_2025_1229_CSP_CSV_CST/ros2_ws/install/arm_control/include/arm_control/arm_control/msg
[0.265s] -- Up-to-date: /home/p30039115276/TK_MOTOR_IGH/igh_example_2025_1229_CSP_CSV_CST/ros2_ws/install/arm_control/include/arm_control/arm_control/msg/detail
[0.265s] -- Up-to-date: /home/p30039115276/TK_MOTOR_IGH/igh_example_2025_1229_CSP_CSV_CST/ros2_ws/install/arm_control/include/arm_control/arm_control/msg/detail/motor_cmd__type_support.cpp
[0.265s] -- Up-to-date: /home/p30039115276/TK_MOTOR_IGH/igh_example_2025_1229_CSP_CSV_CST/ros2_ws/install/arm_control/include/arm_control/arm_control/msg/detail/low_cmd__rosidl_typesupport_introspection_cpp.hpp
[0.265s] -- Up-to-date: /home/p30039115276/TK_MOTOR_IGH/igh_example_2025_1229_CSP_CSV_CST/ros2_ws/install/arm_control/include/arm_control/arm_control/msg/detail/low_cmd__type_support.cpp
[0.265s] -- Up-to-date: /home/p30039115276/TK_MOTOR_IGH/igh_example_2025_1229_CSP_CSV_CST/ros2_ws/install/arm_control/include/arm_control/arm_control/msg/detail/motor_state__type_support.cpp
[0.265s] -- Up-to-date: /home/p30039115276/TK_MOTOR_IGH/igh_example_2025_1229_CSP_CSV_CST/ros2_ws/install/arm_control/include/arm_control/arm_control/msg/detail/low_state__type_support.cpp
[0.266s] -- Up-to-date: /home/p30039115276/TK_MOTOR_IGH/igh_example_2025_1229_CSP_CSV_CST/ros2_ws/install/arm_control/include/arm_control/arm_control/msg/detail/motor_state__rosidl_typesupport_introspection_cpp.hpp
[0.266s] -- Up-to-date: /home/p30039115276/TK_MOTOR_IGH/igh_example_2025_1229_CSP_CSV_CST/ros2_ws/install/arm_control/include/arm_control/arm_control/msg/detail/motor_cmd__rosidl_typesupport_introspection_cpp.hpp
[0.266s] -- Up-to-date: /home/p30039115276/TK_MOTOR_IGH/igh_example_2025_1229_CSP_CSV_CST/ros2_ws/install/arm_control/include/arm_control/arm_control/msg/detail/low_state__rosidl_typesupport_introspection_cpp.hpp
[0.266s] -- Up-to-date: /home/p30039115276/TK_MOTOR_IGH/igh_example_2025_1229_CSP_CSV_CST/ros2_ws/install/arm_control/lib/libarm_control__rosidl_typesupport_introspection_cpp.so
[0.266s] -- Up-to-date: /home/p30039115276/TK_MOTOR_IGH/igh_example_2025_1229_CSP_CSV_CST/ros2_ws/install/arm_control/lib/libarm_control__rosidl_typesupport_cpp.so
[0.266s] -- Up-to-date: /home/p30039115276/TK_MOTOR_IGH/igh_example_2025_1229_CSP_CSV_CST/ros2_ws/install/arm_control/share/arm_control/environment/pythonpath.sh
[0.266s] -- Up-to-date: /home/p30039115276/TK_MOTOR_IGH/igh_example_2025_1229_CSP_CSV_CST/ros2_ws/install/arm_control/share/arm_control/environment/pythonpath.dsv
[0.266s] -- Up-to-date: /home/p30039115276/TK_MOTOR_IGH/igh_example_2025_1229_CSP_CSV_CST/ros2_ws/install/arm_control/local/lib/python3.10/dist-packages/arm_control-0.0.0-py3.10.egg-info
[0.266s] -- Installing: /home/p30039115276/TK_MOTOR_IGH/igh_example_2025_1229_CSP_CSV_CST/ros2_ws/install/arm_control/local/lib/python3.10/dist-packages/arm_control-0.0.0-py3.10.egg-info/SOURCES.txt
[0.266s] -- Installing: /home/p30039115276/TK_MOTOR_IGH/igh_example_2025_1229_CSP_CSV_CST/ros2_ws/install/arm_control/local/lib/python3.10/dist-packages/arm_control-0.0.0-py3.10.egg-info/dependency_links.txt
[0.266s] -- Installing: /home/p30039115276/TK_MOTOR_IGH/igh_example_2025_1229_CSP_CSV_CST/ros2_ws/install/arm_control/local/lib/python3.10/dist-packages/arm_control-0.0.0-py3.10.egg-info/PKG-INFO
[0.266s] -- Installing: /home/p30039115276/TK_MOTOR_IGH/igh_example_2025_1229_CSP_CSV_CST/ros2_ws/install/arm_control/local/lib/python3.10/dist-packages/arm_control-0.0.0-py3.10.egg-info/top_level.txt
[0.266s] -- Up-to-date: /home/p30039115276/TK_MOTOR_IGH/igh_example_2025_1229_CSP_CSV_CST/ros2_ws/install/arm_control/local/lib/python3.10/dist-packages/arm_control
[0.266s] -- Up-to-date: /home/p30039115276/TK_MOTOR_IGH/igh_example_2025_1229_CSP_CSV_CST/ros2_ws/install/arm_control/local/lib/python3.10/dist-packages/arm_control/libarm_control__rosidl_generator_py.so
[0.266s] -- Up-to-date: /home/p30039115276/TK_MOTOR_IGH/igh_example_2025_1229_CSP_CSV_CST/ros2_ws/install/arm_control/local/lib/python3.10/dist-packages/arm_control/msg
[0.266s] -- Up-to-date: /home/p30039115276/TK_MOTOR_IGH/igh_example_2025_1229_CSP_CSV_CST/ros2_ws/install/arm_control/local/lib/python3.10/dist-packages/arm_control/msg/_low_cmd_s.c
[0.266s] -- Up-to-date: /home/p30039115276/TK_MOTOR_IGH/igh_example_2025_1229_CSP_CSV_CST/ros2_ws/install/arm_control/local/lib/python3.10/dist-packages/arm_control/msg/_motor_cmd.py
[0.266s] -- Up-to-date: /home/p30039115276/TK_MOTOR_IGH/igh_example_2025_1229_CSP_CSV_CST/ros2_ws/install/arm_control/local/lib/python3.10/dist-packages/arm_control/msg/_motor_cmd_s.c
[0.266s] -- Up-to-date: /home/p30039115276/TK_MOTOR_IGH/igh_example_2025_1229_CSP_CSV_CST/ros2_ws/install/arm_control/local/lib/python3.10/dist-packages/arm_control/msg/_motor_state_s.c
[0.266s] -- Up-to-date: /home/p30039115276/TK_MOTOR_IGH/igh_example_2025_1229_CSP_CSV_CST/ros2_ws/install/arm_control/local/lib/python3.10/dist-packages/arm_control/msg/_motor_state.py
[0.266s] -- Up-to-date: /home/p30039115276/TK_MOTOR_IGH/igh_example_2025_1229_CSP_CSV_CST/ros2_ws/install/arm_control/local/lib/python3.10/dist-packages/arm_control/msg/_low_state.py
[0.266s] -- Up-to-date: /home/p30039115276/TK_MOTOR_IGH/igh_example_2025_1229_CSP_CSV_CST/ros2_ws/install/arm_control/local/lib/python3.10/dist-packages/arm_control/msg/__init__.py
[0.266s] -- Up-to-date: /home/p30039115276/TK_MOTOR_IGH/igh_example_2025_1229_CSP_CSV_CST/ros2_ws/install/arm_control/local/lib/python3.10/dist-packages/arm_control/msg/_low_cmd.py
[0.266s] -- Up-to-date: /home/p30039115276/TK_MOTOR_IGH/igh_example_2025_1229_CSP_CSV_CST/ros2_ws/install/arm_control/local/lib/python3.10/dist-packages/arm_control/msg/_low_state_s.c
[0.266s] -- Up-to-date: /home/p30039115276/TK_MOTOR_IGH/igh_example_2025_1229_CSP_CSV_CST/ros2_ws/install/arm_control/local/lib/python3.10/dist-packages/arm_control/arm_control_s__rosidl_typesupport_fastrtps_c.cpython-310-x86_64-linux-gnu.so
[0.266s] -- Up-to-date: /home/p30039115276/TK_MOTOR_IGH/igh_example_2025_1229_CSP_CSV_CST/ros2_ws/install/arm_control/local/lib/python3.10/dist-packages/arm_control/arm_control_s__rosidl_typesupport_c.cpython-310-x86_64-linux-gnu.so
[0.266s] -- Up-to-date: /home/p30039115276/TK_MOTOR_IGH/igh_example_2025_1229_CSP_CSV_CST/ros2_ws/install/arm_control/local/lib/python3.10/dist-packages/arm_control/_arm_control_s.ep.rosidl_typesupport_fastrtps_c.c
[0.267s] -- Up-to-date: /home/p30039115276/TK_MOTOR_IGH/igh_example_2025_1229_CSP_CSV_CST/ros2_ws/install/arm_control/local/lib/python3.10/dist-packages/arm_control/_arm_control_s.ep.rosidl_typesupport_introspection_c.c
[0.267s] -- Up-to-date: /home/p30039115276/TK_MOTOR_IGH/igh_example_2025_1229_CSP_CSV_CST/ros2_ws/install/arm_control/local/lib/python3.10/dist-packages/arm_control/_arm_control_s.ep.rosidl_typesupport_c.c
[0.267s] -- Up-to-date: /home/p30039115276/TK_MOTOR_IGH/igh_example_2025_1229_CSP_CSV_CST/ros2_ws/install/arm_control/local/lib/python3.10/dist-packages/arm_control/__init__.py
[0.267s] -- Up-to-date: /home/p30039115276/TK_MOTOR_IGH/igh_example_2025_1229_CSP_CSV_CST/ros2_ws/install/arm_control/local/lib/python3.10/dist-packages/arm_control/arm_control_s__rosidl_typesupport_introspection_c.cpython-310-x86_64-linux-gnu.so
[0.284s] Listing '/home/p30039115276/TK_MOTOR_IGH/igh_example_2025_1229_CSP_CSV_CST/ros2_ws/install/arm_control/local/lib/python3.10/dist-packages/arm_control'...
[0.284s] Listing '/home/p30039115276/TK_MOTOR_IGH/igh_example_2025_1229_CSP_CSV_CST/ros2_ws/install/arm_control/local/lib/python3.10/dist-packages/arm_control/msg'...
[0.287s] -- Up-to-date: /home/p30039115276/TK_MOTOR_IGH/igh_example_2025_1229_CSP_CSV_CST/ros2_ws/install/arm_control/local/lib/python3.10/dist-packages/arm_control/arm_control_s__rosidl_typesupport_fastrtps_c.cpython-310-x86_64-linux-gnu.so
[0.287s] -- Up-to-date: /home/p30039115276/TK_MOTOR_IGH/igh_example_2025_1229_CSP_CSV_CST/ros2_ws/install/arm_control/local/lib/python3.10/dist-packages/arm_control/arm_control_s__rosidl_typesupport_introspection_c.cpython-310-x86_64-linux-gnu.so
[0.287s] -- Up-to-date: /home/p30039115276/TK_MOTOR_IGH/igh_example_2025_1229_CSP_CSV_CST/ros2_ws/install/arm_control/local/lib/python3.10/dist-packages/arm_control/arm_control_s__rosidl_typesupport_c.cpython-310-x86_64-linux-gnu.so
[0.288s] -- Up-to-date: /home/p30039115276/TK_MOTOR_IGH/igh_example_2025_1229_CSP_CSV_CST/ros2_ws/install/arm_control/lib/libarm_control__rosidl_generator_py.so
[0.288s] -- Up-to-date: /home/p30039115276/TK_MOTOR_IGH/igh_example_2025_1229_CSP_CSV_CST/ros2_ws/install/arm_control/share/arm_control/msg/LowState.idl
[0.288s] -- Up-to-date: /home/p30039115276/TK_MOTOR_IGH/igh_example_2025_1229_CSP_CSV_CST/ros2_ws/install/arm_control/share/arm_control/msg/MotorCmd.idl
[0.288s] -- Up-to-date: /home/p30039115276/TK_MOTOR_IGH/igh_example_2025_1229_CSP_CSV_CST/ros2_ws/install/arm_control/share/arm_control/msg/LowCmd.idl
[0.288s] -- Up-to-date: /home/p30039115276/TK_MOTOR_IGH/igh_example_2025_1229_CSP_CSV_CST/ros2_ws/install/arm_control/share/arm_control/msg/MotorState.idl
[0.288s] -- Up-to-date: /home/p30039115276/TK_MOTOR_IGH/igh_example_2025_1229_CSP_CSV_CST/ros2_ws/install/arm_control/share/arm_control/msg/LowState.msg
[0.288s] -- Up-to-date: /home/p30039115276/TK_MOTOR_IGH/igh_example_2025_1229_CSP_CSV_CST/ros2_ws/install/arm_control/share/arm_control/msg/MotorCmd.msg
[0.288s] -- Up-to-date: /home/p30039115276/TK_MOTOR_IGH/igh_example_2025_1229_CSP_CSV_CST/ros2_ws/install/arm_control/share/arm_control/msg/LowCmd.msg
[0.288s] -- Up-to-date: /home/p30039115276/TK_MOTOR_IGH/igh_example_2025_1229_CSP_CSV_CST/ros2_ws/install/arm_control/share/arm_control/msg/MotorState.msg
[0.288s] -- Up-to-date: /home/p30039115276/TK_MOTOR_IGH/igh_example_2025_1229_CSP_CSV_CST/ros2_ws/install/arm_control/share/ament_index/resource_index/package_run_dependencies/arm_control
[0.288s] -- Up-to-date: /home/p30039115276/TK_MOTOR_IGH/igh_example_2025_1229_CSP_CSV_CST/ros2_ws/install/arm_control/share/ament_index/resource_index/parent_prefix_path/arm_control
[0.288s] -- Up-to-date: /home/p30039115276/TK_MOTOR_IGH/igh_example_2025_1229_CSP_CSV_CST/ros2_ws/install/arm_control/share/arm_control/environment/ament_prefix_path.sh
[0.289s] -- Up-to-date: /home/p30039115276/TK_MOTOR_IGH/igh_example_2025_1229_CSP_CSV_CST/ros2_ws/install/arm_control/share/arm_control/environment/ament_prefix_path.dsv
[0.289s] -- Up-to-date: /home/p30039115276/TK_MOTOR_IGH/igh_example_2025_1229_CSP_CSV_CST/ros2_ws/install/arm_control/share/arm_control/environment/path.sh
[0.289s] -- Up-to-date: /home/p30039115276/TK_MOTOR_IGH/igh_example_2025_1229_CSP_CSV_CST/ros2_ws/install/arm_control/share/arm_control/environment/path.dsv
[0.289s] -- Up-to-date: /home/p30039115276/TK_MOTOR_IGH/igh_example_2025_1229_CSP_CSV_CST/ros2_ws/install/arm_control/share/arm_control/local_setup.bash
[0.289s] -- Up-to-date: /home/p30039115276/TK_MOTOR_IGH/igh_example_2025_1229_CSP_CSV_CST/ros2_ws/install/arm_control/share/arm_control/local_setup.sh
[0.290s] -- Up-to-date: /home/p30039115276/TK_MOTOR_IGH/igh_example_2025_1229_CSP_CSV_CST/ros2_ws/install/arm_control/share/arm_control/local_setup.zsh
[0.290s] -- Up-to-date: /home/p30039115276/TK_MOTOR_IGH/igh_example_2025_1229_CSP_CSV_CST/ros2_ws/install/arm_control/share/arm_control/local_setup.dsv
[0.290s] -- Installing: /home/p30039115276/TK_MOTOR_IGH/igh_example_2025_1229_CSP_CSV_CST/ros2_ws/install/arm_control/share/arm_control/package.dsv
[0.290s] -- Up-to-date: /home/p30039115276/TK_MOTOR_IGH/igh_example_2025_1229_CSP_CSV_CST/ros2_ws/install/arm_control/share/ament_index/resource_index/packages/arm_control
[0.290s] -- Up-to-date: /home/p30039115276/TK_MOTOR_IGH/igh_example_2025_1229_CSP_CSV_CST/ros2_ws/install/arm_control/share/arm_control/cmake/export_arm_control__rosidl_generator_cExport.cmake
[0.290s] -- Up-to-date: /home/p30039115276/TK_MOTOR_IGH/igh_example_2025_1229_CSP_CSV_CST/ros2_ws/install/arm_control/share/arm_control/cmake/export_arm_control__rosidl_generator_cExport-noconfig.cmake
[0.290s] -- Up-to-date: /home/p30039115276/TK_MOTOR_IGH/igh_example_2025_1229_CSP_CSV_CST/ros2_ws/install/arm_control/share/arm_control/cmake/export_arm_control__rosidl_typesupport_fastrtps_cExport.cmake
[0.291s] -- Up-to-date: /home/p30039115276/TK_MOTOR_IGH/igh_example_2025_1229_CSP_CSV_CST/ros2_ws/install/arm_control/share/arm_control/cmake/export_arm_control__rosidl_typesupport_fastrtps_cExport-noconfig.cmake
[0.291s] -- Up-to-date: /home/p30039115276/TK_MOTOR_IGH/igh_example_2025_1229_CSP_CSV_CST/ros2_ws/install/arm_control/share/arm_control/cmake/arm_control__rosidl_typesupport_introspection_cExport.cmake
[0.291s] -- Up-to-date: /home/p30039115276/TK_MOTOR_IGH/igh_example_2025_1229_CSP_CSV_CST/ros2_ws/install/arm_control/share/arm_control/cmake/arm_control__rosidl_typesupport_introspection_cExport-noconfig.cmake
[0.291s] -- Up-to-date: /home/p30039115276/TK_MOTOR_IGH/igh_example_2025_1229_CSP_CSV_CST/ros2_ws/install/arm_control/share/arm_control/cmake/arm_control__rosidl_typesupport_cExport.cmake
[0.291s] -- Up-to-date: /home/p30039115276/TK_MOTOR_IGH/igh_example_2025_1229_CSP_CSV_CST/ros2_ws/install/arm_control/share/arm_control/cmake/arm_control__rosidl_typesupport_cExport-noconfig.cmake
[0.292s] -- Up-to-date: /home/p30039115276/TK_MOTOR_IGH/igh_example_2025_1229_CSP_CSV_CST/ros2_ws/install/arm_control/share/arm_control/cmake/export_arm_control__rosidl_generator_cppExport.cmake
[0.292s] -- Up-to-date: /home/p30039115276/TK_MOTOR_IGH/igh_example_2025_1229_CSP_CSV_CST/ros2_ws/install/arm_control/share/arm_control/cmake/export_arm_control__rosidl_typesupport_fastrtps_cppExport.cmake
[0.292s] -- Up-to-date: /home/p30039115276/TK_MOTOR_IGH/igh_example_2025_1229_CSP_CSV_CST/ros2_ws/install/arm_control/share/arm_control/cmake/export_arm_control__rosidl_typesupport_fastrtps_cppExport-noconfig.cmake
[0.292s] -- Up-to-date: /home/p30039115276/TK_MOTOR_IGH/igh_example_2025_1229_CSP_CSV_CST/ros2_ws/install/arm_control/share/arm_control/cmake/arm_control__rosidl_typesupport_introspection_cppExport.cmake
[0.292s] -- Up-to-date: /home/p30039115276/TK_MOTOR_IGH/igh_example_2025_1229_CSP_CSV_CST/ros2_ws/install/arm_control/share/arm_control/cmake/arm_control__rosidl_typesupport_introspection_cppExport-noconfig.cmake
[0.293s] -- Up-to-date: /home/p30039115276/TK_MOTOR_IGH/igh_example_2025_1229_CSP_CSV_CST/ros2_ws/install/arm_control/share/arm_control/cmake/arm_control__rosidl_typesupport_cppExport.cmake
[0.293s] -- Up-to-date: /home/p30039115276/TK_MOTOR_IGH/igh_example_2025_1229_CSP_CSV_CST/ros2_ws/install/arm_control/share/arm_control/cmake/arm_control__rosidl_typesupport_cppExport-noconfig.cmake
[0.294s] -- Up-to-date: /home/p30039115276/TK_MOTOR_IGH/igh_example_2025_1229_CSP_CSV_CST/ros2_ws/install/arm_control/share/arm_control/cmake/export_arm_control__rosidl_generator_pyExport.cmake
[0.294s] -- Up-to-date: /home/p30039115276/TK_MOTOR_IGH/igh_example_2025_1229_CSP_CSV_CST/ros2_ws/install/arm_control/share/arm_control/cmake/export_arm_control__rosidl_generator_pyExport-noconfig.cmake
[0.294s] -- Up-to-date: /home/p30039115276/TK_MOTOR_IGH/igh_example_2025_1229_CSP_CSV_CST/ros2_ws/install/arm_control/share/arm_control/cmake/rosidl_cmake-extras.cmake
[0.294s] -- Up-to-date: /home/p30039115276/TK_MOTOR_IGH/igh_example_2025_1229_CSP_CSV_CST/ros2_ws/install/arm_control/share/arm_control/cmake/ament_cmake_export_dependencies-extras.cmake
[0.294s] -- Up-to-date: /home/p30039115276/TK_MOTOR_IGH/igh_example_2025_1229_CSP_CSV_CST/ros2_ws/install/arm_control/share/arm_control/cmake/ament_cmake_export_include_directories-extras.cmake
[0.294s] -- Up-to-date: /home/p30039115276/TK_MOTOR_IGH/igh_example_2025_1229_CSP_CSV_CST/ros2_ws/install/arm_control/share/arm_control/cmake/ament_cmake_export_libraries-extras.cmake
[0.294s] -- Up-to-date: /home/p30039115276/TK_MOTOR_IGH/igh_example_2025_1229_CSP_CSV_CST/ros2_ws/install/arm_control/share/arm_control/cmake/ament_cmake_export_targets-extras.cmake
[0.295s] -- Up-to-date: /home/p30039115276/TK_MOTOR_IGH/igh_example_2025_1229_CSP_CSV_CST/ros2_ws/install/arm_control/share/arm_control/cmake/rosidl_cmake_export_typesupport_targets-extras.cmake
[0.295s] -- Up-to-date: /home/p30039115276/TK_MOTOR_IGH/igh_example_2025_1229_CSP_CSV_CST/ros2_ws/install/arm_control/share/arm_control/cmake/rosidl_cmake_export_typesupport_libraries-extras.cmake
[0.295s] -- Up-to-date: /home/p30039115276/TK_MOTOR_IGH/igh_example_2025_1229_CSP_CSV_CST/ros2_ws/install/arm_control/share/arm_control/cmake/arm_controlConfig.cmake
[0.295s] -- Up-to-date: /home/p30039115276/TK_MOTOR_IGH/igh_example_2025_1229_CSP_CSV_CST/ros2_ws/install/arm_control/share/arm_control/cmake/arm_controlConfig-version.cmake
[0.295s] -- Up-to-date: /home/p30039115276/TK_MOTOR_IGH/igh_example_2025_1229_CSP_CSV_CST/ros2_ws/install/arm_control/share/arm_control/package.xml
[0.295s] Invoked command in '/home/p30039115276/TK_MOTOR_IGH/igh_example_2025_1229_CSP_CSV_CST/ros2_ws/build/arm_control' returned '0': CMAKE_PREFIX_PATH=${CMAKE_PREFIX_PATH}:/opt/ros/humble /usr/bin/cmake --install /home/p30039115276/TK_MOTOR_IGH/igh_example_2025_1229_CSP_CSV_CST/ros2_ws/build/arm_control
