[ 75%] Built target igh_core
[ 87%] [32mBuilding CXX object CMakeFiles/igh_ethercat_node.dir/src/igh_ethercat_node.cpp.o[0m
[100%] [1m[32mLinking CXX executable igh_ethercat_node[0m
[100%] Built target igh_ethercat_node
-- Install configuration: ""
-- Installing: /home/p30039115276/TK_MOTOR_IGH/igh_example_2025_1229_CSP_CSV_CST/ros2_ws/install/igh_ethercat/lib/igh_ethercat/igh_ethercat_node
-- Set non-toolchain portion of runtime path of "/home/p30039115276/TK_MOTOR_IGH/igh_example_2025_1229_CSP_CSV_CST/ros2_ws/install/igh_ethercat/lib/igh_ethercat/igh_ethercat_node" to ""
-- Up-to-date: /home/p30039115276/TK_MOTOR_IGH/igh_example_2025_1229_CSP_CSV_CST/ros2_ws/install/igh_ethercat/share/ament_index/resource_index/package_run_dependencies/igh_ethercat
-- Up-to-date: /home/p30039115276/TK_MOTOR_IGH/igh_example_2025_1229_CSP_CSV_CST/ros2_ws/install/igh_ethercat/share/ament_index/resource_index/parent_prefix_path/igh_ethercat
-- Up-to-date: /home/p30039115276/TK_MOTOR_IGH/igh_example_2025_1229_CSP_CSV_CST/ros2_ws/install/igh_ethercat/share/igh_ethercat/environment/ament_prefix_path.sh
-- Up-to-date: /home/p30039115276/TK_MOTOR_IGH/igh_example_2025_1229_CSP_CSV_CST/ros2_ws/install/igh_ethercat/share/igh_ethercat/environment/ament_prefix_path.dsv
-- Up-to-date: /home/p30039115276/TK_MOTOR_IGH/igh_example_2025_1229_CSP_CSV_CST/ros2_ws/install/igh_ethercat/share/igh_ethercat/environment/path.sh
-- Up-to-date: /home/p30039115276/TK_MOTOR_IGH/igh_example_2025_1229_CSP_CSV_CST/ros2_ws/install/igh_ethercat/share/igh_ethercat/environment/path.dsv
-- Up-to-date: /home/p30039115276/TK_MOTOR_IGH/igh_example_2025_1229_CSP_CSV_CST/ros2_ws/install/igh_ethercat/share/igh_ethercat/local_setup.bash
-- Up-to-date: /home/p30039115276/TK_MOTOR_IGH/igh_example_2025_1229_CSP_CSV_CST/ros2_ws/install/igh_ethercat/share/igh_ethercat/local_setup.sh
-- Up-to-date: /home/p30039115276/TK_MOTOR_IGH/igh_example_2025_1229_CSP_CSV_CST/ros2_ws/install/igh_ethercat/share/igh_ethercat/local_setup.zsh
-- Up-to-date: /home/p30039115276/TK_MOTOR_IGH/igh_example_2025_1229_CSP_CSV_CST/ros2_ws/install/igh_ethercat/share/igh_ethercat/local_setup.dsv
-- Installing: /home/p30039115276/TK_MOTOR_IGH/igh_example_2025_1229_CSP_CSV_CST/ros2_ws/install/igh_ethercat/share/igh_ethercat/package.dsv
-- Up-to-date: /home/p30039115276/TK_MOTOR_IGH/igh_example_2025_1229_CSP_CSV_CST/ros2_ws/install/igh_ethercat/share/ament_index/resource_index/packages/igh_ethercat
-- Up-to-date: /home/p30039115276/TK_MOTOR_IGH/igh_example_2025_1229_CSP_CSV_CST/ros2_ws/install/igh_ethercat/share/igh_ethercat/cmake/igh_ethercatConfig.cmake
-- Up-to-date: /home/p30039115276/TK_MOTOR_IGH/igh_example_2025_1229_CSP_CSV_CST/ros2_ws/install/igh_ethercat/share/igh_ethercat/cmake/igh_ethercatConfig-version.cmake
-- Up-to-date: /home/p30039115276/TK_MOTOR_IGH/igh_example_2025_1229_CSP_CSV_CST/ros2_ws/install/igh_ethercat/share/igh_ethercat/package.xml
