-- The C compiler identification is GNU 11.4.0
-- The CXX compiler identification is GNU 11.4.0
-- Detecting C compiler ABI info
-- Detecting C compiler ABI info - done
-- Check for working C compiler: /usr/bin/cc - skipped
-- Detecting C compile features
-- Detecting C compile features - done
-- Detecting CXX compiler ABI info
-- Detecting CXX compiler ABI info - done
-- Check for working CXX compiler: /usr/bin/c++ - skipped
-- Detecting CXX compile features
-- Detecting CXX compile features - done
-- Found ament_cmake: 1.3.12 (/opt/ros/humble/share/ament_cmake/cmake)
-- Found Python3: /usr/bin/python3 (found version "3.10.12") found components: Interpreter
-- Found rclcpp: 16.0.17 (/opt/ros/humble/share/rclcpp/cmake)
-- Found rosidl_generator_c: 3.1.8 (/opt/ros/humble/share/rosidl_generator_c/cmake)
-- Found rosidl_adapter: 3.1.8 (/opt/ros/humble/share/rosidl_adapter/cmake)
-- Found rosidl_generator_cpp: 3.1.8 (/opt/ros/humble/share/rosidl_generator_cpp/cmake)
-- Using all available rosidl_typesupport_c: rosidl_typesupport_fastrtps_c;rosidl_typesupport_introspection_c
-- Using all available rosidl_typesupport_cpp: rosidl_typesupport_fastrtps_cpp;rosidl_typesupport_introspection_cpp
-- Found rmw_implementation_cmake: 6.1.2 (/opt/ros/humble/share/rmw_implementation_cmake/cmake)
-- Found rmw_fastrtps_cpp: 6.2.9 (/opt/ros/humble/share/rmw_fastrtps_cpp/cmake)
-- Found OpenSSL: /usr/lib/x86_64-linux-gnu/libcrypto.so (found version "3.0.2")
-- Found FastRTPS: /opt/ros/humble/include
-- Using RMW implementation 'rmw_fastrtps_cpp' as default
-- Performing Test CMAKE_HAVE_LIBC_PTHREAD
-- Performing Test CMAKE_HAVE_LIBC_PTHREAD - Success
-- Found Threads: TRUE
-- Found rclcpp_components: 16.0.17 (/opt/ros/humble/share/rclcpp_components/cmake)
-- Found geometry_msgs: 4.9.0 (/opt/ros/humble/share/geometry_msgs/cmake)
-- Found dro_hg: 0.0.0 (/home/p30039115276/ECS_TK_IGH/ethercat_motor_control/install/dro_hg/share/dro_hg/cmake)
-- Found ament_lint_auto: 0.12.14 (/opt/ros/humble/share/ament_lint_auto/cmake)
-- Configuring done (0.8s)
-- Generating done (0.0s)
-- Build files have been written to: /home/p30039115276/ECS_TK_IGH/ethercat_motor_control/build/ethercat_motor_node
[ 20%] [32mBuilding C object CMakeFiles/ethercat_motor_lib.dir/src/math_ops.c.o[0m
[ 40%] [32mBuilding C object CMakeFiles/ethercat_motor_lib.dir/src/motor_control.c.o[0m
[ 60%] [1m[32mLinking C static library libethercat_motor_lib.a[0m
[ 60%] Built target ethercat_motor_lib
[ 80%] [32mBuilding CXX object CMakeFiles/ethercat_motor_node.dir/src/ethercat_motor_node.cpp.o[0m
[100%] [1m[32mLinking CXX executable ethercat_motor_node[0m
[100%] Built target ethercat_motor_node
-- Install configuration: ""
-- Installing: /home/p30039115276/ECS_TK_IGH/ethercat_motor_control/install/ethercat_motor_node/lib/ethercat_motor_node/ethercat_motor_node
-- Set non-toolchain portion of runtime path of "/home/p30039115276/ECS_TK_IGH/ethercat_motor_control/install/ethercat_motor_node/lib/ethercat_motor_node/ethercat_motor_node" to ""
-- Installing: /home/p30039115276/ECS_TK_IGH/ethercat_motor_control/install/ethercat_motor_node/share/ethercat_motor_node//launch
-- Installing: /home/p30039115276/ECS_TK_IGH/ethercat_motor_control/install/ethercat_motor_node/share/ethercat_motor_node//launch/ethercat_motor.launch.py
-- Installing: /home/p30039115276/ECS_TK_IGH/ethercat_motor_control/install/ethercat_motor_node/share/ethercat_motor_node/environment/library_path.sh
-- Installing: /home/p30039115276/ECS_TK_IGH/ethercat_motor_control/install/ethercat_motor_node/share/ethercat_motor_node/environment/library_path.dsv
-- Installing: /home/p30039115276/ECS_TK_IGH/ethercat_motor_control/install/ethercat_motor_node/share/ament_index/resource_index/package_run_dependencies/ethercat_motor_node
-- Installing: /home/p30039115276/ECS_TK_IGH/ethercat_motor_control/install/ethercat_motor_node/share/ament_index/resource_index/parent_prefix_path/ethercat_motor_node
-- Installing: /home/p30039115276/ECS_TK_IGH/ethercat_motor_control/install/ethercat_motor_node/share/ethercat_motor_node/environment/ament_prefix_path.sh
-- Installing: /home/p30039115276/ECS_TK_IGH/ethercat_motor_control/install/ethercat_motor_node/share/ethercat_motor_node/environment/ament_prefix_path.dsv
-- Installing: /home/p30039115276/ECS_TK_IGH/ethercat_motor_control/install/ethercat_motor_node/share/ethercat_motor_node/environment/path.sh
-- Installing: /home/p30039115276/ECS_TK_IGH/ethercat_motor_control/install/ethercat_motor_node/share/ethercat_motor_node/environment/path.dsv
-- Installing: /home/p30039115276/ECS_TK_IGH/ethercat_motor_control/install/ethercat_motor_node/share/ethercat_motor_node/local_setup.bash
-- Installing: /home/p30039115276/ECS_TK_IGH/ethercat_motor_control/install/ethercat_motor_node/share/ethercat_motor_node/local_setup.sh
-- Installing: /home/p30039115276/ECS_TK_IGH/ethercat_motor_control/install/ethercat_motor_node/share/ethercat_motor_node/local_setup.zsh
-- Installing: /home/p30039115276/ECS_TK_IGH/ethercat_motor_control/install/ethercat_motor_node/share/ethercat_motor_node/local_setup.dsv
-- Installing: /home/p30039115276/ECS_TK_IGH/ethercat_motor_control/install/ethercat_motor_node/share/ethercat_motor_node/package.dsv
-- Installing: /home/p30039115276/ECS_TK_IGH/ethercat_motor_control/install/ethercat_motor_node/share/ament_index/resource_index/packages/ethercat_motor_node
-- Installing: /home/p30039115276/ECS_TK_IGH/ethercat_motor_control/install/ethercat_motor_node/share/ethercat_motor_node/cmake/ament_cmake_export_include_directories-extras.cmake
-- Installing: /home/p30039115276/ECS_TK_IGH/ethercat_motor_control/install/ethercat_motor_node/share/ethercat_motor_node/cmake/ament_cmake_export_libraries-extras.cmake
-- Installing: /home/p30039115276/ECS_TK_IGH/ethercat_motor_control/install/ethercat_motor_node/share/ethercat_motor_node/cmake/ament_cmake_export_dependencies-extras.cmake
-- Installing: /home/p30039115276/ECS_TK_IGH/ethercat_motor_control/install/ethercat_motor_node/share/ethercat_motor_node/cmake/ethercat_motor_nodeConfig.cmake
-- Installing: /home/p30039115276/ECS_TK_IGH/ethercat_motor_control/install/ethercat_motor_node/share/ethercat_motor_node/cmake/ethercat_motor_nodeConfig-version.cmake
-- Installing: /home/p30039115276/ECS_TK_IGH/ethercat_motor_control/install/ethercat_motor_node/share/ethercat_motor_node/package.xml
