[0.061s] DEBUG:colcon:Command line arguments: ['/usr/bin/colcon', 'build']
[0.061s] DEBUG:colcon:Parsed command line arguments: Namespace(log_base=None, log_level=None, verb_name='build', build_base='build', install_base='install', merge_install=False, symlink_install=False, test_result_base=None, continue_on_error=False, executor='parallel', parallel_workers=22, event_handlers=None, ignore_user_meta=False, metas=['./colcon.meta'], base_paths=['.'], packages_ignore=None, packages_ignore_regex=None, paths=None, packages_up_to=None, packages_up_to_regex=None, packages_above=None, packages_above_and_dependencies=None, packages_above_depth=None, packages_select_by_dep=None, packages_skip_by_dep=None, packages_skip_up_to=None, packages_select_build_failed=False, packages_skip_build_finished=False, packages_select_test_failures=False, packages_skip_test_passed=False, packages_select=None, packages_skip=None, packages_select_regex=None, packages_skip_regex=None, packages_start=None, packages_end=None, allow_overriding=[], cmake_args=None, cmake_target=None, cmake_target_skip_unavailable=False, cmake_clean_cache=False, cmake_clean_first=False, cmake_force_configure=False, ament_cmake_args=None, catkin_cmake_args=None, catkin_skip_building_tests=False, verb_parser=<colcon_defaults.argument_parser.defaults.DefaultArgumentsDecorator object at 0x7806a145ea70>, verb_extension=<colcon_core.verb.build.BuildVerb object at 0x7806a145e620>, main=<bound method BuildVerb.main of <colcon_core.verb.build.BuildVerb object at 0x7806a145e620>>)
[0.082s] Level 1:colcon.colcon_core.package_discovery:discover_packages(colcon_meta) check parameters
[0.082s] Level 1:colcon.colcon_core.package_discovery:discover_packages(recursive) check parameters
[0.082s] Level 1:colcon.colcon_core.package_discovery:discover_packages(ignore) check parameters
[0.082s] Level 1:colcon.colcon_core.package_discovery:discover_packages(path) check parameters
[0.082s] Level 1:colcon.colcon_core.package_discovery:discover_packages(colcon_meta) discover
[0.083s] Level 1:colcon.colcon_core.package_discovery:discover_packages(recursive) discover
[0.083s] INFO:colcon.colcon_core.package_discovery:Crawling recursively for packages in '/home/p30039115276/TK_MOTOR_IGH/igh_example_2025_1229_CSP_CSV_CST/ros2_ws'
[0.083s] Level 1:colcon.colcon_core.package_identification:_identify(.) by extensions ['ignore', 'ignore_ament_install']
[0.083s] Level 1:colcon.colcon_core.package_identification:_identify(.) by extension 'ignore'
[0.083s] Level 1:colcon.colcon_core.package_identification:_identify(.) by extension 'ignore_ament_install'
[0.083s] Level 1:colcon.colcon_core.package_identification:_identify(.) by extensions ['colcon_pkg']
[0.083s] Level 1:colcon.colcon_core.package_identification:_identify(.) by extension 'colcon_pkg'
[0.083s] Level 1:colcon.colcon_core.package_identification:_identify(.) by extensions ['colcon_meta']
[0.083s] Level 1:colcon.colcon_core.package_identification:_identify(.) by extension 'colcon_meta'
[0.083s] Level 1:colcon.colcon_core.package_identification:_identify(.) by extensions ['ros']
[0.083s] Level 1:colcon.colcon_core.package_identification:_identify(.) by extension 'ros'
[0.091s] Level 1:colcon.colcon_core.package_identification:_identify(.) by extensions ['cmake', 'python']
[0.091s] Level 1:colcon.colcon_core.package_identification:_identify(.) by extension 'cmake'
[0.091s] Level 1:colcon.colcon_core.package_identification:_identify(.) by extension 'python'
[0.091s] Level 1:colcon.colcon_core.package_identification:_identify(.) by extensions ['python_setup_py']
[0.091s] Level 1:colcon.colcon_core.package_identification:_identify(.) by extension 'python_setup_py'
[0.091s] Level 1:colcon.colcon_core.package_identification:_identify(build) by extensions ['ignore', 'ignore_ament_install']
[0.091s] Level 1:colcon.colcon_core.package_identification:_identify(build) by extension 'ignore'
[0.091s] Level 1:colcon.colcon_core.package_identification:_identify(build) ignored
[0.091s] Level 1:colcon.colcon_core.package_identification:_identify(install) by extensions ['ignore', 'ignore_ament_install']
[0.091s] Level 1:colcon.colcon_core.package_identification:_identify(install) by extension 'ignore'
[0.091s] Level 1:colcon.colcon_core.package_identification:_identify(install) ignored
[0.091s] Level 1:colcon.colcon_core.package_identification:_identify(log) by extensions ['ignore', 'ignore_ament_install']
[0.091s] Level 1:colcon.colcon_core.package_identification:_identify(log) by extension 'ignore'
[0.091s] Level 1:colcon.colcon_core.package_identification:_identify(log) ignored
[0.091s] Level 1:colcon.colcon_core.package_identification:_identify(src) by extensions ['ignore', 'ignore_ament_install']
[0.091s] Level 1:colcon.colcon_core.package_identification:_identify(src) by extension 'ignore'
[0.091s] Level 1:colcon.colcon_core.package_identification:_identify(src) by extension 'ignore_ament_install'
[0.091s] Level 1:colcon.colcon_core.package_identification:_identify(src) by extensions ['colcon_pkg']
[0.091s] Level 1:colcon.colcon_core.package_identification:_identify(src) by extension 'colcon_pkg'
[0.091s] Level 1:colcon.colcon_core.package_identification:_identify(src) by extensions ['colcon_meta']
[0.091s] Level 1:colcon.colcon_core.package_identification:_identify(src) by extension 'colcon_meta'
[0.092s] Level 1:colcon.colcon_core.package_identification:_identify(src) by extensions ['ros']
[0.092s] Level 1:colcon.colcon_core.package_identification:_identify(src) by extension 'ros'
[0.092s] Level 1:colcon.colcon_core.package_identification:_identify(src) by extensions ['cmake', 'python']
[0.092s] Level 1:colcon.colcon_core.package_identification:_identify(src) by extension 'cmake'
[0.092s] Level 1:colcon.colcon_core.package_identification:_identify(src) by extension 'python'
[0.092s] Level 1:colcon.colcon_core.package_identification:_identify(src) by extensions ['python_setup_py']
[0.092s] Level 1:colcon.colcon_core.package_identification:_identify(src) by extension 'python_setup_py'
[0.092s] Level 1:colcon.colcon_core.package_identification:_identify(src/arm_control) by extensions ['ignore', 'ignore_ament_install']
[0.092s] Level 1:colcon.colcon_core.package_identification:_identify(src/arm_control) by extension 'ignore'
[0.092s] Level 1:colcon.colcon_core.package_identification:_identify(src/arm_control) by extension 'ignore_ament_install'
[0.092s] Level 1:colcon.colcon_core.package_identification:_identify(src/arm_control) by extensions ['colcon_pkg']
[0.092s] Level 1:colcon.colcon_core.package_identification:_identify(src/arm_control) by extension 'colcon_pkg'
[0.092s] Level 1:colcon.colcon_core.package_identification:_identify(src/arm_control) by extensions ['colcon_meta']
[0.092s] Level 1:colcon.colcon_core.package_identification:_identify(src/arm_control) by extension 'colcon_meta'
[0.092s] Level 1:colcon.colcon_core.package_identification:_identify(src/arm_control) by extensions ['ros']
[0.092s] Level 1:colcon.colcon_core.package_identification:_identify(src/arm_control) by extension 'ros'
[0.093s] DEBUG:colcon.colcon_core.package_identification:Package 'src/arm_control' with type 'ros.ament_cmake' and name 'arm_control'
[0.093s] Level 1:colcon.colcon_core.package_identification:_identify(src/igh_ethercat) by extensions ['ignore', 'ignore_ament_install']
[0.093s] Level 1:colcon.colcon_core.package_identification:_identify(src/igh_ethercat) by extension 'ignore'
[0.093s] Level 1:colcon.colcon_core.package_identification:_identify(src/igh_ethercat) by extension 'ignore_ament_install'
[0.093s] Level 1:colcon.colcon_core.package_identification:_identify(src/igh_ethercat) by extensions ['colcon_pkg']
[0.093s] Level 1:colcon.colcon_core.package_identification:_identify(src/igh_ethercat) by extension 'colcon_pkg'
[0.093s] Level 1:colcon.colcon_core.package_identification:_identify(src/igh_ethercat) by extensions ['colcon_meta']
[0.094s] Level 1:colcon.colcon_core.package_identification:_identify(src/igh_ethercat) by extension 'colcon_meta'
[0.094s] Level 1:colcon.colcon_core.package_identification:_identify(src/igh_ethercat) by extensions ['ros']
[0.094s] Level 1:colcon.colcon_core.package_identification:_identify(src/igh_ethercat) by extension 'ros'
[0.094s] DEBUG:colcon.colcon_core.package_identification:Package 'src/igh_ethercat' with type 'ros.ament_cmake' and name 'igh_ethercat'
[0.094s] Level 1:colcon.colcon_core.package_discovery:discover_packages(recursive) using defaults
[0.094s] Level 1:colcon.colcon_core.package_discovery:discover_packages(ignore) discover
[0.094s] Level 1:colcon.colcon_core.package_discovery:discover_packages(ignore) using defaults
[0.094s] Level 1:colcon.colcon_core.package_discovery:discover_packages(path) discover
[0.094s] Level 1:colcon.colcon_core.package_discovery:discover_packages(path) using defaults
[0.108s] Level 1:colcon.colcon_core.package_discovery:discover_packages(prefix_path) check parameters
[0.108s] Level 1:colcon.colcon_core.package_discovery:discover_packages(prefix_path) discover
[0.111s] DEBUG:colcon.colcon_installed_package_information.package_discovery:Found 2 installed packages in /home/p30039115276/TK_MOTOR_IGH/igh_example_2025_1229_CSP_CSV_CST/ros2_ws/install
[0.113s] DEBUG:colcon.colcon_installed_package_information.package_discovery:Found 530 installed packages in /opt/ros/humble
[0.116s] Level 1:colcon.colcon_core.package_discovery:discover_packages(prefix_path) using defaults
[0.172s] Level 5:colcon.colcon_core.verb:set package 'arm_control' build argument 'cmake_args' from command line to 'None'
[0.172s] Level 5:colcon.colcon_core.verb:set package 'arm_control' build argument 'cmake_target' from command line to 'None'
[0.172s] Level 5:colcon.colcon_core.verb:set package 'arm_control' build argument 'cmake_target_skip_unavailable' from command line to 'False'
[0.172s] Level 5:colcon.colcon_core.verb:set package 'arm_control' build argument 'cmake_clean_cache' from command line to 'False'
[0.172s] Level 5:colcon.colcon_core.verb:set package 'arm_control' build argument 'cmake_clean_first' from command line to 'False'
[0.172s] Level 5:colcon.colcon_core.verb:set package 'arm_control' build argument 'cmake_force_configure' from command line to 'False'
[0.172s] Level 5:colcon.colcon_core.verb:set package 'arm_control' build argument 'ament_cmake_args' from command line to 'None'
[0.172s] Level 5:colcon.colcon_core.verb:set package 'arm_control' build argument 'catkin_cmake_args' from command line to 'None'
[0.172s] Level 5:colcon.colcon_core.verb:set package 'arm_control' build argument 'catkin_skip_building_tests' from command line to 'False'
[0.172s] DEBUG:colcon.colcon_core.verb:Building package 'arm_control' with the following arguments: {'ament_cmake_args': None, 'build_base': '/home/p30039115276/TK_MOTOR_IGH/igh_example_2025_1229_CSP_CSV_CST/ros2_ws/build/arm_control', 'catkin_cmake_args': None, 'catkin_skip_building_tests': False, 'cmake_args': None, 'cmake_clean_cache': False, 'cmake_clean_first': False, 'cmake_force_configure': False, 'cmake_target': None, 'cmake_target_skip_unavailable': False, 'install_base': '/home/p30039115276/TK_MOTOR_IGH/igh_example_2025_1229_CSP_CSV_CST/ros2_ws/install/arm_control', 'merge_install': False, 'path': '/home/p30039115276/TK_MOTOR_IGH/igh_example_2025_1229_CSP_CSV_CST/ros2_ws/src/arm_control', 'symlink_install': False, 'test_result_base': None}
[0.173s] Level 5:colcon.colcon_core.verb:set package 'igh_ethercat' build argument 'cmake_args' from command line to 'None'
[0.173s] Level 5:colcon.colcon_core.verb:set package 'igh_ethercat' build argument 'cmake_target' from command line to 'None'
[0.173s] Level 5:colcon.colcon_core.verb:set package 'igh_ethercat' build argument 'cmake_target_skip_unavailable' from command line to 'False'
[0.173s] Level 5:colcon.colcon_core.verb:set package 'igh_ethercat' build argument 'cmake_clean_cache' from command line to 'False'
[0.173s] Level 5:colcon.colcon_core.verb:set package 'igh_ethercat' build argument 'cmake_clean_first' from command line to 'False'
[0.173s] Level 5:colcon.colcon_core.verb:set package 'igh_ethercat' build argument 'cmake_force_configure' from command line to 'False'
[0.173s] Level 5:colcon.colcon_core.verb:set package 'igh_ethercat' build argument 'ament_cmake_args' from command line to 'None'
[0.173s] Level 5:colcon.colcon_core.verb:set package 'igh_ethercat' build argument 'catkin_cmake_args' from command line to 'None'
[0.173s] Level 5:colcon.colcon_core.verb:set package 'igh_ethercat' build argument 'catkin_skip_building_tests' from command line to 'False'
[0.173s] DEBUG:colcon.colcon_core.verb:Building package 'igh_ethercat' with the following arguments: {'ament_cmake_args': None, 'build_base': '/home/p30039115276/TK_MOTOR_IGH/igh_example_2025_1229_CSP_CSV_CST/ros2_ws/build/igh_ethercat', 'catkin_cmake_args': None, 'catkin_skip_building_tests': False, 'cmake_args': None, 'cmake_clean_cache': False, 'cmake_clean_first': False, 'cmake_force_configure': False, 'cmake_target': None, 'cmake_target_skip_unavailable': False, 'install_base': '/home/p30039115276/TK_MOTOR_IGH/igh_example_2025_1229_CSP_CSV_CST/ros2_ws/install/igh_ethercat', 'merge_install': False, 'path': '/home/p30039115276/TK_MOTOR_IGH/igh_example_2025_1229_CSP_CSV_CST/ros2_ws/src/igh_ethercat', 'symlink_install': False, 'test_result_base': None}
[0.173s] INFO:colcon.colcon_core.executor:Executing jobs using 'parallel' executor
[0.174s] DEBUG:colcon.colcon_parallel_executor.executor.parallel:run_until_complete
[0.174s] INFO:colcon.colcon_ros.task.ament_cmake.build:Building ROS package in '/home/p30039115276/TK_MOTOR_IGH/igh_example_2025_1229_CSP_CSV_CST/ros2_ws/src/arm_control' with build type 'ament_cmake'
[0.174s] INFO:colcon.colcon_cmake.task.cmake.build:Building CMake package in '/home/p30039115276/TK_MOTOR_IGH/igh_example_2025_1229_CSP_CSV_CST/ros2_ws/src/arm_control'
[0.175s] INFO:colcon.colcon_core.plugin_system:Skipping extension 'colcon_core.shell.bat': Not used on non-Windows systems
[0.175s] INFO:colcon.colcon_core.shell:Skip shell extension 'powershell' for command environment: Not usable outside of PowerShell
[0.175s] DEBUG:colcon.colcon_core.shell:Skip shell extension 'dsv' for command environment
[0.182s] DEBUG:colcon.colcon_core.event_handler.log_command:Invoking command in '/home/p30039115276/TK_MOTOR_IGH/igh_example_2025_1229_CSP_CSV_CST/ros2_ws/build/arm_control': CMAKE_PREFIX_PATH=${CMAKE_PREFIX_PATH}:/opt/ros/humble /usr/bin/cmake --build /home/p30039115276/TK_MOTOR_IGH/igh_example_2025_1229_CSP_CSV_CST/ros2_ws/build/arm_control -- -j22 -l22
[0.413s] DEBUG:colcon.colcon_core.event_handler.log_command:Invoked command in '/home/p30039115276/TK_MOTOR_IGH/igh_example_2025_1229_CSP_CSV_CST/ros2_ws/build/arm_control' returned '0': CMAKE_PREFIX_PATH=${CMAKE_PREFIX_PATH}:/opt/ros/humble /usr/bin/cmake --build /home/p30039115276/TK_MOTOR_IGH/igh_example_2025_1229_CSP_CSV_CST/ros2_ws/build/arm_control -- -j22 -l22
[0.418s] DEBUG:colcon.colcon_core.event_handler.log_command:Invoking command in '/home/p30039115276/TK_MOTOR_IGH/igh_example_2025_1229_CSP_CSV_CST/ros2_ws/build/arm_control': CMAKE_PREFIX_PATH=${CMAKE_PREFIX_PATH}:/opt/ros/humble /usr/bin/cmake --install /home/p30039115276/TK_MOTOR_IGH/igh_example_2025_1229_CSP_CSV_CST/ros2_ws/build/arm_control
[0.451s] Level 1:colcon.colcon_core.environment:create_environment_scripts_only(arm_control)
[0.451s] DEBUG:colcon.colcon_core.event_handler.log_command:Invoked command in '/home/p30039115276/TK_MOTOR_IGH/igh_example_2025_1229_CSP_CSV_CST/ros2_ws/build/arm_control' returned '0': CMAKE_PREFIX_PATH=${CMAKE_PREFIX_PATH}:/opt/ros/humble /usr/bin/cmake --install /home/p30039115276/TK_MOTOR_IGH/igh_example_2025_1229_CSP_CSV_CST/ros2_ws/build/arm_control
[0.452s] Level 1:colcon.colcon_core.environment:checking '/home/p30039115276/TK_MOTOR_IGH/igh_example_2025_1229_CSP_CSV_CST/ros2_ws/install/arm_control' for CMake module files
[0.453s] Level 1:colcon.colcon_core.environment:checking '/home/p30039115276/TK_MOTOR_IGH/igh_example_2025_1229_CSP_CSV_CST/ros2_ws/install/arm_control' for CMake config files
[0.453s] Level 1:colcon.colcon_core.shell:create_environment_hook('arm_control', 'cmake_prefix_path')
[0.453s] INFO:colcon.colcon_core.shell:Creating environment hook '/home/p30039115276/TK_MOTOR_IGH/igh_example_2025_1229_CSP_CSV_CST/ros2_ws/install/arm_control/share/arm_control/hook/cmake_prefix_path.ps1'
[0.454s] INFO:colcon.colcon_core.shell:Creating environment descriptor '/home/p30039115276/TK_MOTOR_IGH/igh_example_2025_1229_CSP_CSV_CST/ros2_ws/install/arm_control/share/arm_control/hook/cmake_prefix_path.dsv'
[0.454s] INFO:colcon.colcon_core.shell:Creating environment hook '/home/p30039115276/TK_MOTOR_IGH/igh_example_2025_1229_CSP_CSV_CST/ros2_ws/install/arm_control/share/arm_control/hook/cmake_prefix_path.sh'
[0.454s] Level 1:colcon.colcon_core.environment:checking '/home/p30039115276/TK_MOTOR_IGH/igh_example_2025_1229_CSP_CSV_CST/ros2_ws/install/arm_control/lib'
[0.454s] Level 1:colcon.colcon_core.shell:create_environment_hook('arm_control', 'ld_library_path_lib')
[0.455s] INFO:colcon.colcon_core.shell:Creating environment hook '/home/p30039115276/TK_MOTOR_IGH/igh_example_2025_1229_CSP_CSV_CST/ros2_ws/install/arm_control/share/arm_control/hook/ld_library_path_lib.ps1'
[0.455s] INFO:colcon.colcon_core.shell:Creating environment descriptor '/home/p30039115276/TK_MOTOR_IGH/igh_example_2025_1229_CSP_CSV_CST/ros2_ws/install/arm_control/share/arm_control/hook/ld_library_path_lib.dsv'
[0.455s] INFO:colcon.colcon_core.shell:Creating environment hook '/home/p30039115276/TK_MOTOR_IGH/igh_example_2025_1229_CSP_CSV_CST/ros2_ws/install/arm_control/share/arm_control/hook/ld_library_path_lib.sh'
[0.455s] Level 1:colcon.colcon_core.environment:checking '/home/p30039115276/TK_MOTOR_IGH/igh_example_2025_1229_CSP_CSV_CST/ros2_ws/install/arm_control/bin'
[0.455s] Level 1:colcon.colcon_core.environment:checking '/home/p30039115276/TK_MOTOR_IGH/igh_example_2025_1229_CSP_CSV_CST/ros2_ws/install/arm_control/lib/pkgconfig/arm_control.pc'
[0.455s] Level 1:colcon.colcon_core.environment:checking '/home/p30039115276/TK_MOTOR_IGH/igh_example_2025_1229_CSP_CSV_CST/ros2_ws/install/arm_control/lib/python3.10/site-packages'
[0.456s] Level 1:colcon.colcon_core.environment:checking '/home/p30039115276/TK_MOTOR_IGH/igh_example_2025_1229_CSP_CSV_CST/ros2_ws/install/arm_control/bin'
[0.456s] INFO:colcon.colcon_core.shell:Creating package script '/home/p30039115276/TK_MOTOR_IGH/igh_example_2025_1229_CSP_CSV_CST/ros2_ws/install/arm_control/share/arm_control/package.ps1'
[0.456s] INFO:colcon.colcon_core.shell:Creating package descriptor '/home/p30039115276/TK_MOTOR_IGH/igh_example_2025_1229_CSP_CSV_CST/ros2_ws/install/arm_control/share/arm_control/package.dsv'
[0.457s] INFO:colcon.colcon_core.shell:Creating package script '/home/p30039115276/TK_MOTOR_IGH/igh_example_2025_1229_CSP_CSV_CST/ros2_ws/install/arm_control/share/arm_control/package.sh'
[0.457s] INFO:colcon.colcon_core.shell:Creating package script '/home/p30039115276/TK_MOTOR_IGH/igh_example_2025_1229_CSP_CSV_CST/ros2_ws/install/arm_control/share/arm_control/package.bash'
[0.457s] INFO:colcon.colcon_core.shell:Creating package script '/home/p30039115276/TK_MOTOR_IGH/igh_example_2025_1229_CSP_CSV_CST/ros2_ws/install/arm_control/share/arm_control/package.zsh'
[0.458s] Level 1:colcon.colcon_core.environment:create_file_with_runtime_dependencies(/home/p30039115276/TK_MOTOR_IGH/igh_example_2025_1229_CSP_CSV_CST/ros2_ws/install/arm_control/share/colcon-core/packages/arm_control)
[0.458s] Level 1:colcon.colcon_core.environment:create_environment_scripts_only(arm_control)
[0.458s] Level 1:colcon.colcon_core.environment:checking '/home/p30039115276/TK_MOTOR_IGH/igh_example_2025_1229_CSP_CSV_CST/ros2_ws/install/arm_control' for CMake module files
[0.459s] Level 1:colcon.colcon_core.environment:checking '/home/p30039115276/TK_MOTOR_IGH/igh_example_2025_1229_CSP_CSV_CST/ros2_ws/install/arm_control' for CMake config files
[0.459s] Level 1:colcon.colcon_core.shell:create_environment_hook('arm_control', 'cmake_prefix_path')
[0.459s] INFO:colcon.colcon_core.shell:Creating environment hook '/home/p30039115276/TK_MOTOR_IGH/igh_example_2025_1229_CSP_CSV_CST/ros2_ws/install/arm_control/share/arm_control/hook/cmake_prefix_path.ps1'
[0.459s] INFO:colcon.colcon_core.shell:Creating environment descriptor '/home/p30039115276/TK_MOTOR_IGH/igh_example_2025_1229_CSP_CSV_CST/ros2_ws/install/arm_control/share/arm_control/hook/cmake_prefix_path.dsv'
[0.459s] INFO:colcon.colcon_core.shell:Creating environment hook '/home/p30039115276/TK_MOTOR_IGH/igh_example_2025_1229_CSP_CSV_CST/ros2_ws/install/arm_control/share/arm_control/hook/cmake_prefix_path.sh'
[0.460s] Level 1:colcon.colcon_core.environment:checking '/home/p30039115276/TK_MOTOR_IGH/igh_example_2025_1229_CSP_CSV_CST/ros2_ws/install/arm_control/lib'
[0.460s] Level 1:colcon.colcon_core.shell:create_environment_hook('arm_control', 'ld_library_path_lib')
[0.460s] INFO:colcon.colcon_core.shell:Creating environment hook '/home/p30039115276/TK_MOTOR_IGH/igh_example_2025_1229_CSP_CSV_CST/ros2_ws/install/arm_control/share/arm_control/hook/ld_library_path_lib.ps1'
[0.460s] INFO:colcon.colcon_core.shell:Creating environment descriptor '/home/p30039115276/TK_MOTOR_IGH/igh_example_2025_1229_CSP_CSV_CST/ros2_ws/install/arm_control/share/arm_control/hook/ld_library_path_lib.dsv'
[0.460s] INFO:colcon.colcon_core.shell:Creating environment hook '/home/p30039115276/TK_MOTOR_IGH/igh_example_2025_1229_CSP_CSV_CST/ros2_ws/install/arm_control/share/arm_control/hook/ld_library_path_lib.sh'
[0.461s] Level 1:colcon.colcon_core.environment:checking '/home/p30039115276/TK_MOTOR_IGH/igh_example_2025_1229_CSP_CSV_CST/ros2_ws/install/arm_control/bin'
[0.461s] Level 1:colcon.colcon_core.environment:checking '/home/p30039115276/TK_MOTOR_IGH/igh_example_2025_1229_CSP_CSV_CST/ros2_ws/install/arm_control/lib/pkgconfig/arm_control.pc'
[0.461s] Level 1:colcon.colcon_core.environment:checking '/home/p30039115276/TK_MOTOR_IGH/igh_example_2025_1229_CSP_CSV_CST/ros2_ws/install/arm_control/lib/python3.10/site-packages'
[0.461s] Level 1:colcon.colcon_core.environment:checking '/home/p30039115276/TK_MOTOR_IGH/igh_example_2025_1229_CSP_CSV_CST/ros2_ws/install/arm_control/bin'
[0.461s] INFO:colcon.colcon_core.shell:Creating package script '/home/p30039115276/TK_MOTOR_IGH/igh_example_2025_1229_CSP_CSV_CST/ros2_ws/install/arm_control/share/arm_control/package.ps1'
[0.462s] INFO:colcon.colcon_core.shell:Creating package descriptor '/home/p30039115276/TK_MOTOR_IGH/igh_example_2025_1229_CSP_CSV_CST/ros2_ws/install/arm_control/share/arm_control/package.dsv'
[0.462s] INFO:colcon.colcon_core.shell:Creating package script '/home/p30039115276/TK_MOTOR_IGH/igh_example_2025_1229_CSP_CSV_CST/ros2_ws/install/arm_control/share/arm_control/package.sh'
[0.462s] INFO:colcon.colcon_core.shell:Creating package script '/home/p30039115276/TK_MOTOR_IGH/igh_example_2025_1229_CSP_CSV_CST/ros2_ws/install/arm_control/share/arm_control/package.bash'
[0.462s] INFO:colcon.colcon_core.shell:Creating package script '/home/p30039115276/TK_MOTOR_IGH/igh_example_2025_1229_CSP_CSV_CST/ros2_ws/install/arm_control/share/arm_control/package.zsh'
[0.462s] Level 1:colcon.colcon_core.environment:create_file_with_runtime_dependencies(/home/p30039115276/TK_MOTOR_IGH/igh_example_2025_1229_CSP_CSV_CST/ros2_ws/install/arm_control/share/colcon-core/packages/arm_control)
[0.463s] INFO:colcon.colcon_ros.task.ament_cmake.build:Building ROS package in '/home/p30039115276/TK_MOTOR_IGH/igh_example_2025_1229_CSP_CSV_CST/ros2_ws/src/igh_ethercat' with build type 'ament_cmake'
[0.463s] INFO:colcon.colcon_cmake.task.cmake.build:Building CMake package in '/home/p30039115276/TK_MOTOR_IGH/igh_example_2025_1229_CSP_CSV_CST/ros2_ws/src/igh_ethercat'
[0.463s] INFO:colcon.colcon_core.shell:Skip shell extension 'powershell' for command environment: Not usable outside of PowerShell
[0.463s] DEBUG:colcon.colcon_core.shell:Skip shell extension 'dsv' for command environment
[0.471s] DEBUG:colcon.colcon_core.event_handler.log_command:Invoking command in '/home/p30039115276/TK_MOTOR_IGH/igh_example_2025_1229_CSP_CSV_CST/ros2_ws/build/igh_ethercat': CMAKE_PREFIX_PATH=/home/p30039115276/TK_MOTOR_IGH/igh_example_2025_1229_CSP_CSV_CST/ros2_ws/install/arm_control:/home/p30039115276/TK_MOTOR_IGH/igh_example_2025_1229_CSP_CSV_CST/ros2_ws/install/igh_ethercat:/opt/ros/humble LD_LIBRARY_PATH=/home/p30039115276/TK_MOTOR_IGH/igh_example_2025_1229_CSP_CSV_CST/ros2_ws/install/arm_control/lib:/home/p30039115276/TK_MOTOR_IGH/igh_example_2025_1229_CSP_CSV_CST/ros2_ws/src/thirdparty/onnxruntime-linux-x64-1.20.1/lib:/home/p30039115276/anaconda3/envs/myenv/lib:/usr/lib/x86_64-linux-gnu:/usr/lib:/usr/local/lib:/usr/local/lib:/opt/ros/humble/opt/rviz_ogre_vendor/lib:/opt/ros/humble/lib/x86_64-linux-gnu:/home/p30039115276/src/thirdparty/onnxruntime-linux-x64-1.20.1/lib:/home/p30039115276/anaconda3/envs/myenv/lib:/usr/lib/x86_64-linux-gnu:/usr/lib:/usr/local/lib:/usr/local/lib:/usr/lib/x86_64-linux-gnu/gazebo-11/plugins:/opt/ros/humble/lib:/usr/share/gazebo-11/../../lib/x86_64-linux-gnu/gazebo-11/plugins:/usr/share/gazebo-11/../../lib/x86_64-linux-gnu/gazebo-11/plugins:/usr/lib/x86_64-linux-gnu/gazebo-11/plugins:/opt/ros/humble/lib:/usr/share/gazebo-11/../../lib/x86_64-linux-gnu/gazebo-11/plugins:/usr/share/gazebo-11/../../lib/x86_64-linux-gnu/gazebo-11/plugins /usr/bin/cmake --build /home/p30039115276/TK_MOTOR_IGH/igh_example_2025_1229_CSP_CSV_CST/ros2_ws/build/igh_ethercat -- -j22 -l22
[0.826s] DEBUG:colcon.colcon_core.event_handler.log_command:Invoked command in '/home/p30039115276/TK_MOTOR_IGH/igh_example_2025_1229_CSP_CSV_CST/ros2_ws/build/igh_ethercat' returned '0': CMAKE_PREFIX_PATH=/home/p30039115276/TK_MOTOR_IGH/igh_example_2025_1229_CSP_CSV_CST/ros2_ws/install/arm_control:/home/p30039115276/TK_MOTOR_IGH/igh_example_2025_1229_CSP_CSV_CST/ros2_ws/install/igh_ethercat:/opt/ros/humble LD_LIBRARY_PATH=/home/p30039115276/TK_MOTOR_IGH/igh_example_2025_1229_CSP_CSV_CST/ros2_ws/install/arm_control/lib:/home/p30039115276/TK_MOTOR_IGH/igh_example_2025_1229_CSP_CSV_CST/ros2_ws/src/thirdparty/onnxruntime-linux-x64-1.20.1/lib:/home/p30039115276/anaconda3/envs/myenv/lib:/usr/lib/x86_64-linux-gnu:/usr/lib:/usr/local/lib:/usr/local/lib:/opt/ros/humble/opt/rviz_ogre_vendor/lib:/opt/ros/humble/lib/x86_64-linux-gnu:/home/p30039115276/src/thirdparty/onnxruntime-linux-x64-1.20.1/lib:/home/p30039115276/anaconda3/envs/myenv/lib:/usr/lib/x86_64-linux-gnu:/usr/lib:/usr/local/lib:/usr/local/lib:/usr/lib/x86_64-linux-gnu/gazebo-11/plugins:/opt/ros/humble/lib:/usr/share/gazebo-11/../../lib/x86_64-linux-gnu/gazebo-11/plugins:/usr/share/gazebo-11/../../lib/x86_64-linux-gnu/gazebo-11/plugins:/usr/lib/x86_64-linux-gnu/gazebo-11/plugins:/opt/ros/humble/lib:/usr/share/gazebo-11/../../lib/x86_64-linux-gnu/gazebo-11/plugins:/usr/share/gazebo-11/../../lib/x86_64-linux-gnu/gazebo-11/plugins /usr/bin/cmake --build /home/p30039115276/TK_MOTOR_IGH/igh_example_2025_1229_CSP_CSV_CST/ros2_ws/build/igh_ethercat -- -j22 -l22
[0.828s] DEBUG:colcon.colcon_core.event_handler.log_command:Invoking command in '/home/p30039115276/TK_MOTOR_IGH/igh_example_2025_1229_CSP_CSV_CST/ros2_ws/build/igh_ethercat': CMAKE_PREFIX_PATH=/home/p30039115276/TK_MOTOR_IGH/igh_example_2025_1229_CSP_CSV_CST/ros2_ws/install/arm_control:/home/p30039115276/TK_MOTOR_IGH/igh_example_2025_1229_CSP_CSV_CST/ros2_ws/install/igh_ethercat:/opt/ros/humble LD_LIBRARY_PATH=/home/p30039115276/TK_MOTOR_IGH/igh_example_2025_1229_CSP_CSV_CST/ros2_ws/install/arm_control/lib:/home/p30039115276/TK_MOTOR_IGH/igh_example_2025_1229_CSP_CSV_CST/ros2_ws/src/thirdparty/onnxruntime-linux-x64-1.20.1/lib:/home/p30039115276/anaconda3/envs/myenv/lib:/usr/lib/x86_64-linux-gnu:/usr/lib:/usr/local/lib:/usr/local/lib:/opt/ros/humble/opt/rviz_ogre_vendor/lib:/opt/ros/humble/lib/x86_64-linux-gnu:/home/p30039115276/src/thirdparty/onnxruntime-linux-x64-1.20.1/lib:/home/p30039115276/anaconda3/envs/myenv/lib:/usr/lib/x86_64-linux-gnu:/usr/lib:/usr/local/lib:/usr/local/lib:/usr/lib/x86_64-linux-gnu/gazebo-11/plugins:/opt/ros/humble/lib:/usr/share/gazebo-11/../../lib/x86_64-linux-gnu/gazebo-11/plugins:/usr/share/gazebo-11/../../lib/x86_64-linux-gnu/gazebo-11/plugins:/usr/lib/x86_64-linux-gnu/gazebo-11/plugins:/opt/ros/humble/lib:/usr/share/gazebo-11/../../lib/x86_64-linux-gnu/gazebo-11/plugins:/usr/share/gazebo-11/../../lib/x86_64-linux-gnu/gazebo-11/plugins /usr/bin/cmake --install /home/p30039115276/TK_MOTOR_IGH/igh_example_2025_1229_CSP_CSV_CST/ros2_ws/build/igh_ethercat
[0.835s] Level 1:colcon.colcon_core.environment:create_environment_scripts_only(igh_ethercat)
[0.835s] DEBUG:colcon.colcon_core.event_handler.log_command:Invoked command in '/home/p30039115276/TK_MOTOR_IGH/igh_example_2025_1229_CSP_CSV_CST/ros2_ws/build/igh_ethercat' returned '0': CMAKE_PREFIX_PATH=/home/p30039115276/TK_MOTOR_IGH/igh_example_2025_1229_CSP_CSV_CST/ros2_ws/install/arm_control:/home/p30039115276/TK_MOTOR_IGH/igh_example_2025_1229_CSP_CSV_CST/ros2_ws/install/igh_ethercat:/opt/ros/humble LD_LIBRARY_PATH=/home/p30039115276/TK_MOTOR_IGH/igh_example_2025_1229_CSP_CSV_CST/ros2_ws/install/arm_control/lib:/home/p30039115276/TK_MOTOR_IGH/igh_example_2025_1229_CSP_CSV_CST/ros2_ws/src/thirdparty/onnxruntime-linux-x64-1.20.1/lib:/home/p30039115276/anaconda3/envs/myenv/lib:/usr/lib/x86_64-linux-gnu:/usr/lib:/usr/local/lib:/usr/local/lib:/opt/ros/humble/opt/rviz_ogre_vendor/lib:/opt/ros/humble/lib/x86_64-linux-gnu:/home/p30039115276/src/thirdparty/onnxruntime-linux-x64-1.20.1/lib:/home/p30039115276/anaconda3/envs/myenv/lib:/usr/lib/x86_64-linux-gnu:/usr/lib:/usr/local/lib:/usr/local/lib:/usr/lib/x86_64-linux-gnu/gazebo-11/plugins:/opt/ros/humble/lib:/usr/share/gazebo-11/../../lib/x86_64-linux-gnu/gazebo-11/plugins:/usr/share/gazebo-11/../../lib/x86_64-linux-gnu/gazebo-11/plugins:/usr/lib/x86_64-linux-gnu/gazebo-11/plugins:/opt/ros/humble/lib:/usr/share/gazebo-11/../../lib/x86_64-linux-gnu/gazebo-11/plugins:/usr/share/gazebo-11/../../lib/x86_64-linux-gnu/gazebo-11/plugins /usr/bin/cmake --install /home/p30039115276/TK_MOTOR_IGH/igh_example_2025_1229_CSP_CSV_CST/ros2_ws/build/igh_ethercat
[0.836s] Level 1:colcon.colcon_core.environment:checking '/home/p30039115276/TK_MOTOR_IGH/igh_example_2025_1229_CSP_CSV_CST/ros2_ws/install/igh_ethercat' for CMake module files
[0.836s] Level 1:colcon.colcon_core.environment:checking '/home/p30039115276/TK_MOTOR_IGH/igh_example_2025_1229_CSP_CSV_CST/ros2_ws/install/igh_ethercat' for CMake config files
[0.836s] Level 1:colcon.colcon_core.shell:create_environment_hook('igh_ethercat', 'cmake_prefix_path')
[0.836s] INFO:colcon.colcon_core.shell:Creating environment hook '/home/p30039115276/TK_MOTOR_IGH/igh_example_2025_1229_CSP_CSV_CST/ros2_ws/install/igh_ethercat/share/igh_ethercat/hook/cmake_prefix_path.ps1'
[0.837s] INFO:colcon.colcon_core.shell:Creating environment descriptor '/home/p30039115276/TK_MOTOR_IGH/igh_example_2025_1229_CSP_CSV_CST/ros2_ws/install/igh_ethercat/share/igh_ethercat/hook/cmake_prefix_path.dsv'
[0.837s] INFO:colcon.colcon_core.shell:Creating environment hook '/home/p30039115276/TK_MOTOR_IGH/igh_example_2025_1229_CSP_CSV_CST/ros2_ws/install/igh_ethercat/share/igh_ethercat/hook/cmake_prefix_path.sh'
[0.837s] Level 1:colcon.colcon_core.environment:checking '/home/p30039115276/TK_MOTOR_IGH/igh_example_2025_1229_CSP_CSV_CST/ros2_ws/install/igh_ethercat/lib'
[0.837s] Level 1:colcon.colcon_core.environment:checking '/home/p30039115276/TK_MOTOR_IGH/igh_example_2025_1229_CSP_CSV_CST/ros2_ws/install/igh_ethercat/bin'
[0.837s] Level 1:colcon.colcon_core.environment:checking '/home/p30039115276/TK_MOTOR_IGH/igh_example_2025_1229_CSP_CSV_CST/ros2_ws/install/igh_ethercat/lib/pkgconfig/igh_ethercat.pc'
[0.837s] Level 1:colcon.colcon_core.environment:checking '/home/p30039115276/TK_MOTOR_IGH/igh_example_2025_1229_CSP_CSV_CST/ros2_ws/install/igh_ethercat/lib/python3.10/site-packages'
[0.838s] Level 1:colcon.colcon_core.environment:checking '/home/p30039115276/TK_MOTOR_IGH/igh_example_2025_1229_CSP_CSV_CST/ros2_ws/install/igh_ethercat/bin'
[0.838s] INFO:colcon.colcon_core.shell:Creating package script '/home/p30039115276/TK_MOTOR_IGH/igh_example_2025_1229_CSP_CSV_CST/ros2_ws/install/igh_ethercat/share/igh_ethercat/package.ps1'
[0.838s] INFO:colcon.colcon_core.shell:Creating package descriptor '/home/p30039115276/TK_MOTOR_IGH/igh_example_2025_1229_CSP_CSV_CST/ros2_ws/install/igh_ethercat/share/igh_ethercat/package.dsv'
[0.838s] INFO:colcon.colcon_core.shell:Creating package script '/home/p30039115276/TK_MOTOR_IGH/igh_example_2025_1229_CSP_CSV_CST/ros2_ws/install/igh_ethercat/share/igh_ethercat/package.sh'
[0.838s] INFO:colcon.colcon_core.shell:Creating package script '/home/p30039115276/TK_MOTOR_IGH/igh_example_2025_1229_CSP_CSV_CST/ros2_ws/install/igh_ethercat/share/igh_ethercat/package.bash'
[0.839s] INFO:colcon.colcon_core.shell:Creating package script '/home/p30039115276/TK_MOTOR_IGH/igh_example_2025_1229_CSP_CSV_CST/ros2_ws/install/igh_ethercat/share/igh_ethercat/package.zsh'
[0.839s] Level 1:colcon.colcon_core.environment:create_file_with_runtime_dependencies(/home/p30039115276/TK_MOTOR_IGH/igh_example_2025_1229_CSP_CSV_CST/ros2_ws/install/igh_ethercat/share/colcon-core/packages/igh_ethercat)
[0.839s] Level 1:colcon.colcon_core.environment:create_environment_scripts_only(igh_ethercat)
[0.839s] Level 1:colcon.colcon_core.environment:checking '/home/p30039115276/TK_MOTOR_IGH/igh_example_2025_1229_CSP_CSV_CST/ros2_ws/install/igh_ethercat' for CMake module files
[0.840s] Level 1:colcon.colcon_core.environment:checking '/home/p30039115276/TK_MOTOR_IGH/igh_example_2025_1229_CSP_CSV_CST/ros2_ws/install/igh_ethercat' for CMake config files
[0.840s] Level 1:colcon.colcon_core.shell:create_environment_hook('igh_ethercat', 'cmake_prefix_path')
[0.840s] INFO:colcon.colcon_core.shell:Creating environment hook '/home/p30039115276/TK_MOTOR_IGH/igh_example_2025_1229_CSP_CSV_CST/ros2_ws/install/igh_ethercat/share/igh_ethercat/hook/cmake_prefix_path.ps1'
[0.840s] INFO:colcon.colcon_core.shell:Creating environment descriptor '/home/p30039115276/TK_MOTOR_IGH/igh_example_2025_1229_CSP_CSV_CST/ros2_ws/install/igh_ethercat/share/igh_ethercat/hook/cmake_prefix_path.dsv'
[0.840s] INFO:colcon.colcon_core.shell:Creating environment hook '/home/p30039115276/TK_MOTOR_IGH/igh_example_2025_1229_CSP_CSV_CST/ros2_ws/install/igh_ethercat/share/igh_ethercat/hook/cmake_prefix_path.sh'
[0.840s] Level 1:colcon.colcon_core.environment:checking '/home/p30039115276/TK_MOTOR_IGH/igh_example_2025_1229_CSP_CSV_CST/ros2_ws/install/igh_ethercat/lib'
[0.840s] Level 1:colcon.colcon_core.environment:checking '/home/p30039115276/TK_MOTOR_IGH/igh_example_2025_1229_CSP_CSV_CST/ros2_ws/install/igh_ethercat/bin'
[0.840s] Level 1:colcon.colcon_core.environment:checking '/home/p30039115276/TK_MOTOR_IGH/igh_example_2025_1229_CSP_CSV_CST/ros2_ws/install/igh_ethercat/lib/pkgconfig/igh_ethercat.pc'
[0.841s] Level 1:colcon.colcon_core.environment:checking '/home/p30039115276/TK_MOTOR_IGH/igh_example_2025_1229_CSP_CSV_CST/ros2_ws/install/igh_ethercat/lib/python3.10/site-packages'
[0.841s] Level 1:colcon.colcon_core.environment:checking '/home/p30039115276/TK_MOTOR_IGH/igh_example_2025_1229_CSP_CSV_CST/ros2_ws/install/igh_ethercat/bin'
[0.841s] INFO:colcon.colcon_core.shell:Creating package script '/home/p30039115276/TK_MOTOR_IGH/igh_example_2025_1229_CSP_CSV_CST/ros2_ws/install/igh_ethercat/share/igh_ethercat/package.ps1'
[0.841s] INFO:colcon.colcon_core.shell:Creating package descriptor '/home/p30039115276/TK_MOTOR_IGH/igh_example_2025_1229_CSP_CSV_CST/ros2_ws/install/igh_ethercat/share/igh_ethercat/package.dsv'
[0.841s] INFO:colcon.colcon_core.shell:Creating package script '/home/p30039115276/TK_MOTOR_IGH/igh_example_2025_1229_CSP_CSV_CST/ros2_ws/install/igh_ethercat/share/igh_ethercat/package.sh'
[0.842s] INFO:colcon.colcon_core.shell:Creating package script '/home/p30039115276/TK_MOTOR_IGH/igh_example_2025_1229_CSP_CSV_CST/ros2_ws/install/igh_ethercat/share/igh_ethercat/package.bash'
[0.842s] INFO:colcon.colcon_core.shell:Creating package script '/home/p30039115276/TK_MOTOR_IGH/igh_example_2025_1229_CSP_CSV_CST/ros2_ws/install/igh_ethercat/share/igh_ethercat/package.zsh'
[0.842s] Level 1:colcon.colcon_core.environment:create_file_with_runtime_dependencies(/home/p30039115276/TK_MOTOR_IGH/igh_example_2025_1229_CSP_CSV_CST/ros2_ws/install/igh_ethercat/share/colcon-core/packages/igh_ethercat)
[0.842s] DEBUG:colcon.colcon_parallel_executor.executor.parallel:closing loop
[0.842s] DEBUG:colcon.colcon_parallel_executor.executor.parallel:loop closed
[0.842s] DEBUG:colcon.colcon_parallel_executor.executor.parallel:run_until_complete finished with '0'
[0.842s] DEBUG:colcon.colcon_core.event_reactor:joining thread
[0.845s] INFO:colcon.colcon_core.plugin_system:Skipping extension 'colcon_notification.desktop_notification.terminal_notifier': Not used on non-Darwin systems
[0.845s] INFO:colcon.colcon_core.plugin_system:Skipping extension 'colcon_notification.desktop_notification.win32': Not used on non-Windows systems
[0.845s] INFO:colcon.colcon_notification.desktop_notification:Sending desktop notification using 'notify2'
[0.851s] DEBUG:colcon.colcon_core.event_reactor:joined thread
[0.851s] INFO:colcon.colcon_core.shell:Creating prefix script '/home/p30039115276/TK_MOTOR_IGH/igh_example_2025_1229_CSP_CSV_CST/ros2_ws/install/local_setup.ps1'
[0.852s] INFO:colcon.colcon_core.shell:Creating prefix util module '/home/p30039115276/TK_MOTOR_IGH/igh_example_2025_1229_CSP_CSV_CST/ros2_ws/install/_local_setup_util_ps1.py'
[0.852s] INFO:colcon.colcon_core.shell:Creating prefix chain script '/home/p30039115276/TK_MOTOR_IGH/igh_example_2025_1229_CSP_CSV_CST/ros2_ws/install/setup.ps1'
[0.853s] INFO:colcon.colcon_core.shell:Creating prefix script '/home/p30039115276/TK_MOTOR_IGH/igh_example_2025_1229_CSP_CSV_CST/ros2_ws/install/local_setup.sh'
[0.853s] INFO:colcon.colcon_core.shell:Creating prefix util module '/home/p30039115276/TK_MOTOR_IGH/igh_example_2025_1229_CSP_CSV_CST/ros2_ws/install/_local_setup_util_sh.py'
[0.854s] INFO:colcon.colcon_core.shell:Creating prefix chain script '/home/p30039115276/TK_MOTOR_IGH/igh_example_2025_1229_CSP_CSV_CST/ros2_ws/install/setup.sh'
[0.854s] INFO:colcon.colcon_core.shell:Creating prefix script '/home/p30039115276/TK_MOTOR_IGH/igh_example_2025_1229_CSP_CSV_CST/ros2_ws/install/local_setup.bash'
[0.854s] INFO:colcon.colcon_core.shell:Creating prefix chain script '/home/p30039115276/TK_MOTOR_IGH/igh_example_2025_1229_CSP_CSV_CST/ros2_ws/install/setup.bash'
[0.855s] INFO:colcon.colcon_core.shell:Creating prefix script '/home/p30039115276/TK_MOTOR_IGH/igh_example_2025_1229_CSP_CSV_CST/ros2_ws/install/local_setup.zsh'
[0.855s] INFO:colcon.colcon_core.shell:Creating prefix chain script '/home/p30039115276/TK_MOTOR_IGH/igh_example_2025_1229_CSP_CSV_CST/ros2_ws/install/setup.zsh'
